#
# A fatal error has been detected by the Java Runtime Environment:
#
#  SIGSEGV (0xb) at pc=0xb33d069d, pid=8754, tid=1876618048
#
# JRE version: OpenJDK Runtime Environment (7.0_65-b32) (build 1.7.0_65-b32)
# Java VM: OpenJDK Server VM (24.65-b04 mixed mode linux-x86 )
# Derivative: IcedTea 2.5.3
# Distribution: Ubuntu 14.04 LTS, package 7u71-2.5.3-0ubuntu0.14.04.1
# Problematic frame:
# v  ~BufferBlob::jni_fast_GetLongField
#
# Failed to write core dump. Core dumps have been disabled. To enable core dumping, try "ulimit -c unlimited" before starting Java again
#
# If you would like to submit a bug report, please include
# instructions on how to reproduce the bug and visit:
#   http://icedtea.classpath.org/bugzilla
# The crash happened outside the Java Virtual Machine in native code.
# See problematic frame for where to report the bug.
#

---------------  T H R E A D  ---------------

Current thread (0x70ad1c00):  JavaThread "AWT-XAWT" daemon [_thread_in_native, id=8772, stack(0x6fd5e000,0x6fdaf000)]

siginfo:si_signo=SIGSEGV: si_errno=0, si_code=1 (SEGV_MAPERR), si_addr=0x00000000

Registers:
EAX=0x00000000, EBX=0x70b77000, ECX=0x00000230, EDX=0x00000000
ESP=0x6fdade18, EBP=0x6fdade68, ESI=0x00000042, EDI=0x70ad1d28
EIP=0xb33d069d, EFLAGS=0x00010246, CR2=0x00000000

Top of Stack: (sp=0x6fdade18)
0x6fdade18:   00000000 70b49823 70ad1d28 00000000
0x6fdade28:   00000042 b7701000 b7701000 00000000
0x6fdade38:   70a68244 70ad1d28 70a68244 70a7e3d0
0x6fdade48:   6fdade68 70b498f4 b70ee120 00010002
0x6fdade58:   70b497ff 70942000 6fed49b8 00000000
0x6fdade68:   6fed4470 7086ee18 6fed4470 00000000
0x6fdade78:   00000000 70942000 70ac9be8 70a7b6e0
0x6fdade88:   7086edb9 70942000 6fe343b8 00200003 

Instructions: (pc=0xb33d069d)
0xb33d067d:   00 00 00 56 8b 0d a4 92 10 b7 f6 c1 01 0f 85 30
0xb33d068d:   00 00 00 8b c1 83 e0 01 8b 54 04 0c 8b 74 24 10
0xb33d069d:   8b 12 c1 ee 02 8b 04 32 8b 54 32 04 be a4 92 10
0xb33d06ad:   b7 33 f2 33 f0 33 f2 33 f0 3b 0e 0f 85 02 00 00 

Register to memory mapping:

EAX=0x00000000 is an unknown value
EBX=0x70b77000: <offset 0x49000> in /usr/lib/jvm/java-7-openjdk-i386/jre/lib/i386/xawt/libmawt.so at 0x70b2e000
ECX=0x00000230 is an unknown value
EDX=0x00000000 is an unknown value
ESP=0x6fdade18 is pointing into the stack for thread: 0x70ad1c00
EBP=0x6fdade68 is pointing into the stack for thread: 0x70ad1c00
ESI=0x00000042 is an unknown value
EDI=0x70ad1d28 is an unknown value


Stack: [0x6fd5e000,0x6fdaf000],  sp=0x6fdade18,  free space=319k
Native frames: (J=compiled Java code, j=interpreted, Vv=VM code, C=native code)
v  ~BufferBlob::jni_fast_GetLongField

Java frames: (J=compiled Java code, j=interpreted, Vv=VM code)
j  sun.awt.X11.XlibWrapper.XFilterEvent(JJ)Z+0
j  sun.awt.X11.XToolkit.run(Z)V+300
j  sun.awt.X11.XToolkit.run()V+5
j  java.lang.Thread.run()V+11
v  ~StubRoutines::call_stub

---------------  P R O C E S S  ---------------

Java Threads: ( => current thread )
  0x6f689c00 JavaThread "Keep-Alive-Timer" daemon [_thread_blocked, id=8948, stack(0x6f75e000,0x6f7af000)]
  0x743c3400 JavaThread "Thread-6" daemon [_thread_blocked, id=8782, stack(0x6e7af000,0x6e800000)]
  0x6fea0400 JavaThread "Thread-2" [_thread_blocked, id=8778, stack(0x6e5f1000,0x6e642000)]
  0xb6409800 JavaThread "DestroyJavaVM" [_thread_blocked, id=8758, stack(0xb650d000,0xb655e000)]
  0x7186cc00 JavaThread "Thread-1" [_thread_blocked, id=8777, stack(0x6fd0d000,0x6fd5e000)]
  0x71886800 JavaThread "TimerQueue" daemon [_thread_blocked, id=8776, stack(0x6eb0b000,0x6eb5c000)]
=>0x70ad1c00 JavaThread "AWT-XAWT" daemon [_thread_in_native, id=8772, stack(0x6fd5e000,0x6fdaf000)]
  0x70ab9400 JavaThread "Java2D Disposer" daemon [_thread_blocked, id=8771, stack(0x6fdaf000,0x6fe00000)]
  0x71aa5800 JavaThread "Service Thread" daemon [_thread_blocked, id=8769, stack(0x711fd000,0x7124e000)]
  0x71aa3c00 JavaThread "C2 CompilerThread1" daemon [_thread_blocked, id=8768, stack(0x7124e000,0x712cf000)]
  0x71aa1800 JavaThread "C2 CompilerThread0" daemon [_thread_blocked, id=8767, stack(0x7172e000,0x717af000)]
  0x71aa0000 JavaThread "Signal Dispatcher" daemon [_thread_in_vm, id=8766, stack(0x717af000,0x71800000)]
  0x71a8d400 JavaThread "Finalizer" daemon [_thread_blocked, id=8765, stack(0x7192e000,0x7197f000)]
  0x71a8bc00 JavaThread "Reference Handler" daemon [_thread_blocked, id=8764, stack(0x7412e000,0x7417f000)]

Other Threads:
  0x71a89000 VMThread [stack: 0x7197f000,0x71a00000] [id=8763]
  0x71aa7800 WatcherThread [stack: 0x7117c000,0x711fd000] [id=8770]

VM state:not at safepoint (normal execution)

VM Mutex/Monitor currently owned by a thread:  ([mutex/lock_event])
[0xb6407048] Threads_lock - owner thread: 0x71aa0000

Heap
 PSYoungGen      total 97536K, used 80607K [0xa1000000, 0xa8900000, 0xb32c0000)
  eden space 84224K, 95% used [0xa1000000,0xa5eb7c88,0xa6240000)
  from space 13312K, 0% used [0xa7380000,0xa7380000,0xa8080000)
  to   space 17664K, 0% used [0xa6240000,0xa6240000,0xa7380000)
 ParOldGen       total 50688K, used 25813K [0x7cac0000, 0x7fc40000, 0xa1000000)
  object space 50688K, 50% used [0x7cac0000,0x7e3f5480,0x7fc40000)
 PSPermGen       total 46592K, used 23234K [0x74ac0000, 0x77840000, 0x7cac0000)
  object space 46592K, 49% used [0x74ac0000,0x761708c0,0x77840000)

Card table byte_map: [0x748cb000,0x74ac0000] byte_map_base: 0x74525a00

Polling page: 0xb7707000

Code Cache  [0xb3389000, 0xb35c9000, 0xb6389000)
 total_blobs=1075 nmethods=516 adapters=513 free_code_cache=47186Kb largest_free_block=48294080

Compilation events (10 events):
Event: 395.424 Thread 0x71aa1800  571             com.mysql.jdbc.util.ReadAheadInputStream::available (22 bytes)
Event: 395.424 Thread 0x71aa3c00  570   !         com.mysql.jdbc.MysqlIO::clearInputStream (173 bytes)
Event: 395.427 Thread 0x71aa1800 nmethod 571 0xb3576748 code [0xb3576840, 0xb35768fc]
Event: 395.434 Thread 0x71aa3c00 nmethod 570 0xb35464c8 code [0xb3546600, 0xb35467dc]
Event: 399.555 Thread 0x71aa3c00  573             com.mysql.jdbc.ConnectionProperties::getUseOldUTF8Behavior (5 bytes)
Event: 399.555 Thread 0x71aa1800  572   !         com.mysql.jdbc.Connection::getCharsetNameForIndex (111 bytes)
Event: 399.556 Thread 0x71aa3c00 nmethod 573 0xb35765c8 code [0xb35766a0, 0xb35766f0]
Event: 399.563 Thread 0x71aa1800 nmethod 572 0xb3575408 code [0xb3575520, 0xb35756a4]
Event: 402.123 Thread 0x71aa3c00  574             com.mysql.jdbc.Field::isBinary (17 bytes)
Event: 402.124 Thread 0x71aa3c00 nmethod 574 0xb3576448 code [0xb3576520, 0xb3576570]

GC Heap History (10 events):
Event: 30.039 GC heap before
{Heap before GC invocations=7 (full 0):
 PSYoungGen      total 34560K, used 32414K [0xa1000000, 0xa3800000, 0xb32c0000)
  eden space 28160K, 100% used [0xa1000000,0xa2b80000,0xa2b80000)
  from space 6400K, 66% used [0xa31c0000,0xa35e7a60,0xa3800000)
  to   space 6400K, 0% used [0xa2b80000,0xa2b80000,0xa31c0000)
 ParOldGen       total 37120K, used 12868K [0x7cac0000, 0x7ef00000, 0xa1000000)
  object space 37120K, 34% used [0x7cac0000,0x7d7512e0,0x7ef00000)
 PSPermGen       total 20480K, used 20333K [0x74ac0000, 0x75ec0000, 0x7cac0000)
  object space 20480K, 99% used [0x74ac0000,0x75e9b6a8,0x75ec0000)
Event: 30.067 GC heap after
Heap after GC invocations=7 (full 0):
 PSYoungGen      total 34560K, used 5893K [0xa1000000, 0xa5400000, 0xb32c0000)
  eden space 28160K, 0% used [0xa1000000,0xa1000000,0xa2b80000)
  from space 6400K, 92% used [0xa2b80000,0xa31414c0,0xa31c0000)
  to   space 6656K, 0% used [0xa4d80000,0xa4d80000,0xa5400000)
 ParOldGen       total 37120K, used 14293K [0x7cac0000, 0x7ef00000, 0xa1000000)
  object space 37120K, 38% used [0x7cac0000,0x7d8b5458,0x7ef00000)
 PSPermGen       total 20480K, used 20333K [0x74ac0000, 0x75ec0000, 0x7cac0000)
  object space 20480K, 99% used [0x74ac0000,0x75e9b6a8,0x75ec0000)
}
Event: 32.887 GC heap before
{Heap before GC invocations=8 (full 0):
 PSYoungGen      total 34560K, used 34053K [0xa1000000, 0xa5400000, 0xb32c0000)
  eden space 28160K, 100% used [0xa1000000,0xa2b80000,0xa2b80000)
  from space 6400K, 92% used [0xa2b80000,0xa31414c0,0xa31c0000)
  to   space 6656K, 0% used [0xa4d80000,0xa4d80000,0xa5400000)
 ParOldGen       total 37120K, used 14293K [0x7cac0000, 0x7ef00000, 0xa1000000)
  object space 37120K, 38% used [0x7cac0000,0x7d8b5458,0x7ef00000)
 PSPermGen       total 23296K, used 23055K [0x74ac0000, 0x76180000, 0x7cac0000)
  object space 23296K, 98% used [0x74ac0000,0x76143e78,0x76180000)
Event: 32.925 GC heap after
Heap after GC invocations=8 (full 0):
 PSYoungGen      total 61952K, used 6644K [0xa1000000, 0xa5600000, 0xb32c0000)
  eden space 55296K, 0% used [0xa1000000,0xa1000000,0xa4600000)
  from space 6656K, 99% used [0xa4d80000,0xa53fd268,0xa5400000)
  to   space 7680K, 0% used [0xa4600000,0xa4600000,0xa4d80000)
 ParOldGen       total 37120K, used 14963K [0x7cac0000, 0x7ef00000, 0xa1000000)
  object space 37120K, 40% used [0x7cac0000,0x7d95ce30,0x7ef00000)
 PSPermGen       total 23296K, used 23055K [0x74ac0000, 0x76180000, 0x7cac0000)
  object space 23296K, 98% used [0x74ac0000,0x76143e78,0x76180000)
}
Event: 138.856 GC heap before
{Heap before GC invocations=9 (full 0):
 PSYoungGen      total 61952K, used 61940K [0xa1000000, 0xa5600000, 0xb32c0000)
  eden space 55296K, 100% used [0xa1000000,0xa4600000,0xa4600000)
  from space 6656K, 99% used [0xa4d80000,0xa53fd268,0xa5400000)
  to   space 7680K, 0% used [0xa4600000,0xa4600000,0xa4d80000)
 ParOldGen       total 37120K, used 14963K [0x7cac0000, 0x7ef00000, 0xa1000000)
  object space 37120K, 40% used [0x7cac0000,0x7d95ce30,0x7ef00000)
 PSPermGen       total 23296K, used 23191K [0x74ac0000, 0x76180000, 0x7cac0000)
  object space 23296K, 99% used [0x74ac0000,0x76165ce0,0x76180000)
Event: 138.978 GC heap after
Heap after GC invocations=9 (full 0):
 PSYoungGen      total 62976K, used 7669K [0xa1000000, 0xa8080000, 0xb32c0000)
  eden space 55296K, 0% used [0xa1000000,0xa1000000,0xa4600000)
  from space 7680K, 99% used [0xa4600000,0xa4d7d410,0xa4d80000)
  to   space 13312K, 0% used [0xa7380000,0xa7380000,0xa8080000)
 ParOldGen       total 37120K, used 27427K [0x7cac0000, 0x7ef00000, 0xa1000000)
  object space 37120K, 73% used [0x7cac0000,0x7e588d60,0x7ef00000)
 PSPermGen       total 23296K, used 23191K [0x74ac0000, 0x76180000, 0x7cac0000)
  object space 23296K, 99% used [0x74ac0000,0x76165ce0,0x76180000)
}
Event: 250.377 GC heap before
{Heap before GC invocations=10 (full 0):
 PSYoungGen      total 62976K, used 62965K [0xa1000000, 0xa8080000, 0xb32c0000)
  eden space 55296K, 100% used [0xa1000000,0xa4600000,0xa4600000)
  from space 7680K, 99% used [0xa4600000,0xa4d7d410,0xa4d80000)
  to   space 13312K, 0% used [0xa7380000,0xa7380000,0xa8080000)
 ParOldGen       total 37120K, used 27427K [0x7cac0000, 0x7ef00000, 0xa1000000)
  object space 37120K, 73% used [0x7cac0000,0x7e588d60,0x7ef00000)
 PSPermGen       total 23296K, used 23223K [0x74ac0000, 0x76180000, 0x7cac0000)
  object space 23296K, 99% used [0x74ac0000,0x7616de58,0x76180000)
Event: 250.495 GC heap after
Heap after GC invocations=10 (full 0):
 PSYoungGen      total 97536K, used 13312K [0xa1000000, 0xa8900000, 0xb32c0000)
  eden space 84224K, 0% used [0xa1000000,0xa1000000,0xa6240000)
  from space 13312K, 100% used [0xa7380000,0xa8080000,0xa8080000)
  to   space 17664K, 0% used [0xa6240000,0xa6240000,0xa7380000)
 ParOldGen       total 37120K, used 34240K [0x7cac0000, 0x7ef00000, 0xa1000000)
  object space 37120K, 92% used [0x7cac0000,0x7ec30128,0x7ef00000)
 PSPermGen       total 23296K, used 23223K [0x74ac0000, 0x76180000, 0x7cac0000)
  object space 23296K, 99% used [0x74ac0000,0x7616de58,0x76180000)
}
Event: 250.495 GC heap before
{Heap before GC invocations=11 (full 1):
 PSYoungGen      total 97536K, used 13312K [0xa1000000, 0xa8900000, 0xb32c0000)
  eden space 84224K, 0% used [0xa1000000,0xa1000000,0xa6240000)
  from space 13312K, 100% used [0xa7380000,0xa8080000,0xa8080000)
  to   space 17664K, 0% used [0xa6240000,0xa6240000,0xa7380000)
 ParOldGen       total 37120K, used 34240K [0x7cac0000, 0x7ef00000, 0xa1000000)
  object space 37120K, 92% used [0x7cac0000,0x7ec30128,0x7ef00000)
 PSPermGen       total 23296K, used 23223K [0x74ac0000, 0x76180000, 0x7cac0000)
  object space 23296K, 99% used [0x74ac0000,0x7616de58,0x76180000)
Event: 250.914 GC heap after
Heap after GC invocations=11 (full 1):
 PSYoungGen      total 97536K, used 0K [0xa1000000, 0xa8900000, 0xb32c0000)
  eden space 84224K, 0% used [0xa1000000,0xa1000000,0xa6240000)
  from space 13312K, 0% used [0xa7380000,0xa7380000,0xa8080000)
  to   space 17664K, 0% used [0xa6240000,0xa6240000,0xa7380000)
 ParOldGen       total 50688K, used 25813K [0x7cac0000, 0x7fc40000, 0xa1000000)
  object space 50688K, 50% used [0x7cac0000,0x7e3f5480,0x7fc40000)
 PSPermGen       total 46592K, used 23204K [0x74ac0000, 0x77840000, 0x7cac0000)
  object space 46592K, 49% used [0x74ac0000,0x76169308,0x77840000)
}

Deoptimization events (10 events):
Event: 29.829 Thread 0x6e864c00 Uncommon trap: reason=predicate action=maybe_recompile pc=0xb340880c method=java.util.Arrays.fill([Ljava/lang/Object;Ljava/lang/Object;)V @ 10
Event: 30.123 Thread 0x6e865400 Uncommon trap: reason=class_check action=maybe_recompile pc=0xb3408fec method=java.lang.reflect.Field.get(Ljava/lang/Object;)Ljava/lang/Object; @ 43
Event: 30.124 Thread 0x6e865400 Uncommon trap: reason=class_check action=maybe_recompile pc=0xb3408fec method=java.lang.reflect.Field.get(Ljava/lang/Object;)Ljava/lang/Object; @ 43
Event: 30.124 Thread 0x6e865400 Uncommon trap: reason=class_check action=maybe_recompile pc=0xb3408fec method=java.lang.reflect.Field.get(Ljava/lang/Object;)Ljava/lang/Object; @ 43
Event: 30.124 Thread 0x6e865400 Uncommon trap: reason=class_check action=maybe_recompile pc=0xb3408fec method=java.lang.reflect.Field.get(Ljava/lang/Object;)Ljava/lang/Object; @ 43
Event: 30.872 Thread 0x6e865400 Uncommon trap: reason=array_check action=maybe_recompile pc=0xb353ef3c method=java.util.Arrays.fill([Ljava/lang/Object;Ljava/lang/Object;)V @ 13
Event: 30.872 Thread 0x6e865400 Uncommon trap: reason=array_check action=maybe_recompile pc=0xb353ef3c method=java.util.Arrays.fill([Ljava/lang/Object;Ljava/lang/Object;)V @ 13
Event: 31.024 Thread 0x6e864c00 Uncommon trap: reason=array_check action=maybe_recompile pc=0xb353ef3c method=java.util.Arrays.fill([Ljava/lang/Object;Ljava/lang/Object;)V @ 13
Event: 31.024 Thread 0x6e864c00 Uncommon trap: reason=array_check action=maybe_recompile pc=0xb353ef3c method=java.util.Arrays.fill([Ljava/lang/Object;Ljava/lang/Object;)V @ 13
Event: 48.241 Thread 0x6e864c00 Uncommon trap: reason=predicate action=maybe_recompile pc=0xb35467b8 method=java.util.Vector.indexOf(Ljava/lang/Object;I)I @ 44

Internal exceptions (10 events):
Event: 31.913 Thread 0x6e865400 Threw 0xa2ad38a0 at /build/buildd/openjdk-7-7u71-2.5.3/build/openjdk/hotspot/src/share/vm/prims/jvm.cpp:1284
Event: 31.915 Thread 0x6e865400 Threw 0xa2ad8970 at /build/buildd/openjdk-7-7u71-2.5.3/build/openjdk/hotspot/src/share/vm/prims/jvm.cpp:1284
Event: 31.923 Thread 0x6e864c00 Threw 0xa2aaa460 at /build/buildd/openjdk-7-7u71-2.5.3/build/openjdk/hotspot/src/share/vm/prims/jvm.cpp:1284
Event: 31.926 Thread 0x6e864c00 Threw 0xa2ab01b0 at /build/buildd/openjdk-7-7u71-2.5.3/build/openjdk/hotspot/src/share/vm/prims/jvm.cpp:1284
Event: 31.929 Thread 0x6e865400 Threw 0xa2ade7f0 at /build/buildd/openjdk-7-7u71-2.5.3/build/openjdk/hotspot/src/share/vm/prims/jvm.cpp:1284
Event: 31.934 Thread 0x6e865400 Threw 0xa2ae6508 at /build/buildd/openjdk-7-7u71-2.5.3/build/openjdk/hotspot/src/share/vm/prims/jvm.cpp:1284
Event: 31.940 Thread 0x6e864c00 Threw 0xa2b04bf8 at /build/buildd/openjdk-7-7u71-2.5.3/build/openjdk/hotspot/src/share/vm/prims/jvm.cpp:1284
Event: 48.553 Thread 0x6f689c00 Threw 0xa1936d90 at /build/buildd/openjdk-7-7u71-2.5.3/build/openjdk/hotspot/src/share/vm/prims/jni.cpp:747
Event: 53.694 Thread 0x6f689c00 Threw 0xa1c60248 at /build/buildd/openjdk-7-7u71-2.5.3/build/openjdk/hotspot/src/share/vm/prims/jni.cpp:747
Event: 55.029 Thread 0x6f689c00 Threw 0xa1d0e848 at /build/buildd/openjdk-7-7u71-2.5.3/build/openjdk/hotspot/src/share/vm/prims/jni.cpp:747

Events (10 events):
Event: 305.325 Executing VM operation: RevokeBias done
Event: 305.325 Thread 0x6f689c00 Thread exited: 0x6f689c00
Event: 373.812 Thread 0x71aa3c00 flushing nmethod 0xb3546388
Event: 390.329 Thread 0x6f689c00 Thread added: 0x6f689c00
Event: 395.330 Executing VM operation: RevokeBias
Event: 395.330 Executing VM operation: RevokeBias done
Event: 406.915 loading class 0x718d2b30
Event: 406.931 loading class 0x718d2b30 done
Event: 406.935 loading class 0x718d3b60
Event: 406.936 loading class 0x718d3b60 done


Dynamic libraries:
08048000-08049000 r-xp 00000000 08:06 19401720   /usr/lib/jvm/java-7-openjdk-i386/jre/bin/java
08049000-0804a000 r--p 00000000 08:06 19401720   /usr/lib/jvm/java-7-openjdk-i386/jre/bin/java
0804a000-0804b000 rw-p 00001000 08:06 19401720   /usr/lib/jvm/java-7-openjdk-i386/jre/bin/java
09f9f000-09fe1000 rw-p 00000000 00:00 0          [heap]
6dd00000-6ddd8000 rw-p 00000000 00:00 0 
6ddd8000-6de00000 ---p 00000000 00:00 0 
6de00000-6de64000 rw-p 00000000 00:00 0 
6de64000-6df00000 ---p 00000000 00:00 0 
6e000000-6e0ff000 rw-p 00000000 00:00 0 
6e0ff000-6e100000 ---p 00000000 00:00 0 
6e100000-6e1fe000 rw-p 00000000 00:00 0 
6e1fe000-6e200000 ---p 00000000 00:00 0 
6e5f1000-6e5f4000 ---p 00000000 00:00 0 
6e5f4000-6e642000 rw-p 00000000 00:00 0          [stack:8778]
6e75e000-6e761000 ---p 00000000 00:00 0 
6e761000-6e7af000 rw-p 00000000 00:00 0 
6e7af000-6e7b2000 ---p 00000000 00:00 0 
6e7b2000-6e800000 rw-p 00000000 00:00 0          [stack:8782]
6e800000-6e8e6000 rw-p 00000000 00:00 0 
6e8e6000-6e900000 ---p 00000000 00:00 0 
6e91d000-6e925000 r--s 00000000 08:06 24641595   /var/cache/fontconfig/945677eb7aeaf62f1d50efc3fb3ec7d8-le32d4.cache-4
6e925000-6e929000 r--s 00000000 08:06 24641585   /var/cache/fontconfig/2cd17615ca594fa2959ae173292e504c-le32d4.cache-4
6e929000-6e92d000 r--s 00000000 08:06 24641594   /var/cache/fontconfig/8801497958630a81b71ace7c5f9b32a8-le32d4.cache-4
6e92d000-6e932000 r--s 00000000 08:06 24641586   /var/cache/fontconfig/3047814df9a2f067bd2d96a2b9c36e5a-le32d4.cache-4
6e932000-6e942000 r--s 00000000 08:06 24641601   /var/cache/fontconfig/d52a8644073d54c13679302ca1180695-le32d4.cache-4
6e942000-6e949000 r--s 00000000 08:06 24642172   /var/cache/fontconfig/3f7329c5293ffd510edef78f73874cfd-le32d4.cache-4
6e95e000-6e961000 ---p 00000000 00:00 0 
6e961000-6e9af000 rw-p 00000000 00:00 0 
6e9af000-6e9b2000 ---p 00000000 00:00 0 
6e9b2000-6ea00000 rw-p 00000000 00:00 0 
6ea00000-6ea55000 rw-p 00000000 00:00 0 
6ea55000-6eb00000 ---p 00000000 00:00 0 
6eb02000-6eb0b000 r--s 00000000 08:06 24648201   /var/cache/fontconfig/d589a48862398ed80a3d6066f4f56f4c-le32d4.cache-4
6eb0b000-6eb0e000 ---p 00000000 00:00 0 
6eb0e000-6eb5c000 rw-p 00000000 00:00 0          [stack:8776]
6eb5c000-6ebbf000 r-xp 00000000 08:06 16256811   /usr/lib/i386-linux-gnu/nss/libfreebl3.so
6ebbf000-6ebc0000 r--p 00063000 08:06 16256811   /usr/lib/i386-linux-gnu/nss/libfreebl3.so
6ebc0000-6ebc1000 rw-p 00064000 08:06 16256811   /usr/lib/i386-linux-gnu/nss/libfreebl3.so
6ebc1000-6ebc5000 rw-p 00000000 00:00 0 
6ebc5000-6ec7e000 r-xp 00000000 08:06 16256343   /usr/lib/i386-linux-gnu/libsqlite3.so.0.8.6
6ec7e000-6ec80000 r--p 000b8000 08:06 16256343   /usr/lib/i386-linux-gnu/libsqlite3.so.0.8.6
6ec80000-6ec81000 rw-p 000ba000 08:06 16256343   /usr/lib/i386-linux-gnu/libsqlite3.so.0.8.6
6ec81000-6ec82000 rw-p 00000000 00:00 0 
6ec82000-6ecc1000 r-xp 00000000 08:06 16256819   /usr/lib/i386-linux-gnu/nss/libsoftokn3.so
6ecc1000-6ecc2000 r--p 0003f000 08:06 16256819   /usr/lib/i386-linux-gnu/nss/libsoftokn3.so
6ecc2000-6ecc3000 rw-p 00040000 08:06 16256819   /usr/lib/i386-linux-gnu/nss/libsoftokn3.so
6ecc3000-6ecfc000 r-xp 00000000 08:06 16253288   /usr/lib/i386-linux-gnu/libnspr4.so
6ecfc000-6ecfd000 r--p 00039000 08:06 16253288   /usr/lib/i386-linux-gnu/libnspr4.so
6ecfd000-6ecfe000 rw-p 0003a000 08:06 16253288   /usr/lib/i386-linux-gnu/libnspr4.so
6ecfe000-6ed00000 rw-p 00000000 00:00 0 
6ed00000-6ee3f000 r-xp 00000000 08:06 16256345   /usr/lib/i386-linux-gnu/libnss3.so
6ee3f000-6ee42000 r--p 0013e000 08:06 16256345   /usr/lib/i386-linux-gnu/libnss3.so
6ee42000-6ee43000 rw-p 00141000 08:06 16256345   /usr/lib/i386-linux-gnu/libnss3.so
6ee43000-6ee44000 rw-p 00000000 00:00 0 
6f600000-6f700000 rw-p 00000000 00:00 0 
6f709000-6f734000 r-xp 00000000 08:06 16257416   /usr/lib/i386-linux-gnu/pkcs11/p11-kit-trust.so
6f734000-6f738000 r--p 0002a000 08:06 16257416   /usr/lib/i386-linux-gnu/pkcs11/p11-kit-trust.so
6f738000-6f739000 rw-p 0002e000 08:06 16257416   /usr/lib/i386-linux-gnu/pkcs11/p11-kit-trust.so
6f739000-6f75a000 r-xp 00000000 08:06 16256185   /usr/lib/i386-linux-gnu/libnssutil3.so
6f75a000-6f75d000 r--p 00020000 08:06 16256185   /usr/lib/i386-linux-gnu/libnssutil3.so
6f75d000-6f75e000 rw-p 00023000 08:06 16256185   /usr/lib/i386-linux-gnu/libnssutil3.so
6f75e000-6f761000 ---p 00000000 00:00 0 
6f761000-6f7af000 rw-p 00000000 00:00 0          [stack:8948]
6f7af000-6f7b2000 ---p 00000000 00:00 0 
6f7b2000-6f800000 rw-p 00000000 00:00 0          [stack:8975]
6f800000-6f8f9000 rw-p 00000000 00:00 0 
6f8f9000-6f900000 ---p 00000000 00:00 0 
6f902000-6f905000 ---p 00000000 00:00 0 
6f905000-6f91d000 rw-p 00000000 00:00 0 
6f91d000-6f940000 rw-s 00000000 00:04 42696737   /SYSV00000000 (deleted)
6f940000-6f989000 r-xp 00000000 08:06 16256094   /usr/lib/i386-linux-gnu/libjpeg.so.8.0.2
6f989000-6f98a000 r--p 00048000 08:06 16256094   /usr/lib/i386-linux-gnu/libjpeg.so.8.0.2
6f98a000-6f98b000 rw-p 00049000 08:06 16256094   /usr/lib/i386-linux-gnu/libjpeg.so.8.0.2
6f98b000-6f99b000 rw-p 00000000 00:00 0 
6f99b000-6f9ac000 r-xp 00000000 08:06 19401679   /usr/lib/jvm/java-7-openjdk-i386/jre/lib/i386/libj2pkcs11.so
6f9ac000-6f9ad000 r--p 00010000 08:06 19401679   /usr/lib/jvm/java-7-openjdk-i386/jre/lib/i386/libj2pkcs11.so
6f9ad000-6f9ae000 rw-p 00011000 08:06 19401679   /usr/lib/jvm/java-7-openjdk-i386/jre/lib/i386/libj2pkcs11.so
6f9ae000-6f9fd000 r-xp 00000000 08:06 19401680   /usr/lib/jvm/java-7-openjdk-i386/jre/lib/i386/libfontmanager.so
6f9fd000-6f9ff000 r--p 0004e000 08:06 19401680   /usr/lib/jvm/java-7-openjdk-i386/jre/lib/i386/libfontmanager.so
6f9ff000-6fa00000 rw-p 00050000 08:06 19401680   /usr/lib/jvm/java-7-openjdk-i386/jre/lib/i386/libfontmanager.so
6fa00000-6faf1000 rw-p 00000000 00:00 0 
6faf1000-6fb00000 ---p 00000000 00:00 0 
6fb00000-6fbaf000 rw-p 00000000 00:00 0 
6fbaf000-6fc00000 ---p 00000000 00:00 0 
6fc00000-6fcff000 rw-p 00000000 00:00 0 
6fcff000-6fd00000 ---p 00000000 00:00 0 
6fd02000-6fd05000 r-xp 00000000 08:06 16253791   /usr/lib/i386-linux-gnu/libplds4.so
6fd05000-6fd06000 r--p 00002000 08:06 16253791   /usr/lib/i386-linux-gnu/libplds4.so
6fd06000-6fd07000 rw-p 00003000 08:06 16253791   /usr/lib/i386-linux-gnu/libplds4.so
6fd07000-6fd0b000 r-xp 00000000 08:06 16253363   /usr/lib/i386-linux-gnu/libplc4.so
6fd0b000-6fd0c000 r--p 00003000 08:06 16253363   /usr/lib/i386-linux-gnu/libplc4.so
6fd0c000-6fd0d000 rw-p 00004000 08:06 16253363   /usr/lib/i386-linux-gnu/libplc4.so
6fd0d000-6fd10000 ---p 00000000 00:00 0 
6fd10000-6fd5e000 rw-p 00000000 00:00 0          [stack:8777]
6fd5e000-6fd61000 ---p 00000000 00:00 0 
6fd61000-6fdaf000 rw-p 00000000 00:00 0          [stack:8772]
6fdaf000-6fdb2000 ---p 00000000 00:00 0 
6fdb2000-6fe00000 rw-p 00000000 00:00 0          [stack:8771]
6fe00000-6feff000 rw-p 00000000 00:00 0 
6feff000-6ff00000 ---p 00000000 00:00 0 
6ff03000-6ff08000 r--s 0004c000 08:06 19401698   /usr/lib/jvm/java-7-openjdk-i386/jre/lib/jsse.jar
6ff08000-6ff11000 r-xp 00000000 08:06 19401687   /usr/lib/jvm/java-7-openjdk-i386/jre/lib/i386/libjavajpeg.so
6ff11000-6ff12000 r--p 00008000 08:06 19401687   /usr/lib/jvm/java-7-openjdk-i386/jre/lib/i386/libjavajpeg.so
6ff12000-6ff13000 rw-p 00009000 08:06 19401687   /usr/lib/jvm/java-7-openjdk-i386/jre/lib/i386/libjavajpeg.so
6ff13000-6ff2a000 r-xp 00000000 08:06 19400723   /usr/lib/jvm/java-7-openjdk-i386/jre/lib/i386/libnet.so
6ff2a000-6ff2b000 r--p 00016000 08:06 19400723   /usr/lib/jvm/java-7-openjdk-i386/jre/lib/i386/libnet.so
6ff2b000-6ff2c000 rw-p 00017000 08:06 19400723   /usr/lib/jvm/java-7-openjdk-i386/jre/lib/i386/libnet.so
6ff2c000-6ff30000 r-xp 00000000 08:06 16255571   /usr/lib/i386-linux-gnu/libXfixes.so.3.1.0
6ff30000-6ff31000 r--p 00003000 08:06 16255571   /usr/lib/i386-linux-gnu/libXfixes.so.3.1.0
6ff31000-6ff32000 rw-p 00004000 08:06 16255571   /usr/lib/i386-linux-gnu/libXfixes.so.3.1.0
6ff32000-6ff3b000 r-xp 00000000 08:06 16255563   /usr/lib/i386-linux-gnu/libXcursor.so.1.0.2
6ff3b000-6ff3c000 r--p 00008000 08:06 16255563   /usr/lib/i386-linux-gnu/libXcursor.so.1.0.2
6ff3c000-6ff3d000 rw-p 00009000 08:06 16255563   /usr/lib/i386-linux-gnu/libXcursor.so.1.0.2
6ff3d000-6ff4e000 r-xp 00000000 08:06 19400713   /usr/lib/jvm/java-7-openjdk-i386/jre/lib/i386/libnio.so
6ff4e000-6ff4f000 r--p 00010000 08:06 19400713   /usr/lib/jvm/java-7-openjdk-i386/jre/lib/i386/libnio.so
6ff4f000-6ff50000 rw-p 00011000 08:06 19400713   /usr/lib/jvm/java-7-openjdk-i386/jre/lib/i386/libnio.so
6ff50000-6ff76000 r--p 00000000 08:06 17306426   /usr/share/locale-langpack/es/LC_MESSAGES/libc.mo
6ff76000-6ff79000 r-xp 00000000 08:06 19923945   /lib/i386-linux-gnu/libgpg-error.so.0.10.0
6ff79000-6ff7a000 r--p 00002000 08:06 19923945   /lib/i386-linux-gnu/libgpg-error.so.0.10.0
6ff7a000-6ff7b000 rw-p 00003000 08:06 19923945   /lib/i386-linux-gnu/libgpg-error.so.0.10.0
6ff7b000-6ff7d000 r-xp 00000000 08:06 19923955   /lib/i386-linux-gnu/libkeyutils.so.1.4
6ff7d000-6ff7e000 r--p 00002000 08:06 19923955   /lib/i386-linux-gnu/libkeyutils.so.1.4
6ff7e000-6ff7f000 rw-p 00003000 08:06 19923955   /lib/i386-linux-gnu/libkeyutils.so.1.4
6ff7f000-6ffbb000 r-xp 00000000 08:06 19924009   /lib/i386-linux-gnu/libpcre.so.3.13.1
6ffbb000-6ffbc000 r--p 0003b000 08:06 19924009   /lib/i386-linux-gnu/libpcre.so.3.13.1
6ffbc000-6ffbd000 rw-p 0003c000 08:06 19924009   /lib/i386-linux-gnu/libpcre.so.3.13.1
6ffbd000-6ffe3000 r-xp 00000000 08:06 19924021   /lib/i386-linux-gnu/libpng12.so.0.50.0
6ffe3000-6ffe4000 r--p 00025000 08:06 19924021   /lib/i386-linux-gnu/libpng12.so.0.50.0
6ffe4000-6ffe5000 rw-p 00026000 08:06 19924021   /lib/i386-linux-gnu/libpng12.so.0.50.0
6ffe5000-7002e000 r-xp 00000000 08:06 19923895   /lib/i386-linux-gnu/libdbus-1.so.3.7.6
7002e000-7002f000 r--p 00048000 08:06 19923895   /lib/i386-linux-gnu/libdbus-1.so.3.7.6
7002f000-70030000 rw-p 00049000 08:06 19923895   /lib/i386-linux-gnu/libdbus-1.so.3.7.6
70030000-70067000 r-xp 00000000 08:06 16256208   /usr/lib/i386-linux-gnu/libp11-kit.so.0.0.0
70067000-70068000 ---p 00037000 08:06 16256208   /usr/lib/i386-linux-gnu/libp11-kit.so.0.0.0
70068000-7006b000 r--p 00037000 08:06 16256208   /usr/lib/i386-linux-gnu/libp11-kit.so.0.0.0
7006b000-7006c000 rw-p 0003a000 08:06 16256208   /usr/lib/i386-linux-gnu/libp11-kit.so.0.0.0
7006c000-7007e000 r-xp 00000000 08:06 16256365   /usr/lib/i386-linux-gnu/libtasn1.so.6.2.0
7007e000-7007f000 r--p 00011000 08:06 16256365   /usr/lib/i386-linux-gnu/libtasn1.so.6.2.0
7007f000-70080000 rw-p 00012000 08:06 16256365   /usr/lib/i386-linux-gnu/libtasn1.so.6.2.0
70080000-70102000 r-xp 00000000 08:06 19923889   /lib/i386-linux-gnu/libgcrypt.so.11.8.2
70102000-70103000 ---p 00082000 08:06 19923889   /lib/i386-linux-gnu/libgcrypt.so.11.8.2
70103000-70104000 r--p 00082000 08:06 19923889   /lib/i386-linux-gnu/libgcrypt.so.11.8.2
70104000-70106000 rw-p 00083000 08:06 19923889   /lib/i386-linux-gnu/libgcrypt.so.11.8.2
70106000-70107000 rw-p 00000000 00:00 0 
70107000-70111000 r-xp 00000000 08:06 16255942   /usr/lib/i386-linux-gnu/libkrb5support.so.0.1
70111000-70112000 r--p 00009000 08:06 16255942   /usr/lib/i386-linux-gnu/libkrb5support.so.0.1
70112000-70113000 rw-p 0000a000 08:06 16255942   /usr/lib/i386-linux-gnu/libkrb5support.so.0.1
70113000-70116000 r-xp 00000000 08:06 19923921   /lib/i386-linux-gnu/libcom_err.so.2.1
70116000-70117000 r--p 00002000 08:06 19923921   /lib/i386-linux-gnu/libcom_err.so.2.1
70117000-70118000 rw-p 00003000 08:06 19923921   /lib/i386-linux-gnu/libcom_err.so.2.1
70118000-70146000 r-xp 00000000 08:06 16254956   /usr/lib/i386-linux-gnu/libk5crypto.so.3.1
70146000-70147000 r--p 0002d000 08:06 16254956   /usr/lib/i386-linux-gnu/libk5crypto.so.3.1
70147000-70148000 rw-p 0002e000 08:06 16254956   /usr/lib/i386-linux-gnu/libk5crypto.so.3.1
70148000-701ff000 r-xp 00000000 08:06 16255848   /usr/lib/i386-linux-gnu/libkrb5.so.3.3
701ff000-70205000 r--p 000b7000 08:06 16255848   /usr/lib/i386-linux-gnu/libkrb5.so.3.3
70205000-70206000 rw-p 000bd000 08:06 16255848   /usr/lib/i386-linux-gnu/libkrb5.so.3.3
70206000-7020b000 r-xp 00000000 08:06 16255567   /usr/lib/i386-linux-gnu/libXdmcp.so.6.0.0
7020b000-7020c000 r--p 00004000 08:06 16255567   /usr/lib/i386-linux-gnu/libXdmcp.so.6.0.0
7020c000-7020d000 rw-p 00005000 08:06 16255567   /usr/lib/i386-linux-gnu/libXdmcp.so.6.0.0
7020d000-7020f000 r-xp 00000000 08:06 16255556   /usr/lib/i386-linux-gnu/libXau.so.6.0.0
7020f000-70210000 r--p 00001000 08:06 16255556   /usr/lib/i386-linux-gnu/libXau.so.6.0.0
70210000-70211000 rw-p 00002000 08:06 16255556   /usr/lib/i386-linux-gnu/libXau.so.6.0.0
70211000-70216000 r-xp 00000000 08:06 16255819   /usr/lib/i386-linux-gnu/libffi.so.6.0.1
70216000-70217000 r--p 00005000 08:06 16255819   /usr/lib/i386-linux-gnu/libffi.so.6.0.1
70217000-70218000 rw-p 00006000 08:06 16255819   /usr/lib/i386-linux-gnu/libffi.so.6.0.1
70218000-7022b000 r-xp 00000000 08:06 19922973   /lib/i386-linux-gnu/libresolv-2.19.so
7022b000-7022c000 ---p 00013000 08:06 19922973   /lib/i386-linux-gnu/libresolv-2.19.so
7022c000-7022d000 r--p 00013000 08:06 19922973   /lib/i386-linux-gnu/libresolv-2.19.so
7022d000-7022e000 rw-p 00014000 08:06 19922973   /lib/i386-linux-gnu/libresolv-2.19.so
7022e000-70230000 rw-p 00000000 00:00 0 
70230000-70250000 r-xp 00000000 08:06 19924036   /lib/i386-linux-gnu/libselinux.so.1
70250000-70251000 r--p 0001f000 08:06 19924036   /lib/i386-linux-gnu/libselinux.so.1
70251000-70252000 rw-p 00020000 08:06 19924036   /lib/i386-linux-gnu/libselinux.so.1
70252000-70253000 rw-p 00000000 00:00 0 
70253000-7035d000 r-xp 00000000 08:06 19923891   /lib/i386-linux-gnu/libglib-2.0.so.0.4002.0
7035d000-7035e000 r--p 00109000 08:06 19923891   /lib/i386-linux-gnu/libglib-2.0.so.0.4002.0
7035e000-7035f000 rw-p 0010a000 08:06 19923891   /lib/i386-linux-gnu/libglib-2.0.so.0.4002.0
7035f000-70362000 r-xp 00000000 08:06 16258530   /usr/lib/i386-linux-gnu/libgmodule-2.0.so.0.4002.0
70362000-70363000 r--p 00002000 08:06 16258530   /usr/lib/i386-linux-gnu/libgmodule-2.0.so.0.4002.0
70363000-70364000 rw-p 00003000 08:06 16258530   /usr/lib/i386-linux-gnu/libgmodule-2.0.so.0.4002.0
70364000-70389000 r-xp 00000000 08:06 19923934   /lib/i386-linux-gnu/libexpat.so.1.6.0
70389000-7038a000 ---p 00025000 08:06 19923934   /lib/i386-linux-gnu/libexpat.so.1.6.0
7038a000-7038c000 r--p 00025000 08:06 19923934   /lib/i386-linux-gnu/libexpat.so.1.6.0
7038c000-7038d000 rw-p 00027000 08:06 19923934   /lib/i386-linux-gnu/libexpat.so.1.6.0
7038d000-70427000 r-xp 00000000 08:06 16255843   /usr/lib/i386-linux-gnu/libfreetype.so.6.11.1
70427000-70428000 ---p 0009a000 08:06 16255843   /usr/lib/i386-linux-gnu/libfreetype.so.6.11.1
70428000-7042c000 r--p 0009a000 08:06 16255843   /usr/lib/i386-linux-gnu/libfreetype.so.6.11.1
7042c000-7042d000 rw-p 0009e000 08:06 16255843   /usr/lib/i386-linux-gnu/libfreetype.so.6.11.1
7042d000-7043d000 r-xp 00000000 08:06 16255655   /usr/lib/i386-linux-gnu/libavahi-client.so.3.2.9
7043d000-7043e000 r--p 0000f000 08:06 16255655   /usr/lib/i386-linux-gnu/libavahi-client.so.3.2.9
7043e000-7043f000 rw-p 00010000 08:06 16255655   /usr/lib/i386-linux-gnu/libavahi-client.so.3.2.9
7043f000-7044b000 r-xp 00000000 08:06 16255657   /usr/lib/i386-linux-gnu/libavahi-common.so.3.5.3
7044b000-7044c000 r--p 0000b000 08:06 16255657   /usr/lib/i386-linux-gnu/libavahi-common.so.3.5.3
7044c000-7044d000 rw-p 0000c000 08:06 16255657   /usr/lib/i386-linux-gnu/libavahi-common.so.3.5.3
7044d000-7050e000 r-xp 00000000 08:06 16255915   /usr/lib/i386-linux-gnu/libgnutls.so.26.22.6
7050e000-70512000 r--p 000c0000 08:06 16255915   /usr/lib/i386-linux-gnu/libgnutls.so.26.22.6
70512000-70513000 rw-p 000c4000 08:06 16255915   /usr/lib/i386-linux-gnu/libgnutls.so.26.22.6
70513000-70556000 r-xp 00000000 08:06 16255622   /usr/lib/i386-linux-gnu/libgssapi_krb5.so.2.2
70556000-70557000 r--p 00042000 08:06 16255622   /usr/lib/i386-linux-gnu/libgssapi_krb5.so.2.2
70557000-70558000 rw-p 00043000 08:06 16255622   /usr/lib/i386-linux-gnu/libgssapi_krb5.so.2.2
70558000-70578000 r-xp 00000000 08:06 16256475   /usr/lib/i386-linux-gnu/libxcb.so.1.1.0
70578000-70579000 r--p 0001f000 08:06 16256475   /usr/lib/i386-linux-gnu/libxcb.so.1.1.0
70579000-7057a000 rw-p 00020000 08:06 16256475   /usr/lib/i386-linux-gnu/libxcb.so.1.1.0
7057a000-705ca000 r-xp 00000000 08:06 16253217   /usr/lib/i386-linux-gnu/libgobject-2.0.so.0.4002.0
705ca000-705cb000 r--p 0004f000 08:06 16253217   /usr/lib/i386-linux-gnu/libgobject-2.0.so.0.4002.0
705cb000-705cc000 rw-p 00050000 08:06 16253217   /usr/lib/i386-linux-gnu/libgobject-2.0.so.0.4002.0
705cc000-70749000 r-xp 00000000 08:06 16253266   /usr/lib/i386-linux-gnu/libgio-2.0.so.0.4002.0
70749000-7074b000 r--p 0017d000 08:06 16253266   /usr/lib/i386-linux-gnu/libgio-2.0.so.0.4002.0
7074b000-7074c000 rw-p 0017f000 08:06 16253266   /usr/lib/i386-linux-gnu/libgio-2.0.so.0.4002.0
7074c000-7074d000 rw-p 00000000 00:00 0 
7074d000-70786000 r-xp 00000000 08:06 16255831   /usr/lib/i386-linux-gnu/libfontconfig.so.1.8.0
70786000-70787000 r--p 00039000 08:06 16255831   /usr/lib/i386-linux-gnu/libfontconfig.so.1.8.0
70787000-70788000 rw-p 0003a000 08:06 16255831   /usr/lib/i386-linux-gnu/libfontconfig.so.1.8.0
70788000-707ef000 r-xp 00000000 08:06 16253374   /usr/lib/i386-linux-gnu/libcups.so.2
707ef000-707f0000 ---p 00067000 08:06 16253374   /usr/lib/i386-linux-gnu/libcups.so.2
707f0000-707f4000 r--p 00067000 08:06 16253374   /usr/lib/i386-linux-gnu/libcups.so.2
707f4000-707f5000 rw-p 0006b000 08:06 16253374   /usr/lib/i386-linux-gnu/libcups.so.2
707f5000-70804000 r-xp 00000000 08:06 16255577   /usr/lib/i386-linux-gnu/libXi.so.6.1.0
70804000-70805000 r--p 0000e000 08:06 16255577   /usr/lib/i386-linux-gnu/libXi.so.6.1.0
70805000-70806000 rw-p 0000f000 08:06 16255577   /usr/lib/i386-linux-gnu/libXi.so.6.1.0
70806000-7080f000 r-xp 00000000 08:06 16255591   /usr/lib/i386-linux-gnu/libXrender.so.1.3.0
7080f000-70810000 r--p 00008000 08:06 16255591   /usr/lib/i386-linux-gnu/libXrender.so.1.3.0
70810000-70811000 rw-p 00009000 08:06 16255591   /usr/lib/i386-linux-gnu/libXrender.so.1.3.0
70811000-70941000 r-xp 00000000 08:06 16255552   /usr/lib/i386-linux-gnu/libX11.so.6.3.0
70941000-70942000 r--p 00130000 08:06 16255552   /usr/lib/i386-linux-gnu/libX11.so.6.3.0
70942000-70944000 rw-p 00131000 08:06 16255552   /usr/lib/i386-linux-gnu/libX11.so.6.3.0
70944000-70945000 rw-p 00000000 00:00 0 
70945000-709d4000 r-xp 00000000 08:06 19400714   /usr/lib/jvm/java-7-openjdk-i386/jre/lib/i386/libawt.so
709d4000-709d5000 r--p 0008f000 08:06 19400714   /usr/lib/jvm/java-7-openjdk-i386/jre/lib/i386/libawt.so
709d5000-709dc000 rw-p 00090000 08:06 19400714   /usr/lib/jvm/java-7-openjdk-i386/jre/lib/i386/libawt.so
709dc000-70a00000 rw-p 00000000 00:00 0 
70a00000-70b00000 rw-p 00000000 00:00 0 
70b01000-70b06000 r-xp 00000000 08:06 16255597   /usr/lib/i386-linux-gnu/libXtst.so.6.1.0
70b06000-70b07000 r--p 00004000 08:06 16255597   /usr/lib/i386-linux-gnu/libXtst.so.6.1.0
70b07000-70b08000 rw-p 00005000 08:06 16255597   /usr/lib/i386-linux-gnu/libXtst.so.6.1.0
70b08000-70b19000 r-xp 00000000 08:06 16255569   /usr/lib/i386-linux-gnu/libXext.so.6.4.0
70b19000-70b1a000 r--p 00010000 08:06 16255569   /usr/lib/i386-linux-gnu/libXext.so.6.4.0
70b1a000-70b1b000 rw-p 00011000 08:06 16255569   /usr/lib/i386-linux-gnu/libXext.so.6.4.0
70b1b000-70b1e000 r--s 00017000 08:06 19401702   /usr/lib/jvm/java-7-openjdk-i386/jre/lib/jce.jar
70b1e000-70b27000 r--s 000b9000 08:06 19401717   /usr/lib/jvm/java-7-openjdk-i386/jre/lib/resources.jar
70b27000-70b2e000 r--s 00000000 08:06 16259781   /usr/lib/i386-linux-gnu/gconv/gconv-modules.cache
70b2e000-70b76000 r-xp 00000000 08:06 19400697   /usr/lib/jvm/java-7-openjdk-i386/jre/lib/i386/xawt/libmawt.so
70b76000-70b77000 r--p 00047000 08:06 19400697   /usr/lib/jvm/java-7-openjdk-i386/jre/lib/i386/xawt/libmawt.so
70b77000-70b79000 rw-p 00048000 08:06 19400697   /usr/lib/jvm/java-7-openjdk-i386/jre/lib/i386/xawt/libmawt.so
70b79000-70b7a000 rw-p 00000000 00:00 0 
70b7a000-70b84000 r--s 00203000 08:06 19401710   /usr/lib/jvm/java-7-openjdk-i386/jre/lib/charsets.jar
70b84000-70b85000 r--s 00005000 08:06 22550069   /home/sistema/proyectos/escritorio/lib/json-simple-1.1.1.jar
70b85000-70ba0000 r--s 0012c000 08:06 22550068   /home/sistema/proyectos/escritorio/lib/org.apache.httpcomponents.httpclient_4.3.5.jar
70ba0000-70ba1000 r--s 00000000 08:06 24907301   /home/sistema/netbeans-8.0.1/java/modules/ext/AbsoluteLayout.jar
70ba1000-70bdf000 r--s 0025b000 08:06 22550058   /home/sistema/proyectos/escritorio/lib/xmlbeans-2.5.0.jar
70bdf000-70be4000 r--s 00010000 08:06 22550001   /home/sistema/proyectos/escritorio/lib/xml-apis-ext.jar
70be4000-70bfd000 r--s 00134000 08:06 22550062   /home/sistema/proyectos/escritorio/lib/xercesImpl-2.10.0.jar
70bfd000-70c22000 r--s 002e3000 08:06 22550048   /home/sistema/proyectos/escritorio/lib/xalan-2.7.1.jar
70c22000-70c30000 r--s 000b7000 08:06 22550015   /home/sistema/proyectos/escritorio/lib/velocity-1.7-dep.jar
70c30000-70c31000 r--s 00002000 08:06 22550052   /home/sistema/proyectos/escritorio/lib/swing-worker-1.1.jar
70c31000-70c36000 r--s 0006d000 08:06 22550012   /home/sistema/proyectos/escritorio/lib/sqljdbc4.jar
70c36000-70c3a000 r--s 0028c000 08:06 22550037   /home/sistema/proyectos/escritorio/lib/sqlitejdbc-v056.jar
70c3a000-70c41000 r--s 00040000 08:06 22550032   /home/sistema/proyectos/escritorio/lib/spring-core-2.5.5.jar
70c41000-70c4b000 r--s 0006d000 08:06 22550053   /home/sistema/proyectos/escritorio/lib/spring-beans-2.5.5.jar
70c4b000-70c54000 r--s 0002d000 08:06 22550049   /home/sistema/proyectos/escritorio/lib/xml-apis.jar
70c54000-70c57000 r--s 00041000 08:06 22550014   /home/sistema/proyectos/escritorio/lib/serializer.jar
70c57000-70c64000 r--s 00106000 08:06 22550007   /home/sistema/proyectos/escritorio/lib/rhino-1.7R3.jar
70c64000-70ce3000 r--s 0034a000 08:06 22549999   /home/sistema/proyectos/escritorio/lib/poi-ooxml-schemas-3.7-20101029.jar
70ce3000-70d00000 r--s 0017c000 08:06 22550034   /home/sistema/proyectos/escritorio/lib/poi-3.7-20101029.jar
70d00000-70df8000 rw-p 00000000 00:00 0 
70df8000-70e00000 ---p 00000000 00:00 0 
70e00000-70efe000 rw-p 00000000 00:00 0 
70efe000-70f00000 ---p 00000000 00:00 0 
70f00000-70f01000 r--s 0001c000 08:06 22550043   /home/sistema/proyectos/escritorio/lib/swing-layout-1.0.4.jar
70f01000-70f02000 r--s 0001c000 08:06 22550025   /home/sistema/proyectos/escritorio/lib/swing-layout-1.0.3.jar
70f02000-70f09000 r--s 00073000 08:06 22550066   /home/sistema/proyectos/escritorio/lib/poi-ooxml-3.7-20101029.jar
70f09000-70f11000 r--s 00065000 08:06 22550035   /home/sistema/proyectos/escritorio/lib/olap4j-0.9.7.309-JS-3.jar
70f11000-70f39000 r--s 0025e000 08:06 22550038   /home/sistema/proyectos/escritorio/lib/mondrian-3.1.1.12687.jar
70f39000-70f42000 r--s 00055000 08:06 22550016   /home/sistema/proyectos/escritorio/lib/lucene-queryparser-4.5.1.jar
70f42000-70f68000 r--s 0020b000 08:06 22550006   /home/sistema/proyectos/escritorio/lib/lucene-core-4.5.1.jar
70f68000-70f78000 r--s 00174000 08:06 22550063   /home/sistema/proyectos/escritorio/lib/lucene-analyzers-common-4.5.1.jar
70f78000-70f7f000 r--s 00059000 08:06 22550050   /home/sistema/proyectos/escritorio/lib/log4j-1.2.15.jar
70f7f000-70f8b000 r--s 000aa000 08:06 22550059   /home/sistema/proyectos/escritorio/lib/jxl-2.6.10.jar
70f8b000-70f9b000 r--s 0013f000 08:06 22550036   /home/sistema/proyectos/escritorio/lib/jfreechart-1.0.12.jar
70f9b000-70fa5000 r--s 0011e000 08:06 22550020   /home/sistema/proyectos/escritorio/lib/jdt-compiler-3.1.1.jar
70fa5000-71000000 r--s 00463000 08:06 22550026   /home/sistema/proyectos/escritorio/lib/jasperreports-5.6.0.jar
71000000-71100000 rw-p 00000000 00:00 0 
71100000-71102000 r--s 00016000 08:06 22550042   /home/sistema/proyectos/escritorio/lib/servlet-api-2.4.jar
71102000-71106000 r--s 00068000 08:06 22550054   /home/sistema/proyectos/escritorio/lib/mysql-connector-java-3.1.11-bin.jar
71106000-7110c000 r--s 00046000 08:06 22550017   /home/sistema/proyectos/escritorio/lib/jcommon-1.0.15.jar
7110c000-7111d000 r--s 000d2000 08:06 22550047   /home/sistema/proyectos/escritorio/lib/jackson-databind-2.1.4.jar
7111d000-7117c000 r--s 00589000 08:06 22550004   /home/sistema/proyectos/escritorio/lib/groovy-all-2.0.1.jar
7117c000-7117d000 ---p 00000000 00:00 0 
7117d000-711fd000 rw-p 00000000 00:00 0          [stack:8770]
711fd000-71200000 ---p 00000000 00:00 0 
71200000-7124e000 rw-p 00000000 00:00 0          [stack:8769]
7124e000-71251000 ---p 00000000 00:00 0 
71251000-712cf000 rw-p 00000000 00:00 0          [stack:8768]
712cf000-71400000 r--p 00189000 08:06 16257885   /usr/lib/locale/locale-archive
71400000-71600000 r--p 00000000 08:06 16257885   /usr/lib/locale/locale-archive
71600000-71621000 rw-p 00000000 00:00 0 
71621000-71700000 ---p 00000000 00:00 0 
71700000-71703000 r--s 00009000 08:06 22550005   /home/sistema/proyectos/escritorio/lib/jpa.jar
71703000-71709000 r--s 00032000 08:06 22550033   /home/sistema/proyectos/escritorio/lib/jaxen-1.1.1.jar
71709000-71716000 r--s 00108000 08:06 22550041   /home/sistema/proyectos/escritorio/lib/iText-2.1.7.js2.jar
71716000-7172e000 r--s 00181000 08:06 22550011   /home/sistema/proyectos/escritorio/lib/hibernate3.jar
7172e000-71731000 ---p 00000000 00:00 0 
71731000-717af000 rw-p 00000000 00:00 0          [stack:8767]
717af000-717b2000 ---p 00000000 00:00 0 
717b2000-71800000 rw-p 00000000 00:00 0          [stack:8766]
71800000-71900000 rw-p 00000000 00:00 0 
71900000-71902000 r--s 00003000 08:06 22550031   /home/sistema/proyectos/escritorio/lib/saaj-api-1.3.jar
71902000-71904000 r--s 0001e000 08:06 22550039   /home/sistema/proyectos/escritorio/lib/jcalendar.jar
71904000-71908000 r--s 0002f000 08:06 22550067   /home/sistema/proyectos/escritorio/lib/jackson-core-2.1.4.jar
71908000-7190a000 r--s 00007000 08:06 22550040   /home/sistema/proyectos/escritorio/lib/jackson-annotations-2.1.4.jar
7190a000-71913000 r--s 000a4000 08:06 22550060   /home/sistema/proyectos/escritorio/lib/hsqldb-1.8.0-10.jar
71913000-71918000 r--s 00048000 08:06 22550023   /home/sistema/proyectos/escritorio/lib/dom4j-1.6.1.jar
71918000-7191a000 r--s 0000d000 08:06 22550046   /home/sistema/proyectos/escritorio/lib/commons-logging-1.1.1.jar
7191a000-71920000 r--s 0002b000 08:06 22550061   /home/sistema/proyectos/escritorio/lib/commons-digester-2.1.jar
71920000-7192e000 r--s 0007f000 08:06 22550009   /home/sistema/proyectos/escritorio/lib/commons-collections-3.2.1.jar
7192e000-71931000 ---p 00000000 00:00 0 
71931000-7197f000 rw-p 00000000 00:00 0          [stack:8765]
7197f000-71980000 ---p 00000000 00:00 0 
71980000-71a00000 rw-p 00000000 00:00 0          [stack:8763]
71a00000-71afa000 rw-p 00000000 00:00 0 
71afa000-71b00000 ---p 00000000 00:00 0 
71b00000-71b01000 r--s 00002000 08:06 22550055   /home/sistema/proyectos/escritorio/lib/png-encoder-1.5.jar
71b01000-71b04000 r--s 00015000 08:06 22550051   /home/sistema/proyectos/escritorio/lib/commons-javaflow-20060411.jar
71b04000-71b09000 r--s 00034000 08:06 22550000   /home/sistema/proyectos/escritorio/lib/commons-beanutils-1.8.0.jar
71b09000-71b18000 r--s 000c3000 08:06 22550029   /home/sistema/proyectos/escritorio/lib/castor-1.2.jar
71b18000-71b1d000 r--s 00040000 08:06 22550057   /home/sistema/proyectos/escritorio/lib/bsh-2.0b4.jar
71b1d000-71b27000 r--s 00079000 08:06 22550064   /home/sistema/proyectos/escritorio/lib/bcel-5.2.jar
71b27000-71cd8000 r--s 01d25000 08:06 19400622   /usr/lib/jvm/java-7-openjdk-i386/jre/lib/rt.jar
71cd8000-74000000 rw-p 00000000 00:00 0 
74000000-74100000 rw-p 00000000 00:00 0 
74100000-74101000 r--s 00007000 08:06 22550018   /home/sistema/proyectos/escritorio/lib/batik-xml.jar
74101000-74104000 r--s 0001d000 08:06 22549998   /home/sistema/proyectos/escritorio/lib/batik-util.jar
74104000-74109000 r--s 00030000 08:06 22550056   /home/sistema/proyectos/escritorio/lib/batik-svggen.jar
74109000-74116000 r--s 00087000 08:06 22550024   /home/sistema/proyectos/escritorio/lib/batik-svg-dom.jar
74116000-74119000 r--s 0000d000 08:06 22550045   /home/sistema/proyectos/escritorio/lib/batik-script.jar
74119000-7411b000 r--s 00010000 08:06 22550021   /home/sistema/proyectos/escritorio/lib/batik-parser.jar
7411b000-7411f000 r--s 00038000 08:06 22550019   /home/sistema/proyectos/escritorio/lib/batik-gvt.jar
7411f000-74120000 r--s 00002000 08:06 22550044   /home/sistema/proyectos/escritorio/lib/batik-ext.jar
74120000-74124000 r--s 00027000 08:06 22550010   /home/sistema/proyectos/escritorio/lib/batik-dom.jar
74124000-7412e000 r--s 00080000 08:06 22550013   /home/sistema/proyectos/escritorio/lib/batik-bridge.jar
7412e000-74131000 ---p 00000000 00:00 0 
74131000-7417f000 rw-p 00000000 00:00 0          [stack:8764]
7417f000-74180000 ---p 00000000 00:00 0 
74180000-74200000 rw-p 00000000 00:00 0          [stack:8762]
74200000-74221000 rw-p 00000000 00:00 0 
74221000-74300000 ---p 00000000 00:00 0 
74300000-743fc000 rw-p 00000000 00:00 0 
743fc000-74400000 ---p 00000000 00:00 0 
74400000-74408000 r--s 00045000 08:06 22550008   /home/sistema/proyectos/escritorio/lib/batik-css.jar
74408000-7440f000 r--s 0005c000 08:06 22550027   /home/sistema/proyectos/escritorio/lib/batik-awt-util.jar
7440f000-74412000 r--s 00015000 08:06 22550022   /home/sistema/proyectos/escritorio/lib/batik-anim.jar
74412000-74417000 r--s 0003e000 08:06 22550065   /home/sistema/proyectos/escritorio/lib/barcode4j-2.1.jar
74417000-7441b000 r--s 0003d000 08:06 22550028   /home/sistema/proyectos/escritorio/lib/appframework-1.0.3.jar
7441b000-74420000 r--s 00066000 08:06 22550003   /home/sistema/proyectos/escritorio/lib/antlr-2.7.5.jar
74420000-74424000 r--s 0003c000 08:06 19401713   /usr/lib/jvm/java-7-openjdk-i386/jre/lib/ext/sunpkcs11.jar
74424000-7447f000 rw-p 00000000 00:00 0 
7447f000-74480000 ---p 00000000 00:00 0 
74480000-74500000 rw-p 00000000 00:00 0          [stack:8761]
74500000-74600000 rw-p 00000000 00:00 0 
74600000-74603000 r--s 00014000 08:06 22550030   /home/sistema/proyectos/escritorio/lib/barbecue-1.5-beta1.jar
74603000-74605000 r--s 00012000 08:06 19401714   /usr/lib/jvm/java-7-openjdk-i386/jre/lib/ext/zipfs.jar
74605000-74666000 rw-p 00000000 00:00 0 
74666000-74667000 ---p 00000000 00:00 0 
74667000-746e7000 rw-p 00000000 00:00 0          [stack:8760]
746e7000-746e8000 ---p 00000000 00:00 0 
746e8000-7477f000 rw-p 00000000 00:00 0          [stack:8759]
7477f000-747a8000 rw-p 00000000 00:00 0 
747a8000-747c1000 rw-p 00000000 00:00 0 
747c1000-748cb000 rw-p 00000000 00:00 0 
748cb000-748e2000 rw-p 00000000 00:00 0 
748e2000-7490b000 rw-p 00000000 00:00 0 
7490b000-74924000 rw-p 00000000 00:00 0 
74924000-74a2d000 rw-p 00000000 00:00 0 
74a2d000-74a6b000 rw-p 00000000 00:00 0 
74a6b000-74abf000 rw-p 00000000 00:00 0 
74abf000-77840000 rw-p 00000000 00:00 0 
77840000-7cac0000 rw-p 00000000 00:00 0 
7cac0000-7fc40000 rw-p 00000000 00:00 0 
7fc40000-a1000000 rw-p 00000000 00:00 0 
a1000000-a8900000 rw-p 00000000 00:00 0 
a8900000-b32c0000 rw-p 00000000 00:00 0 
b32c0000-b32c3000 r--s 0000f000 08:06 19401712   /usr/lib/jvm/java-7-openjdk-i386/jre/lib/ext/icedtea-sound.jar
b32c3000-b32c7000 r--s 00085000 08:06 19401716   /usr/lib/jvm/java-7-openjdk-i386/jre/lib/ext/localedata.jar
b32c7000-b32c9000 r--s 00006000 08:06 16389249   /usr/share/java/java-atk-wrapper.jar
b32c9000-b32d2000 rw-p 00000000 00:00 0 
b32d2000-b3389000 rw-p 00000000 00:00 0 
b3389000-b35c9000 rwxp 00000000 00:00 0 
b35c9000-b6389000 rw-p 00000000 00:00 0 
b6389000-b6394000 r-xp 00000000 08:06 19922948   /lib/i386-linux-gnu/libnss_files-2.19.so
b6394000-b6395000 r--p 0000a000 08:06 19922948   /lib/i386-linux-gnu/libnss_files-2.19.so
b6395000-b6396000 rw-p 0000b000 08:06 19922948   /lib/i386-linux-gnu/libnss_files-2.19.so
b6396000-b63a0000 r-xp 00000000 08:06 19922993   /lib/i386-linux-gnu/libnss_nis-2.19.so
b63a0000-b63a1000 r--p 00009000 08:06 19922993   /lib/i386-linux-gnu/libnss_nis-2.19.so
b63a1000-b63a2000 rw-p 0000a000 08:06 19922993   /lib/i386-linux-gnu/libnss_nis-2.19.so
b63a2000-b63b7000 r-xp 00000000 08:06 19922990   /lib/i386-linux-gnu/libnsl-2.19.so
b63b7000-b63b8000 r--p 00015000 08:06 19922990   /lib/i386-linux-gnu/libnsl-2.19.so
b63b8000-b63b9000 rw-p 00016000 08:06 19922990   /lib/i386-linux-gnu/libnsl-2.19.so
b63b9000-b63bb000 rw-p 00000000 00:00 0 
b63bb000-b63c2000 r-xp 00000000 08:06 19922959   /lib/i386-linux-gnu/libnss_compat-2.19.so
b63c2000-b63c3000 r--p 00006000 08:06 19922959   /lib/i386-linux-gnu/libnss_compat-2.19.so
b63c3000-b63c4000 rw-p 00007000 08:06 19922959   /lib/i386-linux-gnu/libnss_compat-2.19.so
b63c4000-b63c5000 r--s 00002000 08:06 19401715   /usr/lib/jvm/java-7-openjdk-i386/jre/lib/ext/dnsns.jar
b63c5000-b63cd000 r-xp 00000000 08:06 19400709   /usr/lib/jvm/java-7-openjdk-i386/jre/lib/i386/libzip.so
b63cd000-b63ce000 r--p 00007000 08:06 19400709   /usr/lib/jvm/java-7-openjdk-i386/jre/lib/i386/libzip.so
b63ce000-b63cf000 rw-p 00008000 08:06 19400709   /usr/lib/jvm/java-7-openjdk-i386/jre/lib/i386/libzip.so
b63cf000-b63d7000 rw-s 00000000 08:06 27787323   /tmp/hsperfdata_sistema/8754
b63d7000-b63fe000 r-xp 00000000 08:06 19400707   /usr/lib/jvm/java-7-openjdk-i386/jre/lib/i386/libjava.so
b63fe000-b63ff000 r--p 00026000 08:06 19400707   /usr/lib/jvm/java-7-openjdk-i386/jre/lib/i386/libjava.so
b63ff000-b6400000 rw-p 00027000 08:06 19400707   /usr/lib/jvm/java-7-openjdk-i386/jre/lib/i386/libjava.so
b6400000-b64f9000 rw-p 00000000 00:00 0 
b64f9000-b6500000 ---p 00000000 00:00 0 
b6500000-b6504000 r--s 00034000 08:06 19401711   /usr/lib/jvm/java-7-openjdk-i386/jre/lib/ext/sunjce_provider.jar
b6504000-b650b000 r-xp 00000000 08:06 19922974   /lib/i386-linux-gnu/librt-2.19.so
b650b000-b650c000 r--p 00006000 08:06 19922974   /lib/i386-linux-gnu/librt-2.19.so
b650c000-b650d000 rw-p 00007000 08:06 19922974   /lib/i386-linux-gnu/librt-2.19.so
b650d000-b6510000 ---p 00000000 00:00 0 
b6510000-b655e000 rw-p 00000000 00:00 0          [stack:8758]
b655e000-b657a000 r-xp 00000000 08:06 19922972   /lib/i386-linux-gnu/libgcc_s.so.1
b657a000-b657b000 rw-p 0001b000 08:06 19922972   /lib/i386-linux-gnu/libgcc_s.so.1
b657b000-b65bf000 r-xp 00000000 08:06 19922991   /lib/i386-linux-gnu/libm-2.19.so
b65bf000-b65c0000 r--p 00043000 08:06 19922991   /lib/i386-linux-gnu/libm-2.19.so
b65c0000-b65c1000 rw-p 00044000 08:06 19922991   /lib/i386-linux-gnu/libm-2.19.so
b65c1000-b669d000 r-xp 00000000 08:06 16256349   /usr/lib/i386-linux-gnu/libstdc++.so.6.0.19
b669d000-b669e000 ---p 000dc000 08:06 16256349   /usr/lib/i386-linux-gnu/libstdc++.so.6.0.19
b669e000-b66a2000 r--p 000dc000 08:06 16256349   /usr/lib/i386-linux-gnu/libstdc++.so.6.0.19
b66a2000-b66a3000 rw-p 000e0000 08:06 16256349   /usr/lib/i386-linux-gnu/libstdc++.so.6.0.19
b66a3000-b66aa000 rw-p 00000000 00:00 0 
b66aa000-b7095000 r-xp 00000000 08:06 19400726   /usr/lib/jvm/java-7-openjdk-i386/jre/lib/i386/server/libjvm.so
b7095000-b7096000 ---p 009eb000 08:06 19400726   /usr/lib/jvm/java-7-openjdk-i386/jre/lib/i386/server/libjvm.so
b7096000-b70e8000 r--p 009eb000 08:06 19400726   /usr/lib/jvm/java-7-openjdk-i386/jre/lib/i386/server/libjvm.so
b70e8000-b70fc000 rw-p 00a3d000 08:06 19400726   /usr/lib/jvm/java-7-openjdk-i386/jre/lib/i386/server/libjvm.so
b70fc000-b751a000 rw-p 00000000 00:00 0 
b751a000-b7532000 r-xp 00000000 08:06 19924066   /lib/i386-linux-gnu/libz.so.1.2.8
b7532000-b7533000 r--p 00017000 08:06 19924066   /lib/i386-linux-gnu/libz.so.1.2.8
b7533000-b7534000 rw-p 00018000 08:06 19924066   /lib/i386-linux-gnu/libz.so.1.2.8
b7534000-b754c000 r-xp 00000000 08:06 19923004   /lib/i386-linux-gnu/libpthread-2.19.so
b754c000-b754d000 r--p 00017000 08:06 19923004   /lib/i386-linux-gnu/libpthread-2.19.so
b754d000-b754e000 rw-p 00018000 08:06 19923004   /lib/i386-linux-gnu/libpthread-2.19.so
b754e000-b7550000 rw-p 00000000 00:00 0 
b7550000-b7553000 r-xp 00000000 08:06 19927108   /lib/i386-linux-gnu/libdl-2.19.so
b7553000-b7554000 r--p 00002000 08:06 19927108   /lib/i386-linux-gnu/libdl-2.19.so
b7554000-b7555000 rw-p 00003000 08:06 19927108   /lib/i386-linux-gnu/libdl-2.19.so
b7555000-b76fe000 r-xp 00000000 08:06 19922996   /lib/i386-linux-gnu/libc-2.19.so
b76fe000-b76ff000 ---p 001a9000 08:06 19922996   /lib/i386-linux-gnu/libc-2.19.so
b76ff000-b7701000 r--p 001a9000 08:06 19922996   /lib/i386-linux-gnu/libc-2.19.so
b7701000-b7702000 rw-p 001ab000 08:06 19922996   /lib/i386-linux-gnu/libc-2.19.so
b7702000-b7705000 rw-p 00000000 00:00 0 
b7705000-b7706000 r--p 00525000 08:06 16257885   /usr/lib/locale/locale-archive
b7706000-b7707000 rw-p 00000000 00:00 0 
b7707000-b7708000 r--p 00000000 00:00 0 
b7708000-b7716000 r-xp 00000000 08:06 19401686   /usr/lib/jvm/java-7-openjdk-i386/jre/lib/i386/libverify.so
b7716000-b7717000 r--p 0000d000 08:06 19401686   /usr/lib/jvm/java-7-openjdk-i386/jre/lib/i386/libverify.so
b7717000-b7718000 rw-p 0000e000 08:06 19401686   /usr/lib/jvm/java-7-openjdk-i386/jre/lib/i386/libverify.so
b7718000-b7724000 r-xp 00000000 08:06 19401690   /usr/lib/jvm/java-7-openjdk-i386/jre/lib/i386/jli/libjli.so
b7724000-b7725000 r--p 0000c000 08:06 19401690   /usr/lib/jvm/java-7-openjdk-i386/jre/lib/i386/jli/libjli.so
b7725000-b7726000 rw-p 0000d000 08:06 19401690   /usr/lib/jvm/java-7-openjdk-i386/jre/lib/i386/jli/libjli.so
b7726000-b7729000 rw-p 00000000 00:00 0 
b7729000-b772a000 r-xp 00000000 00:00 0          [vdso]
b772a000-b774a000 r-xp 00000000 08:06 19923005   /lib/i386-linux-gnu/ld-2.19.so
b774a000-b774b000 r--p 0001f000 08:06 19923005   /lib/i386-linux-gnu/ld-2.19.so
b774b000-b774c000 rw-p 00020000 08:06 19923005   /lib/i386-linux-gnu/ld-2.19.so
bfc8c000-bfc8d000 rwxp 00000000 00:00 0 
bfcbe000-bfce0000 rw-p 00000000 00:00 0          [stack]

VM Arguments:
jvm_args: -Dfile.encoding=UTF-8 
java_command: vistas.FrmPrincipal
Launcher Type: SUN_STANDARD

Environment Variables:
PATH=/usr/local/sbin:/usr/local/bin:/usr/sbin:/usr/bin:/sbin:/bin:/usr/games:/usr/local/games
LD_LIBRARY_PATH=/usr/lib/jvm/java-7-openjdk-i386/jre/lib/amd64:/usr/lib/jvm/java-7-openjdk-i386/jre/lib/i386:
SHELL=/bin/bash
DISPLAY=:0.0

Signal Handlers:
SIGSEGV: [libjvm.so+0x80a5e0], sa_mask[0]=0x7ffbfeff, sa_flags=0x10000004
SIGBUS: [libjvm.so+0x80a5e0], sa_mask[0]=0x7ffbfeff, sa_flags=0x10000004
SIGFPE: [libjvm.so+0x6844f0], sa_mask[0]=0x7ffbfeff, sa_flags=0x10000004
SIGPIPE: SIG_IGN, sa_mask[0]=0x00000000, sa_flags=0x00000000
SIGXFSZ: [libjvm.so+0x6844f0], sa_mask[0]=0x7ffbfeff, sa_flags=0x10000004
SIGILL: [libjvm.so+0x6844f0], sa_mask[0]=0x7ffbfeff, sa_flags=0x10000004
SIGUSR1: SIG_DFL, sa_mask[0]=0x00000000, sa_flags=0x00000000
SIGUSR2: [libjvm.so+0x684380], sa_mask[0]=0x00000004, sa_flags=0x10000004
SIGHUP: [libjvm.so+0x6845b0], sa_mask[0]=0x7ffbfeff, sa_flags=0x10000004
SIGINT: SIG_IGN, sa_mask[0]=0x00000000, sa_flags=0x00000000
SIGTERM: [libjvm.so+0x6845b0], sa_mask[0]=0x7ffbfeff, sa_flags=0x10000004
SIGQUIT: [libjvm.so+0x6845b0], sa_mask[0]=0x7ffbfeff, sa_flags=0x10000004
SIGTRAP: SIG_DFL, sa_mask[0]=0x00000000, sa_flags=0x00000000


---------------  S Y S T E M  ---------------

OS:Ubuntu 14.04 (trusty)
uname:Linux 3.13.0-39-generic #66-Ubuntu SMP Tue Oct 28 13:31:23 UTC 2014 i686
libc:glibc 2.19 NPTL 2.19 
rlimit: STACK 8192k, CORE 0k, NPROC 27631, NOFILE 4096, AS infinity
load average:1.17 1.21 1.17

/proc/meminfo:
MemTotal:        3563568 kB
MemFree:         1277052 kB
Buffers:          284108 kB
Cached:          1262028 kB
SwapCached:            0 kB
Active:          1290572 kB
Inactive:         793352 kB
Active(anon):     542064 kB
Inactive(anon):    16996 kB
Active(file):     748508 kB
Inactive(file):   776356 kB
Unevictable:           8 kB
Mlocked:               8 kB
HighTotal:       2713892 kB
HighFree:        1119020 kB
LowTotal:         849676 kB
LowFree:          158032 kB
SwapTotal:       3618812 kB
SwapFree:        3618812 kB
Dirty:               160 kB
Writeback:             0 kB
AnonPages:        511140 kB
Mapped:            95572 kB
Shmem:             19884 kB
Slab:             132632 kB
SReclaimable:     108988 kB
SUnreclaim:        23644 kB
KernelStack:        2960 kB
PageTables:         3840 kB
NFS_Unstable:          0 kB
Bounce:                0 kB
WritebackTmp:          0 kB
CommitLimit:     5400596 kB
Committed_AS:    2251548 kB
VmallocTotal:     122880 kB
VmallocUsed:       46436 kB
VmallocChunk:      39264 kB
HardwareCorrupted:     0 kB
AnonHugePages:    454656 kB
HugePages_Total:       0
HugePages_Free:        0
HugePages_Rsvd:        0
HugePages_Surp:        0
Hugepagesize:       2048 kB
DirectMap4k:       47096 kB
DirectMap2M:      866304 kB


CPU:total 4 (4 cores per cpu, 1 threads per core) family 22 model 0 stepping 1, cmov, cx8, fxsr, mmx, sse, sse2, sse3, ssse3, sse4.1, sse4.2, popcnt, avx, aes, mmxext, 3dnowpref, lzcnt, sse4a, tsc, tscinvbit, tscinv

/proc/cpuinfo:
processor	: 0
vendor_id	: AuthenticAMD
cpu family	: 22
model		: 0
model name	: AMD E2-3800 APU with Radeon(TM) HD Graphics
stepping	: 1
microcode	: 0x700010b
cpu MHz		: 1300.000
cache size	: 2048 KB
physical id	: 0
siblings	: 4
core id		: 0
cpu cores	: 4
apicid		: 0
initial apicid	: 0
fdiv_bug	: no
f00f_bug	: no
coma_bug	: no
fpu		: yes
fpu_exception	: yes
cpuid level	: 13
wp		: yes
flags		: fpu vme de pse tsc msr pae mce cx8 apic sep mtrr pge mca cmov pat pse36 clflush mmx fxsr sse sse2 ht syscall nx mmxext fxsr_opt pdpe1gb rdtscp lm constant_tsc nonstop_tsc extd_apicid aperfmperf eagerfpu pni pclmulqdq monitor ssse3 cx16 sse4_1 sse4_2 movbe popcnt aes xsave avx f16c lahf_lm cmp_legacy svm extapic cr8_legacy abm sse4a misalignsse 3dnowprefetch osvw ibs skinit wdt topoext perfctr_nb perfctr_l2 arat xsaveopt hw_pstate proc_feedback npt lbrv svm_lock nrip_save tsc_scale flushbyasid decodeassists pausefilter pfthreshold bmi1
bogomips	: 2595.22
clflush size	: 64
cache_alignment	: 64
address sizes	: 40 bits physical, 48 bits virtual
power management: ts ttp tm 100mhzsteps hwpstate [11]

processor	: 1
vendor_id	: AuthenticAMD
cpu family	: 22
model		: 0
model name	: AMD E2-3800 APU with Radeon(TM) HD Graphics    
stepping	: 1
microcode	: 0x700010b
cpu MHz		: 1300.000
cache size	: 2048 KB
physical id	: 0
siblings	: 4
core id		: 1
cpu cores	: 4
apicid		: 1
initial apicid	: 1
fdiv_bug	: no
f00f_bug	: no
coma_bug	: no
fpu		: yes
fpu_exception	: yes
cpuid level	: 13
wp		: yes
flags		: fpu vme de pse tsc msr pae mce cx8 apic sep mtrr pge mca cmov pat pse36 clflush mmx fxsr sse sse2 ht syscall nx mmxext fxsr_opt pdpe1gb rdtscp lm constant_tsc nonstop_tsc extd_apicid aperfmperf eagerfpu pni pclmulqdq monitor ssse3 cx16 sse4_1 sse4_2 movbe popcnt aes xsave avx f16c lahf_lm cmp_legacy svm extapic cr8_legacy abm sse4a misalignsse 3dnowprefetch osvw ibs skinit wdt topoext perfctr_nb perfctr_l2 arat xsaveopt hw_pstate proc_feedback npt lbrv svm_lock nrip_save tsc_scale flushbyasid decodeassists pausefilter pfthreshold bmi1
bogomips	: 2595.22
clflush size	: 64
cache_alignment	: 64
address sizes	: 40 bits physical, 48 bits virtual
power management: ts ttp tm 100mhzsteps hwpstate [11]

processor	: 2
vendor_id	: AuthenticAMD
cpu family	: 22
model		: 0
model name	: AMD E2-3800 APU with Radeon(TM) HD Graphics    
stepping	: 1
microcode	: 0x700010b
cpu MHz		: 1300.000
cache size	: 2048 KB
physical id	: 0
siblings	: 4
core id		: 2
cpu cores	: 4
apicid		: 2
initial apicid	: 2
fdiv_bug	: no
f00f_bug	: no
coma_bug	: no
fpu		: yes
fpu_exception	: yes
cpuid level	: 13
wp		: yes
flags		: fpu vme de pse tsc msr pae mce cx8 apic sep mtrr pge mca cmov pat pse36 clflush mmx fxsr sse sse2 ht syscall nx mmxext fxsr_opt pdpe1gb rdtscp lm constant_tsc nonstop_tsc extd_apicid aperfmperf eagerfpu pni pclmulqdq monitor ssse3 cx16 sse4_1 sse4_2 movbe popcnt aes xsave avx f16c lahf_lm cmp_legacy svm extapic cr8_legacy abm sse4a misalignsse 3dnowprefetch osvw ibs skinit wdt topoext perfctr_nb perfctr_l2 arat xsaveopt hw_pstate proc_feedback npt lbrv svm_lock nrip_save tsc_scale flushbyasid decodeassists pausefilter pfthreshold bmi1
bogomips	: 2595.22
clflush size	: 64
cache_alignment	: 64
address sizes	: 40 bits physical, 48 bits virtual
power management: ts ttp tm 100mhzsteps hwpstate [11]

processor	: 3
vendor_id	: AuthenticAMD
cpu family	: 22
model		: 0
model name	: AMD E2-3800 APU with Radeon(TM) HD Graphics    
stepping	: 1
microcode	: 0x700010b
cpu MHz		: 1300.000
cache size	: 2048 KB
physical id	: 0
siblings	: 4
core id		: 3
cpu cores	: 4
apicid		: 3
initial apicid	: 3
fdiv_bug	: no
f00f_bug	: no
coma_bug	: no
fpu		: yes
fpu_exception	: yes
cpuid level	: 13
wp		: yes
flags		: fpu vme de pse tsc msr pae mce cx8 apic sep mtrr pge mca cmov pat pse36 clflush mmx fxsr sse sse2 ht syscall nx mmxext fxsr_opt pdpe1gb rdtscp lm constant_tsc nonstop_tsc extd_apicid aperfmperf eagerfpu pni pclmulqdq monitor ssse3 cx16 sse4_1 sse4_2 movbe popcnt aes xsave avx f16c lahf_lm cmp_legacy svm extapic cr8_legacy abm sse4a misalignsse 3dnowprefetch osvw ibs skinit wdt topoext perfctr_nb perfctr_l2 arat xsaveopt hw_pstate proc_feedback npt lbrv svm_lock nrip_save tsc_scale flushbyasid decodeassists pausefilter pfthreshold bmi1
bogomips	: 2595.22
clflush size	: 64
cache_alignment	: 64
address sizes	: 40 bits physical, 48 bits virtual
power management: ts ttp tm 100mhzsteps hwpstate [11]



Memory: 4k page, physical 3563568k(1322536k free), swap 3618812k(3618812k free)

vm_info: OpenJDK Server VM (24.65-b04) for linux-x86 JRE (1.7.0_65-b32), built on Oct 22 2014 04:44:59 by "buildd" with gcc 4.8.2

time: Tue Nov  4 12:44:15 2014
elapsed time: 407 seconds

