#
# A fatal error has been detected by the Java Runtime Environment:
#
#  SIGSEGV (0xb) at pc=0xb6c0ed75, pid=5194, tid=1763818304
#
# JRE version: OpenJDK Runtime Environment (7.0_65-b32) (build 1.7.0_65-b32)
# Java VM: OpenJDK Server VM (24.65-b04 mixed mode linux-x86 )
# Derivative: IcedTea 2.5.3
# Distribution: Ubuntu 14.04 LTS, package 7u71-2.5.3-0ubuntu0.14.04.1
# Problematic frame:
# V  [libjvm.so+0x4bfd75]  jni_GetLongField+0x55
#
# Failed to write core dump. Core dumps have been disabled. To enable core dumping, try "ulimit -c unlimited" before starting Java again
#
# If you would like to submit a bug report, please include
# instructions on how to reproduce the bug and visit:
#   http://icedtea.classpath.org/bugzilla
#

---------------  T H R E A D  ---------------

Current thread (0x69c67c00):  JavaThread "AWT-XAWT" daemon [_thread_in_vm, id=5221, stack(0x691cb000,0x6921c000)]

siginfo:si_signo=SIGSEGV: si_errno=0, si_code=1 (SEGV_MAPERR), si_addr=0x00000000

Registers:
EAX=0x00000000, EBX=0xb718d000, ECX=0x69dfbdc0, EDX=0xb71a8c6c
ESP=0x6921ade0, EBP=0x00000042, ESI=0x69c67c00, EDI=0x00000000
EIP=0xb6c0ed75, EFLAGS=0x00010206, CR2=0x00000000

Top of Stack: (sp=0x6921ade0)
0x6921ade0:   b6c39d39 6dbd9a28 6921ae14 b6c0cfb8
0x6921adf0:   00010002 b718d000 69c67c00 b75e3100
0x6921ae00:   6921b084 6921ae34 b6c0cf49 69dfa000
0x6921ae10:   00000000 69c67d28 6921ae68 69dcc823
0x6921ae20:   69c67d28 00000000 00000042 69d2b000
0x6921ae30:   69c00018 b76f38c8 69d2b000 69c67d28
0x6921ae40:   69c00024 089a5688 6921ae68 69dcc8f4
0x6921ae50:   b7193120 00010002 69dcc7ff 69bfd000 

Instructions: (pc=0xb6c0ed75)
0xb6c0ed55:   de 00 00 74 0a 89 34 24 31 f6 e8 ac c3 2f 00 89
0xb6c0ed65:   f0 e8 85 e3 ff ff 8b 6c 24 48 8d 93 6c bc 01 00
0xb6c0ed75:   8b 07 c1 ed 02 80 3a 00 8b 48 04 74 24 8b 54 24
0xb6c0ed85:   48 c7 44 24 14 00 00 00 00 89 4c 24 0c 89 44 24 

Register to memory mapping:

EAX=0x00000000 is an unknown value
EBX=0xb718d000: <offset 0xa3e000> in /usr/lib/jvm/java-7-openjdk-i386/jre/lib/i386/server/libjvm.so at 0xb674f000
ECX=0x69dfbdc0: <offset 0x4adc0> in /usr/lib/jvm/java-7-openjdk-i386/jre/lib/i386/xawt/libmawt.so at 0x69db1000
EDX=0xb71a8c6c: <offset 0xa59c6c> in /usr/lib/jvm/java-7-openjdk-i386/jre/lib/i386/server/libjvm.so at 0xb674f000
ESP=0x6921ade0 is pointing into the stack for thread: 0x69c67c00
EBP=0x00000042 is an unknown value
ESI=0x69c67c00 is a thread
EDI=0x00000000 is an unknown value


Stack: [0x691cb000,0x6921c000],  sp=0x6921ade0,  free space=319k
Native frames: (J=compiled Java code, j=interpreted, Vv=VM code, C=native code)
V  [libjvm.so+0x4bfd75]  jni_GetLongField+0x55

Java frames: (J=compiled Java code, j=interpreted, Vv=VM code)
j  sun.awt.X11.XlibWrapper.XFilterEvent(JJ)Z+0
j  sun.awt.X11.XToolkit.run(Z)V+300
j  sun.awt.X11.XToolkit.run()V+5
j  java.lang.Thread.run()V+11
v  ~StubRoutines::call_stub

---------------  P R O C E S S  ---------------

Java Threads: ( => current thread )
  0x6909f800 JavaThread "Thread-1" [_thread_blocked, id=5230, stack(0x6917a000,0x691cb000)]
  0xb640b000 JavaThread "DestroyJavaVM" [_thread_blocked, id=5196, stack(0xb65b2000,0xb6603000)]
  0x68c74000 JavaThread "TimerQueue" daemon [_thread_blocked, id=5226, stack(0x682df000,0x68330000)]
  0x68f31800 JavaThread "org.netbeans.modules.debugger.jpda.visual AWT Access Loop" daemon [_thread_blocked, id=5225, stack(0x68a9e000,0x68aef000)]
  0x68e06c00 JavaThread "AWT-EventQueue-0" [_thread_blocked, id=5224, stack(0x68aef000,0x68b40000)]
  0x68e04800 JavaThread "AWT-Shutdown" [_thread_blocked, id=5223, stack(0x68b40000,0x68b91000)]
=>0x69c67c00 JavaThread "AWT-XAWT" daemon [_thread_in_vm, id=5221, stack(0x691cb000,0x6921c000)]
  0x69c26400 JavaThread "Java2D Disposer" daemon [_thread_blocked, id=5220, stack(0x69241000,0x69292000)]
  0x6aa39000 JavaThread "Service Thread" daemon [_thread_blocked, id=5218, stack(0x6a6e8000,0x6a739000)]
  0x6aa36c00 JavaThread "C2 CompilerThread1" daemon [_thread_blocked, id=5217, stack(0x6a739000,0x6a7ba000)]
  0x6aa34800 JavaThread "C2 CompilerThread0" daemon [_thread_blocked, id=5216, stack(0x6a7ba000,0x6a83b000)]
  0x0896d800 JavaThread "JDWP Command Reader" daemon [_thread_in_native, id=5211, stack(0x6a83b000,0x6a88c000)]
  0x6aa32c00 JavaThread "JDWP Event Helper Thread" daemon [_thread_blocked, id=5209, stack(0x6a88c000,0x6a8dd000)]
  0x6aa30400 JavaThread "JDWP Transport Listener: dt_socket" daemon [_thread_blocked, id=5208, stack(0x6a8dd000,0x6a92e000)]
  0x6aa26c00 JavaThread "Signal Dispatcher" daemon [_thread_blocked, id=5205, stack(0x6a92e000,0x6a97f000)]
  0x6aa14800 JavaThread "Finalizer" daemon [_thread_blocked, id=5204, stack(0x6ab0a000,0x6ab5b000)]
  0x6aa12c00 JavaThread "Reference Handler" daemon [_thread_blocked, id=5203, stack(0x6d50b000,0x6d55c000)]

Other Threads:
  0x6aa10400 VMThread [stack: 0x6a97f000,0x6aa00000] [id=5202]
  0x6aa3b000 WatcherThread [stack: 0x6a667000,0x6a6e8000] [id=5219]

VM state:not at safepoint (normal execution)

VM Mutex/Monitor currently owned by a thread: None

Heap
 PSYoungGen      total 18432K, used 12965K [0x9e900000, 0xa0200000, 0xb2fc0000)
  eden space 12288K, 76% used [0x9e900000,0x9f221490,0x9f500000)
  from space 6144K, 58% used [0x9fc00000,0x9ff880b0,0xa0200000)
  to   space 6656K, 0% used [0x9f500000,0x9f500000,0x9fb80000)
 ParOldGen       total 41728K, used 14234K [0x75bc0000, 0x78480000, 0x9e900000)
  object space 41728K, 34% used [0x75bc0000,0x769a6b20,0x78480000)
 PSPermGen       total 16384K, used 14192K [0x6dbc0000, 0x6ebc0000, 0x75bc0000)
  object space 16384K, 86% used [0x6dbc0000,0x6e99c390,0x6ebc0000)

Card table byte_map: [0x6d995000,0x6dbc0000] byte_map_base: 0x6d627200

Polling page: 0xb77ad000

Code Cache  [0xb30b6000, 0xb32f6000, 0xb60b6000)
 total_blobs=692 nmethods=436 adapters=218 free_code_cache=47970Kb largest_free_block=49092224

Compilation events (10 events):
Event: 485.105 Thread 0x6aa34800  455             java.util.Calendar::clear (54 bytes)
Event: 485.105 Thread 0x6aa36c00  456             java.util.Calendar::setFieldsNormalized (65 bytes)
Event: 485.115 Thread 0x6aa34800 nmethod 455 0xb31d2348 code [0xb31d2460, 0xb31d2710]
Event: 485.116 Thread 0x6aa36c00 nmethod 456 0xb31d1d48 code [0xb31d1e60, 0xb31d21b0]
Event: 520.811 Thread 0x6aa34800  457             com.mysql.jdbc.ConnectionProperties::getMaintainTimeStats (5 bytes)
Event: 520.812 Thread 0x6aa34800 nmethod 457 0xb31ddfc8 code [0xb31de0a0, 0xb31de0f0]
Event: 525.858 Thread 0x6aa36c00  458  s          com.mysql.jdbc.ResultSet::findColumn (151 bytes)
Event: 525.877 Thread 0x6aa36c00 nmethod 458 0xb31deac8 code [0xb31dec40, 0xb31df330]
Event: 535.999 Thread 0x6aa34800  459   !         com.mysql.jdbc.MysqlIO::clearInputStream (173 bytes)
Event: 536.006 Thread 0x6aa34800 nmethod 459 0xb31de3c8 code [0xb31de500, 0xb31de73c]

GC Heap History (10 events):
Event: 362.706 GC heap before
{Heap before GC invocations=12 (full 0):
 PSYoungGen      total 17408K, used 17312K [0x9e900000, 0xa0440000, 0xb2fc0000)
  eden space 13568K, 100% used [0x9e900000,0x9f640000,0x9f640000)
  from space 3840K, 97% used [0x9f680000,0x9fa28040,0x9fa40000)
  to   space 7168K, 0% used [0x9fd40000,0x9fd40000,0xa0440000)
 ParOldGen       total 41728K, used 13550K [0x75bc0000, 0x78480000, 0x9e900000)
  object space 41728K, 32% used [0x75bc0000,0x768fbac0,0x78480000)
 PSPermGen       total 16384K, used 14175K [0x6dbc0000, 0x6ebc0000, 0x75bc0000)
  object space 16384K, 86% used [0x6dbc0000,0x6e997ea8,0x6ebc0000)
Event: 362.726 GC heap after
Heap after GC invocations=12 (full 0):
 PSYoungGen      total 20224K, used 3776K [0x9e900000, 0xa0400000, 0xb2fc0000)
  eden space 13312K, 0% used [0x9e900000,0x9e900000,0x9f600000)
  from space 6912K, 54% used [0x9fd40000,0xa00f0070,0xa0400000)
  to   space 7168K, 0% used [0x9f600000,0x9f600000,0x9fd00000)
 ParOldGen       total 41728K, used 13634K [0x75bc0000, 0x78480000, 0x9e900000)
  object space 41728K, 32% used [0x75bc0000,0x76910ac0,0x78480000)
 PSPermGen       total 16384K, used 14175K [0x6dbc0000, 0x6ebc0000, 0x75bc0000)
  object space 16384K, 86% used [0x6dbc0000,0x6e997ea8,0x6ebc0000)
}
Event: 398.468 GC heap before
{Heap before GC invocations=13 (full 0):
 PSYoungGen      total 20224K, used 17088K [0x9e900000, 0xa0400000, 0xb2fc0000)
  eden space 13312K, 100% used [0x9e900000,0x9f600000,0x9f600000)
  from space 6912K, 54% used [0x9fd40000,0xa00f0070,0xa0400000)
  to   space 7168K, 0% used [0x9f600000,0x9f600000,0x9fd00000)
 ParOldGen       total 41728K, used 13634K [0x75bc0000, 0x78480000, 0x9e900000)
  object space 41728K, 32% used [0x75bc0000,0x76910ac0,0x78480000)
 PSPermGen       total 16384K, used 14176K [0x6dbc0000, 0x6ebc0000, 0x75bc0000)
  object space 16384K, 86% used [0x6dbc0000,0x6e9982a0,0x6ebc0000)
Event: 398.486 GC heap after
Heap after GC invocations=13 (full 0):
 PSYoungGen      total 16896K, used 3680K [0x9e900000, 0xa0340000, 0xb2fc0000)
  eden space 13056K, 0% used [0x9e900000,0x9e900000,0x9f5c0000)
  from space 3840K, 95% used [0x9f600000,0x9f998070,0x9f9c0000)
  to   space 6912K, 0% used [0x9fc80000,0x9fc80000,0xa0340000)
 ParOldGen       total 41728K, used 13798K [0x75bc0000, 0x78480000, 0x9e900000)
  object space 41728K, 33% used [0x75bc0000,0x76939ae0,0x78480000)
 PSPermGen       total 16384K, used 14176K [0x6dbc0000, 0x6ebc0000, 0x75bc0000)
  object space 16384K, 86% used [0x6dbc0000,0x6e9982a0,0x6ebc0000)
}
Event: 439.165 GC heap before
{Heap before GC invocations=14 (full 0):
 PSYoungGen      total 16896K, used 16736K [0x9e900000, 0xa0340000, 0xb2fc0000)
  eden space 13056K, 100% used [0x9e900000,0x9f5c0000,0x9f5c0000)
  from space 3840K, 95% used [0x9f600000,0x9f998070,0x9f9c0000)
  to   space 6912K, 0% used [0x9fc80000,0x9fc80000,0xa0340000)
 ParOldGen       total 41728K, used 13798K [0x75bc0000, 0x78480000, 0x9e900000)
  object space 41728K, 33% used [0x75bc0000,0x76939ae0,0x78480000)
 PSPermGen       total 16384K, used 14181K [0x6dbc0000, 0x6ebc0000, 0x75bc0000)
  object space 16384K, 86% used [0x6dbc0000,0x6e9996b8,0x6ebc0000)
Event: 439.185 GC heap after
Heap after GC invocations=14 (full 0):
 PSYoungGen      total 19456K, used 3520K [0x9e900000, 0xa0300000, 0xb2fc0000)
  eden space 12800K, 0% used [0x9e900000,0x9e900000,0x9f580000)
  from space 6656K, 52% used [0x9fc80000,0x9fff0060,0xa0300000)
  to   space 6912K, 0% used [0x9f580000,0x9f580000,0x9fc40000)
 ParOldGen       total 41728K, used 13974K [0x75bc0000, 0x78480000, 0x9e900000)
  object space 41728K, 33% used [0x75bc0000,0x76965b00,0x78480000)
 PSPermGen       total 16384K, used 14181K [0x6dbc0000, 0x6ebc0000, 0x75bc0000)
  object space 16384K, 86% used [0x6dbc0000,0x6e9996b8,0x6ebc0000)
}
Event: 474.874 GC heap before
{Heap before GC invocations=15 (full 0):
 PSYoungGen      total 19456K, used 16320K [0x9e900000, 0xa0300000, 0xb2fc0000)
  eden space 12800K, 100% used [0x9e900000,0x9f580000,0x9f580000)
  from space 6656K, 52% used [0x9fc80000,0x9fff0060,0xa0300000)
  to   space 6912K, 0% used [0x9f580000,0x9f580000,0x9fc40000)
 ParOldGen       total 41728K, used 13974K [0x75bc0000, 0x78480000, 0x9e900000)
  object space 41728K, 33% used [0x75bc0000,0x76965b00,0x78480000)
 PSPermGen       total 16384K, used 14185K [0x6dbc0000, 0x6ebc0000, 0x75bc0000)
  object space 16384K, 86% used [0x6dbc0000,0x6e99a630,0x6ebc0000)
Event: 474.888 GC heap after
Heap after GC invocations=15 (full 0):
 PSYoungGen      total 16128K, used 3568K [0x9e900000, 0xa02c0000, 0xb2fc0000)
  eden space 12544K, 0% used [0x9e900000,0x9e900000,0x9f540000)
  from space 3584K, 99% used [0x9f580000,0x9f8fc070,0x9f900000)
  to   space 6912K, 0% used [0x9fc00000,0x9fc00000,0xa02c0000)
 ParOldGen       total 41728K, used 14058K [0x75bc0000, 0x78480000, 0x9e900000)
  object space 41728K, 33% used [0x75bc0000,0x7697ab00,0x78480000)
 PSPermGen       total 16384K, used 14185K [0x6dbc0000, 0x6ebc0000, 0x75bc0000)
  object space 16384K, 86% used [0x6dbc0000,0x6e99a630,0x6ebc0000)
}
Event: 510.565 GC heap before
{Heap before GC invocations=16 (full 0):
 PSYoungGen      total 16128K, used 16112K [0x9e900000, 0xa02c0000, 0xb2fc0000)
  eden space 12544K, 100% used [0x9e900000,0x9f540000,0x9f540000)
  from space 3584K, 99% used [0x9f580000,0x9f8fc070,0x9f900000)
  to   space 6912K, 0% used [0x9fc00000,0x9fc00000,0xa02c0000)
 ParOldGen       total 41728K, used 14058K [0x75bc0000, 0x78480000, 0x9e900000)
  object space 41728K, 33% used [0x75bc0000,0x7697ab00,0x78480000)
 PSPermGen       total 16384K, used 14191K [0x6dbc0000, 0x6ebc0000, 0x75bc0000)
  object space 16384K, 86% used [0x6dbc0000,0x6e99bf48,0x6ebc0000)
Event: 510.583 GC heap after
Heap after GC invocations=16 (full 0):
 PSYoungGen      total 18432K, used 3616K [0x9e900000, 0xa0200000, 0xb2fc0000)
  eden space 12288K, 0% used [0x9e900000,0x9e900000,0x9f500000)
  from space 6144K, 58% used [0x9fc00000,0x9ff880b0,0xa0200000)
  to   space 6656K, 0% used [0x9f500000,0x9f500000,0x9fb80000)
 ParOldGen       total 41728K, used 14234K [0x75bc0000, 0x78480000, 0x9e900000)
  object space 41728K, 34% used [0x75bc0000,0x769a6b20,0x78480000)
 PSPermGen       total 16384K, used 14191K [0x6dbc0000, 0x6ebc0000, 0x75bc0000)
  object space 16384K, 86% used [0x6dbc0000,0x6e99bf48,0x6ebc0000)
}

Deoptimization events (10 events):
Event: 530.969 Thread 0x6909f800 Uncommon trap: reason=unhandled action=none pc=0xb310ea2c method=java.lang.Integer.parseInt(Ljava/lang/String;I)I @ 249
Event: 530.980 Thread 0x6909f800 Uncommon trap: reason=unhandled action=none pc=0xb310ea2c method=java.lang.Integer.parseInt(Ljava/lang/String;I)I @ 249
Event: 530.992 Thread 0x6909f800 Uncommon trap: reason=unhandled action=none pc=0xb310ea2c method=java.lang.Integer.parseInt(Ljava/lang/String;I)I @ 249
Event: 536.003 Thread 0x6909f800 Uncommon trap: reason=unhandled action=none pc=0xb310ea2c method=java.lang.Integer.parseInt(Ljava/lang/String;I)I @ 249
Event: 536.013 Thread 0x6909f800 Uncommon trap: reason=unhandled action=none pc=0xb310ea2c method=java.lang.Integer.parseInt(Ljava/lang/String;I)I @ 249
Event: 536.021 Thread 0x6909f800 Uncommon trap: reason=unhandled action=none pc=0xb310ea2c method=java.lang.Integer.parseInt(Ljava/lang/String;I)I @ 249
Event: 536.029 Thread 0x6909f800 Uncommon trap: reason=unhandled action=none pc=0xb310ea2c method=java.lang.Integer.parseInt(Ljava/lang/String;I)I @ 249
Event: 536.037 Thread 0x6909f800 Uncommon trap: reason=unhandled action=none pc=0xb310ea2c method=java.lang.Integer.parseInt(Ljava/lang/String;I)I @ 249
Event: 536.045 Thread 0x6909f800 Uncommon trap: reason=unhandled action=none pc=0xb310ea2c method=java.lang.Integer.parseInt(Ljava/lang/String;I)I @ 249
Event: 536.053 Thread 0x6909f800 Uncommon trap: reason=unhandled action=none pc=0xb310ea2c method=java.lang.Integer.parseInt(Ljava/lang/String;I)I @ 249

Internal exceptions (10 events):
Event: 16.478 Thread 0x68e06c00 Threw 0x9f6e6b20 at /build/buildd/openjdk-7-7u71-2.5.3/build/openjdk/hotspot/src/share/vm/prims/jvm.cpp:1284
Event: 16.479 Thread 0x68e06c00 Threw 0x9f6f4140 at /build/buildd/openjdk-7-7u71-2.5.3/build/openjdk/hotspot/src/share/vm/prims/jvm.cpp:1284
Event: 16.479 Thread 0x68e06c00 Threw 0x9f6fa590 at /build/buildd/openjdk-7-7u71-2.5.3/build/openjdk/hotspot/src/share/vm/prims/jvm.cpp:1284
Event: 16.480 Thread 0x68e06c00 Threw 0x9f702a18 at /build/buildd/openjdk-7-7u71-2.5.3/build/openjdk/hotspot/src/share/vm/prims/jvm.cpp:1284
Event: 16.480 Thread 0x68e06c00 Threw 0x9f709330 at /build/buildd/openjdk-7-7u71-2.5.3/build/openjdk/hotspot/src/share/vm/prims/jvm.cpp:1284
Event: 16.557 Thread 0x68e06c00 Threw 0x9e922f50 at /build/buildd/openjdk-7-7u71-2.5.3/build/openjdk/hotspot/src/share/vm/prims/jvm.cpp:1284
Event: 16.579 Thread 0x68e06c00 Threw 0x9e9f2dd8 at /build/buildd/openjdk-7-7u71-2.5.3/build/openjdk/hotspot/src/share/vm/prims/jvm.cpp:1284
Event: 17.439 Thread 0x68e06c00 Threw 0x9ea660a8 at /build/buildd/openjdk-7-7u71-2.5.3/build/openjdk/hotspot/src/share/vm/prims/jni.cpp:747
Event: 19.057 Thread 0x68e06c00 Threw 0x9f6d68d0 at /build/buildd/openjdk-7-7u71-2.5.3/build/openjdk/hotspot/src/share/vm/prims/jni.cpp:747
Event: 25.099 Thread 0x68e06c00 Threw 0x9e9f7648 at /build/buildd/openjdk-7-7u71-2.5.3/build/openjdk/hotspot/src/share/vm/prims/jvm.cpp:1284

Events (10 events):
Event: 536.029 Thread 0x6909f800 DEOPT UNPACKING pc=0xb30e2bc8 sp=0x691c9c94 mode 2
Event: 536.037 Thread 0x6909f800 Uncommon trap: trap_request=0xffffffa7 fr.pc=0xb310ea2c
Event: 536.037 Thread 0x6909f800 DEOPT PACKING pc=0xb310ea2c sp=0x691c9c20
Event: 536.037 Thread 0x6909f800 DEOPT UNPACKING pc=0xb30e2bc8 sp=0x691c9c24 mode 2
Event: 536.045 Thread 0x6909f800 Uncommon trap: trap_request=0xffffffa7 fr.pc=0xb310ea2c
Event: 536.045 Thread 0x6909f800 DEOPT PACKING pc=0xb310ea2c sp=0x691c9c90
Event: 536.045 Thread 0x6909f800 DEOPT UNPACKING pc=0xb30e2bc8 sp=0x691c9c94 mode 2
Event: 536.053 Thread 0x6909f800 Uncommon trap: trap_request=0xffffffa7 fr.pc=0xb310ea2c
Event: 536.053 Thread 0x6909f800 DEOPT PACKING pc=0xb310ea2c sp=0x691c9c20
Event: 536.053 Thread 0x6909f800 DEOPT UNPACKING pc=0xb30e2bc8 sp=0x691c9c24 mode 2


Dynamic libraries:
08048000-08049000 r-xp 00000000 08:01 8789941    /usr/lib/jvm/java-7-openjdk-i386/jre/bin/java
08049000-0804a000 r--p 00000000 08:01 8789941    /usr/lib/jvm/java-7-openjdk-i386/jre/bin/java
0804a000-0804b000 rw-p 00001000 08:01 8789941    /usr/lib/jvm/java-7-openjdk-i386/jre/bin/java
0896a000-08c83000 rw-p 00000000 00:00 0          [heap]
67ded000-67f54000 rw-p 00000000 00:00 0 
67f54000-67ffe000 rw-s 00000000 00:04 31981593   /SYSV00000000 (deleted)
68139000-681e2000 rw-p 00000000 00:00 0 
681e2000-681ea000 r--s 00000000 08:01 2097211    /var/cache/fontconfig/945677eb7aeaf62f1d50efc3fb3ec7d8-le32d4.cache-4
681ea000-681f2000 r--s 00000000 08:01 2104749    /var/cache/fontconfig/a6354e3ac43af67bd8d7b8e43c34e49f-le32d4.cache-4
681f2000-681f7000 r--s 00000000 08:01 2097202    /var/cache/fontconfig/3047814df9a2f067bd2d96a2b9c36e5a-le32d4.cache-4
681f7000-68207000 r--s 00000000 08:01 2097217    /var/cache/fontconfig/d52a8644073d54c13679302ca1180695-le32d4.cache-4
68207000-6820e000 r--s 00000000 08:01 2099819    /var/cache/fontconfig/3f7329c5293ffd510edef78f73874cfd-le32d4.cache-4
6820e000-68217000 r--s 00000000 08:01 2103777    /var/cache/fontconfig/d589a48862398ed80a3d6066f4f56f4c-le32d4.cache-4
6821c000-6821f000 ---p 00000000 00:00 0 
6821f000-6826d000 rw-p 00000000 00:00 0 
6826d000-682df000 rw-s 00000000 00:04 32047134   /SYSV00000000 (deleted)
682df000-682e2000 ---p 00000000 00:00 0 
682e2000-68330000 rw-p 00000000 00:00 0          [stack:5226]
68333000-68334000 r--s 00000000 08:01 2105006    /var/cache/fontconfig/c05880de57d1f5e948fdfacc138775d9-le32d4.cache-4
68348000-68366000 rw-s 00000000 00:04 32374813   /SYSV00000000 (deleted)
68366000-68389000 rw-s 00000000 00:04 31719451   /SYSV00000000 (deleted)
68389000-683ec000 r-xp 00000000 08:01 8662368    /usr/lib/i386-linux-gnu/nss/libfreebl3.so
683ec000-683ed000 r--p 00063000 08:01 8662368    /usr/lib/i386-linux-gnu/nss/libfreebl3.so
683ed000-683ee000 rw-p 00064000 08:01 8662368    /usr/lib/i386-linux-gnu/nss/libfreebl3.so
683ee000-683f2000 rw-p 00000000 00:00 0 
683f2000-684ab000 r-xp 00000000 08:01 8654167    /usr/lib/i386-linux-gnu/libsqlite3.so.0.8.6
684ab000-684ad000 r--p 000b8000 08:01 8654167    /usr/lib/i386-linux-gnu/libsqlite3.so.0.8.6
684ad000-684ae000 rw-p 000ba000 08:01 8654167    /usr/lib/i386-linux-gnu/libsqlite3.so.0.8.6
684ae000-684af000 rw-p 00000000 00:00 0 
684af000-684ee000 r-xp 00000000 08:01 8662376    /usr/lib/i386-linux-gnu/nss/libsoftokn3.so
684ee000-684ef000 r--p 0003f000 08:01 8662376    /usr/lib/i386-linux-gnu/nss/libsoftokn3.so
684ef000-684f0000 rw-p 00040000 08:01 8662376    /usr/lib/i386-linux-gnu/nss/libsoftokn3.so
684f0000-68529000 r-xp 00000000 08:01 8655692    /usr/lib/i386-linux-gnu/libnspr4.so
68529000-6852a000 r--p 00039000 08:01 8655692    /usr/lib/i386-linux-gnu/libnspr4.so
6852a000-6852b000 rw-p 0003a000 08:01 8655692    /usr/lib/i386-linux-gnu/libnspr4.so
6852b000-6852d000 rw-p 00000000 00:00 0 
6852d000-6854e000 r-xp 00000000 08:01 8652476    /usr/lib/i386-linux-gnu/libnssutil3.so
6854e000-68551000 r--p 00020000 08:01 8652476    /usr/lib/i386-linux-gnu/libnssutil3.so
68551000-68552000 rw-p 00023000 08:01 8652476    /usr/lib/i386-linux-gnu/libnssutil3.so
68552000-68691000 r-xp 00000000 08:01 8652482    /usr/lib/i386-linux-gnu/libnss3.so
68691000-68694000 r--p 0013e000 08:01 8652482    /usr/lib/i386-linux-gnu/libnss3.so
68694000-68695000 rw-p 00141000 08:01 8652482    /usr/lib/i386-linux-gnu/libnss3.so
68695000-68696000 rw-p 00000000 00:00 0 
686a9000-686aa000 rw-p 00000000 00:00 0 
686aa000-686bb000 r-xp 00000000 08:01 8789020    /usr/lib/jvm/java-7-openjdk-i386/jre/lib/i386/libj2pkcs11.so
686bb000-686bc000 r--p 00010000 08:01 8789020    /usr/lib/jvm/java-7-openjdk-i386/jre/lib/i386/libj2pkcs11.so
686bc000-686bd000 rw-p 00011000 08:01 8789020    /usr/lib/jvm/java-7-openjdk-i386/jre/lib/i386/libj2pkcs11.so
686bd000-68a9e000 rw-s 00000000 00:04 31686682   /SYSV00000000 (deleted)
68a9e000-68aa1000 ---p 00000000 00:00 0 
68aa1000-68aef000 rw-p 00000000 00:00 0          [stack:5225]
68aef000-68af2000 ---p 00000000 00:00 0 
68af2000-68b40000 rw-p 00000000 00:00 0          [stack:5224]
68b40000-68b43000 ---p 00000000 00:00 0 
68b43000-68b91000 rw-p 00000000 00:00 0          [stack:5223]
68b91000-68bda000 r-xp 00000000 08:01 8653918    /usr/lib/i386-linux-gnu/libjpeg.so.8.0.2
68bda000-68bdb000 r--p 00048000 08:01 8653918    /usr/lib/i386-linux-gnu/libjpeg.so.8.0.2
68bdb000-68bdc000 rw-p 00049000 08:01 8653918    /usr/lib/i386-linux-gnu/libjpeg.so.8.0.2
68bdc000-68bec000 rw-p 00000000 00:00 0 
68bec000-68bf0000 r--s 00000000 08:01 2097201    /var/cache/fontconfig/2cd17615ca594fa2959ae173292e504c-le32d4.cache-4
68bf0000-68bf3000 r-xp 00000000 08:01 8656914    /usr/lib/i386-linux-gnu/libplds4.so
68bf3000-68bf4000 r--p 00002000 08:01 8656914    /usr/lib/i386-linux-gnu/libplds4.so
68bf4000-68bf5000 rw-p 00003000 08:01 8656914    /usr/lib/i386-linux-gnu/libplds4.so
68bf5000-68bf9000 r-xp 00000000 08:01 8656384    /usr/lib/i386-linux-gnu/libplc4.so
68bf9000-68bfa000 r--p 00003000 08:01 8656384    /usr/lib/i386-linux-gnu/libplc4.so
68bfa000-68bfb000 rw-p 00004000 08:01 8656384    /usr/lib/i386-linux-gnu/libplc4.so
68bfb000-68c00000 r--s 0004c000 08:01 8789039    /usr/lib/jvm/java-7-openjdk-i386/jre/lib/jsse.jar
68c00000-68cfe000 rw-p 00000000 00:00 0 
68cfe000-68d00000 ---p 00000000 00:00 0 
68d00000-68dfc000 rw-p 00000000 00:00 0 
68dfc000-68e00000 ---p 00000000 00:00 0 
68e00000-68ef0000 rw-p 00000000 00:00 0 
68ef0000-68f00000 ---p 00000000 00:00 0 
68f00000-68fda000 rw-p 00000000 00:00 0 
68fda000-69000000 ---p 00000000 00:00 0 
69000000-69100000 rw-p 00000000 00:00 0 
69100000-69104000 r--s 00000000 08:01 2097210    /var/cache/fontconfig/8801497958630a81b71ace7c5f9b32a8-le32d4.cache-4
69104000-6910d000 r-xp 00000000 08:01 8789028    /usr/lib/jvm/java-7-openjdk-i386/jre/lib/i386/libjavajpeg.so
6910d000-6910e000 r--p 00008000 08:01 8789028    /usr/lib/jvm/java-7-openjdk-i386/jre/lib/i386/libjavajpeg.so
6910e000-6910f000 rw-p 00009000 08:01 8789028    /usr/lib/jvm/java-7-openjdk-i386/jre/lib/i386/libjavajpeg.so
6910f000-69126000 r-xp 00000000 08:01 8789014    /usr/lib/jvm/java-7-openjdk-i386/jre/lib/i386/libnet.so
69126000-69127000 r--p 00016000 08:01 8789014    /usr/lib/jvm/java-7-openjdk-i386/jre/lib/i386/libnet.so
69127000-69128000 rw-p 00017000 08:01 8789014    /usr/lib/jvm/java-7-openjdk-i386/jre/lib/i386/libnet.so
69128000-69177000 r-xp 00000000 08:01 8789021    /usr/lib/jvm/java-7-openjdk-i386/jre/lib/i386/libfontmanager.so
69177000-69179000 r--p 0004e000 08:01 8789021    /usr/lib/jvm/java-7-openjdk-i386/jre/lib/i386/libfontmanager.so
69179000-6917a000 rw-p 00050000 08:01 8789021    /usr/lib/jvm/java-7-openjdk-i386/jre/lib/i386/libfontmanager.so
6917a000-6917d000 ---p 00000000 00:00 0 
6917d000-691cb000 rw-p 00000000 00:00 0          [stack:5230]
691cb000-691ce000 ---p 00000000 00:00 0 
691ce000-6921c000 rw-p 00000000 00:00 0          [stack:5221]
6921c000-69220000 r-xp 00000000 08:01 8653395    /usr/lib/i386-linux-gnu/libXfixes.so.3.1.0
69220000-69221000 r--p 00003000 08:01 8653395    /usr/lib/i386-linux-gnu/libXfixes.so.3.1.0
69221000-69222000 rw-p 00004000 08:01 8653395    /usr/lib/i386-linux-gnu/libXfixes.so.3.1.0
69222000-6922b000 r-xp 00000000 08:01 8653387    /usr/lib/i386-linux-gnu/libXcursor.so.1.0.2
6922b000-6922c000 r--p 00008000 08:01 8653387    /usr/lib/i386-linux-gnu/libXcursor.so.1.0.2
6922c000-6922d000 rw-p 00009000 08:01 8653387    /usr/lib/i386-linux-gnu/libXcursor.so.1.0.2
6922d000-6922e000 r--s 00000000 08:01 2105191    /var/cache/fontconfig/4794a0821666d79190d59a36cb4f44b5-le32d4.cache-4
6922e000-6923f000 r-xp 00000000 08:01 8788683    /usr/lib/jvm/java-7-openjdk-i386/jre/lib/i386/libnio.so
6923f000-69240000 r--p 00010000 08:01 8788683    /usr/lib/jvm/java-7-openjdk-i386/jre/lib/i386/libnio.so
69240000-69241000 rw-p 00011000 08:01 8788683    /usr/lib/jvm/java-7-openjdk-i386/jre/lib/i386/libnio.so
69241000-69244000 ---p 00000000 00:00 0 
69244000-69292000 rw-p 00000000 00:00 0          [stack:5220]
69292000-692b8000 r--p 00000000 08:01 9704229    /usr/share/locale-langpack/es/LC_MESSAGES/libc.mo
692b8000-692bb000 r-xp 00000000 08:01 24904681   /lib/i386-linux-gnu/libgpg-error.so.0.10.0
692bb000-692bc000 r--p 00002000 08:01 24904681   /lib/i386-linux-gnu/libgpg-error.so.0.10.0
692bc000-692bd000 rw-p 00003000 08:01 24904681   /lib/i386-linux-gnu/libgpg-error.so.0.10.0
692bd000-692bf000 r-xp 00000000 08:01 24904691   /lib/i386-linux-gnu/libkeyutils.so.1.4
692bf000-692c0000 r--p 00002000 08:01 24904691   /lib/i386-linux-gnu/libkeyutils.so.1.4
692c0000-692c1000 rw-p 00003000 08:01 24904691   /lib/i386-linux-gnu/libkeyutils.so.1.4
692c1000-692fd000 r-xp 00000000 08:01 24904745   /lib/i386-linux-gnu/libpcre.so.3.13.1
692fd000-692fe000 r--p 0003b000 08:01 24904745   /lib/i386-linux-gnu/libpcre.so.3.13.1
692fe000-692ff000 rw-p 0003c000 08:01 24904745   /lib/i386-linux-gnu/libpcre.so.3.13.1
692ff000-69325000 r-xp 00000000 08:01 24904757   /lib/i386-linux-gnu/libpng12.so.0.50.0
69325000-69326000 r--p 00025000 08:01 24904757   /lib/i386-linux-gnu/libpng12.so.0.50.0
69326000-69327000 rw-p 00026000 08:01 24904757   /lib/i386-linux-gnu/libpng12.so.0.50.0
69327000-69370000 r-xp 00000000 08:01 24903800   /lib/i386-linux-gnu/libdbus-1.so.3.7.6
69370000-69371000 r--p 00048000 08:01 24903800   /lib/i386-linux-gnu/libdbus-1.so.3.7.6
69371000-69372000 rw-p 00049000 08:01 24903800   /lib/i386-linux-gnu/libdbus-1.so.3.7.6
69372000-693a9000 r-xp 00000000 08:01 8654032    /usr/lib/i386-linux-gnu/libp11-kit.so.0.0.0
693a9000-693aa000 ---p 00037000 08:01 8654032    /usr/lib/i386-linux-gnu/libp11-kit.so.0.0.0
693aa000-693ad000 r--p 00037000 08:01 8654032    /usr/lib/i386-linux-gnu/libp11-kit.so.0.0.0
693ad000-693ae000 rw-p 0003a000 08:01 8654032    /usr/lib/i386-linux-gnu/libp11-kit.so.0.0.0
693ae000-693c0000 r-xp 00000000 08:01 8654189    /usr/lib/i386-linux-gnu/libtasn1.so.6.2.0
693c0000-693c1000 r--p 00011000 08:01 8654189    /usr/lib/i386-linux-gnu/libtasn1.so.6.2.0
693c1000-693c2000 rw-p 00012000 08:01 8654189    /usr/lib/i386-linux-gnu/libtasn1.so.6.2.0
693c2000-69444000 r-xp 00000000 08:01 24903684   /lib/i386-linux-gnu/libgcrypt.so.11.8.2
69444000-69445000 ---p 00082000 08:01 24903684   /lib/i386-linux-gnu/libgcrypt.so.11.8.2
69445000-69446000 r--p 00082000 08:01 24903684   /lib/i386-linux-gnu/libgcrypt.so.11.8.2
69446000-69448000 rw-p 00083000 08:01 24903684   /lib/i386-linux-gnu/libgcrypt.so.11.8.2
69448000-69449000 rw-p 00000000 00:00 0 
69449000-69453000 r-xp 00000000 08:01 8653925    /usr/lib/i386-linux-gnu/libkrb5support.so.0.1
69453000-69454000 r--p 00009000 08:01 8653925    /usr/lib/i386-linux-gnu/libkrb5support.so.0.1
69454000-69455000 rw-p 0000a000 08:01 8653925    /usr/lib/i386-linux-gnu/libkrb5support.so.0.1
69455000-69483000 r-xp 00000000 08:01 8654577    /usr/lib/i386-linux-gnu/libk5crypto.so.3.1
69483000-69484000 r--p 0002d000 08:01 8654577    /usr/lib/i386-linux-gnu/libk5crypto.so.3.1
69484000-69485000 rw-p 0002e000 08:01 8654577    /usr/lib/i386-linux-gnu/libk5crypto.so.3.1
69485000-6953c000 r-xp 00000000 08:01 8653766    /usr/lib/i386-linux-gnu/libkrb5.so.3.3
6953c000-69542000 r--p 000b7000 08:01 8653766    /usr/lib/i386-linux-gnu/libkrb5.so.3.3
69542000-69543000 rw-p 000bd000 08:01 8653766    /usr/lib/i386-linux-gnu/libkrb5.so.3.3
69543000-69548000 r-xp 00000000 08:01 8653391    /usr/lib/i386-linux-gnu/libXdmcp.so.6.0.0
69548000-69549000 r--p 00004000 08:01 8653391    /usr/lib/i386-linux-gnu/libXdmcp.so.6.0.0
69549000-6954a000 rw-p 00005000 08:01 8653391    /usr/lib/i386-linux-gnu/libXdmcp.so.6.0.0
6954a000-6954f000 r-xp 00000000 08:01 8653643    /usr/lib/i386-linux-gnu/libffi.so.6.0.1
6954f000-69550000 r--p 00005000 08:01 8653643    /usr/lib/i386-linux-gnu/libffi.so.6.0.1
69550000-69551000 rw-p 00006000 08:01 8653643    /usr/lib/i386-linux-gnu/libffi.so.6.0.1
69551000-69564000 r-xp 00000000 08:01 24904665   /lib/i386-linux-gnu/libresolv-2.19.so
69564000-69565000 ---p 00013000 08:01 24904665   /lib/i386-linux-gnu/libresolv-2.19.so
69565000-69566000 r--p 00013000 08:01 24904665   /lib/i386-linux-gnu/libresolv-2.19.so
69566000-69567000 rw-p 00014000 08:01 24904665   /lib/i386-linux-gnu/libresolv-2.19.so
69567000-69569000 rw-p 00000000 00:00 0 
69569000-69589000 r-xp 00000000 08:01 24904772   /lib/i386-linux-gnu/libselinux.so.1
69589000-6958a000 r--p 0001f000 08:01 24904772   /lib/i386-linux-gnu/libselinux.so.1
6958a000-6958b000 rw-p 00020000 08:01 24904772   /lib/i386-linux-gnu/libselinux.so.1
6958b000-6958c000 rw-p 00000000 00:00 0 
6958c000-69696000 r-xp 00000000 08:01 24904679   /lib/i386-linux-gnu/libglib-2.0.so.0.4000.0
69696000-69697000 r--p 00109000 08:01 24904679   /lib/i386-linux-gnu/libglib-2.0.so.0.4000.0
69697000-69698000 rw-p 0010a000 08:01 24904679   /lib/i386-linux-gnu/libglib-2.0.so.0.4000.0
69698000-696bd000 r-xp 00000000 08:01 24904670   /lib/i386-linux-gnu/libexpat.so.1.6.0
696bd000-696be000 ---p 00025000 08:01 24904670   /lib/i386-linux-gnu/libexpat.so.1.6.0
696be000-696c0000 r--p 00025000 08:01 24904670   /lib/i386-linux-gnu/libexpat.so.1.6.0
696c0000-696c1000 rw-p 00027000 08:01 24904670   /lib/i386-linux-gnu/libexpat.so.1.6.0
696c1000-6975b000 r-xp 00000000 08:01 8653667    /usr/lib/i386-linux-gnu/libfreetype.so.6.11.1
6975b000-6975c000 ---p 0009a000 08:01 8653667    /usr/lib/i386-linux-gnu/libfreetype.so.6.11.1
6975c000-69760000 r--p 0009a000 08:01 8653667    /usr/lib/i386-linux-gnu/libfreetype.so.6.11.1
69760000-69761000 rw-p 0009e000 08:01 8653667    /usr/lib/i386-linux-gnu/libfreetype.so.6.11.1
69761000-69771000 r-xp 00000000 08:01 8653479    /usr/lib/i386-linux-gnu/libavahi-client.so.3.2.9
69771000-69772000 r--p 0000f000 08:01 8653479    /usr/lib/i386-linux-gnu/libavahi-client.so.3.2.9
69772000-69773000 rw-p 00010000 08:01 8653479    /usr/lib/i386-linux-gnu/libavahi-client.so.3.2.9
69773000-6977f000 r-xp 00000000 08:01 8653481    /usr/lib/i386-linux-gnu/libavahi-common.so.3.5.3
6977f000-69780000 r--p 0000b000 08:01 8653481    /usr/lib/i386-linux-gnu/libavahi-common.so.3.5.3
69780000-69781000 rw-p 0000c000 08:01 8653481    /usr/lib/i386-linux-gnu/libavahi-common.so.3.5.3
69781000-69842000 r-xp 00000000 08:01 8653739    /usr/lib/i386-linux-gnu/libgnutls.so.26.22.6
69842000-69846000 r--p 000c0000 08:01 8653739    /usr/lib/i386-linux-gnu/libgnutls.so.26.22.6
69846000-69847000 rw-p 000c4000 08:01 8653739    /usr/lib/i386-linux-gnu/libgnutls.so.26.22.6
69847000-6988a000 r-xp 00000000 08:01 8653921    /usr/lib/i386-linux-gnu/libgssapi_krb5.so.2.2
6988a000-6988b000 r--p 00042000 08:01 8653921    /usr/lib/i386-linux-gnu/libgssapi_krb5.so.2.2
6988b000-6988c000 rw-p 00043000 08:01 8653921    /usr/lib/i386-linux-gnu/libgssapi_krb5.so.2.2
6988c000-698dc000 r-xp 00000000 08:01 8653741    /usr/lib/i386-linux-gnu/libgobject-2.0.so.0.4000.0
698dc000-698dd000 r--p 0004f000 08:01 8653741    /usr/lib/i386-linux-gnu/libgobject-2.0.so.0.4000.0
698dd000-698de000 rw-p 00050000 08:01 8653741    /usr/lib/i386-linux-gnu/libgobject-2.0.so.0.4000.0
698de000-69a5b000 r-xp 00000000 08:01 8653713    /usr/lib/i386-linux-gnu/libgio-2.0.so.0.4000.0
69a5b000-69a5d000 r--p 0017c000 08:01 8653713    /usr/lib/i386-linux-gnu/libgio-2.0.so.0.4000.0
69a5d000-69a5e000 rw-p 0017e000 08:01 8653713    /usr/lib/i386-linux-gnu/libgio-2.0.so.0.4000.0
69a5e000-69a5f000 rw-p 00000000 00:00 0 
69a5f000-69ac6000 r-xp 00000000 08:01 8651423    /usr/lib/i386-linux-gnu/libcups.so.2
69ac6000-69ac7000 ---p 00067000 08:01 8651423    /usr/lib/i386-linux-gnu/libcups.so.2
69ac7000-69acb000 r--p 00067000 08:01 8651423    /usr/lib/i386-linux-gnu/libcups.so.2
69acb000-69acc000 rw-p 0006b000 08:01 8651423    /usr/lib/i386-linux-gnu/libcups.so.2
69acc000-69bfc000 r-xp 00000000 08:01 8653376    /usr/lib/i386-linux-gnu/libX11.so.6.3.0
69bfc000-69bfd000 r--p 00130000 08:01 8653376    /usr/lib/i386-linux-gnu/libX11.so.6.3.0
69bfd000-69bff000 rw-p 00131000 08:01 8653376    /usr/lib/i386-linux-gnu/libX11.so.6.3.0
69bff000-69c00000 rw-p 00000000 00:00 0 
69c00000-69cfc000 rw-p 00000000 00:00 0 
69cfc000-69d00000 ---p 00000000 00:00 0 
69d00000-69d03000 r-xp 00000000 08:01 24904657   /lib/i386-linux-gnu/libcom_err.so.2.1
69d03000-69d04000 r--p 00002000 08:01 24904657   /lib/i386-linux-gnu/libcom_err.so.2.1
69d04000-69d05000 rw-p 00003000 08:01 24904657   /lib/i386-linux-gnu/libcom_err.so.2.1
69d05000-69d08000 r-xp 00000000 08:01 8653727    /usr/lib/i386-linux-gnu/libgmodule-2.0.so.0.4000.0
69d08000-69d09000 r--p 00002000 08:01 8653727    /usr/lib/i386-linux-gnu/libgmodule-2.0.so.0.4000.0
69d09000-69d0a000 rw-p 00003000 08:01 8653727    /usr/lib/i386-linux-gnu/libgmodule-2.0.so.0.4000.0
69d0a000-69d2a000 r-xp 00000000 08:01 8654299    /usr/lib/i386-linux-gnu/libxcb.so.1.1.0
69d2a000-69d2b000 r--p 0001f000 08:01 8654299    /usr/lib/i386-linux-gnu/libxcb.so.1.1.0
69d2b000-69d2c000 rw-p 00020000 08:01 8654299    /usr/lib/i386-linux-gnu/libxcb.so.1.1.0
69d2c000-69d65000 r-xp 00000000 08:01 8653655    /usr/lib/i386-linux-gnu/libfontconfig.so.1.8.0
69d65000-69d66000 r--p 00039000 08:01 8653655    /usr/lib/i386-linux-gnu/libfontconfig.so.1.8.0
69d66000-69d67000 rw-p 0003a000 08:01 8653655    /usr/lib/i386-linux-gnu/libfontconfig.so.1.8.0
69d67000-69d76000 r-xp 00000000 08:01 8653401    /usr/lib/i386-linux-gnu/libXi.so.6.1.0
69d76000-69d77000 r--p 0000e000 08:01 8653401    /usr/lib/i386-linux-gnu/libXi.so.6.1.0
69d77000-69d78000 rw-p 0000f000 08:01 8653401    /usr/lib/i386-linux-gnu/libXi.so.6.1.0
69d78000-69d7d000 r-xp 00000000 08:01 8653421    /usr/lib/i386-linux-gnu/libXtst.so.6.1.0
69d7d000-69d7e000 r--p 00004000 08:01 8653421    /usr/lib/i386-linux-gnu/libXtst.so.6.1.0
69d7e000-69d7f000 rw-p 00005000 08:01 8653421    /usr/lib/i386-linux-gnu/libXtst.so.6.1.0
69d7f000-69d88000 r-xp 00000000 08:01 8653415    /usr/lib/i386-linux-gnu/libXrender.so.1.3.0
69d88000-69d89000 r--p 00008000 08:01 8653415    /usr/lib/i386-linux-gnu/libXrender.so.1.3.0
69d89000-69d8a000 rw-p 00009000 08:01 8653415    /usr/lib/i386-linux-gnu/libXrender.so.1.3.0
69d8a000-69d9b000 r-xp 00000000 08:01 8653393    /usr/lib/i386-linux-gnu/libXext.so.6.4.0
69d9b000-69d9c000 r--p 00010000 08:01 8653393    /usr/lib/i386-linux-gnu/libXext.so.6.4.0
69d9c000-69d9d000 rw-p 00011000 08:01 8653393    /usr/lib/i386-linux-gnu/libXext.so.6.4.0
69d9d000-69d9e000 r--s 00000000 08:01 2104411    /var/cache/fontconfig/e13b20fdb08344e0e664864cc2ede53d-le32d4.cache-4
69d9e000-69da1000 r--s 00017000 08:01 8789043    /usr/lib/jvm/java-7-openjdk-i386/jre/lib/jce.jar
69da1000-69daa000 r--s 000b9000 08:01 8789058    /usr/lib/jvm/java-7-openjdk-i386/jre/lib/resources.jar
69daa000-69db1000 r--s 00000000 08:01 8659824    /usr/lib/i386-linux-gnu/gconv/gconv-modules.cache
69db1000-69df9000 r-xp 00000000 08:01 8783306    /usr/lib/jvm/java-7-openjdk-i386/jre/lib/i386/xawt/libmawt.so
69df9000-69dfa000 r--p 00047000 08:01 8783306    /usr/lib/jvm/java-7-openjdk-i386/jre/lib/i386/xawt/libmawt.so
69dfa000-69dfc000 rw-p 00048000 08:01 8783306    /usr/lib/jvm/java-7-openjdk-i386/jre/lib/i386/xawt/libmawt.so
69dfc000-69dfd000 rw-p 00000000 00:00 0 
69dfd000-69e8c000 r-xp 00000000 08:01 8789001    /usr/lib/jvm/java-7-openjdk-i386/jre/lib/i386/libawt.so
69e8c000-69e8d000 r--p 0008f000 08:01 8789001    /usr/lib/jvm/java-7-openjdk-i386/jre/lib/i386/libawt.so
69e8d000-69e94000 rw-p 00090000 08:01 8789001    /usr/lib/jvm/java-7-openjdk-i386/jre/lib/i386/libawt.so
69e94000-69eb8000 rw-p 00000000 00:00 0 
69eb8000-69ec2000 r--s 00203000 08:01 8789051    /usr/lib/jvm/java-7-openjdk-i386/jre/lib/charsets.jar
69ec2000-69f00000 r--s 0025b000 08:01 12456547   /home/oscar/proyectos/escritorio/lib/xmlbeans-2.5.0.jar
69f00000-69fff000 rw-p 00000000 00:00 0 
69fff000-6a000000 ---p 00000000 00:00 0 
6a000000-6a002000 r-xp 00000000 08:01 8653380    /usr/lib/i386-linux-gnu/libXau.so.6.0.0
6a002000-6a003000 r--p 00001000 08:01 8653380    /usr/lib/i386-linux-gnu/libXau.so.6.0.0
6a003000-6a004000 rw-p 00002000 08:01 8653380    /usr/lib/i386-linux-gnu/libXau.so.6.0.0
6a004000-6a005000 r--s 00005000 08:01 12456513   /home/oscar/proyectos/escritorio/lib/json-simple-1.1.1.jar
6a005000-6a020000 r--s 0012c000 08:01 12456526   /home/oscar/proyectos/escritorio/lib/org.apache.httpcomponents.httpclient_4.3.5.jar
6a020000-6a021000 r--s 00000000 08:01 10360238   /usr/local/netbeans-8.0.1/java/modules/ext/AbsoluteLayout.jar
6a021000-6a026000 r--s 00010000 08:01 12456545   /home/oscar/proyectos/escritorio/lib/xml-apis-ext.jar
6a026000-6a03f000 r--s 00134000 08:01 12456544   /home/oscar/proyectos/escritorio/lib/xercesImpl-2.10.0.jar
6a03f000-6a064000 r--s 002e3000 08:01 12456543   /home/oscar/proyectos/escritorio/lib/xalan-2.7.1.jar
6a064000-6a072000 r--s 000b7000 08:01 12456542   /home/oscar/proyectos/escritorio/lib/velocity-1.7-dep.jar
6a072000-6a073000 r--s 00002000 08:01 12456541   /home/oscar/proyectos/escritorio/lib/swing-worker-1.1.jar
6a073000-6a074000 r--s 0001c000 08:01 12456540   /home/oscar/proyectos/escritorio/lib/swing-layout-1.0.4.jar
6a074000-6a075000 r--s 0001c000 08:01 12456539   /home/oscar/proyectos/escritorio/lib/swing-layout-1.0.3.jar
6a075000-6a07a000 r--s 0006d000 08:01 12456538   /home/oscar/proyectos/escritorio/lib/sqljdbc4.jar
6a07a000-6a081000 r--s 00040000 08:01 12456536   /home/oscar/proyectos/escritorio/lib/spring-core-2.5.5.jar
6a081000-6a100000 r--s 0034a000 08:01 12456530   /home/oscar/proyectos/escritorio/lib/poi-ooxml-schemas-3.7-20101029.jar
6a100000-6a1fa000 rw-p 00000000 00:00 0 
6a1fa000-6a200000 ---p 00000000 00:00 0 
6a200000-6a204000 r--s 0028c000 08:01 12456537   /home/oscar/proyectos/escritorio/lib/sqlitejdbc-v056.jar
6a204000-6a20e000 r--s 0006d000 08:01 12456535   /home/oscar/proyectos/escritorio/lib/spring-beans-2.5.5.jar
6a20e000-6a210000 r--s 00016000 08:01 12456534   /home/oscar/proyectos/escritorio/lib/servlet-api-2.4.jar
6a210000-6a219000 r--s 0002d000 08:01 12456546   /home/oscar/proyectos/escritorio/lib/xml-apis.jar
6a219000-6a21c000 r--s 00041000 08:01 12456533   /home/oscar/proyectos/escritorio/lib/serializer.jar
6a21c000-6a21e000 r--s 00003000 08:01 12456532   /home/oscar/proyectos/escritorio/lib/saaj-api-1.3.jar
6a21e000-6a22b000 r--s 00106000 08:01 12456531   /home/oscar/proyectos/escritorio/lib/rhino-1.7R3.jar
6a22b000-6a232000 r--s 00073000 08:01 12456529   /home/oscar/proyectos/escritorio/lib/poi-ooxml-3.7-20101029.jar
6a232000-6a24f000 r--s 0017c000 08:01 12456528   /home/oscar/proyectos/escritorio/lib/poi-3.7-20101029.jar
6a24f000-6a257000 r--s 00065000 08:01 12456525   /home/oscar/proyectos/escritorio/lib/olap4j-0.9.7.309-JS-3.jar
6a257000-6a25b000 r--s 00068000 08:01 12456523   /home/oscar/proyectos/escritorio/lib/mysql-connector-java-3.1.11-bin.jar
6a25b000-6a283000 r--s 0025e000 08:01 12456522   /home/oscar/proyectos/escritorio/lib/mondrian-3.1.1.12687.jar
6a283000-6a28c000 r--s 00055000 08:01 12456521   /home/oscar/proyectos/escritorio/lib/lucene-queryparser-4.5.1.jar
6a28c000-6a2b2000 r--s 0020b000 08:01 12456520   /home/oscar/proyectos/escritorio/lib/lucene-core-4.5.1.jar
6a2b2000-6a2c2000 r--s 00174000 08:01 12456519   /home/oscar/proyectos/escritorio/lib/lucene-analyzers-common-4.5.1.jar
6a2c2000-6a2c9000 r--s 00059000 08:01 12456518   /home/oscar/proyectos/escritorio/lib/log4j-1.2.15.jar
6a2c9000-6a2d5000 r--s 000aa000 08:01 12456514   /home/oscar/proyectos/escritorio/lib/jxl-2.6.10.jar
6a2d5000-6a2d8000 r--s 00009000 08:01 12456512   /home/oscar/proyectos/escritorio/lib/jpa.jar
6a2d8000-6a2e8000 r--s 0013f000 08:01 12456511   /home/oscar/proyectos/escritorio/lib/jfreechart-1.0.12.jar
6a2e8000-6a2f2000 r--s 0011e000 08:01 12456510   /home/oscar/proyectos/escritorio/lib/jdt-compiler-3.1.1.jar
6a2f2000-6a2f8000 r--s 00046000 08:01 12456509   /home/oscar/proyectos/escritorio/lib/jcommon-1.0.15.jar
6a2f8000-6a2fa000 r--s 0001e000 08:01 12456508   /home/oscar/proyectos/escritorio/lib/jcalendar.jar
6a2fa000-6a300000 r--s 00032000 08:01 12456507   /home/oscar/proyectos/escritorio/lib/jaxen-1.1.1.jar
6a300000-6a3fe000 rw-p 00000000 00:00 0 
6a3fe000-6a400000 ---p 00000000 00:00 0 
6a400000-6a401000 r--s 00002000 08:01 12456527   /home/oscar/proyectos/escritorio/lib/png-encoder-1.5.jar
6a401000-6a45c000 r--s 00463000 08:01 12456506   /home/oscar/proyectos/escritorio/lib/jasperreports-5.6.0.jar
6a45c000-6a46d000 r--s 000d2000 08:01 12456505   /home/oscar/proyectos/escritorio/lib/jackson-databind-2.1.4.jar
6a46d000-6a471000 r--s 0002f000 08:01 12456504   /home/oscar/proyectos/escritorio/lib/jackson-core-2.1.4.jar
6a471000-6a473000 r--s 00007000 08:01 12456503   /home/oscar/proyectos/escritorio/lib/jackson-annotations-2.1.4.jar
6a473000-6a480000 r--s 00108000 08:01 12456502   /home/oscar/proyectos/escritorio/lib/iText-2.1.7.js2.jar
6a480000-6a489000 r--s 000a4000 08:01 12456501   /home/oscar/proyectos/escritorio/lib/hsqldb-1.8.0-10.jar
6a489000-6a4a1000 r--s 00181000 08:01 12456500   /home/oscar/proyectos/escritorio/lib/hibernate3.jar
6a4a1000-6a500000 r--s 00589000 08:01 12456499   /home/oscar/proyectos/escritorio/lib/groovy-all-2.0.1.jar
6a500000-6a5ff000 rw-p 00000000 00:00 0 
6a5ff000-6a600000 ---p 00000000 00:00 0 
6a600000-6a605000 r--s 00048000 08:01 12456498   /home/oscar/proyectos/escritorio/lib/dom4j-1.6.1.jar
6a605000-6a607000 r--s 0000d000 08:01 12456497   /home/oscar/proyectos/escritorio/lib/commons-logging-1.1.1.jar
6a607000-6a60a000 r--s 00015000 08:01 12456496   /home/oscar/proyectos/escritorio/lib/commons-javaflow-20060411.jar
6a60a000-6a610000 r--s 0002b000 08:01 12456495   /home/oscar/proyectos/escritorio/lib/commons-digester-2.1.jar
6a610000-6a61e000 r--s 0007f000 08:01 12456494   /home/oscar/proyectos/escritorio/lib/commons-collections-3.2.1.jar
6a61e000-6a623000 r--s 00034000 08:01 12456493   /home/oscar/proyectos/escritorio/lib/commons-beanutils-1.8.0.jar
6a623000-6a632000 r--s 000c3000 08:01 12456492   /home/oscar/proyectos/escritorio/lib/castor-1.2.jar
6a632000-6a637000 r--s 00040000 08:01 12456491   /home/oscar/proyectos/escritorio/lib/bsh-2.0b4.jar
6a637000-6a641000 r--s 00079000 08:01 12456490   /home/oscar/proyectos/escritorio/lib/bcel-5.2.jar
6a641000-6a644000 r--s 0001d000 08:01 12456488   /home/oscar/proyectos/escritorio/lib/batik-util.jar
6a644000-6a649000 r--s 00030000 08:01 12456487   /home/oscar/proyectos/escritorio/lib/batik-svggen.jar
6a649000-6a656000 r--s 00087000 08:01 12456486   /home/oscar/proyectos/escritorio/lib/batik-svg-dom.jar
6a656000-6a659000 r--s 0000d000 08:01 12456485   /home/oscar/proyectos/escritorio/lib/batik-script.jar
6a659000-6a65b000 r--s 00010000 08:01 12456484   /home/oscar/proyectos/escritorio/lib/batik-parser.jar
6a65b000-6a65f000 r--s 00038000 08:01 12456483   /home/oscar/proyectos/escritorio/lib/batik-gvt.jar
6a65f000-6a667000 r--s 00045000 08:01 12456480   /home/oscar/proyectos/escritorio/lib/batik-css.jar
6a667000-6a668000 ---p 00000000 00:00 0 
6a668000-6a6e8000 rw-p 00000000 00:00 0          [stack:5219]
6a6e8000-6a6eb000 ---p 00000000 00:00 0 
6a6eb000-6a739000 rw-p 00000000 00:00 0          [stack:5218]
6a739000-6a73c000 ---p 00000000 00:00 0 
6a73c000-6a7ba000 rw-p 00000000 00:00 0          [stack:5217]
6a7ba000-6a7bd000 ---p 00000000 00:00 0 
6a7bd000-6a83b000 rw-p 00000000 00:00 0          [stack:5216]
6a83b000-6a83e000 ---p 00000000 00:00 0 
6a83e000-6a88c000 rw-p 00000000 00:00 0 
6a88c000-6a88f000 ---p 00000000 00:00 0 
6a88f000-6a8dd000 rw-p 00000000 00:00 0          [stack:5209]
6a8dd000-6a8e0000 ---p 00000000 00:00 0 
6a8e0000-6a92e000 rw-p 00000000 00:00 0          [stack:5208]
6a92e000-6a931000 ---p 00000000 00:00 0 
6a931000-6a97f000 rw-p 00000000 00:00 0          [stack:5205]
6a97f000-6a980000 ---p 00000000 00:00 0 
6a980000-6aa00000 rw-p 00000000 00:00 0          [stack:5202]
6aa00000-6aafe000 rw-p 00000000 00:00 0 
6aafe000-6ab00000 ---p 00000000 00:00 0 
6ab00000-6ab0a000 r--s 00080000 08:01 12456479   /home/oscar/proyectos/escritorio/lib/batik-bridge.jar
6ab0a000-6ab0d000 ---p 00000000 00:00 0 
6ab0d000-6ab5b000 rw-p 00000000 00:00 0          [stack:5204]
6ab5b000-6ad0c000 r--s 01d25000 08:01 8784452    /usr/lib/jvm/java-7-openjdk-i386/jre/lib/rt.jar
6ad0c000-6d400000 rw-p 00000000 00:00 0 
6d400000-6d4cb000 rw-p 00000000 00:00 0 
6d4cb000-6d500000 ---p 00000000 00:00 0 
6d500000-6d504000 r--s 00027000 08:01 12456481   /home/oscar/proyectos/escritorio/lib/batik-dom.jar
6d504000-6d50b000 r--s 0005c000 08:01 12456478   /home/oscar/proyectos/escritorio/lib/batik-awt-util.jar
6d50b000-6d50e000 ---p 00000000 00:00 0 
6d50e000-6d600000 rw-p 00000000 00:00 0          [stack:5203]
6d600000-6d621000 rw-p 00000000 00:00 0 
6d621000-6d700000 ---p 00000000 00:00 0 
6d700000-6d701000 r--s 00007000 08:01 12456489   /home/oscar/proyectos/escritorio/lib/batik-xml.jar
6d701000-6d704000 r--s 00015000 08:01 12456477   /home/oscar/proyectos/escritorio/lib/batik-anim.jar
6d704000-6d709000 r--s 0003e000 08:01 12456476   /home/oscar/proyectos/escritorio/lib/barcode4j-2.1.jar
6d709000-6d70c000 r--s 00014000 08:01 12456475   /home/oscar/proyectos/escritorio/lib/barbecue-1.5-beta1.jar
6d70c000-6d70d000 ---p 00000000 00:00 0 
6d70d000-6d78d000 rw-p 00000000 00:00 0          [stack:5199]
6d78d000-6d78e000 ---p 00000000 00:00 0 
6d78e000-6d816000 rw-p 00000000 00:00 0          [stack:5198]
6d816000-6d84e000 rw-p 00000000 00:00 0 
6d84e000-6d863000 rw-p 00000000 00:00 0 
6d863000-6d995000 rw-p 00000000 00:00 0 
6d995000-6d99d000 rw-p 00000000 00:00 0 
6d99d000-6d9d5000 rw-p 00000000 00:00 0 
6d9d5000-6d9ea000 rw-p 00000000 00:00 0 
6d9ea000-6db1b000 rw-p 00000000 00:00 0 
6db1b000-6db29000 rw-p 00000000 00:00 0 
6db29000-6db2e000 ---p 00000000 00:00 0 
6db2e000-6dbbf000 rw-p 00000000 00:00 0 
6dbbf000-6ebc0000 rw-p 00000000 00:00 0 
6ebc0000-75bc0000 rw-p 00000000 00:00 0 
75bc0000-78480000 rw-p 00000000 00:00 0 
78480000-9e900000 rw-p 00000000 00:00 0 
9e900000-a0200000 rw-p 00000000 00:00 0 
a0200000-a0d00000 ---p 00000000 00:00 0 
a0d00000-b2fc0000 rw-p 00000000 00:00 0 
b2fc0000-b2fc4000 r--s 0003d000 08:01 12456474   /home/oscar/proyectos/escritorio/lib/appframework-1.0.3.jar
b2fc4000-b2fc9000 r--s 00066000 08:01 12456473   /home/oscar/proyectos/escritorio/lib/antlr-2.7.5.jar
b2fc9000-b2fcb000 r--s 00012000 08:01 8789055    /usr/lib/jvm/java-7-openjdk-i386/jre/lib/ext/zipfs.jar
b2fcb000-b2fce000 r--s 0000f000 08:01 8789053    /usr/lib/jvm/java-7-openjdk-i386/jre/lib/ext/icedtea-sound.jar
b2fce000-b2fd2000 r--s 00085000 08:01 8789057    /usr/lib/jvm/java-7-openjdk-i386/jre/lib/ext/localedata.jar
b2fd2000-b2fd6000 r--s 00034000 08:01 8789052    /usr/lib/jvm/java-7-openjdk-i386/jre/lib/ext/sunjce_provider.jar
b2fd6000-b2fda000 r-xp 00000000 08:01 8789033    /usr/lib/jvm/java-7-openjdk-i386/jre/lib/i386/libdt_socket.so
b2fda000-b2fdb000 r--p 00003000 08:01 8789033    /usr/lib/jvm/java-7-openjdk-i386/jre/lib/i386/libdt_socket.so
b2fdb000-b2fdc000 rw-p 00004000 08:01 8789033    /usr/lib/jvm/java-7-openjdk-i386/jre/lib/i386/libdt_socket.so
b2fdc000-b2fff000 rw-p 00000000 00:00 0 
b2fff000-b30b6000 rw-p 00000000 00:00 0 
b30b6000-b32f6000 rwxp 00000000 00:00 0 
b32f6000-b60b6000 rw-p 00000000 00:00 0 
b60b6000-b60c1000 r-xp 00000000 08:01 24904624   /lib/i386-linux-gnu/libnss_files-2.19.so
b60c1000-b60c2000 r--p 0000a000 08:01 24904624   /lib/i386-linux-gnu/libnss_files-2.19.so
b60c2000-b60c3000 rw-p 0000b000 08:01 24904624   /lib/i386-linux-gnu/libnss_files-2.19.so
b60c3000-b60cd000 r-xp 00000000 08:01 24904723   /lib/i386-linux-gnu/libnss_nis-2.19.so
b60cd000-b60ce000 r--p 00009000 08:01 24904723   /lib/i386-linux-gnu/libnss_nis-2.19.so
b60ce000-b60cf000 rw-p 0000a000 08:01 24904723   /lib/i386-linux-gnu/libnss_nis-2.19.so
b60cf000-b6200000 r--p 00189000 08:01 8655709    /usr/lib/locale/locale-archive
b6200000-b6400000 r--p 00000000 08:01 8655709    /usr/lib/locale/locale-archive
b6400000-b6500000 rw-p 00000000 00:00 0 
b6500000-b6501000 r--s 00002000 08:01 12456482   /home/oscar/proyectos/escritorio/lib/batik-ext.jar
b6501000-b6505000 r--s 0003c000 08:01 8789054    /usr/lib/jvm/java-7-openjdk-i386/jre/lib/ext/sunpkcs11.jar
b6505000-b651a000 r-xp 00000000 08:01 24904717   /lib/i386-linux-gnu/libnsl-2.19.so
b651a000-b651b000 r--p 00015000 08:01 24904717   /lib/i386-linux-gnu/libnsl-2.19.so
b651b000-b651c000 rw-p 00016000 08:01 24904717   /lib/i386-linux-gnu/libnsl-2.19.so
b651c000-b651e000 rw-p 00000000 00:00 0 
b651e000-b6525000 r-xp 00000000 08:01 24904648   /lib/i386-linux-gnu/libnss_compat-2.19.so
b6525000-b6526000 r--p 00006000 08:01 24904648   /lib/i386-linux-gnu/libnss_compat-2.19.so
b6526000-b6527000 rw-p 00007000 08:01 24904648   /lib/i386-linux-gnu/libnss_compat-2.19.so
b6527000-b6529000 r--s 00006000 08:01 8786895    /usr/share/java/java-atk-wrapper.jar
b6529000-b6531000 r-xp 00000000 08:01 8784464    /usr/lib/jvm/java-7-openjdk-i386/jre/lib/i386/libzip.so
b6531000-b6532000 r--p 00007000 08:01 8784464    /usr/lib/jvm/java-7-openjdk-i386/jre/lib/i386/libzip.so
b6532000-b6533000 rw-p 00008000 08:01 8784464    /usr/lib/jvm/java-7-openjdk-i386/jre/lib/i386/libzip.so
b6533000-b653b000 rw-s 00000000 08:01 5245673    /tmp/hsperfdata_oscar/5194
b653b000-b653e000 r-xp 00000000 08:01 8789010    /usr/lib/jvm/java-7-openjdk-i386/jre/lib/i386/libnpt.so
b653e000-b653f000 r--p 00002000 08:01 8789010    /usr/lib/jvm/java-7-openjdk-i386/jre/lib/i386/libnpt.so
b653f000-b6540000 rw-p 00003000 08:01 8789010    /usr/lib/jvm/java-7-openjdk-i386/jre/lib/i386/libnpt.so
b6540000-b657e000 r-xp 00000000 08:01 8789011    /usr/lib/jvm/java-7-openjdk-i386/jre/lib/i386/libjdwp.so
b657e000-b657f000 r--p 0003d000 08:01 8789011    /usr/lib/jvm/java-7-openjdk-i386/jre/lib/i386/libjdwp.so
b657f000-b6580000 rw-p 0003e000 08:01 8789011    /usr/lib/jvm/java-7-openjdk-i386/jre/lib/i386/libjdwp.so
b6580000-b65a7000 r-xp 00000000 08:01 8784463    /usr/lib/jvm/java-7-openjdk-i386/jre/lib/i386/libjava.so
b65a7000-b65a8000 r--p 00026000 08:01 8784463    /usr/lib/jvm/java-7-openjdk-i386/jre/lib/i386/libjava.so
b65a8000-b65a9000 rw-p 00027000 08:01 8784463    /usr/lib/jvm/java-7-openjdk-i386/jre/lib/i386/libjava.so
b65a9000-b65b0000 r-xp 00000000 08:01 24904698   /lib/i386-linux-gnu/librt-2.19.so
b65b0000-b65b1000 r--p 00006000 08:01 24904698   /lib/i386-linux-gnu/librt-2.19.so
b65b1000-b65b2000 rw-p 00007000 08:01 24904698   /lib/i386-linux-gnu/librt-2.19.so
b65b2000-b65b5000 ---p 00000000 00:00 0 
b65b5000-b6603000 rw-p 00000000 00:00 0          [stack:5196]
b6603000-b661f000 r-xp 00000000 08:01 24910080   /lib/i386-linux-gnu/libgcc_s.so.1
b661f000-b6620000 rw-p 0001b000 08:01 24910080   /lib/i386-linux-gnu/libgcc_s.so.1
b6620000-b6664000 r-xp 00000000 08:01 24904719   /lib/i386-linux-gnu/libm-2.19.so
b6664000-b6665000 r--p 00043000 08:01 24904719   /lib/i386-linux-gnu/libm-2.19.so
b6665000-b6666000 rw-p 00044000 08:01 24904719   /lib/i386-linux-gnu/libm-2.19.so
b6666000-b6742000 r-xp 00000000 08:01 8654173    /usr/lib/i386-linux-gnu/libstdc++.so.6.0.19
b6742000-b6743000 ---p 000dc000 08:01 8654173    /usr/lib/i386-linux-gnu/libstdc++.so.6.0.19
b6743000-b6747000 r--p 000dc000 08:01 8654173    /usr/lib/i386-linux-gnu/libstdc++.so.6.0.19
b6747000-b6748000 rw-p 000e0000 08:01 8654173    /usr/lib/i386-linux-gnu/libstdc++.so.6.0.19
b6748000-b674f000 rw-p 00000000 00:00 0 
b674f000-b713a000 r-xp 00000000 08:01 8789017    /usr/lib/jvm/java-7-openjdk-i386/jre/lib/i386/server/libjvm.so
b713a000-b713b000 ---p 009eb000 08:01 8789017    /usr/lib/jvm/java-7-openjdk-i386/jre/lib/i386/server/libjvm.so
b713b000-b718d000 r--p 009eb000 08:01 8789017    /usr/lib/jvm/java-7-openjdk-i386/jre/lib/i386/server/libjvm.so
b718d000-b71a1000 rw-p 00a3d000 08:01 8789017    /usr/lib/jvm/java-7-openjdk-i386/jre/lib/i386/server/libjvm.so
b71a1000-b75bf000 rw-p 00000000 00:00 0 
b75bf000-b75d7000 r-xp 00000000 08:01 24904802   /lib/i386-linux-gnu/libz.so.1.2.8
b75d7000-b75d8000 r--p 00017000 08:01 24904802   /lib/i386-linux-gnu/libz.so.1.2.8
b75d8000-b75d9000 rw-p 00018000 08:01 24904802   /lib/i386-linux-gnu/libz.so.1.2.8
b75d9000-b75f1000 r-xp 00000000 08:01 24908462   /lib/i386-linux-gnu/libpthread-2.19.so
b75f1000-b75f2000 r--p 00017000 08:01 24908462   /lib/i386-linux-gnu/libpthread-2.19.so
b75f2000-b75f3000 rw-p 00018000 08:01 24908462   /lib/i386-linux-gnu/libpthread-2.19.so
b75f3000-b75f5000 rw-p 00000000 00:00 0 
b75f5000-b75f8000 r-xp 00000000 08:01 24908464   /lib/i386-linux-gnu/libdl-2.19.so
b75f8000-b75f9000 r--p 00002000 08:01 24908464   /lib/i386-linux-gnu/libdl-2.19.so
b75f9000-b75fa000 rw-p 00003000 08:01 24908464   /lib/i386-linux-gnu/libdl-2.19.so
b75fa000-b77a3000 r-xp 00000000 08:01 24904768   /lib/i386-linux-gnu/libc-2.19.so
b77a3000-b77a4000 ---p 001a9000 08:01 24904768   /lib/i386-linux-gnu/libc-2.19.so
b77a4000-b77a6000 r--p 001a9000 08:01 24904768   /lib/i386-linux-gnu/libc-2.19.so
b77a6000-b77a7000 rw-p 001ab000 08:01 24904768   /lib/i386-linux-gnu/libc-2.19.so
b77a7000-b77aa000 rw-p 00000000 00:00 0 
b77aa000-b77ab000 r--s 00002000 08:01 8789056    /usr/lib/jvm/java-7-openjdk-i386/jre/lib/ext/dnsns.jar
b77ab000-b77ac000 r--p 00525000 08:01 8655709    /usr/lib/locale/locale-archive
b77ac000-b77ad000 rw-p 00000000 00:00 0 
b77ad000-b77ae000 ---p 00000000 00:00 0 
b77ae000-b77bc000 r-xp 00000000 08:01 8789027    /usr/lib/jvm/java-7-openjdk-i386/jre/lib/i386/libverify.so
b77bc000-b77bd000 r--p 0000d000 08:01 8789027    /usr/lib/jvm/java-7-openjdk-i386/jre/lib/i386/libverify.so
b77bd000-b77be000 rw-p 0000e000 08:01 8789027    /usr/lib/jvm/java-7-openjdk-i386/jre/lib/i386/libverify.so
b77be000-b77ca000 r-xp 00000000 08:01 8789031    /usr/lib/jvm/java-7-openjdk-i386/jre/lib/i386/jli/libjli.so
b77ca000-b77cb000 r--p 0000c000 08:01 8789031    /usr/lib/jvm/java-7-openjdk-i386/jre/lib/i386/jli/libjli.so
b77cb000-b77cc000 rw-p 0000d000 08:01 8789031    /usr/lib/jvm/java-7-openjdk-i386/jre/lib/i386/jli/libjli.so
b77cc000-b77cf000 rw-p 00000000 00:00 0 
b77cf000-b77d0000 r-xp 00000000 00:00 0          [vdso]
b77d0000-b77f0000 r-xp 00000000 08:01 24908463   /lib/i386-linux-gnu/ld-2.19.so
b77f0000-b77f1000 r--p 0001f000 08:01 24908463   /lib/i386-linux-gnu/ld-2.19.so
b77f1000-b77f2000 rw-p 00020000 08:01 24908463   /lib/i386-linux-gnu/ld-2.19.so
bfc43000-bfc44000 rwxp 00000000 00:00 0 
bfc75000-bfc97000 rw-p 00000000 00:00 0          [stack]

VM Arguments:
jvm_args: -Xdebug -Xrunjdwp:transport=dt_socket,address=localhost:58798 -Dfile.encoding=UTF-8 
java_command: vistas.FrmPrincipal
Launcher Type: SUN_STANDARD

Environment Variables:
PATH=/usr/local/sbin:/usr/local/bin:/usr/sbin:/usr/bin:/sbin:/bin:/usr/games:/usr/local/games:/home/oscar/.rvm/bin
LD_LIBRARY_PATH=/usr/lib/jvm/java-7-openjdk-i386/jre/lib/amd64:/usr/lib/jvm/java-7-openjdk-i386/jre/lib/i386:
SHELL=/bin/bash
DISPLAY=:0

Signal Handlers:
SIGSEGV: [libjvm.so+0x80a5e0], sa_mask[0]=0x7ffbfeff, sa_flags=0x10000004
SIGBUS: [libjvm.so+0x80a5e0], sa_mask[0]=0x7ffbfeff, sa_flags=0x10000004
SIGFPE: [libjvm.so+0x6844f0], sa_mask[0]=0x7ffbfeff, sa_flags=0x10000004
SIGPIPE: SIG_IGN, sa_mask[0]=0x00000000, sa_flags=0x00000000
SIGXFSZ: [libjvm.so+0x6844f0], sa_mask[0]=0x7ffbfeff, sa_flags=0x10000004
SIGILL: [libjvm.so+0x6844f0], sa_mask[0]=0x7ffbfeff, sa_flags=0x10000004
SIGUSR1: SIG_DFL, sa_mask[0]=0x00000000, sa_flags=0x00000000
SIGUSR2: [libjvm.so+0x684380], sa_mask[0]=0x00000004, sa_flags=0x10000004
SIGHUP: [libjvm.so+0x6845b0], sa_mask[0]=0x7ffbfeff, sa_flags=0x10000004
SIGINT: SIG_IGN, sa_mask[0]=0x00000000, sa_flags=0x00000000
SIGTERM: [libjvm.so+0x6845b0], sa_mask[0]=0x7ffbfeff, sa_flags=0x10000004
SIGQUIT: [libjvm.so+0x6845b0], sa_mask[0]=0x7ffbfeff, sa_flags=0x10000004
SIGTRAP: SIG_DFL, sa_mask[0]=0x00000000, sa_flags=0x00000000


---------------  S Y S T E M  ---------------

OS:Ubuntu 14.04 (trusty)
uname:Linux 3.13.0-37-generic #64-Ubuntu SMP Mon Sep 22 21:30:01 UTC 2014 i686
libc:glibc 2.19 NPTL 2.19 
rlimit: STACK 8192k, CORE 0k, NPROC 31186, NOFILE 4096, AS infinity
load average:0.12 0.22 0.37

/proc/meminfo:
MemTotal:        4011064 kB
MemFree:         2641880 kB
Buffers:          182848 kB
Cached:           806284 kB
SwapCached:            0 kB
Active:           656092 kB
Inactive:         639256 kB
Active(anon):     306964 kB
Inactive(anon):    21140 kB
Active(file):     349128 kB
Inactive(file):   618116 kB
Unevictable:          40 kB
Mlocked:              40 kB
HighTotal:       3162368 kB
HighFree:        2179192 kB
LowTotal:         848696 kB
LowFree:          462688 kB
SwapTotal:       4072444 kB
SwapFree:        4072444 kB
Dirty:               460 kB
Writeback:             0 kB
AnonPages:        306276 kB
Mapped:           102204 kB
Shmem:             21960 kB
Slab:              46824 kB
SReclaimable:      33468 kB
SUnreclaim:        13356 kB
KernelStack:        2360 kB
PageTables:         2852 kB
NFS_Unstable:          0 kB
Bounce:                0 kB
WritebackTmp:          0 kB
CommitLimit:     6077976 kB
Committed_AS:    2196164 kB
VmallocTotal:     122880 kB
VmallocUsed:       17128 kB
VmallocChunk:      98752 kB
HardwareCorrupted:     0 kB
AnonHugePages:    260096 kB
HugePages_Total:       0
HugePages_Free:        0
HugePages_Rsvd:        0
HugePages_Surp:        0
Hugepagesize:       2048 kB
DirectMap4k:       35832 kB
DirectMap2M:      876544 kB


CPU:total 2 (2 cores per cpu, 1 threads per core) family 6 model 55 stepping 8, cmov, cx8, fxsr, mmx, sse, sse2, sse3, ssse3, sse4.1, sse4.2, popcnt, erms, tsc, tscinvbit

/proc/cpuinfo:
processor	: 0
vendor_id	: GenuineIntel
cpu family	: 6
model		: 55
model name	: Intel(R) Celeron(R) CPU  N2830  @ 2.16GHz
stepping	: 8
microcode	: 0x809
cpu MHz		: 2159.000
cache size	: 1024 KB
physical id	: 0
siblings	: 2
core id		: 0
cpu cores	: 2
apicid		: 0
initial apicid	: 0
fdiv_bug	: no
f00f_bug	: no
coma_bug	: no
fpu		: yes
fpu_exception	: yes
cpuid level	: 11
wp		: yes
flags		: fpu vme de pse tsc msr pae mce cx8 apic sep mtrr pge mca cmov pat pse36 clflush dts acpi mmx fxsr sse sse2 ss ht tm pbe nx rdtscp lm constant_tsc arch_perfmon pebs bts xtopology nonstop_tsc aperfmperf pni pclmulqdq dtes64 monitor ds_cpl vmx est tm2 ssse3 cx16 xtpr pdcm sse4_1 sse4_2 movbe popcnt tsc_deadline_timer rdrand lahf_lm 3dnowprefetch ida arat epb dtherm tpr_shadow vnmi flexpriority ept vpid tsc_adjust smep erms
bogomips	: 4332.92
clflush size	: 64
cache_alignment	: 64
address sizes	: 36 bits physical, 48 bits virtual
power management:

processor	: 1
vendor_id	: GenuineIntel
cpu family	: 6
model		: 55
model name	: Intel(R) Celeron(R) CPU  N2830  @ 2.16GHz
stepping	: 8
microcode	: 0x809
cpu MHz		: 2159.000
cache size	: 1024 KB
physical id	: 0
siblings	: 2
core id		: 1
cpu cores	: 2
apicid		: 2
initial apicid	: 2
fdiv_bug	: no
f00f_bug	: no
coma_bug	: no
fpu		: yes
fpu_exception	: yes
cpuid level	: 11
wp		: yes
flags		: fpu vme de pse tsc msr pae mce cx8 apic sep mtrr pge mca cmov pat pse36 clflush dts acpi mmx fxsr sse sse2 ss ht tm pbe nx rdtscp lm constant_tsc arch_perfmon pebs bts xtopology nonstop_tsc aperfmperf pni pclmulqdq dtes64 monitor ds_cpl vmx est tm2 ssse3 cx16 xtpr pdcm sse4_1 sse4_2 movbe popcnt tsc_deadline_timer rdrand lahf_lm 3dnowprefetch ida arat epb dtherm tpr_shadow vnmi flexpriority ept vpid tsc_adjust smep erms
bogomips	: 4332.92
clflush size	: 64
cache_alignment	: 64
address sizes	: 36 bits physical, 48 bits virtual
power management:



Memory: 4k page, physical 4011064k(2641880k free), swap 4072444k(4072444k free)

vm_info: OpenJDK Server VM (24.65-b04) for linux-x86 JRE (1.7.0_65-b32), built on Oct 22 2014 04:44:59 by "buildd" with gcc 4.8.2

time: Fri Oct 24 18:19:48 2014
elapsed time: 538 seconds

