#
# A fatal error has been detected by the Java Runtime Environment:
#
#  SIGSEGV (0xb) at pc=0xb344769d, pid=9064, tid=1877347136
#
# JRE version: OpenJDK Runtime Environment (7.0_65-b32) (build 1.7.0_65-b32)
# Java VM: OpenJDK Server VM (24.65-b04 mixed mode linux-x86 )
# Derivative: IcedTea 2.5.3
# Distribution: Ubuntu 14.04 LTS, package 7u71-2.5.3-0ubuntu0.14.04.1
# Problematic frame:
# v  ~BufferBlob::jni_fast_GetLongField
#
# Failed to write core dump. Core dumps have been disabled. To enable core dumping, try "ulimit -c unlimited" before starting Java again
#
# If you would like to submit a bug report, please include
# instructions on how to reproduce the bug and visit:
#   http://icedtea.classpath.org/bugzilla
# The crash happened outside the Java Virtual Machine in native code.
# See problematic frame for where to report the bug.
#

---------------  T H R E A D  ---------------

Current thread (0x70be7c00):  JavaThread "AWT-XAWT" daemon [_thread_in_native, id=9082, stack(0x6fe10000,0x6fe61000)]

siginfo:si_signo=SIGSEGV: si_errno=0, si_code=1 (SEGV_MAPERR), si_addr=0x00000000

Registers:
EAX=0x00000000, EBX=0x70a42000, ECX=0x00004262, EDX=0x00000000
ESP=0x6fe5fe08, EBP=0x6fe5fe58, ESI=0x00000042, EDI=0x70be7d28
EIP=0xb344769d, EFLAGS=0x00010246, CR2=0x00000000

Top of Stack: (sp=0x6fe5fe08)
0x6fe5fe08:   00000000 70a14823 70be7d28 00000000
0x6fe5fe18:   00000042 b6d845af b6d83aa4 b6410574
0x6fe5fe28:   00000810 70be7d28 00000204 00000008
0x6fe5fe38:   6fe5fe58 70a148f4 b7175120 00010002
0x6fe5fe48:   70a147ff 709d0000 70182ff0 00000000
0x6fe5fe58:   701835f0 708fce18 701835f0 00000000
0x6fe5fe68:   00000000 00000204 70b69870 70b9e6f0
0x6fe5fe78:   708fcdb9 709d0000 70183410 00200003 

Instructions: (pc=0xb344769d)
0xb344767d:   00 00 00 56 8b 0d a4 02 19 b7 f6 c1 01 0f 85 30
0xb344768d:   00 00 00 8b c1 83 e0 01 8b 54 04 0c 8b 74 24 10
0xb344769d:   8b 12 c1 ee 02 8b 04 32 8b 54 32 04 be a4 02 19
0xb34476ad:   b7 33 f2 33 f0 33 f2 33 f0 3b 0e 0f 85 02 00 00 

Register to memory mapping:

EAX=0x00000000 is an unknown value
EBX=0x70a42000: <offset 0x49000> in /usr/lib/jvm/java-7-openjdk-i386/jre/lib/i386/xawt/libmawt.so at 0x709f9000
ECX=0x00004262 is an unknown value
EDX=0x00000000 is an unknown value
ESP=0x6fe5fe08 is pointing into the stack for thread: 0x70be7c00
EBP=0x6fe5fe58 is pointing into the stack for thread: 0x70be7c00
ESI=0x00000042 is an unknown value
EDI=0x70be7d28 is an unknown value


Stack: [0x6fe10000,0x6fe61000],  sp=0x6fe5fe08,  free space=319k
Native frames: (J=compiled Java code, j=interpreted, Vv=VM code, C=native code)
v  ~BufferBlob::jni_fast_GetLongField

Java frames: (J=compiled Java code, j=interpreted, Vv=VM code)
j  sun.awt.X11.XlibWrapper.XFilterEvent(JJ)Z+0
J 1059% C2 sun.awt.X11.XToolkit.run(Z)V (410 bytes) @ 0xb373132c [0xb3730dc0+0x56c]
j  sun.awt.X11.XToolkit.run()V+5
j  java.lang.Thread.run()V+11
v  ~StubRoutines::call_stub

---------------  P R O C E S S  ---------------

Java Threads: ( => current thread )
  0x701bac00 JavaThread "Thread-9" [_thread_blocked, id=9751, stack(0x6e3f2000,0x6e443000)]
  0x6dc9f800 JavaThread "Thread-4" daemon [_thread_blocked, id=9102, stack(0x6e3a1000,0x6e3f2000)]
  0xb6409800 JavaThread "DestroyJavaVM" [_thread_blocked, id=9068, stack(0xb6594000,0xb65e5000)]
  0x718b9800 JavaThread "TimerQueue" daemon [_thread_blocked, id=9090, stack(0x6ea46000,0x6ea97000)]
  0x6f747400 JavaThread "AWT-EventQueue-0" [_thread_in_Java, id=9089, stack(0x6fa0c000,0x6fa5d000)]
  0x6f745400 JavaThread "AWT-Shutdown" [_thread_blocked, id=9088, stack(0x6fa5d000,0x6faae000)]
=>0x70be7c00 JavaThread "AWT-XAWT" daemon [_thread_in_native, id=9082, stack(0x6fe10000,0x6fe61000)]
  0x70bcf400 JavaThread "Java2D Disposer" daemon [_thread_blocked, id=9081, stack(0x6fe7f000,0x6fed0000)]
  0x71aa5800 JavaThread "Service Thread" daemon [_thread_blocked, id=9079, stack(0x7172e000,0x7177f000)]
  0x71aa3800 JavaThread "C2 CompilerThread1" daemon [_thread_blocked, id=9078, stack(0x7124e000,0x712cf000)]
  0x71aa1800 JavaThread "C2 CompilerThread0" daemon [_thread_blocked, id=9077, stack(0x7177f000,0x71800000)]
  0x71aa0000 JavaThread "Signal Dispatcher" daemon [_thread_blocked, id=9076, stack(0x7192e000,0x7197f000)]
  0x71a8d400 JavaThread "Finalizer" daemon [_thread_blocked, id=9075, stack(0x7412e000,0x7417f000)]
  0x71a8bc00 JavaThread "Reference Handler" daemon [_thread_blocked, id=9074, stack(0x7432e000,0x7437f000)]

Other Threads:
  0x71a89000 VMThread [stack: 0x7197f000,0x71a00000] [id=9073]
  0x71aa7800 WatcherThread [stack: 0x711cd000,0x7124e000] [id=9080]

VM state:not at safepoint (normal execution)

VM Mutex/Monitor currently owned by a thread: None

Heap
 PSYoungGen      total 12288K, used 2916K [0xa1080000, 0xa34c0000, 0xb3340000)
  eden space 12032K, 24% used [0xa1080000,0xa13551b8,0xa1c40000)
  from space 256K, 6% used [0xa3440000,0xa3444000,0xa3480000)
  to   space 256K, 0% used [0xa3480000,0xa3480000,0xa34c0000)
 ParOldGen       total 69376K, used 54572K [0x7cb40000, 0x80f00000, 0xa1080000)
  object space 69376K, 78% used [0x7cb40000,0x8008b368,0x80f00000)
 PSPermGen       total 52480K, used 24097K [0x74b40000, 0x77e80000, 0x7cb40000)
  object space 52480K, 45% used [0x74b40000,0x762c8510,0x77e80000)

Card table byte_map: [0x7494b000,0x74b40000] byte_map_base: 0x745a5600

Polling page: 0xb778e000

Code Cache  [0xb3400000, 0xb3768000, 0xb6400000)
 total_blobs=1615 nmethods=1050 adapters=518 free_code_cache=45850Kb largest_free_block=46789120

Compilation events (10 events):
Event: 1392.572 Thread 0x71aa3800 1176   !         java.awt.KeyboardFocusManager::clearMostRecentFocusOwner (111 bytes)
Event: 1392.606 Thread 0x71aa1800 1177  s          java.awt.KeyboardFocusManager::getMostRecentFocusOwner (29 bytes)
Event: 1392.615 Thread 0x71aa3800 nmethod 1176 0xb370a548 code [0xb370a720, 0xb370aea4]
Event: 1392.616 Thread 0x71aa3800 1178             java.awt.Window::getTemporaryLostComponent (5 bytes)
Event: 1392.617 Thread 0x71aa3800 nmethod 1178 0xb36f4088 code [0xb36f4160, 0xb36f41b0]
Event: 1392.625 Thread 0x71aa1800 nmethod 1177 0xb36b17c8 code [0xb36b1940, 0xb36b1db0]
Event: 1455.732 Thread 0x71aa3800 1179   !         com.mysql.jdbc.MysqlIO::checkErrorPacket (464 bytes)
Event: 1455.802 Thread 0x71aa3800 nmethod 1179 0xb36bbec8 code [0xb36bc2a0, 0xb36bd0bc]
Event: 2791.840 Thread 0x71aa1800 1180             sun.net.www.MessageHeader::mergeHeader (382 bytes)
Event: 2791.889 Thread 0x71aa1800 nmethod 1180 0xb36fa7c8 code [0xb36faa20, 0xb36fbd74]

GC Heap History (10 events):
Event: 7411.390 GC heap before
{Heap before GC invocations=7797 (full 2):
 PSYoungGen      total 12288K, used 12064K [0xa1080000, 0xa34c0000, 0xb3340000)
  eden space 12032K, 100% used [0xa1080000,0xa1c40000,0xa1c40000)
  from space 256K, 12% used [0xa3480000,0xa3488000,0xa34c0000)
  to   space 256K, 0% used [0xa3440000,0xa3440000,0xa3480000)
 ParOldGen       total 69376K, used 54568K [0x7cb40000, 0x80f00000, 0xa1080000)
  object space 69376K, 78% used [0x7cb40000,0x8008a368,0x80f00000)
 PSPermGen       total 52480K, used 24097K [0x74b40000, 0x77e80000, 0x7cb40000)
  object space 52480K, 45% used [0x74b40000,0x762c8510,0x77e80000)
Event: 7411.393 GC heap after
Heap after GC invocations=7797 (full 2):
 PSYoungGen      total 12288K, used 32K [0xa1080000, 0xa34c0000, 0xb3340000)
  eden space 12032K, 0% used [0xa1080000,0xa1080000,0xa1c40000)
  from space 256K, 12% used [0xa3440000,0xa3448000,0xa3480000)
  to   space 256K, 0% used [0xa3480000,0xa3480000,0xa34c0000)
 ParOldGen       total 69376K, used 54568K [0x7cb40000, 0x80f00000, 0xa1080000)
  object space 69376K, 78% used [0x7cb40000,0x8008a368,0x80f00000)
 PSPermGen       total 52480K, used 24097K [0x74b40000, 0x77e80000, 0x7cb40000)
  object space 52480K, 45% used [0x74b40000,0x762c8510,0x77e80000)
}
Event: 7412.087 GC heap before
{Heap before GC invocations=7798 (full 2):
 PSYoungGen      total 12288K, used 12064K [0xa1080000, 0xa34c0000, 0xb3340000)
  eden space 12032K, 100% used [0xa1080000,0xa1c40000,0xa1c40000)
  from space 256K, 12% used [0xa3440000,0xa3448000,0xa3480000)
  to   space 256K, 0% used [0xa3480000,0xa3480000,0xa34c0000)
 ParOldGen       total 69376K, used 54568K [0x7cb40000, 0x80f00000, 0xa1080000)
  object space 69376K, 78% used [0x7cb40000,0x8008a368,0x80f00000)
 PSPermGen       total 52480K, used 24097K [0x74b40000, 0x77e80000, 0x7cb40000)
  object space 52480K, 45% used [0x74b40000,0x762c8510,0x77e80000)
Event: 7412.090 GC heap after
Heap after GC invocations=7798 (full 2):
 PSYoungGen      total 12288K, used 32K [0xa1080000, 0xa34c0000, 0xb3340000)
  eden space 12032K, 0% used [0xa1080000,0xa1080000,0xa1c40000)
  from space 256K, 12% used [0xa3480000,0xa3488000,0xa34c0000)
  to   space 256K, 0% used [0xa3440000,0xa3440000,0xa3480000)
 ParOldGen       total 69376K, used 54568K [0x7cb40000, 0x80f00000, 0xa1080000)
  object space 69376K, 78% used [0x7cb40000,0x8008a368,0x80f00000)
 PSPermGen       total 52480K, used 24097K [0x74b40000, 0x77e80000, 0x7cb40000)
  object space 52480K, 45% used [0x74b40000,0x762c8510,0x77e80000)
}
Event: 7412.761 GC heap before
{Heap before GC invocations=7799 (full 2):
 PSYoungGen      total 12288K, used 12064K [0xa1080000, 0xa34c0000, 0xb3340000)
  eden space 12032K, 100% used [0xa1080000,0xa1c40000,0xa1c40000)
  from space 256K, 12% used [0xa3480000,0xa3488000,0xa34c0000)
  to   space 256K, 0% used [0xa3440000,0xa3440000,0xa3480000)
 ParOldGen       total 69376K, used 54568K [0x7cb40000, 0x80f00000, 0xa1080000)
  object space 69376K, 78% used [0x7cb40000,0x8008a368,0x80f00000)
 PSPermGen       total 52480K, used 24097K [0x74b40000, 0x77e80000, 0x7cb40000)
  object space 52480K, 45% used [0x74b40000,0x762c8510,0x77e80000)
Event: 7412.765 GC heap after
Heap after GC invocations=7799 (full 2):
 PSYoungGen      total 12288K, used 112K [0xa1080000, 0xa34c0000, 0xb3340000)
  eden space 12032K, 0% used [0xa1080000,0xa1080000,0xa1c40000)
  from space 256K, 43% used [0xa3440000,0xa345c000,0xa3480000)
  to   space 256K, 0% used [0xa3480000,0xa3480000,0xa34c0000)
 ParOldGen       total 69376K, used 54568K [0x7cb40000, 0x80f00000, 0xa1080000)
  object space 69376K, 78% used [0x7cb40000,0x8008a368,0x80f00000)
 PSPermGen       total 52480K, used 24097K [0x74b40000, 0x77e80000, 0x7cb40000)
  object space 52480K, 45% used [0x74b40000,0x762c8510,0x77e80000)
}
Event: 7413.444 GC heap before
{Heap before GC invocations=7800 (full 2):
 PSYoungGen      total 12288K, used 12144K [0xa1080000, 0xa34c0000, 0xb3340000)
  eden space 12032K, 100% used [0xa1080000,0xa1c40000,0xa1c40000)
  from space 256K, 43% used [0xa3440000,0xa345c000,0xa3480000)
  to   space 256K, 0% used [0xa3480000,0xa3480000,0xa34c0000)
 ParOldGen       total 69376K, used 54568K [0x7cb40000, 0x80f00000, 0xa1080000)
  object space 69376K, 78% used [0x7cb40000,0x8008a368,0x80f00000)
 PSPermGen       total 52480K, used 24097K [0x74b40000, 0x77e80000, 0x7cb40000)
  object space 52480K, 45% used [0x74b40000,0x762c8510,0x77e80000)
Event: 7413.449 GC heap after
Heap after GC invocations=7800 (full 2):
 PSYoungGen      total 12288K, used 16K [0xa1080000, 0xa34c0000, 0xb3340000)
  eden space 12032K, 0% used [0xa1080000,0xa1080000,0xa1c40000)
  from space 256K, 6% used [0xa3480000,0xa3484000,0xa34c0000)
  to   space 256K, 0% used [0xa3440000,0xa3440000,0xa3480000)
 ParOldGen       total 69376K, used 54572K [0x7cb40000, 0x80f00000, 0xa1080000)
  object space 69376K, 78% used [0x7cb40000,0x8008b368,0x80f00000)
 PSPermGen       total 52480K, used 24097K [0x74b40000, 0x77e80000, 0x7cb40000)
  object space 52480K, 45% used [0x74b40000,0x762c8510,0x77e80000)
}
Event: 7414.155 GC heap before
{Heap before GC invocations=7801 (full 2):
 PSYoungGen      total 12288K, used 12048K [0xa1080000, 0xa34c0000, 0xb3340000)
  eden space 12032K, 100% used [0xa1080000,0xa1c40000,0xa1c40000)
  from space 256K, 6% used [0xa3480000,0xa3484000,0xa34c0000)
  to   space 256K, 0% used [0xa3440000,0xa3440000,0xa3480000)
 ParOldGen       total 69376K, used 54572K [0x7cb40000, 0x80f00000, 0xa1080000)
  object space 69376K, 78% used [0x7cb40000,0x8008b368,0x80f00000)
 PSPermGen       total 52480K, used 24097K [0x74b40000, 0x77e80000, 0x7cb40000)
  object space 52480K, 45% used [0x74b40000,0x762c8510,0x77e80000)
Event: 7414.161 GC heap after
Heap after GC invocations=7801 (full 2):
 PSYoungGen      total 12288K, used 16K [0xa1080000, 0xa34c0000, 0xb3340000)
  eden space 12032K, 0% used [0xa1080000,0xa1080000,0xa1c40000)
  from space 256K, 6% used [0xa3440000,0xa3444000,0xa3480000)
  to   space 256K, 0% used [0xa3480000,0xa3480000,0xa34c0000)
 ParOldGen       total 69376K, used 54572K [0x7cb40000, 0x80f00000, 0xa1080000)
  object space 69376K, 78% used [0x7cb40000,0x8008b368,0x80f00000)
 PSPermGen       total 52480K, used 24097K [0x74b40000, 0x77e80000, 0x7cb40000)
  object space 52480K, 45% used [0x74b40000,0x762c8510,0x77e80000)
}

Deoptimization events (10 events):
Event: 1351.446 Thread 0x701bd400 Uncommon trap: reason=unreached action=reinterpret pc=0xb3648954 method=com.mysql.jdbc.MysqlIO.sqlQueryDirect(Lcom/mysql/jdbc/Statement;Ljava/lang/String;Ljava/lang/String;Lcom/mysql/jdbc/Buffer;ILcom/mysql/jdbc/Connection;IIZLjava/lang/String;Z)Lcom/mysq
Event: 1351.976 Thread 0x701bd400 Uncommon trap: reason=class_check action=maybe_recompile pc=0xb36254e4 method=javax.swing.UIDefaults.getFromHashtable(Ljava/lang/Object;)Ljava/lang/Object; @ 122
Event: 1351.988 Thread 0x701bd400 Uncommon trap: reason=unreached action=reinterpret pc=0xb372d734 method=java.awt.EventQueue.setCurrentEventAndMostRecentTimeImpl(Ljava/awt/AWTEvent;)V @ 16
Event: 1377.506 Thread 0x6f747400 Uncommon trap: reason=null_check action=make_not_entrant pc=0xb36f5380 method=javax.swing.RepaintManager.extendDirtyRegion(Ljava/awt/Component;IIII)Z @ 10
Event: 1388.333 Thread 0x6f747400 Uncommon trap: reason=bimorphic action=maybe_recompile pc=0xb3721e28 method=java.awt.Component.hide()V @ 105
Event: 1388.376 Thread 0x6f747400 Uncommon trap: reason=class_check action=maybe_recompile pc=0xb367b890 method=javax.swing.plaf.basic.BasicTextUI$UpdateHandler.propertyChange(Ljava/beans/PropertyChangeEvent;)V @ 193
Event: 1388.376 Thread 0x6f747400 Uncommon trap: reason=class_check action=maybe_recompile pc=0xb367b890 method=javax.swing.plaf.basic.BasicTextUI$UpdateHandler.propertyChange(Ljava/beans/PropertyChangeEvent;)V @ 193
Event: 1388.377 Thread 0x6f747400 Uncommon trap: reason=class_check action=maybe_recompile pc=0xb367b890 method=javax.swing.plaf.basic.BasicTextUI$UpdateHandler.propertyChange(Ljava/beans/PropertyChangeEvent;)V @ 193
Event: 1388.377 Thread 0x6f747400 Uncommon trap: reason=class_check action=maybe_recompile pc=0xb367b890 method=javax.swing.plaf.basic.BasicTextUI$UpdateHandler.propertyChange(Ljava/beans/PropertyChangeEvent;)V @ 193
Event: 1392.426 Thread 0x6f747400 Uncommon trap: reason=unreached action=reinterpret pc=0xb36f35f4 method=java.awt.KeyboardFocusManager.clearMostRecentFocusOwner(Ljava/awt/Component;)V @ 89

Internal exceptions (10 events):
Event: 1352.415 Thread 0x6f747400 Threw 0xa1bf7368 at /build/buildd/openjdk-7-7u71-2.5.3/build/openjdk/hotspot/src/share/vm/prims/jni.cpp:747
Event: 1354.325 Thread 0x6f747400 Threw 0xa25e1b60 at /build/buildd/openjdk-7-7u71-2.5.3/build/openjdk/hotspot/src/share/vm/prims/jni.cpp:747
Event: 1354.967 Thread 0x6f747400 Threw 0xa273bc30 at /build/buildd/openjdk-7-7u71-2.5.3/build/openjdk/hotspot/src/share/vm/prims/jni.cpp:747
Event: 1355.981 Thread 0x6f747400 Threw 0xa2b5e600 at /build/buildd/openjdk-7-7u71-2.5.3/build/openjdk/hotspot/src/share/vm/prims/jni.cpp:747
Event: 1377.506 Thread 0x6f747400 Implicit null exception at 0xb36f5184 to 0xb36f5373
Event: 1380.899 Thread 0x6f747400 Threw 0xada36b68 at /build/buildd/openjdk-7-7u71-2.5.3/build/openjdk/hotspot/src/share/vm/prims/jni.cpp:747
Event: 1384.124 Thread 0x6f747400 Threw 0xaf69a050 at /build/buildd/openjdk-7-7u71-2.5.3/build/openjdk/hotspot/src/share/vm/prims/jni.cpp:747
Event: 1387.946 Thread 0x6f747400 Threw 0xa3108770 at /build/buildd/openjdk-7-7u71-2.5.3/build/openjdk/hotspot/src/share/vm/prims/jni.cpp:747
Event: 1388.825 Thread 0x6f747400 Threw 0xa34c6200 at /build/buildd/openjdk-7-7u71-2.5.3/build/openjdk/hotspot/src/share/vm/prims/jni.cpp:747
Event: 1390.448 Thread 0x6f747400 Threw 0xa4140188 at /build/buildd/openjdk-7-7u71-2.5.3/build/openjdk/hotspot/src/share/vm/prims/jni.cpp:747

Events (10 events):
Event: 7411.390 Executing VM operation: ParallelGCFailedAllocation
Event: 7411.393 Executing VM operation: ParallelGCFailedAllocation done
Event: 7412.087 Executing VM operation: ParallelGCFailedAllocation
Event: 7412.090 Executing VM operation: ParallelGCFailedAllocation done
Event: 7412.761 Executing VM operation: ParallelGCFailedAllocation
Event: 7412.765 Executing VM operation: ParallelGCFailedAllocation done
Event: 7413.444 Executing VM operation: ParallelGCFailedAllocation
Event: 7413.449 Executing VM operation: ParallelGCFailedAllocation done
Event: 7414.155 Executing VM operation: ParallelGCFailedAllocation
Event: 7414.161 Executing VM operation: ParallelGCFailedAllocation done


Dynamic libraries:
08048000-08049000 r-xp 00000000 08:06 19401720   /usr/lib/jvm/java-7-openjdk-i386/jre/bin/java
08049000-0804a000 r--p 00000000 08:06 19401720   /usr/lib/jvm/java-7-openjdk-i386/jre/bin/java
0804a000-0804b000 rw-p 00001000 08:06 19401720   /usr/lib/jvm/java-7-openjdk-i386/jre/bin/java
09bcd000-09c51000 rw-p 00000000 00:00 0          [heap]
6d300000-6d3e3000 rw-p 00000000 00:00 0 
6d3e3000-6d400000 ---p 00000000 00:00 0 
6d400000-6d5f0000 rw-p 00000000 00:00 0 
6d5f0000-6d600000 ---p 00000000 00:00 0 
6d600000-6d6cc000 rw-p 00000000 00:00 0 
6d6cc000-6d700000 ---p 00000000 00:00 0 
6d700000-6d7fa000 rw-p 00000000 00:00 0 
6d7fa000-6d800000 ---p 00000000 00:00 0 
6da00000-6daa0000 rw-p 00000000 00:00 0 
6daa0000-6db00000 ---p 00000000 00:00 0 
6dc00000-6dd00000 rw-p 00000000 00:00 0 
6de00000-6deff000 rw-p 00000000 00:00 0 
6deff000-6df00000 ---p 00000000 00:00 0 
6df00000-6dffd000 rw-p 00000000 00:00 0 
6dffd000-6e000000 ---p 00000000 00:00 0 
6e000000-6e0ec000 rw-p 00000000 00:00 0 
6e0ec000-6e100000 ---p 00000000 00:00 0 
6e100000-6e200000 rw-p 00000000 00:00 0 
6e200000-6e2e9000 rw-p 00000000 00:00 0 
6e2e9000-6e300000 ---p 00000000 00:00 0 
6e350000-6e353000 ---p 00000000 00:00 0 
6e353000-6e3a1000 rw-p 00000000 00:00 0 
6e3a1000-6e3a4000 ---p 00000000 00:00 0 
6e3a4000-6e3f2000 rw-p 00000000 00:00 0          [stack:9102]
6e3f2000-6e3f5000 ---p 00000000 00:00 0 
6e3f5000-6e443000 rw-p 00000000 00:00 0          [stack:9751]
6e600000-6e6fc000 rw-p 00000000 00:00 0 
6e6fc000-6e700000 ---p 00000000 00:00 0 
6e800000-6e8fe000 rw-p 00000000 00:00 0 
6e8fe000-6e900000 ---p 00000000 00:00 0 
6e94b000-6e94e000 ---p 00000000 00:00 0 
6e94e000-6e99c000 rw-p 00000000 00:00 0 
6e9a4000-6e9a7000 ---p 00000000 00:00 0 
6e9a7000-6e9f5000 rw-p 00000000 00:00 0 
6e9f5000-6e9f8000 ---p 00000000 00:00 0 
6e9f8000-6ea46000 rw-p 00000000 00:00 0 
6ea46000-6ea49000 ---p 00000000 00:00 0 
6ea49000-6ea97000 rw-p 00000000 00:00 0          [stack:9090]
6ea97000-6eafa000 r-xp 00000000 08:06 16256811   /usr/lib/i386-linux-gnu/nss/libfreebl3.so
6eafa000-6eafb000 r--p 00063000 08:06 16256811   /usr/lib/i386-linux-gnu/nss/libfreebl3.so
6eafb000-6eafc000 rw-p 00064000 08:06 16256811   /usr/lib/i386-linux-gnu/nss/libfreebl3.so
6eafc000-6eb00000 rw-p 00000000 00:00 0 
6eb00000-6ec3f000 r-xp 00000000 08:06 16256345   /usr/lib/i386-linux-gnu/libnss3.so
6ec3f000-6ec42000 r--p 0013e000 08:06 16256345   /usr/lib/i386-linux-gnu/libnss3.so
6ec42000-6ec43000 rw-p 00141000 08:06 16256345   /usr/lib/i386-linux-gnu/libnss3.so
6ec43000-6ec44000 rw-p 00000000 00:00 0 
6f400000-6f422000 rw-p 00000000 00:00 0 
6f422000-6f500000 ---p 00000000 00:00 0 
6f513000-6f53e000 r-xp 00000000 08:06 16257416   /usr/lib/i386-linux-gnu/pkcs11/p11-kit-trust.so
6f53e000-6f542000 r--p 0002a000 08:06 16257416   /usr/lib/i386-linux-gnu/pkcs11/p11-kit-trust.so
6f542000-6f543000 rw-p 0002e000 08:06 16257416   /usr/lib/i386-linux-gnu/pkcs11/p11-kit-trust.so
6f543000-6f5fc000 r-xp 00000000 08:06 16256343   /usr/lib/i386-linux-gnu/libsqlite3.so.0.8.6
6f5fc000-6f5fe000 r--p 000b8000 08:06 16256343   /usr/lib/i386-linux-gnu/libsqlite3.so.0.8.6
6f5fe000-6f5ff000 rw-p 000ba000 08:06 16256343   /usr/lib/i386-linux-gnu/libsqlite3.so.0.8.6
6f5ff000-6f600000 rw-p 00000000 00:00 0 
6f600000-6f6fc000 rw-p 00000000 00:00 0 
6f6fc000-6f700000 ---p 00000000 00:00 0 
6f700000-6f800000 rw-p 00000000 00:00 0 
6f806000-6f80f000 rw-s 00000000 00:04 31227927   /SYSV00000000 (deleted)
6f80f000-6f812000 ---p 00000000 00:00 0 
6f812000-6f82a000 rw-p 00000000 00:00 0 
6f82a000-6f83a000 r--s 00000000 08:06 24641601   /var/cache/fontconfig/d52a8644073d54c13679302ca1180695-le32d4.cache-4
6f83a000-6f85d000 rw-s 00000000 00:04 29065234   /SYSV00000000 (deleted)
6f85d000-6f89c000 r-xp 00000000 08:06 16256819   /usr/lib/i386-linux-gnu/nss/libsoftokn3.so
6f89c000-6f89d000 r--p 0003f000 08:06 16256819   /usr/lib/i386-linux-gnu/nss/libsoftokn3.so
6f89d000-6f89e000 rw-p 00040000 08:06 16256819   /usr/lib/i386-linux-gnu/nss/libsoftokn3.so
6f89e000-6f8d7000 r-xp 00000000 08:06 16253288   /usr/lib/i386-linux-gnu/libnspr4.so
6f8d7000-6f8d8000 r--p 00039000 08:06 16253288   /usr/lib/i386-linux-gnu/libnspr4.so
6f8d8000-6f8d9000 rw-p 0003a000 08:06 16253288   /usr/lib/i386-linux-gnu/libnspr4.so
6f8d9000-6f8db000 rw-p 00000000 00:00 0 
6f8db000-6f8fc000 r-xp 00000000 08:06 16256185   /usr/lib/i386-linux-gnu/libnssutil3.so
6f8fc000-6f8ff000 r--p 00020000 08:06 16256185   /usr/lib/i386-linux-gnu/libnssutil3.so
6f8ff000-6f900000 rw-p 00023000 08:06 16256185   /usr/lib/i386-linux-gnu/libnssutil3.so
6f900000-6f9e4000 rw-p 00000000 00:00 0 
6f9e4000-6fa00000 ---p 00000000 00:00 0 
6fa00000-6fa08000 r--s 00000000 08:06 24641595   /var/cache/fontconfig/945677eb7aeaf62f1d50efc3fb3ec7d8-le32d4.cache-4
6fa08000-6fa0c000 r--s 00000000 08:06 24641585   /var/cache/fontconfig/2cd17615ca594fa2959ae173292e504c-le32d4.cache-4
6fa0c000-6fa0f000 ---p 00000000 00:00 0 
6fa0f000-6fa5d000 rw-p 00000000 00:00 0          [stack:9089]
6fa5d000-6fa60000 ---p 00000000 00:00 0 
6fa60000-6faae000 rw-p 00000000 00:00 0          [stack:9088]
6faae000-6fafd000 r-xp 00000000 08:06 19401680   /usr/lib/jvm/java-7-openjdk-i386/jre/lib/i386/libfontmanager.so
6fafd000-6faff000 r--p 0004e000 08:06 19401680   /usr/lib/jvm/java-7-openjdk-i386/jre/lib/i386/libfontmanager.so
6faff000-6fb00000 rw-p 00050000 08:06 19401680   /usr/lib/jvm/java-7-openjdk-i386/jre/lib/i386/libfontmanager.so
6fb00000-6fbfc000 rw-p 00000000 00:00 0 
6fbfc000-6fc00000 ---p 00000000 00:00 0 
6fc01000-6fc05000 r--s 00000000 08:06 24641594   /var/cache/fontconfig/8801497958630a81b71ace7c5f9b32a8-le32d4.cache-4
6fc05000-6fc0a000 r--s 00000000 08:06 24641586   /var/cache/fontconfig/3047814df9a2f067bd2d96a2b9c36e5a-le32d4.cache-4
6fc0a000-6fc0d000 r-xp 00000000 08:06 16253791   /usr/lib/i386-linux-gnu/libplds4.so
6fc0d000-6fc0e000 r--p 00002000 08:06 16253791   /usr/lib/i386-linux-gnu/libplds4.so
6fc0e000-6fc0f000 rw-p 00003000 08:06 16253791   /usr/lib/i386-linux-gnu/libplds4.so
6fc0f000-6fc13000 r-xp 00000000 08:06 16253363   /usr/lib/i386-linux-gnu/libplc4.so
6fc13000-6fc14000 r--p 00003000 08:06 16253363   /usr/lib/i386-linux-gnu/libplc4.so
6fc14000-6fc15000 rw-p 00004000 08:06 16253363   /usr/lib/i386-linux-gnu/libplc4.so
6fc18000-6fc1f000 r--s 00000000 08:06 24642172   /var/cache/fontconfig/3f7329c5293ffd510edef78f73874cfd-le32d4.cache-4
6fc1f000-6fc28000 r--s 00000000 08:06 24648201   /var/cache/fontconfig/d589a48862398ed80a3d6066f4f56f4c-le32d4.cache-4
6fc28000-6fc71000 r-xp 00000000 08:06 16256094   /usr/lib/i386-linux-gnu/libjpeg.so.8.0.2
6fc71000-6fc72000 r--p 00048000 08:06 16256094   /usr/lib/i386-linux-gnu/libjpeg.so.8.0.2
6fc72000-6fc73000 rw-p 00049000 08:06 16256094   /usr/lib/i386-linux-gnu/libjpeg.so.8.0.2
6fc73000-6fc83000 rw-p 00000000 00:00 0 
6fc83000-6fc94000 r-xp 00000000 08:06 19401679   /usr/lib/jvm/java-7-openjdk-i386/jre/lib/i386/libj2pkcs11.so
6fc94000-6fc95000 r--p 00010000 08:06 19401679   /usr/lib/jvm/java-7-openjdk-i386/jre/lib/i386/libj2pkcs11.so
6fc95000-6fc96000 rw-p 00011000 08:06 19401679   /usr/lib/jvm/java-7-openjdk-i386/jre/lib/i386/libj2pkcs11.so
6fc96000-6fcad000 r-xp 00000000 08:06 19400723   /usr/lib/jvm/java-7-openjdk-i386/jre/lib/i386/libnet.so
6fcad000-6fcae000 r--p 00016000 08:06 19400723   /usr/lib/jvm/java-7-openjdk-i386/jre/lib/i386/libnet.so
6fcae000-6fcaf000 rw-p 00017000 08:06 19400723   /usr/lib/jvm/java-7-openjdk-i386/jre/lib/i386/libnet.so
6fcaf000-6fcb2000 ---p 00000000 00:00 0 
6fcb2000-6fd00000 rw-p 00000000 00:00 0 
6fd00000-6fdfa000 rw-p 00000000 00:00 0 
6fdfa000-6fe00000 ---p 00000000 00:00 0 
6fe00000-6fe05000 r--s 0004c000 08:06 19401698   /usr/lib/jvm/java-7-openjdk-i386/jre/lib/jsse.jar
6fe05000-6fe0e000 r-xp 00000000 08:06 19401687   /usr/lib/jvm/java-7-openjdk-i386/jre/lib/i386/libjavajpeg.so
6fe0e000-6fe0f000 r--p 00008000 08:06 19401687   /usr/lib/jvm/java-7-openjdk-i386/jre/lib/i386/libjavajpeg.so
6fe0f000-6fe10000 rw-p 00009000 08:06 19401687   /usr/lib/jvm/java-7-openjdk-i386/jre/lib/i386/libjavajpeg.so
6fe10000-6fe13000 ---p 00000000 00:00 0 
6fe13000-6fe61000 rw-p 00000000 00:00 0          [stack:9082]
6fe61000-6fe6a000 r-xp 00000000 08:06 16255563   /usr/lib/i386-linux-gnu/libXcursor.so.1.0.2
6fe6a000-6fe6b000 r--p 00008000 08:06 16255563   /usr/lib/i386-linux-gnu/libXcursor.so.1.0.2
6fe6b000-6fe6c000 rw-p 00009000 08:06 16255563   /usr/lib/i386-linux-gnu/libXcursor.so.1.0.2
6fe6c000-6fe7d000 r-xp 00000000 08:06 19400713   /usr/lib/jvm/java-7-openjdk-i386/jre/lib/i386/libnio.so
6fe7d000-6fe7e000 r--p 00010000 08:06 19400713   /usr/lib/jvm/java-7-openjdk-i386/jre/lib/i386/libnio.so
6fe7e000-6fe7f000 rw-p 00011000 08:06 19400713   /usr/lib/jvm/java-7-openjdk-i386/jre/lib/i386/libnio.so
6fe7f000-6fe82000 ---p 00000000 00:00 0 
6fe82000-6fed0000 rw-p 00000000 00:00 0          [stack:9081]
6fed0000-6fef6000 r--p 00000000 08:06 17306426   /usr/share/locale-langpack/es/LC_MESSAGES/libc.mo
6fef6000-6ff32000 r-xp 00000000 08:06 19924009   /lib/i386-linux-gnu/libpcre.so.3.13.1
6ff32000-6ff33000 r--p 0003b000 08:06 19924009   /lib/i386-linux-gnu/libpcre.so.3.13.1
6ff33000-6ff34000 rw-p 0003c000 08:06 19924009   /lib/i386-linux-gnu/libpcre.so.3.13.1
6ff34000-6ff7d000 r-xp 00000000 08:06 19923895   /lib/i386-linux-gnu/libdbus-1.so.3.7.6
6ff7d000-6ff7e000 r--p 00048000 08:06 19923895   /lib/i386-linux-gnu/libdbus-1.so.3.7.6
6ff7e000-6ff7f000 rw-p 00049000 08:06 19923895   /lib/i386-linux-gnu/libdbus-1.so.3.7.6
6ff7f000-6ffb6000 r-xp 00000000 08:06 16256208   /usr/lib/i386-linux-gnu/libp11-kit.so.0.0.0
6ffb6000-6ffb7000 ---p 00037000 08:06 16256208   /usr/lib/i386-linux-gnu/libp11-kit.so.0.0.0
6ffb7000-6ffba000 r--p 00037000 08:06 16256208   /usr/lib/i386-linux-gnu/libp11-kit.so.0.0.0
6ffba000-6ffbb000 rw-p 0003a000 08:06 16256208   /usr/lib/i386-linux-gnu/libp11-kit.so.0.0.0
6ffbb000-7003d000 r-xp 00000000 08:06 19923889   /lib/i386-linux-gnu/libgcrypt.so.11.8.2
7003d000-7003e000 ---p 00082000 08:06 19923889   /lib/i386-linux-gnu/libgcrypt.so.11.8.2
7003e000-7003f000 r--p 00082000 08:06 19923889   /lib/i386-linux-gnu/libgcrypt.so.11.8.2
7003f000-70041000 rw-p 00083000 08:06 19923889   /lib/i386-linux-gnu/libgcrypt.so.11.8.2
70041000-70042000 rw-p 00000000 00:00 0 
70042000-700f9000 r-xp 00000000 08:06 16255848   /usr/lib/i386-linux-gnu/libkrb5.so.3.3
700f9000-700ff000 r--p 000b7000 08:06 16255848   /usr/lib/i386-linux-gnu/libkrb5.so.3.3
700ff000-70100000 rw-p 000bd000 08:06 16255848   /usr/lib/i386-linux-gnu/libkrb5.so.3.3
70100000-701fc000 rw-p 00000000 00:00 0 
701fc000-70200000 ---p 00000000 00:00 0 
70201000-70205000 r-xp 00000000 08:06 16255571   /usr/lib/i386-linux-gnu/libXfixes.so.3.1.0
70205000-70206000 r--p 00003000 08:06 16255571   /usr/lib/i386-linux-gnu/libXfixes.so.3.1.0
70206000-70207000 rw-p 00004000 08:06 16255571   /usr/lib/i386-linux-gnu/libXfixes.so.3.1.0
70207000-7020a000 r-xp 00000000 08:06 19923945   /lib/i386-linux-gnu/libgpg-error.so.0.10.0
7020a000-7020b000 r--p 00002000 08:06 19923945   /lib/i386-linux-gnu/libgpg-error.so.0.10.0
7020b000-7020c000 rw-p 00003000 08:06 19923945   /lib/i386-linux-gnu/libgpg-error.so.0.10.0
7020c000-7020e000 r-xp 00000000 08:06 19923955   /lib/i386-linux-gnu/libkeyutils.so.1.4
7020e000-7020f000 r--p 00002000 08:06 19923955   /lib/i386-linux-gnu/libkeyutils.so.1.4
7020f000-70210000 rw-p 00003000 08:06 19923955   /lib/i386-linux-gnu/libkeyutils.so.1.4
70210000-70236000 r-xp 00000000 08:06 19924021   /lib/i386-linux-gnu/libpng12.so.0.50.0
70236000-70237000 r--p 00025000 08:06 19924021   /lib/i386-linux-gnu/libpng12.so.0.50.0
70237000-70238000 rw-p 00026000 08:06 19924021   /lib/i386-linux-gnu/libpng12.so.0.50.0
70238000-7024a000 r-xp 00000000 08:06 16256365   /usr/lib/i386-linux-gnu/libtasn1.so.6.2.0
7024a000-7024b000 r--p 00011000 08:06 16256365   /usr/lib/i386-linux-gnu/libtasn1.so.6.2.0
7024b000-7024c000 rw-p 00012000 08:06 16256365   /usr/lib/i386-linux-gnu/libtasn1.so.6.2.0
7024c000-70256000 r-xp 00000000 08:06 16255942   /usr/lib/i386-linux-gnu/libkrb5support.so.0.1
70256000-70257000 r--p 00009000 08:06 16255942   /usr/lib/i386-linux-gnu/libkrb5support.so.0.1
70257000-70258000 rw-p 0000a000 08:06 16255942   /usr/lib/i386-linux-gnu/libkrb5support.so.0.1
70258000-7025b000 r-xp 00000000 08:06 19923921   /lib/i386-linux-gnu/libcom_err.so.2.1
7025b000-7025c000 r--p 00002000 08:06 19923921   /lib/i386-linux-gnu/libcom_err.so.2.1
7025c000-7025d000 rw-p 00003000 08:06 19923921   /lib/i386-linux-gnu/libcom_err.so.2.1
7025d000-7028b000 r-xp 00000000 08:06 16254956   /usr/lib/i386-linux-gnu/libk5crypto.so.3.1
7028b000-7028c000 r--p 0002d000 08:06 16254956   /usr/lib/i386-linux-gnu/libk5crypto.so.3.1
7028c000-7028d000 rw-p 0002e000 08:06 16254956   /usr/lib/i386-linux-gnu/libk5crypto.so.3.1
7028d000-70292000 r-xp 00000000 08:06 16255567   /usr/lib/i386-linux-gnu/libXdmcp.so.6.0.0
70292000-70293000 r--p 00004000 08:06 16255567   /usr/lib/i386-linux-gnu/libXdmcp.so.6.0.0
70293000-70294000 rw-p 00005000 08:06 16255567   /usr/lib/i386-linux-gnu/libXdmcp.so.6.0.0
70294000-70296000 r-xp 00000000 08:06 16255556   /usr/lib/i386-linux-gnu/libXau.so.6.0.0
70296000-70297000 r--p 00001000 08:06 16255556   /usr/lib/i386-linux-gnu/libXau.so.6.0.0
70297000-70298000 rw-p 00002000 08:06 16255556   /usr/lib/i386-linux-gnu/libXau.so.6.0.0
70298000-7029d000 r-xp 00000000 08:06 16255819   /usr/lib/i386-linux-gnu/libffi.so.6.0.1
7029d000-7029e000 r--p 00005000 08:06 16255819   /usr/lib/i386-linux-gnu/libffi.so.6.0.1
7029e000-7029f000 rw-p 00006000 08:06 16255819   /usr/lib/i386-linux-gnu/libffi.so.6.0.1
7029f000-702b2000 r-xp 00000000 08:06 19922973   /lib/i386-linux-gnu/libresolv-2.19.so
702b2000-702b3000 ---p 00013000 08:06 19922973   /lib/i386-linux-gnu/libresolv-2.19.so
702b3000-702b4000 r--p 00013000 08:06 19922973   /lib/i386-linux-gnu/libresolv-2.19.so
702b4000-702b5000 rw-p 00014000 08:06 19922973   /lib/i386-linux-gnu/libresolv-2.19.so
702b5000-702b7000 rw-p 00000000 00:00 0 
702b7000-702d7000 r-xp 00000000 08:06 19924036   /lib/i386-linux-gnu/libselinux.so.1
702d7000-702d8000 r--p 0001f000 08:06 19924036   /lib/i386-linux-gnu/libselinux.so.1
702d8000-702d9000 rw-p 00020000 08:06 19924036   /lib/i386-linux-gnu/libselinux.so.1
702d9000-702da000 rw-p 00000000 00:00 0 
702da000-703e4000 r-xp 00000000 08:06 19923891   /lib/i386-linux-gnu/libglib-2.0.so.0.4002.0
703e4000-703e5000 r--p 00109000 08:06 19923891   /lib/i386-linux-gnu/libglib-2.0.so.0.4002.0
703e5000-703e6000 rw-p 0010a000 08:06 19923891   /lib/i386-linux-gnu/libglib-2.0.so.0.4002.0
703e6000-703e9000 r-xp 00000000 08:06 16258530   /usr/lib/i386-linux-gnu/libgmodule-2.0.so.0.4002.0
703e9000-703ea000 r--p 00002000 08:06 16258530   /usr/lib/i386-linux-gnu/libgmodule-2.0.so.0.4002.0
703ea000-703eb000 rw-p 00003000 08:06 16258530   /usr/lib/i386-linux-gnu/libgmodule-2.0.so.0.4002.0
703eb000-70410000 r-xp 00000000 08:06 19923934   /lib/i386-linux-gnu/libexpat.so.1.6.0
70410000-70411000 ---p 00025000 08:06 19923934   /lib/i386-linux-gnu/libexpat.so.1.6.0
70411000-70413000 r--p 00025000 08:06 19923934   /lib/i386-linux-gnu/libexpat.so.1.6.0
70413000-70414000 rw-p 00027000 08:06 19923934   /lib/i386-linux-gnu/libexpat.so.1.6.0
70414000-704ae000 r-xp 00000000 08:06 16255843   /usr/lib/i386-linux-gnu/libfreetype.so.6.11.1
704ae000-704af000 ---p 0009a000 08:06 16255843   /usr/lib/i386-linux-gnu/libfreetype.so.6.11.1
704af000-704b3000 r--p 0009a000 08:06 16255843   /usr/lib/i386-linux-gnu/libfreetype.so.6.11.1
704b3000-704b4000 rw-p 0009e000 08:06 16255843   /usr/lib/i386-linux-gnu/libfreetype.so.6.11.1
704b4000-704c4000 r-xp 00000000 08:06 16255655   /usr/lib/i386-linux-gnu/libavahi-client.so.3.2.9
704c4000-704c5000 r--p 0000f000 08:06 16255655   /usr/lib/i386-linux-gnu/libavahi-client.so.3.2.9
704c5000-704c6000 rw-p 00010000 08:06 16255655   /usr/lib/i386-linux-gnu/libavahi-client.so.3.2.9
704c6000-704d2000 r-xp 00000000 08:06 16255657   /usr/lib/i386-linux-gnu/libavahi-common.so.3.5.3
704d2000-704d3000 r--p 0000b000 08:06 16255657   /usr/lib/i386-linux-gnu/libavahi-common.so.3.5.3
704d3000-704d4000 rw-p 0000c000 08:06 16255657   /usr/lib/i386-linux-gnu/libavahi-common.so.3.5.3
704d4000-70595000 r-xp 00000000 08:06 16255915   /usr/lib/i386-linux-gnu/libgnutls.so.26.22.6
70595000-70599000 r--p 000c0000 08:06 16255915   /usr/lib/i386-linux-gnu/libgnutls.so.26.22.6
70599000-7059a000 rw-p 000c4000 08:06 16255915   /usr/lib/i386-linux-gnu/libgnutls.so.26.22.6
7059a000-705dd000 r-xp 00000000 08:06 16255622   /usr/lib/i386-linux-gnu/libgssapi_krb5.so.2.2
705dd000-705de000 r--p 00042000 08:06 16255622   /usr/lib/i386-linux-gnu/libgssapi_krb5.so.2.2
705de000-705df000 rw-p 00043000 08:06 16255622   /usr/lib/i386-linux-gnu/libgssapi_krb5.so.2.2
705df000-705ff000 r-xp 00000000 08:06 16256475   /usr/lib/i386-linux-gnu/libxcb.so.1.1.0
705ff000-70600000 r--p 0001f000 08:06 16256475   /usr/lib/i386-linux-gnu/libxcb.so.1.1.0
70600000-70601000 rw-p 00020000 08:06 16256475   /usr/lib/i386-linux-gnu/libxcb.so.1.1.0
70601000-70651000 r-xp 00000000 08:06 16253217   /usr/lib/i386-linux-gnu/libgobject-2.0.so.0.4002.0
70651000-70652000 r--p 0004f000 08:06 16253217   /usr/lib/i386-linux-gnu/libgobject-2.0.so.0.4002.0
70652000-70653000 rw-p 00050000 08:06 16253217   /usr/lib/i386-linux-gnu/libgobject-2.0.so.0.4002.0
70653000-707d0000 r-xp 00000000 08:06 16253266   /usr/lib/i386-linux-gnu/libgio-2.0.so.0.4002.0
707d0000-707d2000 r--p 0017d000 08:06 16253266   /usr/lib/i386-linux-gnu/libgio-2.0.so.0.4002.0
707d2000-707d3000 rw-p 0017f000 08:06 16253266   /usr/lib/i386-linux-gnu/libgio-2.0.so.0.4002.0
707d3000-707d4000 rw-p 00000000 00:00 0 
707d4000-7080d000 r-xp 00000000 08:06 16255831   /usr/lib/i386-linux-gnu/libfontconfig.so.1.8.0
7080d000-7080e000 r--p 00039000 08:06 16255831   /usr/lib/i386-linux-gnu/libfontconfig.so.1.8.0
7080e000-7080f000 rw-p 0003a000 08:06 16255831   /usr/lib/i386-linux-gnu/libfontconfig.so.1.8.0
7080f000-70876000 r-xp 00000000 08:06 16253374   /usr/lib/i386-linux-gnu/libcups.so.2
70876000-70877000 ---p 00067000 08:06 16253374   /usr/lib/i386-linux-gnu/libcups.so.2
70877000-7087b000 r--p 00067000 08:06 16253374   /usr/lib/i386-linux-gnu/libcups.so.2
7087b000-7087c000 rw-p 0006b000 08:06 16253374   /usr/lib/i386-linux-gnu/libcups.so.2
7087c000-7088b000 r-xp 00000000 08:06 16255577   /usr/lib/i386-linux-gnu/libXi.so.6.1.0
7088b000-7088c000 r--p 0000e000 08:06 16255577   /usr/lib/i386-linux-gnu/libXi.so.6.1.0
7088c000-7088d000 rw-p 0000f000 08:06 16255577   /usr/lib/i386-linux-gnu/libXi.so.6.1.0
7088d000-70892000 r-xp 00000000 08:06 16255597   /usr/lib/i386-linux-gnu/libXtst.so.6.1.0
70892000-70893000 r--p 00004000 08:06 16255597   /usr/lib/i386-linux-gnu/libXtst.so.6.1.0
70893000-70894000 rw-p 00005000 08:06 16255597   /usr/lib/i386-linux-gnu/libXtst.so.6.1.0
70894000-7089d000 r-xp 00000000 08:06 16255591   /usr/lib/i386-linux-gnu/libXrender.so.1.3.0
7089d000-7089e000 r--p 00008000 08:06 16255591   /usr/lib/i386-linux-gnu/libXrender.so.1.3.0
7089e000-7089f000 rw-p 00009000 08:06 16255591   /usr/lib/i386-linux-gnu/libXrender.so.1.3.0
7089f000-709cf000 r-xp 00000000 08:06 16255552   /usr/lib/i386-linux-gnu/libX11.so.6.3.0
709cf000-709d0000 r--p 00130000 08:06 16255552   /usr/lib/i386-linux-gnu/libX11.so.6.3.0
709d0000-709d2000 rw-p 00131000 08:06 16255552   /usr/lib/i386-linux-gnu/libX11.so.6.3.0
709d2000-709d3000 rw-p 00000000 00:00 0 
709d3000-709e4000 r-xp 00000000 08:06 16255569   /usr/lib/i386-linux-gnu/libXext.so.6.4.0
709e4000-709e5000 r--p 00010000 08:06 16255569   /usr/lib/i386-linux-gnu/libXext.so.6.4.0
709e5000-709e6000 rw-p 00011000 08:06 16255569   /usr/lib/i386-linux-gnu/libXext.so.6.4.0
709e6000-709e9000 r--s 00017000 08:06 19401702   /usr/lib/jvm/java-7-openjdk-i386/jre/lib/jce.jar
709e9000-709f2000 r--s 000b9000 08:06 19401717   /usr/lib/jvm/java-7-openjdk-i386/jre/lib/resources.jar
709f2000-709f9000 r--s 00000000 08:06 16259781   /usr/lib/i386-linux-gnu/gconv/gconv-modules.cache
709f9000-70a41000 r-xp 00000000 08:06 19400697   /usr/lib/jvm/java-7-openjdk-i386/jre/lib/i386/xawt/libmawt.so
70a41000-70a42000 r--p 00047000 08:06 19400697   /usr/lib/jvm/java-7-openjdk-i386/jre/lib/i386/xawt/libmawt.so
70a42000-70a44000 rw-p 00048000 08:06 19400697   /usr/lib/jvm/java-7-openjdk-i386/jre/lib/i386/xawt/libmawt.so
70a44000-70a45000 rw-p 00000000 00:00 0 
70a45000-70ad4000 r-xp 00000000 08:06 19400714   /usr/lib/jvm/java-7-openjdk-i386/jre/lib/i386/libawt.so
70ad4000-70ad5000 r--p 0008f000 08:06 19400714   /usr/lib/jvm/java-7-openjdk-i386/jre/lib/i386/libawt.so
70ad5000-70adc000 rw-p 00090000 08:06 19400714   /usr/lib/jvm/java-7-openjdk-i386/jre/lib/i386/libawt.so
70adc000-70b00000 rw-p 00000000 00:00 0 
70b00000-70bfd000 rw-p 00000000 00:00 0 
70bfd000-70c00000 ---p 00000000 00:00 0 
70c00000-70c0a000 r--s 00203000 08:06 19401710   /usr/lib/jvm/java-7-openjdk-i386/jre/lib/charsets.jar
70c0a000-70c25000 r--s 0012c000 08:06 22549196   /home/sistema/proyectos/escritorio/lib/org.apache.httpcomponents.httpclient_4.3.5.jar
70c25000-70c63000 r--s 0025b000 08:06 22549719   /home/sistema/proyectos/escritorio/lib/xmlbeans-2.5.0.jar
70c63000-70c68000 r--s 00010000 08:06 22549717   /home/sistema/proyectos/escritorio/lib/xml-apis-ext.jar
70c68000-70c81000 r--s 00134000 08:06 22549716   /home/sistema/proyectos/escritorio/lib/xercesImpl-2.10.0.jar
70c81000-70d00000 r--s 0034a000 08:06 22549702   /home/sistema/proyectos/escritorio/lib/poi-ooxml-schemas-3.7-20101029.jar
70d00000-70df8000 rw-p 00000000 00:00 0 
70df8000-70e00000 ---p 00000000 00:00 0 
70e00000-70efe000 rw-p 00000000 00:00 0 
70efe000-70f00000 ---p 00000000 00:00 0 
70f02000-70f03000 r--s 00005000 08:06 22549726   /home/sistema/proyectos/escritorio/lib/json-simple-1.1.1.jar
70f03000-70f28000 r--s 002e3000 08:06 22549715   /home/sistema/proyectos/escritorio/lib/xalan-2.7.1.jar
70f28000-70f36000 r--s 000b7000 08:06 22549714   /home/sistema/proyectos/escritorio/lib/velocity-1.7-dep.jar
70f36000-70f37000 r--s 00002000 08:06 22549713   /home/sistema/proyectos/escritorio/lib/swing-worker-1.1.jar
70f37000-70f38000 r--s 0001c000 08:06 22549712   /home/sistema/proyectos/escritorio/lib/swing-layout-1.0.4.jar
70f38000-70f3d000 r--s 0006d000 08:06 22549710   /home/sistema/proyectos/escritorio/lib/sqljdbc4.jar
70f3d000-70f41000 r--s 0028c000 08:06 22549709   /home/sistema/proyectos/escritorio/lib/sqlitejdbc-v056.jar
70f41000-70f48000 r--s 00040000 08:06 22549708   /home/sistema/proyectos/escritorio/lib/spring-core-2.5.5.jar
70f48000-70f52000 r--s 0006d000 08:06 22549707   /home/sistema/proyectos/escritorio/lib/spring-beans-2.5.5.jar
70f52000-70f54000 r--s 00016000 08:06 22549706   /home/sistema/proyectos/escritorio/lib/servlet-api-2.4.jar
70f54000-70f5d000 r--s 0002d000 08:06 22549718   /home/sistema/proyectos/escritorio/lib/xml-apis.jar
70f5d000-70f60000 r--s 00041000 08:06 22549705   /home/sistema/proyectos/escritorio/lib/serializer.jar
70f60000-70f6d000 r--s 00106000 08:06 22549703   /home/sistema/proyectos/escritorio/lib/rhino-1.7R3.jar
70f6d000-70f74000 r--s 00073000 08:06 22549701   /home/sistema/proyectos/escritorio/lib/poi-ooxml-3.7-20101029.jar
70f74000-70f91000 r--s 0017c000 08:06 22549700   /home/sistema/proyectos/escritorio/lib/poi-3.7-20101029.jar
70f91000-70f99000 r--s 00065000 08:06 22549698   /home/sistema/proyectos/escritorio/lib/olap4j-0.9.7.309-JS-3.jar
70f99000-70fc1000 r--s 0025e000 08:06 22549696   /home/sistema/proyectos/escritorio/lib/mondrian-3.1.1.12687.jar
70fc1000-70fca000 r--s 00055000 08:06 22549695   /home/sistema/proyectos/escritorio/lib/lucene-queryparser-4.5.1.jar
70fca000-70ff0000 r--s 0020b000 08:06 22549694   /home/sistema/proyectos/escritorio/lib/lucene-core-4.5.1.jar
70ff0000-71000000 r--s 00174000 08:06 22549693   /home/sistema/proyectos/escritorio/lib/lucene-analyzers-common-4.5.1.jar
71000000-710f5000 rw-p 00000000 00:00 0 
710f5000-71100000 ---p 00000000 00:00 0 
71100000-71101000 r--s 0001c000 08:06 22549711   /home/sistema/proyectos/escritorio/lib/swing-layout-1.0.3.jar
71101000-71103000 r--s 00003000 08:06 22549704   /home/sistema/proyectos/escritorio/lib/saaj-api-1.3.jar
71103000-71107000 r--s 00068000 08:06 22549697   /home/sistema/proyectos/escritorio/lib/mysql-connector-java-3.1.11-bin.jar
71107000-71113000 r--s 000aa000 08:06 22549691   /home/sistema/proyectos/escritorio/lib/jxl-2.6.10.jar
71113000-7116e000 r--s 00463000 08:06 22549684   /home/sistema/proyectos/escritorio/lib/jasperreports-5.6.0.jar
7116e000-711cd000 r--s 00589000 08:06 22549677   /home/sistema/proyectos/escritorio/lib/groovy-all-2.0.1.jar
711cd000-711ce000 ---p 00000000 00:00 0 
711ce000-7124e000 rw-p 00000000 00:00 0          [stack:9080]
7124e000-71251000 ---p 00000000 00:00 0 
71251000-712cf000 rw-p 00000000 00:00 0          [stack:9078]
712cf000-71400000 r--p 00189000 08:06 16257885   /usr/lib/locale/locale-archive
71400000-71600000 r--p 00000000 08:06 16257885   /usr/lib/locale/locale-archive
71600000-71621000 rw-p 00000000 00:00 0 
71621000-71700000 ---p 00000000 00:00 0 
71700000-71701000 r--s 00002000 08:06 22549699   /home/sistema/proyectos/escritorio/lib/png-encoder-1.5.jar
71701000-71708000 r--s 00059000 08:06 22549692   /home/sistema/proyectos/escritorio/lib/log4j-1.2.15.jar
71708000-71718000 r--s 0013f000 08:06 22549689   /home/sistema/proyectos/escritorio/lib/jfreechart-1.0.12.jar
71718000-71722000 r--s 0011e000 08:06 22549688   /home/sistema/proyectos/escritorio/lib/jdt-compiler-3.1.1.jar
71722000-71728000 r--s 00046000 08:06 22549687   /home/sistema/proyectos/escritorio/lib/jcommon-1.0.15.jar
71728000-7172e000 r--s 00032000 08:06 22549685   /home/sistema/proyectos/escritorio/lib/jaxen-1.1.1.jar
7172e000-71731000 ---p 00000000 00:00 0 
71731000-7177f000 rw-p 00000000 00:00 0          [stack:9079]
7177f000-71782000 ---p 00000000 00:00 0 
71782000-71800000 rw-p 00000000 00:00 0          [stack:9077]
71800000-718ed000 rw-p 00000000 00:00 0 
718ed000-71900000 ---p 00000000 00:00 0 
71900000-71903000 r--s 00009000 08:06 22549690   /home/sistema/proyectos/escritorio/lib/jpa.jar
71903000-71914000 r--s 000d2000 08:06 22549683   /home/sistema/proyectos/escritorio/lib/jackson-databind-2.1.4.jar
71914000-71918000 r--s 0002f000 08:06 22549682   /home/sistema/proyectos/escritorio/lib/jackson-core-2.1.4.jar
71918000-71925000 r--s 00108000 08:06 22549680   /home/sistema/proyectos/escritorio/lib/iText-2.1.7.js2.jar
71925000-7192e000 r--s 000a4000 08:06 22549679   /home/sistema/proyectos/escritorio/lib/hsqldb-1.8.0-10.jar
7192e000-71931000 ---p 00000000 00:00 0 
71931000-7197f000 rw-p 00000000 00:00 0          [stack:9076]
7197f000-71980000 ---p 00000000 00:00 0 
71980000-71a00000 rw-p 00000000 00:00 0          [stack:9073]
71a00000-71afd000 rw-p 00000000 00:00 0 
71afd000-71b00000 ---p 00000000 00:00 0 
71b00000-71b02000 r--s 0001e000 08:06 22549686   /home/sistema/proyectos/escritorio/lib/jcalendar.jar
71b02000-71b04000 r--s 00007000 08:06 22549681   /home/sistema/proyectos/escritorio/lib/jackson-annotations-2.1.4.jar
71b04000-71b1c000 r--s 00181000 08:06 22549678   /home/sistema/proyectos/escritorio/lib/hibernate3.jar
71b1c000-71b21000 r--s 00048000 08:06 22549676   /home/sistema/proyectos/escritorio/lib/dom4j-1.6.1.jar
71b21000-71b27000 r--s 0002b000 08:06 22549673   /home/sistema/proyectos/escritorio/lib/commons-digester-2.1.jar
71b27000-71cd8000 r--s 01d25000 08:06 19400622   /usr/lib/jvm/java-7-openjdk-i386/jre/lib/rt.jar
71cd8000-74000000 rw-p 00000000 00:00 0 
74000000-74100000 rw-p 00000000 00:00 0 
74100000-74102000 r--s 0000d000 08:06 22549675   /home/sistema/proyectos/escritorio/lib/commons-logging-1.1.1.jar
74102000-74110000 r--s 0007f000 08:06 22549672   /home/sistema/proyectos/escritorio/lib/commons-collections-3.2.1.jar
74110000-74115000 r--s 00034000 08:06 22549671   /home/sistema/proyectos/escritorio/lib/commons-beanutils-1.8.0.jar
74115000-74124000 r--s 000c3000 08:06 22549670   /home/sistema/proyectos/escritorio/lib/castor-1.2.jar
74124000-7412e000 r--s 00079000 08:06 22549668   /home/sistema/proyectos/escritorio/lib/bcel-5.2.jar
7412e000-74131000 ---p 00000000 00:00 0 
74131000-7417f000 rw-p 00000000 00:00 0          [stack:9075]
7417f000-74180000 ---p 00000000 00:00 0 
74180000-74200000 rw-p 00000000 00:00 0          [stack:9072]
74200000-74300000 rw-p 00000000 00:00 0 
74300000-74303000 r--s 00015000 08:06 22549674   /home/sistema/proyectos/escritorio/lib/commons-javaflow-20060411.jar
74303000-74308000 r--s 00040000 08:06 22549669   /home/sistema/proyectos/escritorio/lib/bsh-2.0b4.jar
74308000-7430b000 r--s 0001d000 08:06 22549666   /home/sistema/proyectos/escritorio/lib/batik-util.jar
7430b000-74310000 r--s 00030000 08:06 22549665   /home/sistema/proyectos/escritorio/lib/batik-svggen.jar
74310000-7431d000 r--s 00087000 08:06 22549664   /home/sistema/proyectos/escritorio/lib/batik-svg-dom.jar
7431d000-74320000 r--s 0000d000 08:06 22549663   /home/sistema/proyectos/escritorio/lib/batik-script.jar
74320000-74322000 r--s 00010000 08:06 22549662   /home/sistema/proyectos/escritorio/lib/batik-parser.jar
74322000-74326000 r--s 00038000 08:06 22549661   /home/sistema/proyectos/escritorio/lib/batik-gvt.jar
74326000-7432e000 r--s 00045000 08:06 22549658   /home/sistema/proyectos/escritorio/lib/batik-css.jar
7432e000-74331000 ---p 00000000 00:00 0 
74331000-7437f000 rw-p 00000000 00:00 0          [stack:9074]
7437f000-74380000 ---p 00000000 00:00 0 
74380000-74400000 rw-p 00000000 00:00 0          [stack:9071]
74400000-74448000 rw-p 00000000 00:00 0 
74448000-74500000 ---p 00000000 00:00 0 
74500000-74504000 r--s 00027000 08:06 22549659   /home/sistema/proyectos/escritorio/lib/batik-dom.jar
74504000-7450e000 r--s 00080000 08:06 22549657   /home/sistema/proyectos/escritorio/lib/batik-bridge.jar
7450e000-74515000 r--s 0005c000 08:06 22549656   /home/sistema/proyectos/escritorio/lib/batik-awt-util.jar
74515000-74518000 r--s 00015000 08:06 22549655   /home/sistema/proyectos/escritorio/lib/batik-anim.jar
74518000-7451d000 r--s 0003e000 08:06 22549654   /home/sistema/proyectos/escritorio/lib/barcode4j-2.1.jar
7451d000-74520000 r--s 00014000 08:06 22549653   /home/sistema/proyectos/escritorio/lib/barbecue-1.5-beta1.jar
74520000-74524000 r--s 0003d000 08:06 22549652   /home/sistema/proyectos/escritorio/lib/appframework-1.0.3.jar
74524000-7457f000 rw-p 00000000 00:00 0 
7457f000-74580000 ---p 00000000 00:00 0 
74580000-74600000 rw-p 00000000 00:00 0          [stack:9070]
74600000-74621000 rw-p 00000000 00:00 0 
74621000-74700000 ---p 00000000 00:00 0 
74700000-74701000 r--s 00007000 08:06 22549667   /home/sistema/proyectos/escritorio/lib/batik-xml.jar
74701000-74706000 r--s 00066000 08:06 22549651   /home/sistema/proyectos/escritorio/lib/antlr-2.7.5.jar
74706000-74767000 rw-p 00000000 00:00 0 
74767000-74768000 ---p 00000000 00:00 0 
74768000-74802000 rw-p 00000000 00:00 0          [stack:9069]
74802000-74828000 rw-p 00000000 00:00 0 
74828000-7484a000 rw-p 00000000 00:00 0 
7484a000-7494b000 rw-p 00000000 00:00 0 
7494b000-74965000 rw-p 00000000 00:00 0 
74965000-7498b000 rw-p 00000000 00:00 0 
7498b000-749ad000 rw-p 00000000 00:00 0 
749ad000-74aad000 rw-p 00000000 00:00 0 
74aad000-74ac0000 rw-p 00000000 00:00 0 
74ac0000-74b3f000 ---p 00000000 00:00 0 
74b3f000-77e80000 rw-p 00000000 00:00 0 
77e80000-7cb40000 rw-p 00000000 00:00 0 
7cb40000-80f00000 rw-p 00000000 00:00 0 
80f00000-a1080000 rw-p 00000000 00:00 0 
a1080000-a34c0000 rw-p 00000000 00:00 0 
a34c0000-b3200000 ---p 00000000 00:00 0 
b3200000-b3340000 rw-p 00000000 00:00 0 
b3340000-b334e000 rw-p 00000000 00:00 0 
b334e000-b3400000 rw-p 00000000 00:00 0 
b3400000-b3768000 rwxp 00000000 00:00 0 
b3768000-b64f9000 rw-p 00000000 00:00 0 
b64f9000-b6500000 ---p 00000000 00:00 0 
b6500000-b6501000 r--s 00002000 08:06 22549660   /home/sistema/proyectos/escritorio/lib/batik-ext.jar
b6501000-b6505000 r--s 0003c000 08:06 19401713   /usr/lib/jvm/java-7-openjdk-i386/jre/lib/ext/sunpkcs11.jar
b6505000-b6507000 r--s 00012000 08:06 19401714   /usr/lib/jvm/java-7-openjdk-i386/jre/lib/ext/zipfs.jar
b6507000-b650a000 r--s 0000f000 08:06 19401712   /usr/lib/jvm/java-7-openjdk-i386/jre/lib/ext/icedtea-sound.jar
b650a000-b650e000 r--s 00085000 08:06 19401716   /usr/lib/jvm/java-7-openjdk-i386/jre/lib/ext/localedata.jar
b650e000-b6510000 r--s 00006000 08:06 16389249   /usr/share/java/java-atk-wrapper.jar
b6510000-b6514000 r--s 00034000 08:06 19401711   /usr/lib/jvm/java-7-openjdk-i386/jre/lib/ext/sunjce_provider.jar
b6514000-b651f000 r-xp 00000000 08:06 19922948   /lib/i386-linux-gnu/libnss_files-2.19.so
b651f000-b6520000 r--p 0000a000 08:06 19922948   /lib/i386-linux-gnu/libnss_files-2.19.so
b6520000-b6521000 rw-p 0000b000 08:06 19922948   /lib/i386-linux-gnu/libnss_files-2.19.so
b6521000-b652b000 r-xp 00000000 08:06 19922993   /lib/i386-linux-gnu/libnss_nis-2.19.so
b652b000-b652c000 r--p 00009000 08:06 19922993   /lib/i386-linux-gnu/libnss_nis-2.19.so
b652c000-b652d000 rw-p 0000a000 08:06 19922993   /lib/i386-linux-gnu/libnss_nis-2.19.so
b652d000-b6542000 r-xp 00000000 08:06 19922990   /lib/i386-linux-gnu/libnsl-2.19.so
b6542000-b6543000 r--p 00015000 08:06 19922990   /lib/i386-linux-gnu/libnsl-2.19.so
b6543000-b6544000 rw-p 00016000 08:06 19922990   /lib/i386-linux-gnu/libnsl-2.19.so
b6544000-b6546000 rw-p 00000000 00:00 0 
b6546000-b654d000 r-xp 00000000 08:06 19922959   /lib/i386-linux-gnu/libnss_compat-2.19.so
b654d000-b654e000 r--p 00006000 08:06 19922959   /lib/i386-linux-gnu/libnss_compat-2.19.so
b654e000-b654f000 rw-p 00007000 08:06 19922959   /lib/i386-linux-gnu/libnss_compat-2.19.so
b654f000-b6550000 r--s 00002000 08:06 19401715   /usr/lib/jvm/java-7-openjdk-i386/jre/lib/ext/dnsns.jar
b6550000-b6558000 r-xp 00000000 08:06 19400709   /usr/lib/jvm/java-7-openjdk-i386/jre/lib/i386/libzip.so
b6558000-b6559000 r--p 00007000 08:06 19400709   /usr/lib/jvm/java-7-openjdk-i386/jre/lib/i386/libzip.so
b6559000-b655a000 rw-p 00008000 08:06 19400709   /usr/lib/jvm/java-7-openjdk-i386/jre/lib/i386/libzip.so
b655a000-b6562000 rw-s 00000000 08:06 27787287   /tmp/hsperfdata_sistema/9064
b6562000-b6589000 r-xp 00000000 08:06 19400707   /usr/lib/jvm/java-7-openjdk-i386/jre/lib/i386/libjava.so
b6589000-b658a000 r--p 00026000 08:06 19400707   /usr/lib/jvm/java-7-openjdk-i386/jre/lib/i386/libjava.so
b658a000-b658b000 rw-p 00027000 08:06 19400707   /usr/lib/jvm/java-7-openjdk-i386/jre/lib/i386/libjava.so
b658b000-b6592000 r-xp 00000000 08:06 19922974   /lib/i386-linux-gnu/librt-2.19.so
b6592000-b6593000 r--p 00006000 08:06 19922974   /lib/i386-linux-gnu/librt-2.19.so
b6593000-b6594000 rw-p 00007000 08:06 19922974   /lib/i386-linux-gnu/librt-2.19.so
b6594000-b6597000 ---p 00000000 00:00 0 
b6597000-b65e5000 rw-p 00000000 00:00 0          [stack:9068]
b65e5000-b6601000 r-xp 00000000 08:06 19922972   /lib/i386-linux-gnu/libgcc_s.so.1
b6601000-b6602000 rw-p 0001b000 08:06 19922972   /lib/i386-linux-gnu/libgcc_s.so.1
b6602000-b6646000 r-xp 00000000 08:06 19922991   /lib/i386-linux-gnu/libm-2.19.so
b6646000-b6647000 r--p 00043000 08:06 19922991   /lib/i386-linux-gnu/libm-2.19.so
b6647000-b6648000 rw-p 00044000 08:06 19922991   /lib/i386-linux-gnu/libm-2.19.so
b6648000-b6724000 r-xp 00000000 08:06 16256349   /usr/lib/i386-linux-gnu/libstdc++.so.6.0.19
b6724000-b6725000 ---p 000dc000 08:06 16256349   /usr/lib/i386-linux-gnu/libstdc++.so.6.0.19
b6725000-b6729000 r--p 000dc000 08:06 16256349   /usr/lib/i386-linux-gnu/libstdc++.so.6.0.19
b6729000-b672a000 rw-p 000e0000 08:06 16256349   /usr/lib/i386-linux-gnu/libstdc++.so.6.0.19
b672a000-b6731000 rw-p 00000000 00:00 0 
b6731000-b711c000 r-xp 00000000 08:06 19400726   /usr/lib/jvm/java-7-openjdk-i386/jre/lib/i386/server/libjvm.so
b711c000-b711d000 ---p 009eb000 08:06 19400726   /usr/lib/jvm/java-7-openjdk-i386/jre/lib/i386/server/libjvm.so
b711d000-b716f000 r--p 009eb000 08:06 19400726   /usr/lib/jvm/java-7-openjdk-i386/jre/lib/i386/server/libjvm.so
b716f000-b7183000 rw-p 00a3d000 08:06 19400726   /usr/lib/jvm/java-7-openjdk-i386/jre/lib/i386/server/libjvm.so
b7183000-b75a1000 rw-p 00000000 00:00 0 
b75a1000-b75b9000 r-xp 00000000 08:06 19924066   /lib/i386-linux-gnu/libz.so.1.2.8
b75b9000-b75ba000 r--p 00017000 08:06 19924066   /lib/i386-linux-gnu/libz.so.1.2.8
b75ba000-b75bb000 rw-p 00018000 08:06 19924066   /lib/i386-linux-gnu/libz.so.1.2.8
b75bb000-b75d3000 r-xp 00000000 08:06 19923004   /lib/i386-linux-gnu/libpthread-2.19.so
b75d3000-b75d4000 r--p 00017000 08:06 19923004   /lib/i386-linux-gnu/libpthread-2.19.so
b75d4000-b75d5000 rw-p 00018000 08:06 19923004   /lib/i386-linux-gnu/libpthread-2.19.so
b75d5000-b75d7000 rw-p 00000000 00:00 0 
b75d7000-b75da000 r-xp 00000000 08:06 19927108   /lib/i386-linux-gnu/libdl-2.19.so
b75da000-b75db000 r--p 00002000 08:06 19927108   /lib/i386-linux-gnu/libdl-2.19.so
b75db000-b75dc000 rw-p 00003000 08:06 19927108   /lib/i386-linux-gnu/libdl-2.19.so
b75dc000-b7785000 r-xp 00000000 08:06 19922996   /lib/i386-linux-gnu/libc-2.19.so
b7785000-b7786000 ---p 001a9000 08:06 19922996   /lib/i386-linux-gnu/libc-2.19.so
b7786000-b7788000 r--p 001a9000 08:06 19922996   /lib/i386-linux-gnu/libc-2.19.so
b7788000-b7789000 rw-p 001ab000 08:06 19922996   /lib/i386-linux-gnu/libc-2.19.so
b7789000-b778c000 rw-p 00000000 00:00 0 
b778c000-b778d000 r--p 00525000 08:06 16257885   /usr/lib/locale/locale-archive
b778d000-b778e000 rw-p 00000000 00:00 0 
b778e000-b778f000 r--p 00000000 00:00 0 
b778f000-b779d000 r-xp 00000000 08:06 19401686   /usr/lib/jvm/java-7-openjdk-i386/jre/lib/i386/libverify.so
b779d000-b779e000 r--p 0000d000 08:06 19401686   /usr/lib/jvm/java-7-openjdk-i386/jre/lib/i386/libverify.so
b779e000-b779f000 rw-p 0000e000 08:06 19401686   /usr/lib/jvm/java-7-openjdk-i386/jre/lib/i386/libverify.so
b779f000-b77ab000 r-xp 00000000 08:06 19401690   /usr/lib/jvm/java-7-openjdk-i386/jre/lib/i386/jli/libjli.so
b77ab000-b77ac000 r--p 0000c000 08:06 19401690   /usr/lib/jvm/java-7-openjdk-i386/jre/lib/i386/jli/libjli.so
b77ac000-b77ad000 rw-p 0000d000 08:06 19401690   /usr/lib/jvm/java-7-openjdk-i386/jre/lib/i386/jli/libjli.so
b77ad000-b77b0000 rw-p 00000000 00:00 0 
b77b0000-b77b1000 r-xp 00000000 00:00 0          [vdso]
b77b1000-b77d1000 r-xp 00000000 08:06 19923005   /lib/i386-linux-gnu/ld-2.19.so
b77d1000-b77d2000 r--p 0001f000 08:06 19923005   /lib/i386-linux-gnu/ld-2.19.so
b77d2000-b77d3000 rw-p 00020000 08:06 19923005   /lib/i386-linux-gnu/ld-2.19.so
bf888000-bf889000 rwxp 00000000 00:00 0 
bf8ba000-bf8dc000 rw-p 00000000 00:00 0          [stack]

VM Arguments:
jvm_args: -Dfile.encoding=UTF-8 
java_command: vistas.FrmPrincipal
Launcher Type: SUN_STANDARD

Environment Variables:
PATH=/usr/local/sbin:/usr/local/bin:/usr/sbin:/usr/bin:/sbin:/bin:/usr/games:/usr/local/games
LD_LIBRARY_PATH=/usr/lib/jvm/java-7-openjdk-i386/jre/lib/amd64:/usr/lib/jvm/java-7-openjdk-i386/jre/lib/i386:
SHELL=/bin/bash
DISPLAY=:0

Signal Handlers:
SIGSEGV: [libjvm.so+0x80a5e0], sa_mask[0]=0x7ffbfeff, sa_flags=0x10000004
SIGBUS: [libjvm.so+0x80a5e0], sa_mask[0]=0x7ffbfeff, sa_flags=0x10000004
SIGFPE: [libjvm.so+0x6844f0], sa_mask[0]=0x7ffbfeff, sa_flags=0x10000004
SIGPIPE: SIG_IGN, sa_mask[0]=0x00000000, sa_flags=0x00000000
SIGXFSZ: [libjvm.so+0x6844f0], sa_mask[0]=0x7ffbfeff, sa_flags=0x10000004
SIGILL: [libjvm.so+0x6844f0], sa_mask[0]=0x7ffbfeff, sa_flags=0x10000004
SIGUSR1: SIG_DFL, sa_mask[0]=0x00000000, sa_flags=0x00000000
SIGUSR2: [libjvm.so+0x684380], sa_mask[0]=0x00000004, sa_flags=0x10000004
SIGHUP: [libjvm.so+0x6845b0], sa_mask[0]=0x7ffbfeff, sa_flags=0x10000004
SIGINT: SIG_IGN, sa_mask[0]=0x00000000, sa_flags=0x00000000
SIGTERM: [libjvm.so+0x6845b0], sa_mask[0]=0x7ffbfeff, sa_flags=0x10000004
SIGQUIT: [libjvm.so+0x6845b0], sa_mask[0]=0x7ffbfeff, sa_flags=0x10000004
SIGTRAP: SIG_DFL, sa_mask[0]=0x00000000, sa_flags=0x00000000


---------------  S Y S T E M  ---------------

OS:Ubuntu 14.04 (trusty)
uname:Linux 3.13.0-39-generic #66-Ubuntu SMP Tue Oct 28 13:31:23 UTC 2014 i686
libc:glibc 2.19 NPTL 2.19 
rlimit: STACK 8192k, CORE 0k, NPROC 27631, NOFILE 4096, AS infinity
load average:2.99 3.11 2.81

/proc/meminfo:
MemTotal:        3563568 kB
MemFree:         1065800 kB
Buffers:          178860 kB
Cached:           571828 kB
SwapCached:           44 kB
Active:          1823612 kB
Inactive:         492952 kB
Active(anon):    1168268 kB
Inactive(anon):   420364 kB
Active(file):     655344 kB
Inactive(file):    72588 kB
Unevictable:          40 kB
Mlocked:              40 kB
HighTotal:       2713892 kB
HighFree:         699088 kB
LowTotal:         849676 kB
LowFree:          366712 kB
SwapTotal:       3618812 kB
SwapFree:        3618468 kB
Dirty:               408 kB
Writeback:             0 kB
AnonPages:       1565896 kB
Mapped:           185820 kB
Shmem:             22364 kB
Slab:             127064 kB
SReclaimable:     104364 kB
SUnreclaim:        22700 kB
KernelStack:        3984 kB
PageTables:         8288 kB
NFS_Unstable:          0 kB
Bounce:              716 kB
WritebackTmp:          0 kB
CommitLimit:     5400596 kB
Committed_AS:    3351344 kB
VmallocTotal:     122880 kB
VmallocUsed:       46564 kB
VmallocChunk:      41596 kB
HardwareCorrupted:     0 kB
AnonHugePages:   1157120 kB
HugePages_Total:       0
HugePages_Free:        0
HugePages_Rsvd:        0
HugePages_Surp:        0
Hugepagesize:       2048 kB
DirectMap4k:       47096 kB
DirectMap2M:      866304 kB


CPU:total 4 (4 cores per cpu, 1 threads per core) family 22 model 0 stepping 1, cmov, cx8, fxsr, mmx, sse, sse2, sse3, ssse3, sse4.1, sse4.2, popcnt, avx, aes, mmxext, 3dnowpref, lzcnt, sse4a, tsc, tscinvbit, tscinv

/proc/cpuinfo:
processor	: 0
vendor_id	: AuthenticAMD
cpu family	: 22
model		: 0
model name	: AMD E2-3800 APU with Radeon(TM) HD Graphics
stepping	: 1
microcode	: 0x700010b
cpu MHz		: 1300.000
cache size	: 2048 KB
physical id	: 0
siblings	: 4
core id		: 0
cpu cores	: 4
apicid		: 0
initial apicid	: 0
fdiv_bug	: no
f00f_bug	: no
coma_bug	: no
fpu		: yes
fpu_exception	: yes
cpuid level	: 13
wp		: yes
flags		: fpu vme de pse tsc msr pae mce cx8 apic sep mtrr pge mca cmov pat pse36 clflush mmx fxsr sse sse2 ht syscall nx mmxext fxsr_opt pdpe1gb rdtscp lm constant_tsc nonstop_tsc extd_apicid aperfmperf eagerfpu pni pclmulqdq monitor ssse3 cx16 sse4_1 sse4_2 movbe popcnt aes xsave avx f16c lahf_lm cmp_legacy svm extapic cr8_legacy abm sse4a misalignsse 3dnowprefetch osvw ibs skinit wdt topoext perfctr_nb perfctr_l2 arat xsaveopt hw_pstate proc_feedback npt lbrv svm_lock nrip_save tsc_scale flushbyasid decodeassists pausefilter pfthreshold bmi1
bogomips	: 2595.19
clflush size	: 64
cache_alignment	: 64
address sizes	: 40 bits physical, 48 bits virtual
power management: ts ttp tm 100mhzsteps hwpstate [11]

processor	: 1
vendor_id	: AuthenticAMD
cpu family	: 22
model		: 0
model name	: AMD E2-3800 APU with Radeon(TM) HD Graphics    
stepping	: 1
microcode	: 0x700010b
cpu MHz		: 1300.000
cache size	: 2048 KB
physical id	: 0
siblings	: 4
core id		: 1
cpu cores	: 4
apicid		: 1
initial apicid	: 1
fdiv_bug	: no
f00f_bug	: no
coma_bug	: no
fpu		: yes
fpu_exception	: yes
cpuid level	: 13
wp		: yes
flags		: fpu vme de pse tsc msr pae mce cx8 apic sep mtrr pge mca cmov pat pse36 clflush mmx fxsr sse sse2 ht syscall nx mmxext fxsr_opt pdpe1gb rdtscp lm constant_tsc nonstop_tsc extd_apicid aperfmperf eagerfpu pni pclmulqdq monitor ssse3 cx16 sse4_1 sse4_2 movbe popcnt aes xsave avx f16c lahf_lm cmp_legacy svm extapic cr8_legacy abm sse4a misalignsse 3dnowprefetch osvw ibs skinit wdt topoext perfctr_nb perfctr_l2 arat xsaveopt hw_pstate proc_feedback npt lbrv svm_lock nrip_save tsc_scale flushbyasid decodeassists pausefilter pfthreshold bmi1
bogomips	: 2595.19
clflush size	: 64
cache_alignment	: 64
address sizes	: 40 bits physical, 48 bits virtual
power management: ts ttp tm 100mhzsteps hwpstate [11]

processor	: 2
vendor_id	: AuthenticAMD
cpu family	: 22
model		: 0
model name	: AMD E2-3800 APU with Radeon(TM) HD Graphics    
stepping	: 1
microcode	: 0x700010b
cpu MHz		: 1300.000
cache size	: 2048 KB
physical id	: 0
siblings	: 4
core id		: 2
cpu cores	: 4
apicid		: 2
initial apicid	: 2
fdiv_bug	: no
f00f_bug	: no
coma_bug	: no
fpu		: yes
fpu_exception	: yes
cpuid level	: 13
wp		: yes
flags		: fpu vme de pse tsc msr pae mce cx8 apic sep mtrr pge mca cmov pat pse36 clflush mmx fxsr sse sse2 ht syscall nx mmxext fxsr_opt pdpe1gb rdtscp lm constant_tsc nonstop_tsc extd_apicid aperfmperf eagerfpu pni pclmulqdq monitor ssse3 cx16 sse4_1 sse4_2 movbe popcnt aes xsave avx f16c lahf_lm cmp_legacy svm extapic cr8_legacy abm sse4a misalignsse 3dnowprefetch osvw ibs skinit wdt topoext perfctr_nb perfctr_l2 arat xsaveopt hw_pstate proc_feedback npt lbrv svm_lock nrip_save tsc_scale flushbyasid decodeassists pausefilter pfthreshold bmi1
bogomips	: 2595.19
clflush size	: 64
cache_alignment	: 64
address sizes	: 40 bits physical, 48 bits virtual
power management: ts ttp tm 100mhzsteps hwpstate [11]

processor	: 3
vendor_id	: AuthenticAMD
cpu family	: 22
model		: 0
model name	: AMD E2-3800 APU with Radeon(TM) HD Graphics    
stepping	: 1
microcode	: 0x700010b
cpu MHz		: 1300.000
cache size	: 2048 KB
physical id	: 0
siblings	: 4
core id		: 3
cpu cores	: 4
apicid		: 3
initial apicid	: 3
fdiv_bug	: no
f00f_bug	: no
coma_bug	: no
fpu		: yes
fpu_exception	: yes
cpuid level	: 13
wp		: yes
flags		: fpu vme de pse tsc msr pae mce cx8 apic sep mtrr pge mca cmov pat pse36 clflush mmx fxsr sse sse2 ht syscall nx mmxext fxsr_opt pdpe1gb rdtscp lm constant_tsc nonstop_tsc extd_apicid aperfmperf eagerfpu pni pclmulqdq monitor ssse3 cx16 sse4_1 sse4_2 movbe popcnt aes xsave avx f16c lahf_lm cmp_legacy svm extapic cr8_legacy abm sse4a misalignsse 3dnowprefetch osvw ibs skinit wdt topoext perfctr_nb perfctr_l2 arat xsaveopt hw_pstate proc_feedback npt lbrv svm_lock nrip_save tsc_scale flushbyasid decodeassists pausefilter pfthreshold bmi1
bogomips	: 2595.19
clflush size	: 64
cache_alignment	: 64
address sizes	: 40 bits physical, 48 bits virtual
power management: ts ttp tm 100mhzsteps hwpstate [11]



Memory: 4k page, physical 3563568k(1065800k free), swap 3618812k(3618468k free)

vm_info: OpenJDK Server VM (24.65-b04) for linux-x86 JRE (1.7.0_65-b32), built on Oct 22 2014 04:44:59 by "buildd" with gcc 4.8.2

time: Thu Nov 13 16:14:56 2014
elapsed time: 7414 seconds

