#
# A fatal error has been detected by the Java Runtime Environment:
#
#  SIGSEGV (0xb) at pc=0xb334769d, pid=2125, tid=1877769024
#
# JRE version: OpenJDK Runtime Environment (7.0_65-b32) (build 1.7.0_65-b32)
# Java VM: OpenJDK Server VM (24.65-b04 mixed mode linux-x86 )
# Derivative: IcedTea 2.5.2
# Distribution: Ubuntu 14.04 LTS, package 7u65-2.5.2-3~14.04
# Problematic frame:
# v  ~BufferBlob::jni_fast_GetLongField
#
# Failed to write core dump. Core dumps have been disabled. To enable core dumping, try "ulimit -c unlimited" before starting Java again
#
# If you would like to submit a bug report, please include
# instructions on how to reproduce the bug and visit:
#   http://icedtea.classpath.org/bugzilla
# The crash happened outside the Java Virtual Machine in native code.
# See problematic frame for where to report the bug.
#

---------------  T H R E A D  ---------------

Current thread (0x70ac7c00):  JavaThread "AWT-XAWT" daemon [_thread_in_native, id=2143, stack(0x6fe77000,0x6fec8000)]

siginfo:si_signo=SIGSEGV: si_errno=0, si_code=1 (SEGV_MAPERR), si_addr=0x00000000

Registers:
EAX=0x00000000, EBX=0x70b5c000, ECX=0x00000206, EDX=0x00000000
ESP=0x6fec6e18, EBP=0x6fec6e68, ESI=0x00000042, EDI=0x70ac7d28
EIP=0xb334769d, EFLAGS=0x00010246, CR2=0x00000000

Top of Stack: (sp=0x6fec6e18)
0x6fec6e18:   00000000 70b2e823 70ac7d28 00000000
0x6fec6e28:   00000042 70566000 70a8c850 b76398c8
0x6fec6e38:   70566000 70ac7d28 70a8c85c 70ac3bf0
0x6fec6e48:   6fec6e68 70b2e8f4 b70d9120 00010002
0x6fec6e58:   70b2e7ff 7092f000 6fb1b6d0 00000000
0x6fec6e68:   6fbab9d0 7085be18 6fbab9d0 00000000
0x6fec6e78:   00000000 7092f000 7092f000 70a7bb70
0x6fec6e88:   7085bdb9 7092f000 6fbabdb0 00e00003 

Instructions: (pc=0xb334769d)
0xb334767d:   00 00 00 56 8b 0d a4 42 0f b7 f6 c1 01 0f 85 30
0xb334768d:   00 00 00 8b c1 83 e0 01 8b 54 04 0c 8b 74 24 10
0xb334769d:   8b 12 c1 ee 02 8b 04 32 8b 54 32 04 be a4 42 0f
0xb33476ad:   b7 33 f2 33 f0 33 f2 33 f0 3b 0e 0f 85 02 00 00 

Register to memory mapping:

EAX=0x00000000 is an unknown value
EBX=0x70b5c000: <offset 0x49000> in /usr/lib/jvm/java-7-openjdk-i386/jre/lib/i386/xawt/libmawt.so at 0x70b13000
ECX=0x00000206 is an unknown value
EDX=0x00000000 is an unknown value
ESP=0x6fec6e18 is pointing into the stack for thread: 0x70ac7c00
EBP=0x6fec6e68 is pointing into the stack for thread: 0x70ac7c00
ESI=0x00000042 is an unknown value
EDI=0x70ac7d28 is an unknown value


Stack: [0x6fe77000,0x6fec8000],  sp=0x6fec6e18,  free space=319k
Native frames: (J=compiled Java code, j=interpreted, Vv=VM code, C=native code)
v  ~BufferBlob::jni_fast_GetLongField

Java frames: (J=compiled Java code, j=interpreted, Vv=VM code)
j  sun.awt.X11.XlibWrapper.XFilterEvent(JJ)Z+0
j  sun.awt.X11.XToolkit.run(Z)V+300
j  sun.awt.X11.XToolkit.run()V+5
j  java.lang.Thread.run()V+11
v  ~StubRoutines::call_stub

---------------  P R O C E S S  ---------------

Java Threads: ( => current thread )
  0x6eb05800 JavaThread "Thread-3" [_thread_blocked, id=2155, stack(0x6e91b000,0x6e96c000)]
  0x6ef1a400 JavaThread "Thread-2" daemon [_thread_blocked, id=2151, stack(0x6ec04000,0x6ec55000)]
  0xb6309800 JavaThread "DestroyJavaVM" [_thread_blocked, id=2129, stack(0xb64f9000,0xb654a000)]
  0x6fbbe000 JavaThread "TimerQueue" daemon [_thread_blocked, id=2148, stack(0x6eaaf000,0x6eb00000)]
=>0x70ac7c00 JavaThread "AWT-XAWT" daemon [_thread_in_native, id=2143, stack(0x6fe77000,0x6fec8000)]
  0x70ab2400 JavaThread "Java2D Disposer" daemon [_thread_blocked, id=2142, stack(0x6feec000,0x6ff3d000)]
  0x71aa3400 JavaThread "Service Thread" daemon [_thread_blocked, id=2140, stack(0x7170d000,0x7175e000)]
  0x71aa1800 JavaThread "C2 CompilerThread1" daemon [_thread_blocked, id=2139, stack(0x711cd000,0x7124e000)]
  0x71a9f800 JavaThread "C2 CompilerThread0" daemon [_thread_blocked, id=2138, stack(0x7124e000,0x712cf000)]
  0x71a9e000 JavaThread "Signal Dispatcher" daemon [_thread_blocked, id=2137, stack(0x7175e000,0x717af000)]
  0x71a8d400 JavaThread "Finalizer" daemon [_thread_blocked, id=2136, stack(0x717af000,0x71800000)]
  0x71a8bc00 JavaThread "Reference Handler" daemon [_thread_blocked, id=2135, stack(0x7192e000,0x7197f000)]

Other Threads:
  0x71a89000 VMThread [stack: 0x7197f000,0x71a00000] [id=2134]
  0x71aa5800 WatcherThread [stack: 0x7114c000,0x711cd000] [id=2141]

VM state:not at safepoint (normal execution)

VM Mutex/Monitor currently owned by a thread: None

Heap
 PSYoungGen      total 121600K, used 39298K [0xa0f80000, 0xa9e80000, 0xb3240000)
  eden space 106752K, 22% used [0xa0f80000,0xa2761a48,0xa77c0000)
  from space 14848K, 99% used [0xa8980000,0xa97fee90,0xa9800000)
  to   space 18176K, 0% used [0xa77c0000,0xa77c0000,0xa8980000)
 ParOldGen       total 37120K, used 25032K [0x7ca40000, 0x7ee80000, 0xa0f80000)
  object space 37120K, 67% used [0x7ca40000,0x7e2b2050,0x7ee80000)
 PSPermGen       total 16384K, used 15854K [0x74a40000, 0x75a40000, 0x7ca40000)
  object space 16384K, 96% used [0x74a40000,0x759bbbb8,0x75a40000)

Card table byte_map: [0x7484b000,0x74a40000] byte_map_base: 0x744a5e00

Polling page: 0xb76f2000

Code Cache  [0xb3300000, 0xb3540000, 0xb6300000)
 total_blobs=794 nmethods=506 adapters=242 free_code_cache=48005Kb largest_free_block=49126208

Compilation events (10 events):
Event: 388.945 Thread 0x71aa1800  547   !         sun.awt.X11.XToolkit::callTimeoutTasks (220 bytes)
Event: 389.003 Thread 0x71aa1800 nmethod 547 0xb34242c8 code [0xb34245a0, 0xb34251c0]
Event: 450.261 Thread 0x71a9f800  548             java.util.ArrayList$Itr::<init> (6 bytes)
Event: 450.261 Thread 0x71aa1800  549             java.util.ArrayList$Itr::<init> (26 bytes)
Event: 450.263 Thread 0x71a9f800 nmethod 548 0xb341d7c8 code [0xb341d8c0, 0xb341d930]
Event: 450.264 Thread 0x71aa1800 nmethod 549 0xb33c0888 code [0xb33c0980, 0xb33c09f0]
Event: 838.412 Thread 0x71a9f800  550             java.util.HashMap$HashIterator::hasNext (13 bytes)
Event: 838.413 Thread 0x71a9f800 nmethod 550 0xb341d608 code [0xb341d6e0, 0xb341d730]
Event: 1556.378 Thread 0x71a9f800  551   !         sun.awt.X11.XToolkit::getNextTaskTime (55 bytes)
Event: 1556.407 Thread 0x71a9f800 nmethod 551 0xb341db88 code [0xb341dd20, 0xb341e2c0]

GC Heap History (10 events):
Event: 12.238 GC heap before
{Heap before GC invocations=4 (full 0):
 PSYoungGen      total 16384K, used 16379K [0xa0f80000, 0xa2f80000, 0xb3240000)
  eden space 14080K, 100% used [0xa0f80000,0xa1d40000,0xa1d40000)
  from space 2304K, 99% used [0xa1d40000,0xa1f7edb0,0xa1f80000)
  to   space 2304K, 0% used [0xa2d40000,0xa2d40000,0xa2f80000)
 ParOldGen       total 37120K, used 6302K [0x7ca40000, 0x7ee80000, 0xa0f80000)
  object space 37120K, 16% used [0x7ca40000,0x7d067800,0x7ee80000)
 PSPermGen       total 16384K, used 14132K [0x74a40000, 0x75a40000, 0x7ca40000)
  object space 16384K, 86% used [0x74a40000,0x7580d150,0x75a40000)
Event: 12.270 GC heap after
Heap after GC invocations=4 (full 0):
 PSYoungGen      total 30464K, used 2290K [0xa0f80000, 0xa2f80000, 0xb3240000)
  eden space 28160K, 0% used [0xa0f80000,0xa0f80000,0xa2b00000)
  from space 2304K, 99% used [0xa2d40000,0xa2f7cbe0,0xa2f80000)
  to   space 2304K, 0% used [0xa2b00000,0xa2b00000,0xa2d40000)
 ParOldGen       total 37120K, used 9993K [0x7ca40000, 0x7ee80000, 0xa0f80000)
  object space 37120K, 26% used [0x7ca40000,0x7d402410,0x7ee80000)
 PSPermGen       total 16384K, used 14132K [0x74a40000, 0x75a40000, 0x7ca40000)
  object space 16384K, 86% used [0x74a40000,0x7580d150,0x75a40000)
}
Event: 13.730 GC heap before
{Heap before GC invocations=5 (full 0):
 PSYoungGen      total 30464K, used 30450K [0xa0f80000, 0xa2f80000, 0xb3240000)
  eden space 28160K, 100% used [0xa0f80000,0xa2b00000,0xa2b00000)
  from space 2304K, 99% used [0xa2d40000,0xa2f7cbe0,0xa2f80000)
  to   space 2304K, 0% used [0xa2b00000,0xa2b00000,0xa2d40000)
 ParOldGen       total 37120K, used 9993K [0x7ca40000, 0x7ee80000, 0xa0f80000)
  object space 37120K, 26% used [0x7ca40000,0x7d402410,0x7ee80000)
 PSPermGen       total 16384K, used 14190K [0x74a40000, 0x75a40000, 0x7ca40000)
  object space 16384K, 86% used [0x74a40000,0x7581b8c8,0x75a40000)
Event: 13.776 GC heap after
Heap after GC invocations=5 (full 0):
 PSYoungGen      total 30464K, used 2299K [0xa0f80000, 0xa5900000, 0xb3240000)
  eden space 28160K, 0% used [0xa0f80000,0xa0f80000,0xa2b00000)
  from space 2304K, 99% used [0xa2b00000,0xa2d3ee10,0xa2d40000)
  to   space 9472K, 0% used [0xa4fc0000,0xa4fc0000,0xa5900000)
 ParOldGen       total 37120K, used 17654K [0x7ca40000, 0x7ee80000, 0xa0f80000)
  object space 37120K, 47% used [0x7ca40000,0x7db7db08,0x7ee80000)
 PSPermGen       total 16384K, used 14190K [0x74a40000, 0x75a40000, 0x7ca40000)
  object space 16384K, 86% used [0x74a40000,0x7581b8c8,0x75a40000)
}
Event: 16.848 GC heap before
{Heap before GC invocations=6 (full 0):
 PSYoungGen      total 30464K, used 30459K [0xa0f80000, 0xa5900000, 0xb3240000)
  eden space 28160K, 100% used [0xa0f80000,0xa2b00000,0xa2b00000)
  from space 2304K, 99% used [0xa2b00000,0xa2d3ee10,0xa2d40000)
  to   space 9472K, 0% used [0xa4fc0000,0xa4fc0000,0xa5900000)
 ParOldGen       total 37120K, used 17654K [0x7ca40000, 0x7ee80000, 0xa0f80000)
  object space 37120K, 47% used [0x7ca40000,0x7db7db08,0x7ee80000)
 PSPermGen       total 16384K, used 15518K [0x74a40000, 0x75a40000, 0x7ca40000)
  object space 16384K, 94% used [0x74a40000,0x75967b30,0x75a40000)
Event: 16.906 GC heap after
Heap after GC invocations=6 (full 0):
 PSYoungGen      total 64512K, used 8969K [0xa0f80000, 0xa5b80000, 0xb3240000)
  eden space 55040K, 0% used [0xa0f80000,0xa0f80000,0xa4540000)
  from space 9472K, 94% used [0xa4fc0000,0xa5882588,0xa5900000)
  to   space 10752K, 0% used [0xa4540000,0xa4540000,0xa4fc0000)
 ParOldGen       total 37120K, used 17654K [0x7ca40000, 0x7ee80000, 0xa0f80000)
  object space 37120K, 47% used [0x7ca40000,0x7db7db08,0x7ee80000)
 PSPermGen       total 16384K, used 15518K [0x74a40000, 0x75a40000, 0x7ca40000)
  object space 16384K, 94% used [0x74a40000,0x75967b30,0x75a40000)
}
Event: 20.342 GC heap before
{Heap before GC invocations=7 (full 0):
 PSYoungGen      total 64512K, used 64009K [0xa0f80000, 0xa5b80000, 0xb3240000)
  eden space 55040K, 100% used [0xa0f80000,0xa4540000,0xa4540000)
  from space 9472K, 94% used [0xa4fc0000,0xa5882588,0xa5900000)
  to   space 10752K, 0% used [0xa4540000,0xa4540000,0xa4fc0000)
 ParOldGen       total 37120K, used 17654K [0x7ca40000, 0x7ee80000, 0xa0f80000)
  object space 37120K, 47% used [0x7ca40000,0x7db7db08,0x7ee80000)
 PSPermGen       total 16384K, used 15766K [0x74a40000, 0x75a40000, 0x7ca40000)
  object space 16384K, 96% used [0x74a40000,0x759a5bf0,0x75a40000)
Event: 20.443 GC heap after
Heap after GC invocations=7 (full 0):
 PSYoungGen      total 65792K, used 10737K [0xa0f80000, 0xa9800000, 0xb3240000)
  eden space 55040K, 0% used [0xa0f80000,0xa0f80000,0xa4540000)
  from space 10752K, 99% used [0xa4540000,0xa4fbc760,0xa4fc0000)
  to   space 14848K, 0% used [0xa8980000,0xa8980000,0xa9800000)
 ParOldGen       total 37120K, used 22751K [0x7ca40000, 0x7ee80000, 0xa0f80000)
  object space 37120K, 61% used [0x7ca40000,0x7e077cc0,0x7ee80000)
 PSPermGen       total 16384K, used 15766K [0x74a40000, 0x75a40000, 0x7ca40000)
  object space 16384K, 96% used [0x74a40000,0x759a5bf0,0x75a40000)
}
Event: 146.775 GC heap before
{Heap before GC invocations=8 (full 0):
 PSYoungGen      total 65792K, used 65777K [0xa0f80000, 0xa9800000, 0xb3240000)
  eden space 55040K, 100% used [0xa0f80000,0xa4540000,0xa4540000)
  from space 10752K, 99% used [0xa4540000,0xa4fbc760,0xa4fc0000)
  to   space 14848K, 0% used [0xa8980000,0xa8980000,0xa9800000)
 ParOldGen       total 37120K, used 22751K [0x7ca40000, 0x7ee80000, 0xa0f80000)
  object space 37120K, 61% used [0x7ca40000,0x7e077cc0,0x7ee80000)
 PSPermGen       total 16384K, used 15841K [0x74a40000, 0x75a40000, 0x7ca40000)
  object space 16384K, 96% used [0x74a40000,0x759b8670,0x75a40000)
Event: 146.876 GC heap after
Heap after GC invocations=8 (full 0):
 PSYoungGen      total 121600K, used 14843K [0xa0f80000, 0xa9e80000, 0xb3240000)
  eden space 106752K, 0% used [0xa0f80000,0xa0f80000,0xa77c0000)
  from space 14848K, 99% used [0xa8980000,0xa97fee90,0xa9800000)
  to   space 18176K, 0% used [0xa77c0000,0xa77c0000,0xa8980000)
 ParOldGen       total 37120K, used 25032K [0x7ca40000, 0x7ee80000, 0xa0f80000)
  object space 37120K, 67% used [0x7ca40000,0x7e2b2050,0x7ee80000)
 PSPermGen       total 16384K, used 15841K [0x74a40000, 0x75a40000, 0x7ca40000)
  object space 16384K, 96% used [0x74a40000,0x759b8670,0x75a40000)
}

Deoptimization events (10 events):
Event: 16.290 Thread 0x6f83e800 Uncommon trap: reason=class_check action=maybe_recompile pc=0xb335af00 method=java.util.Properties$LineReader.readLine()I @ 402
Event: 16.611 Thread 0x6f83e800 Uncommon trap: reason=unreached action=reinterpret pc=0xb3393b60 method=java.lang.ref.SoftReference.get()Ljava/lang/Object; @ 6
Event: 17.363 Thread 0x6f83e800 Uncommon trap: reason=unreached action=reinterpret pc=0xb33d7878 method=sun.font.TrueTypeFont.getMapper()Lsun/font/CharToGlyphMapper; @ 4
Event: 17.366 Thread 0x6f83e800 Uncommon trap: reason=class_check action=maybe_recompile pc=0xb33d8200 method=sun.font.TrueTypeGlyphMapper.getGlyphFromCMAP(I)C @ 5
Event: 17.366 Thread 0x6f83e800 Uncommon trap: reason=class_check action=maybe_recompile pc=0xb33d8200 method=sun.font.TrueTypeGlyphMapper.getGlyphFromCMAP(I)C @ 5
Event: 17.367 Thread 0x6f83e800 Uncommon trap: reason=class_check action=maybe_recompile pc=0xb33d8200 method=sun.font.TrueTypeGlyphMapper.getGlyphFromCMAP(I)C @ 5
Event: 17.367 Thread 0x6f83e800 Uncommon trap: reason=class_check action=maybe_recompile pc=0xb33d8200 method=sun.font.TrueTypeGlyphMapper.getGlyphFromCMAP(I)C @ 5
Event: 17.367 Thread 0x6f83e800 Uncommon trap: reason=class_check action=maybe_recompile pc=0xb33d6810 method=sun.font.TrueTypeGlyphMapper.getGlyphFromCMAP(I)C @ 5
Event: 17.427 Thread 0x6eb05800 Uncommon trap: reason=class_check action=maybe_recompile pc=0xb33da7c0 method=sun.font.TrueTypeGlyphMapper.getGlyphFromCMAP(I)C @ 5
Event: 17.519 Thread 0x6eb05800 Uncommon trap: reason=unreached action=reinterpret pc=0xb33de2e0 method=java.awt.geom.AffineTransform.transform([FI[FII)V @ 2

Internal exceptions (10 events):
Event: 17.417 Thread 0x6f83e800 Threw 0xa13622f8 at /build/buildd/openjdk-7-7u65-2.5.2/build/openjdk/hotspot/src/share/vm/prims/jvm.cpp:1247
Event: 17.419 Thread 0x6f83e800 Threw 0xa1399508 at /build/buildd/openjdk-7-7u65-2.5.2/build/openjdk/hotspot/src/share/vm/prims/jvm.cpp:1247
Event: 17.420 Thread 0x6f83e800 Threw 0xa13a14a0 at /build/buildd/openjdk-7-7u65-2.5.2/build/openjdk/hotspot/src/share/vm/prims/jvm.cpp:1247
Event: 17.425 Thread 0x6f83e800 Threw 0xa13b1398 at /build/buildd/openjdk-7-7u65-2.5.2/build/openjdk/hotspot/src/share/vm/prims/jvm.cpp:1247
Event: 17.428 Thread 0x6f83e800 Threw 0xa13b97f8 at /build/buildd/openjdk-7-7u65-2.5.2/build/openjdk/hotspot/src/share/vm/prims/jvm.cpp:1247
Event: 17.429 Thread 0x6f83e800 Threw 0xa13e1fe8 at /build/buildd/openjdk-7-7u65-2.5.2/build/openjdk/hotspot/src/share/vm/prims/jvm.cpp:1247
Event: 17.430 Thread 0x6f83e800 Threw 0xa13ea918 at /build/buildd/openjdk-7-7u65-2.5.2/build/openjdk/hotspot/src/share/vm/prims/jvm.cpp:1247
Event: 146.055 Thread 0x6f83e800 Threw 0xa315b070 at /build/buildd/openjdk-7-7u65-2.5.2/build/openjdk/hotspot/src/share/vm/prims/jni.cpp:747
Event: 147.137 Thread 0x6f83e800 Threw 0xa1194f38 at /build/buildd/openjdk-7-7u65-2.5.2/build/openjdk/hotspot/src/share/vm/prims/jni.cpp:747
Event: 148.000 Thread 0x6f83e800 Threw 0xa20554d8 at /build/buildd/openjdk-7-7u65-2.5.2/build/openjdk/hotspot/src/share/vm/prims/jni.cpp:747

Events (10 events):
Event: 1371.526 Executing VM operation: RevokeBias done
Event: 1371.526 Thread 0x74237800 Thread exited: 0x74237800
Event: 1456.531 Thread 0x74237800 Thread added: 0x74237800
Event: 1461.531 Executing VM operation: RevokeBias
Event: 1461.532 Executing VM operation: RevokeBias done
Event: 1491.533 Executing VM operation: RevokeBias
Event: 1491.533 Executing VM operation: RevokeBias done
Event: 1491.534 Executing VM operation: RevokeBias
Event: 1491.534 Executing VM operation: RevokeBias done
Event: 1491.534 Thread 0x74237800 Thread exited: 0x74237800


Dynamic libraries:
08048000-08049000 r-xp 00000000 08:01 51783584   /usr/lib/jvm/java-7-openjdk-i386/jre/bin/java
08049000-0804a000 r--p 00000000 08:01 51783584   /usr/lib/jvm/java-7-openjdk-i386/jre/bin/java
0804a000-0804b000 rw-p 00001000 08:01 51783584   /usr/lib/jvm/java-7-openjdk-i386/jre/bin/java
08eee000-08f7a000 rw-p 00000000 00:00 0          [heap]
6e400000-6e4fd000 rw-p 00000000 00:00 0 
6e4fd000-6e500000 ---p 00000000 00:00 0 
6e500000-6e57e000 rw-p 00000000 00:00 0 
6e57e000-6e600000 ---p 00000000 00:00 0 
6e600000-6e700000 rw-p 00000000 00:00 0 
6e8ca000-6e8cd000 ---p 00000000 00:00 0 
6e8cd000-6e91b000 rw-p 00000000 00:00 0 
6e91b000-6e91e000 ---p 00000000 00:00 0 
6e91e000-6e96c000 rw-p 00000000 00:00 0          [stack:2155]
6e96c000-6e96f000 ---p 00000000 00:00 0 
6e96f000-6e987000 rw-p 00000000 00:00 0 
6e987000-6e98a000 ---p 00000000 00:00 0 
6e98a000-6e9d8000 rw-p 00000000 00:00 0 
6e9d8000-6ea03000 r-xp 00000000 08:01 51515784   /usr/lib/i386-linux-gnu/pkcs11/p11-kit-trust.so
6ea03000-6ea07000 r--p 0002a000 08:01 51515784   /usr/lib/i386-linux-gnu/pkcs11/p11-kit-trust.so
6ea07000-6ea08000 rw-p 0002e000 08:01 51515784   /usr/lib/i386-linux-gnu/pkcs11/p11-kit-trust.so
6ea08000-6ea10000 r--s 00000000 08:01 20185147   /var/cache/fontconfig/945677eb7aeaf62f1d50efc3fb3ec7d8-le32d4.cache-4
6ea10000-6ea14000 r--s 00000000 08:01 20185137   /var/cache/fontconfig/2cd17615ca594fa2959ae173292e504c-le32d4.cache-4
6ea14000-6ea18000 r--s 00000000 08:01 20185146   /var/cache/fontconfig/8801497958630a81b71ace7c5f9b32a8-le32d4.cache-4
6ea18000-6ea1d000 r--s 00000000 08:01 20185138   /var/cache/fontconfig/3047814df9a2f067bd2d96a2b9c36e5a-le32d4.cache-4
6ea1d000-6ea2d000 r--s 00000000 08:01 20185153   /var/cache/fontconfig/d52a8644073d54c13679302ca1180695-le32d4.cache-4
6ea2d000-6ea36000 r--s 00000000 08:01 20191684   /var/cache/fontconfig/d589a48862398ed80a3d6066f4f56f4c-le32d4.cache-4
6ea5e000-6ea61000 ---p 00000000 00:00 0 
6ea61000-6eaaf000 rw-p 00000000 00:00 0 
6eaaf000-6eab2000 ---p 00000000 00:00 0 
6eab2000-6eb00000 rw-p 00000000 00:00 0          [stack:2148]
6eb00000-6ebf8000 rw-p 00000000 00:00 0 
6ebf8000-6ec00000 ---p 00000000 00:00 0 
6ec04000-6ec07000 ---p 00000000 00:00 0 
6ec07000-6ec55000 rw-p 00000000 00:00 0          [stack:2151]
6ec55000-6ecb8000 r-xp 00000000 08:01 51519271   /usr/lib/i386-linux-gnu/nss/libfreebl3.so
6ecb8000-6ecb9000 r--p 00063000 08:01 51519271   /usr/lib/i386-linux-gnu/nss/libfreebl3.so
6ecb9000-6ecba000 rw-p 00064000 08:01 51519271   /usr/lib/i386-linux-gnu/nss/libfreebl3.so
6ecba000-6ecbe000 rw-p 00000000 00:00 0 
6ecbe000-6ed77000 r-xp 00000000 08:01 51514711   /usr/lib/i386-linux-gnu/libsqlite3.so.0.8.6
6ed77000-6ed79000 r--p 000b8000 08:01 51514711   /usr/lib/i386-linux-gnu/libsqlite3.so.0.8.6
6ed79000-6ed7a000 rw-p 000ba000 08:01 51514711   /usr/lib/i386-linux-gnu/libsqlite3.so.0.8.6
6ed7a000-6ed7b000 rw-p 00000000 00:00 0 
6ed7b000-6edba000 r-xp 00000000 08:01 51519277   /usr/lib/i386-linux-gnu/nss/libsoftokn3.so
6edba000-6edbb000 r--p 0003f000 08:01 51519277   /usr/lib/i386-linux-gnu/nss/libsoftokn3.so
6edbb000-6edbc000 rw-p 00040000 08:01 51519277   /usr/lib/i386-linux-gnu/nss/libsoftokn3.so
6edbc000-6eefb000 r-xp 00000000 08:01 51514459   /usr/lib/i386-linux-gnu/libnss3.so
6eefb000-6eefe000 r--p 0013e000 08:01 51514459   /usr/lib/i386-linux-gnu/libnss3.so
6eefe000-6eeff000 rw-p 00141000 08:01 51514459   /usr/lib/i386-linux-gnu/libnss3.so
6eeff000-6ef00000 rw-p 00000000 00:00 0 
6ef00000-6effb000 rw-p 00000000 00:00 0 
6effb000-6f000000 ---p 00000000 00:00 0 
6f000000-6f007000 r--s 00000000 08:01 20191946   /var/cache/fontconfig/3f7329c5293ffd510edef78f73874cfd-le32d4.cache-4
6f007000-6f040000 r-xp 00000000 08:01 51513145   /usr/lib/i386-linux-gnu/libnspr4.so
6f040000-6f041000 r--p 00039000 08:01 51513145   /usr/lib/i386-linux-gnu/libnspr4.so
6f041000-6f042000 rw-p 0003a000 08:01 51513145   /usr/lib/i386-linux-gnu/libnspr4.so
6f042000-6f044000 rw-p 00000000 00:00 0 
6f800000-6f900000 rw-p 00000000 00:00 0 
6f926000-6f947000 r-xp 00000000 08:01 51511343   /usr/lib/i386-linux-gnu/libnssutil3.so
6f947000-6f94a000 r--p 00020000 08:01 51511343   /usr/lib/i386-linux-gnu/libnssutil3.so
6f94a000-6f94b000 rw-p 00023000 08:01 51511343   /usr/lib/i386-linux-gnu/libnssutil3.so
6f95e000-6f961000 ---p 00000000 00:00 0 
6f961000-6f9af000 rw-p 00000000 00:00 0 
6f9af000-6f9b2000 ---p 00000000 00:00 0 
6f9b2000-6fa00000 rw-p 00000000 00:00 0 
6fa00000-6faf8000 rw-p 00000000 00:00 0 
6faf8000-6fb00000 ---p 00000000 00:00 0 
6fb00000-6fbfe000 rw-p 00000000 00:00 0 
6fbfe000-6fc00000 ---p 00000000 00:00 0 
6fc0a000-6fc1b000 r-xp 00000000 08:01 51647993   /usr/lib/jvm/java-7-openjdk-i386/jre/lib/i386/libj2pkcs11.so
6fc1b000-6fc1c000 r--p 00010000 08:01 51647993   /usr/lib/jvm/java-7-openjdk-i386/jre/lib/i386/libj2pkcs11.so
6fc1c000-6fc1d000 rw-p 00011000 08:01 51647993   /usr/lib/jvm/java-7-openjdk-i386/jre/lib/i386/libj2pkcs11.so
6fc1d000-6fc40000 rw-s 00000000 00:04 47939605   /SYSV00000000 (deleted)
6fc40000-6fc89000 r-xp 00000000 08:01 51514462   /usr/lib/i386-linux-gnu/libjpeg.so.8.0.2
6fc89000-6fc8a000 r--p 00048000 08:01 51514462   /usr/lib/i386-linux-gnu/libjpeg.so.8.0.2
6fc8a000-6fc8b000 rw-p 00049000 08:01 51514462   /usr/lib/i386-linux-gnu/libjpeg.so.8.0.2
6fc8b000-6fc9b000 rw-p 00000000 00:00 0 
6fc9e000-6fca1000 r-xp 00000000 08:01 51513148   /usr/lib/i386-linux-gnu/libplds4.so
6fca1000-6fca2000 r--p 00002000 08:01 51513148   /usr/lib/i386-linux-gnu/libplds4.so
6fca2000-6fca3000 rw-p 00003000 08:01 51513148   /usr/lib/i386-linux-gnu/libplds4.so
6fca3000-6fca7000 r-xp 00000000 08:01 51513147   /usr/lib/i386-linux-gnu/libplc4.so
6fca7000-6fca8000 r--p 00003000 08:01 51513147   /usr/lib/i386-linux-gnu/libplc4.so
6fca8000-6fca9000 rw-p 00004000 08:01 51513147   /usr/lib/i386-linux-gnu/libplc4.so
6fca9000-6fcae000 r--s 0004c000 08:01 51647964   /usr/lib/jvm/java-7-openjdk-i386/jre/lib/jsse.jar
6fcae000-6fcfd000 r-xp 00000000 08:01 51648000   /usr/lib/jvm/java-7-openjdk-i386/jre/lib/i386/libfontmanager.so
6fcfd000-6fcff000 r--p 0004e000 08:01 51648000   /usr/lib/jvm/java-7-openjdk-i386/jre/lib/i386/libfontmanager.so
6fcff000-6fd00000 rw-p 00050000 08:01 51648000   /usr/lib/jvm/java-7-openjdk-i386/jre/lib/i386/libfontmanager.so
6fd00000-6fe00000 rw-p 00000000 00:00 0 
6fe02000-6fe0b000 r-xp 00000000 08:01 51647969   /usr/lib/jvm/java-7-openjdk-i386/jre/lib/i386/libjavajpeg.so
6fe0b000-6fe0c000 r--p 00008000 08:01 51647969   /usr/lib/jvm/java-7-openjdk-i386/jre/lib/i386/libjavajpeg.so
6fe0c000-6fe0d000 rw-p 00009000 08:01 51647969   /usr/lib/jvm/java-7-openjdk-i386/jre/lib/i386/libjavajpeg.so
6fe0d000-6fe24000 r-xp 00000000 08:01 51647980   /usr/lib/jvm/java-7-openjdk-i386/jre/lib/i386/libnet.so
6fe24000-6fe25000 r--p 00016000 08:01 51647980   /usr/lib/jvm/java-7-openjdk-i386/jre/lib/i386/libnet.so
6fe25000-6fe26000 rw-p 00017000 08:01 51647980   /usr/lib/jvm/java-7-openjdk-i386/jre/lib/i386/libnet.so
6fe26000-6fe29000 ---p 00000000 00:00 0 
6fe29000-6fe77000 rw-p 00000000 00:00 0 
6fe77000-6fe7a000 ---p 00000000 00:00 0 
6fe7a000-6fec8000 rw-p 00000000 00:00 0          [stack:2143]
6fec8000-6fecc000 r-xp 00000000 08:01 51513939   /usr/lib/i386-linux-gnu/libXfixes.so.3.1.0
6fecc000-6fecd000 r--p 00003000 08:01 51513939   /usr/lib/i386-linux-gnu/libXfixes.so.3.1.0
6fecd000-6fece000 rw-p 00004000 08:01 51513939   /usr/lib/i386-linux-gnu/libXfixes.so.3.1.0
6fece000-6fed7000 r-xp 00000000 08:01 51513931   /usr/lib/i386-linux-gnu/libXcursor.so.1.0.2
6fed7000-6fed8000 r--p 00008000 08:01 51513931   /usr/lib/i386-linux-gnu/libXcursor.so.1.0.2
6fed8000-6fed9000 rw-p 00009000 08:01 51513931   /usr/lib/i386-linux-gnu/libXcursor.so.1.0.2
6fed9000-6feea000 r-xp 00000000 08:01 51647988   /usr/lib/jvm/java-7-openjdk-i386/jre/lib/i386/libnio.so
6feea000-6feeb000 r--p 00010000 08:01 51647988   /usr/lib/jvm/java-7-openjdk-i386/jre/lib/i386/libnio.so
6feeb000-6feec000 rw-p 00011000 08:01 51647988   /usr/lib/jvm/java-7-openjdk-i386/jre/lib/i386/libnio.so
6feec000-6feef000 ---p 00000000 00:00 0 
6feef000-6ff3d000 rw-p 00000000 00:00 0          [stack:2142]
6ff3d000-6ff63000 r--p 00000000 08:01 52568570   /usr/share/locale-langpack/es/LC_MESSAGES/libc.mo
6ff63000-6ff66000 r-xp 00000000 08:01 38011881   /lib/i386-linux-gnu/libgpg-error.so.0.10.0
6ff66000-6ff67000 r--p 00002000 08:01 38011881   /lib/i386-linux-gnu/libgpg-error.so.0.10.0
6ff67000-6ff68000 rw-p 00003000 08:01 38011881   /lib/i386-linux-gnu/libgpg-error.so.0.10.0
6ff68000-6ff6a000 r-xp 00000000 08:01 38011891   /lib/i386-linux-gnu/libkeyutils.so.1.4
6ff6a000-6ff6b000 r--p 00002000 08:01 38011891   /lib/i386-linux-gnu/libkeyutils.so.1.4
6ff6b000-6ff6c000 rw-p 00003000 08:01 38011891   /lib/i386-linux-gnu/libkeyutils.so.1.4
6ff6c000-6ffa8000 r-xp 00000000 08:01 38011945   /lib/i386-linux-gnu/libpcre.so.3.13.1
6ffa8000-6ffa9000 r--p 0003b000 08:01 38011945   /lib/i386-linux-gnu/libpcre.so.3.13.1
6ffa9000-6ffaa000 rw-p 0003c000 08:01 38011945   /lib/i386-linux-gnu/libpcre.so.3.13.1
6ffaa000-6ffd0000 r-xp 00000000 08:01 38011957   /lib/i386-linux-gnu/libpng12.so.0.50.0
6ffd0000-6ffd1000 r--p 00025000 08:01 38011957   /lib/i386-linux-gnu/libpng12.so.0.50.0
6ffd1000-6ffd2000 rw-p 00026000 08:01 38011957   /lib/i386-linux-gnu/libpng12.so.0.50.0
6ffd2000-7001b000 r-xp 00000000 08:01 38011000   /lib/i386-linux-gnu/libdbus-1.so.3.7.6
7001b000-7001c000 r--p 00048000 08:01 38011000   /lib/i386-linux-gnu/libdbus-1.so.3.7.6
7001c000-7001d000 rw-p 00049000 08:01 38011000   /lib/i386-linux-gnu/libdbus-1.so.3.7.6
7001d000-70054000 r-xp 00000000 08:01 51514576   /usr/lib/i386-linux-gnu/libp11-kit.so.0.0.0
70054000-70055000 ---p 00037000 08:01 51514576   /usr/lib/i386-linux-gnu/libp11-kit.so.0.0.0
70055000-70058000 r--p 00037000 08:01 51514576   /usr/lib/i386-linux-gnu/libp11-kit.so.0.0.0
70058000-70059000 rw-p 0003a000 08:01 51514576   /usr/lib/i386-linux-gnu/libp11-kit.so.0.0.0
70059000-7006b000 r-xp 00000000 08:01 51514733   /usr/lib/i386-linux-gnu/libtasn1.so.6.2.0
7006b000-7006c000 r--p 00011000 08:01 51514733   /usr/lib/i386-linux-gnu/libtasn1.so.6.2.0
7006c000-7006d000 rw-p 00012000 08:01 51514733   /usr/lib/i386-linux-gnu/libtasn1.so.6.2.0
7006d000-700ef000 r-xp 00000000 08:01 38010908   /lib/i386-linux-gnu/libgcrypt.so.11.8.2
700ef000-700f0000 ---p 00082000 08:01 38010908   /lib/i386-linux-gnu/libgcrypt.so.11.8.2
700f0000-700f1000 r--p 00082000 08:01 38010908   /lib/i386-linux-gnu/libgcrypt.so.11.8.2
700f1000-700f3000 rw-p 00083000 08:01 38010908   /lib/i386-linux-gnu/libgcrypt.so.11.8.2
700f3000-700f4000 rw-p 00000000 00:00 0 
700f4000-700fe000 r-xp 00000000 08:01 51514469   /usr/lib/i386-linux-gnu/libkrb5support.so.0.1
700fe000-700ff000 r--p 00009000 08:01 51514469   /usr/lib/i386-linux-gnu/libkrb5support.so.0.1
700ff000-70100000 rw-p 0000a000 08:01 51514469   /usr/lib/i386-linux-gnu/libkrb5support.so.0.1
70100000-70103000 r-xp 00000000 08:01 38011857   /lib/i386-linux-gnu/libcom_err.so.2.1
70103000-70104000 r--p 00002000 08:01 38011857   /lib/i386-linux-gnu/libcom_err.so.2.1
70104000-70105000 rw-p 00003000 08:01 38011857   /lib/i386-linux-gnu/libcom_err.so.2.1
70105000-70133000 r-xp 00000000 08:01 51515122   /usr/lib/i386-linux-gnu/libk5crypto.so.3.1
70133000-70134000 r--p 0002d000 08:01 51515122   /usr/lib/i386-linux-gnu/libk5crypto.so.3.1
70134000-70135000 rw-p 0002e000 08:01 51515122   /usr/lib/i386-linux-gnu/libk5crypto.so.3.1
70135000-701ec000 r-xp 00000000 08:01 51514310   /usr/lib/i386-linux-gnu/libkrb5.so.3.3
701ec000-701f2000 r--p 000b7000 08:01 51514310   /usr/lib/i386-linux-gnu/libkrb5.so.3.3
701f2000-701f3000 rw-p 000bd000 08:01 51514310   /usr/lib/i386-linux-gnu/libkrb5.so.3.3
701f3000-701f8000 r-xp 00000000 08:01 51513935   /usr/lib/i386-linux-gnu/libXdmcp.so.6.0.0
701f8000-701f9000 r--p 00004000 08:01 51513935   /usr/lib/i386-linux-gnu/libXdmcp.so.6.0.0
701f9000-701fa000 rw-p 00005000 08:01 51513935   /usr/lib/i386-linux-gnu/libXdmcp.so.6.0.0
701fa000-701fc000 r-xp 00000000 08:01 51513924   /usr/lib/i386-linux-gnu/libXau.so.6.0.0
701fc000-701fd000 r--p 00001000 08:01 51513924   /usr/lib/i386-linux-gnu/libXau.so.6.0.0
701fd000-701fe000 rw-p 00002000 08:01 51513924   /usr/lib/i386-linux-gnu/libXau.so.6.0.0
701fe000-70203000 r-xp 00000000 08:01 51514187   /usr/lib/i386-linux-gnu/libffi.so.6.0.1
70203000-70204000 r--p 00005000 08:01 51514187   /usr/lib/i386-linux-gnu/libffi.so.6.0.1
70204000-70205000 rw-p 00006000 08:01 51514187   /usr/lib/i386-linux-gnu/libffi.so.6.0.1
70205000-70218000 r-xp 00000000 08:01 38015180   /lib/i386-linux-gnu/libresolv-2.19.so
70218000-70219000 ---p 00013000 08:01 38015180   /lib/i386-linux-gnu/libresolv-2.19.so
70219000-7021a000 r--p 00013000 08:01 38015180   /lib/i386-linux-gnu/libresolv-2.19.so
7021a000-7021b000 rw-p 00014000 08:01 38015180   /lib/i386-linux-gnu/libresolv-2.19.so
7021b000-7021d000 rw-p 00000000 00:00 0 
7021d000-7023d000 r-xp 00000000 08:01 38011972   /lib/i386-linux-gnu/libselinux.so.1
7023d000-7023e000 r--p 0001f000 08:01 38011972   /lib/i386-linux-gnu/libselinux.so.1
7023e000-7023f000 rw-p 00020000 08:01 38011972   /lib/i386-linux-gnu/libselinux.so.1
7023f000-70240000 rw-p 00000000 00:00 0 
70240000-7034a000 r-xp 00000000 08:01 38011879   /lib/i386-linux-gnu/libglib-2.0.so.0.4000.0
7034a000-7034b000 r--p 00109000 08:01 38011879   /lib/i386-linux-gnu/libglib-2.0.so.0.4000.0
7034b000-7034c000 rw-p 0010a000 08:01 38011879   /lib/i386-linux-gnu/libglib-2.0.so.0.4000.0
7034c000-7034f000 r-xp 00000000 08:01 51514271   /usr/lib/i386-linux-gnu/libgmodule-2.0.so.0.4000.0
7034f000-70350000 r--p 00002000 08:01 51514271   /usr/lib/i386-linux-gnu/libgmodule-2.0.so.0.4000.0
70350000-70351000 rw-p 00003000 08:01 51514271   /usr/lib/i386-linux-gnu/libgmodule-2.0.so.0.4000.0
70351000-70376000 r-xp 00000000 08:01 38011870   /lib/i386-linux-gnu/libexpat.so.1.6.0
70376000-70377000 ---p 00025000 08:01 38011870   /lib/i386-linux-gnu/libexpat.so.1.6.0
70377000-70379000 r--p 00025000 08:01 38011870   /lib/i386-linux-gnu/libexpat.so.1.6.0
70379000-7037a000 rw-p 00027000 08:01 38011870   /lib/i386-linux-gnu/libexpat.so.1.6.0
7037a000-70414000 r-xp 00000000 08:01 51514211   /usr/lib/i386-linux-gnu/libfreetype.so.6.11.1
70414000-70415000 ---p 0009a000 08:01 51514211   /usr/lib/i386-linux-gnu/libfreetype.so.6.11.1
70415000-70419000 r--p 0009a000 08:01 51514211   /usr/lib/i386-linux-gnu/libfreetype.so.6.11.1
70419000-7041a000 rw-p 0009e000 08:01 51514211   /usr/lib/i386-linux-gnu/libfreetype.so.6.11.1
7041a000-7042a000 r-xp 00000000 08:01 51514023   /usr/lib/i386-linux-gnu/libavahi-client.so.3.2.9
7042a000-7042b000 r--p 0000f000 08:01 51514023   /usr/lib/i386-linux-gnu/libavahi-client.so.3.2.9
7042b000-7042c000 rw-p 00010000 08:01 51514023   /usr/lib/i386-linux-gnu/libavahi-client.so.3.2.9
7042c000-70438000 r-xp 00000000 08:01 51514025   /usr/lib/i386-linux-gnu/libavahi-common.so.3.5.3
70438000-70439000 r--p 0000b000 08:01 51514025   /usr/lib/i386-linux-gnu/libavahi-common.so.3.5.3
70439000-7043a000 rw-p 0000c000 08:01 51514025   /usr/lib/i386-linux-gnu/libavahi-common.so.3.5.3
7043a000-704fb000 r-xp 00000000 08:01 51514283   /usr/lib/i386-linux-gnu/libgnutls.so.26.22.6
704fb000-704ff000 r--p 000c0000 08:01 51514283   /usr/lib/i386-linux-gnu/libgnutls.so.26.22.6
704ff000-70500000 rw-p 000c4000 08:01 51514283   /usr/lib/i386-linux-gnu/libgnutls.so.26.22.6
70500000-70543000 r-xp 00000000 08:01 51514465   /usr/lib/i386-linux-gnu/libgssapi_krb5.so.2.2
70543000-70544000 r--p 00042000 08:01 51514465   /usr/lib/i386-linux-gnu/libgssapi_krb5.so.2.2
70544000-70545000 rw-p 00043000 08:01 51514465   /usr/lib/i386-linux-gnu/libgssapi_krb5.so.2.2
70545000-70565000 r-xp 00000000 08:01 51514843   /usr/lib/i386-linux-gnu/libxcb.so.1.1.0
70565000-70566000 r--p 0001f000 08:01 51514843   /usr/lib/i386-linux-gnu/libxcb.so.1.1.0
70566000-70567000 rw-p 00020000 08:01 51514843   /usr/lib/i386-linux-gnu/libxcb.so.1.1.0
70567000-705b7000 r-xp 00000000 08:01 51514285   /usr/lib/i386-linux-gnu/libgobject-2.0.so.0.4000.0
705b7000-705b8000 r--p 0004f000 08:01 51514285   /usr/lib/i386-linux-gnu/libgobject-2.0.so.0.4000.0
705b8000-705b9000 rw-p 00050000 08:01 51514285   /usr/lib/i386-linux-gnu/libgobject-2.0.so.0.4000.0
705b9000-70736000 r-xp 00000000 08:01 51514257   /usr/lib/i386-linux-gnu/libgio-2.0.so.0.4000.0
70736000-70738000 r--p 0017c000 08:01 51514257   /usr/lib/i386-linux-gnu/libgio-2.0.so.0.4000.0
70738000-70739000 rw-p 0017e000 08:01 51514257   /usr/lib/i386-linux-gnu/libgio-2.0.so.0.4000.0
70739000-7073a000 rw-p 00000000 00:00 0 
7073a000-70773000 r-xp 00000000 08:01 51514199   /usr/lib/i386-linux-gnu/libfontconfig.so.1.8.0
70773000-70774000 r--p 00039000 08:01 51514199   /usr/lib/i386-linux-gnu/libfontconfig.so.1.8.0
70774000-70775000 rw-p 0003a000 08:01 51514199   /usr/lib/i386-linux-gnu/libfontconfig.so.1.8.0
70775000-707dc000 r-xp 00000000 08:01 51511967   /usr/lib/i386-linux-gnu/libcups.so.2
707dc000-707dd000 ---p 00067000 08:01 51511967   /usr/lib/i386-linux-gnu/libcups.so.2
707dd000-707e1000 r--p 00067000 08:01 51511967   /usr/lib/i386-linux-gnu/libcups.so.2
707e1000-707e2000 rw-p 0006b000 08:01 51511967   /usr/lib/i386-linux-gnu/libcups.so.2
707e2000-707f1000 r-xp 00000000 08:01 51513945   /usr/lib/i386-linux-gnu/libXi.so.6.1.0
707f1000-707f2000 r--p 0000e000 08:01 51513945   /usr/lib/i386-linux-gnu/libXi.so.6.1.0
707f2000-707f3000 rw-p 0000f000 08:01 51513945   /usr/lib/i386-linux-gnu/libXi.so.6.1.0
707f3000-707fc000 r-xp 00000000 08:01 51513959   /usr/lib/i386-linux-gnu/libXrender.so.1.3.0
707fc000-707fd000 r--p 00008000 08:01 51513959   /usr/lib/i386-linux-gnu/libXrender.so.1.3.0
707fd000-707fe000 rw-p 00009000 08:01 51513959   /usr/lib/i386-linux-gnu/libXrender.so.1.3.0
707fe000-7092e000 r-xp 00000000 08:01 51513920   /usr/lib/i386-linux-gnu/libX11.so.6.3.0
7092e000-7092f000 r--p 00130000 08:01 51513920   /usr/lib/i386-linux-gnu/libX11.so.6.3.0
7092f000-70931000 rw-p 00131000 08:01 51513920   /usr/lib/i386-linux-gnu/libX11.so.6.3.0
70931000-70932000 rw-p 00000000 00:00 0 
70932000-70943000 r-xp 00000000 08:01 51513937   /usr/lib/i386-linux-gnu/libXext.so.6.4.0
70943000-70944000 r--p 00010000 08:01 51513937   /usr/lib/i386-linux-gnu/libXext.so.6.4.0
70944000-70945000 rw-p 00011000 08:01 51513937   /usr/lib/i386-linux-gnu/libXext.so.6.4.0
70945000-709d4000 r-xp 00000000 08:01 51647995   /usr/lib/jvm/java-7-openjdk-i386/jre/lib/i386/libawt.so
709d4000-709d5000 r--p 0008f000 08:01 51647995   /usr/lib/jvm/java-7-openjdk-i386/jre/lib/i386/libawt.so
709d5000-709dc000 rw-p 00090000 08:01 51647995   /usr/lib/jvm/java-7-openjdk-i386/jre/lib/i386/libawt.so
709dc000-70a00000 rw-p 00000000 00:00 0 
70a00000-70b00000 rw-p 00000000 00:00 0 
70b00000-70b03000 r--s 00017000 08:01 51647954   /usr/lib/jvm/java-7-openjdk-i386/jre/lib/jce.jar
70b03000-70b0c000 r--s 000b9000 08:01 51647962   /usr/lib/jvm/java-7-openjdk-i386/jre/lib/resources.jar
70b0c000-70b13000 r--s 00000000 08:01 51518473   /usr/lib/i386-linux-gnu/gconv/gconv-modules.cache
70b13000-70b5b000 r-xp 00000000 08:01 51783924   /usr/lib/jvm/java-7-openjdk-i386/jre/lib/i386/xawt/libmawt.so
70b5b000-70b5c000 r--p 00047000 08:01 51783924   /usr/lib/jvm/java-7-openjdk-i386/jre/lib/i386/xawt/libmawt.so
70b5c000-70b5e000 rw-p 00048000 08:01 51783924   /usr/lib/jvm/java-7-openjdk-i386/jre/lib/i386/xawt/libmawt.so
70b5e000-70b5f000 rw-p 00000000 00:00 0 
70b5f000-70b69000 r--s 00203000 08:01 51647953   /usr/lib/jvm/java-7-openjdk-i386/jre/lib/charsets.jar
70b69000-70b84000 r--s 0012c000 00:18 32513956   /home/sistema/proyectos/escritorio/lib/org.apache.httpcomponents.httpclient_4.3.5.jar
70b84000-70bc2000 r--s 0025b000 00:18 32507862   /home/sistema/proyectos/escritorio/lib/xmlbeans-2.5.0.jar
70bc2000-70bdb000 r--s 00134000 00:18 32507866   /home/sistema/proyectos/escritorio/lib/xercesImpl-2.10.0.jar
70bdb000-70c00000 r--s 002e3000 00:18 32507852   /home/sistema/proyectos/escritorio/lib/xalan-2.7.1.jar
70c00000-70d00000 rw-p 00000000 00:00 0 
70d02000-70d07000 r-xp 00000000 08:01 51513965   /usr/lib/i386-linux-gnu/libXtst.so.6.1.0
70d07000-70d08000 r--p 00004000 08:01 51513965   /usr/lib/i386-linux-gnu/libXtst.so.6.1.0
70d08000-70d09000 rw-p 00005000 08:01 51513965   /usr/lib/i386-linux-gnu/libXtst.so.6.1.0
70d09000-70d0a000 r--s 00005000 00:18 32513957   /home/sistema/proyectos/escritorio/lib/json-simple-1.1.1.jar
70d0a000-70d0f000 r--s 00010000 00:18 32506632   /home/sistema/proyectos/escritorio/lib/xml-apis-ext.jar
70d0f000-70d1d000 r--s 000b7000 00:18 32507818   /home/sistema/proyectos/escritorio/lib/velocity-1.7-dep.jar
70d1d000-70d22000 r--s 0006d000 00:18 32507815   /home/sistema/proyectos/escritorio/lib/sqljdbc4.jar
70d22000-70d26000 r--s 0028c000 00:18 32507841   /home/sistema/proyectos/escritorio/lib/sqlitejdbc-v056.jar
70d26000-70d2d000 r--s 00040000 00:18 32507836   /home/sistema/proyectos/escritorio/lib/spring-core-2.5.5.jar
70d2d000-70d37000 r--s 0006d000 00:18 32507857   /home/sistema/proyectos/escritorio/lib/spring-beans-2.5.5.jar
70d37000-70d39000 r--s 00016000 00:18 32507846   /home/sistema/proyectos/escritorio/lib/servlet-api-2.4.jar
70d39000-70d42000 r--s 0002d000 00:18 32507853   /home/sistema/proyectos/escritorio/lib/xml-apis.jar
70d42000-70d45000 r--s 00041000 00:18 32507817   /home/sistema/proyectos/escritorio/lib/serializer.jar
70d45000-70d52000 r--s 00106000 00:18 32507810   /home/sistema/proyectos/escritorio/lib/rhino-1.7R3.jar
70d52000-70dd1000 r--s 0034a000 00:18 32506271   /home/sistema/proyectos/escritorio/lib/poi-ooxml-schemas-3.7-20101029.jar
70dd1000-70dd8000 r--s 00073000 00:18 32507871   /home/sistema/proyectos/escritorio/lib/poi-ooxml-3.7-20101029.jar
70dd8000-70e00000 r--s 0025e000 00:18 32507842   /home/sistema/proyectos/escritorio/lib/mondrian-3.1.1.12687.jar
70e00000-70efe000 rw-p 00000000 00:00 0 
70efe000-70f00000 ---p 00000000 00:00 0 
70f00000-70f01000 r--s 00000000 00:18 32638378   /home/sistema/netbeans-8.0/java/modules/ext/AbsoluteLayout.jar
70f01000-70f03000 r--s 00003000 00:18 32507835   /home/sistema/proyectos/escritorio/lib/saaj-api-1.3.jar
70f03000-70f20000 r--s 0017c000 00:18 32507838   /home/sistema/proyectos/escritorio/lib/poi-3.7-20101029.jar
70f20000-70f46000 r--s 0020b000 00:18 32507809   /home/sistema/proyectos/escritorio/lib/lucene-core-4.5.1.jar
70f46000-70fa1000 r--s 00463000 00:18 32507830   /home/sistema/proyectos/escritorio/lib/jasperreports-5.6.0.jar
70fa1000-71000000 r--s 00589000 00:18 32507807   /home/sistema/proyectos/escritorio/lib/groovy-all-2.0.1.jar
71000000-710f9000 rw-p 00000000 00:00 0 
710f9000-71100000 ---p 00000000 00:00 0 
71100000-71101000 r--s 00002000 00:18 32507856   /home/sistema/proyectos/escritorio/lib/swing-worker-1.1.jar
71101000-71109000 r--s 00065000 00:18 32507839   /home/sistema/proyectos/escritorio/lib/olap4j-0.9.7.309-JS-3.jar
71109000-7110d000 r--s 00068000 00:18 32507858   /home/sistema/proyectos/escritorio/lib/mysql-connector-java-3.1.11-bin.jar
7110d000-71116000 r--s 00055000 00:18 32507820   /home/sistema/proyectos/escritorio/lib/lucene-queryparser-4.5.1.jar
71116000-71126000 r--s 00174000 00:18 32507867   /home/sistema/proyectos/escritorio/lib/lucene-analyzers-common-4.5.1.jar
71126000-71132000 r--s 000aa000 00:18 32507863   /home/sistema/proyectos/escritorio/lib/jxl-2.6.10.jar
71132000-71142000 r--s 0013f000 00:18 32507840   /home/sistema/proyectos/escritorio/lib/jfreechart-1.0.12.jar
71142000-7114c000 r--s 0011e000 00:18 32507824   /home/sistema/proyectos/escritorio/lib/jdt-compiler-3.1.1.jar
7114c000-7114d000 ---p 00000000 00:00 0 
7114d000-711cd000 rw-p 00000000 00:00 0          [stack:2141]
711cd000-711d0000 ---p 00000000 00:00 0 
711d0000-7124e000 rw-p 00000000 00:00 0          [stack:2139]
7124e000-71251000 ---p 00000000 00:00 0 
71251000-712cf000 rw-p 00000000 00:00 0          [stack:2138]
712cf000-71400000 r--p 00189000 08:01 51516253   /usr/lib/locale/locale-archive
71400000-71600000 r--p 00000000 08:01 51516253   /usr/lib/locale/locale-archive
71600000-71621000 rw-p 00000000 00:00 0 
71621000-71700000 ---p 00000000 00:00 0 
71700000-71707000 r--s 00059000 00:18 32507854   /home/sistema/proyectos/escritorio/lib/log4j-1.2.15.jar
71707000-7170d000 r--s 00046000 00:18 32507821   /home/sistema/proyectos/escritorio/lib/jcommon-1.0.15.jar
7170d000-71710000 ---p 00000000 00:00 0 
71710000-7175e000 rw-p 00000000 00:00 0          [stack:2140]
7175e000-71761000 ---p 00000000 00:00 0 
71761000-717af000 rw-p 00000000 00:00 0          [stack:2137]
717af000-717b2000 ---p 00000000 00:00 0 
717b2000-71800000 rw-p 00000000 00:00 0          [stack:2136]
71800000-71900000 rw-p 00000000 00:00 0 
71900000-71901000 r--s 0001c000 00:18 32507847   /home/sistema/proyectos/escritorio/lib/swing-layout-1.0.4.jar
71901000-71904000 r--s 00009000 00:18 32507808   /home/sistema/proyectos/escritorio/lib/jpa.jar
71904000-71906000 r--s 0001e000 00:18 32507843   /home/sistema/proyectos/escritorio/lib/jcalendar.jar
71906000-7190c000 r--s 00032000 00:18 32507837   /home/sistema/proyectos/escritorio/lib/jaxen-1.1.1.jar
7190c000-7191d000 r--s 000d2000 00:18 32507851   /home/sistema/proyectos/escritorio/lib/jackson-databind-2.1.4.jar
7191d000-71921000 r--s 0002f000 00:18 32507872   /home/sistema/proyectos/escritorio/lib/jackson-core-2.1.4.jar
71921000-7192e000 r--s 00108000 00:18 32507845   /home/sistema/proyectos/escritorio/lib/iText-2.1.7.js2.jar
7192e000-71931000 ---p 00000000 00:00 0 
71931000-7197f000 rw-p 00000000 00:00 0          [stack:2135]
7197f000-71980000 ---p 00000000 00:00 0 
71980000-71a00000 rw-p 00000000 00:00 0          [stack:2134]
71a00000-71b00000 rw-p 00000000 00:00 0 
71b00000-71b01000 r--s 0001c000 00:18 32507829   /home/sistema/proyectos/escritorio/lib/swing-layout-1.0.3.jar
71b01000-71b0a000 r--s 000a4000 00:18 32507864   /home/sistema/proyectos/escritorio/lib/hsqldb-1.8.0-10.jar
71b0a000-71b22000 r--s 00181000 00:18 32507814   /home/sistema/proyectos/escritorio/lib/hibernate3.jar
71b22000-71b27000 r--s 00048000 00:18 32507827   /home/sistema/proyectos/escritorio/lib/dom4j-1.6.1.jar
71b27000-71cd8000 r--s 01d21000 08:01 51647952   /usr/lib/jvm/java-7-openjdk-i386/jre/lib/rt.jar
71cd8000-74000000 rw-p 00000000 00:00 0 
74000000-74100000 rw-p 00000000 00:00 0 
74100000-74102000 r--s 00007000 00:18 32507844   /home/sistema/proyectos/escritorio/lib/jackson-annotations-2.1.4.jar
74102000-74104000 r--s 0000d000 00:18 32507850   /home/sistema/proyectos/escritorio/lib/commons-logging-1.1.1.jar
74104000-7410a000 r--s 0002b000 00:18 32507865   /home/sistema/proyectos/escritorio/lib/commons-digester-2.1.jar
7410a000-74118000 r--s 0007f000 00:18 32507812   /home/sistema/proyectos/escritorio/lib/commons-collections-3.2.1.jar
74118000-7411d000 r--s 00034000 00:18 32506625   /home/sistema/proyectos/escritorio/lib/commons-beanutils-1.8.0.jar
7411d000-7412c000 r--s 000c3000 00:18 32507833   /home/sistema/proyectos/escritorio/lib/castor-1.2.jar
7412c000-74136000 r--s 00079000 00:18 32507868   /home/sistema/proyectos/escritorio/lib/bcel-5.2.jar
74136000-7417f000 rw-p 00000000 00:00 0 
7417f000-74180000 ---p 00000000 00:00 0 
74180000-74200000 rw-p 00000000 00:00 0          [stack:2133]
74200000-7424c000 rw-p 00000000 00:00 0 
7424c000-74300000 ---p 00000000 00:00 0 
74300000-74321000 rw-p 00000000 00:00 0 
74321000-74400000 ---p 00000000 00:00 0 
74400000-74401000 r--s 00002000 00:18 32507859   /home/sistema/proyectos/escritorio/lib/png-encoder-1.5.jar
74401000-74404000 r--s 00015000 00:18 32507855   /home/sistema/proyectos/escritorio/lib/commons-javaflow-20060411.jar
74404000-74409000 r--s 00040000 00:18 32507861   /home/sistema/proyectos/escritorio/lib/bsh-2.0b4.jar
74409000-7440a000 r--s 00007000 00:18 32507822   /home/sistema/proyectos/escritorio/lib/batik-xml.jar
7440a000-7440d000 r--s 0001d000 00:18 32506267   /home/sistema/proyectos/escritorio/lib/batik-util.jar
7440d000-74412000 r--s 00030000 00:18 32507860   /home/sistema/proyectos/escritorio/lib/batik-svggen.jar
74412000-7441f000 r--s 00087000 00:18 32507828   /home/sistema/proyectos/escritorio/lib/batik-svg-dom.jar
7441f000-74422000 r--s 0000d000 00:18 32507849   /home/sistema/proyectos/escritorio/lib/batik-script.jar
74422000-74424000 r--s 00010000 00:18 32507825   /home/sistema/proyectos/escritorio/lib/batik-parser.jar
74424000-7447f000 rw-p 00000000 00:00 0 
7447f000-74480000 ---p 00000000 00:00 0 
74480000-74500000 rw-p 00000000 00:00 0          [stack:2132]
74500000-74521000 rw-p 00000000 00:00 0 
74521000-74600000 ---p 00000000 00:00 0 
74600000-74604000 r--s 00038000 00:18 32507823   /home/sistema/proyectos/escritorio/lib/batik-gvt.jar
74604000-74608000 r--s 00027000 00:18 32507813   /home/sistema/proyectos/escritorio/lib/batik-dom.jar
74608000-74610000 r--s 00045000 00:18 32507811   /home/sistema/proyectos/escritorio/lib/batik-css.jar
74610000-7461a000 r--s 00080000 00:18 32507816   /home/sistema/proyectos/escritorio/lib/batik-bridge.jar
7461a000-74621000 r--s 0005c000 00:18 32507831   /home/sistema/proyectos/escritorio/lib/batik-awt-util.jar
74621000-74626000 r--s 0003e000 00:18 32507869   /home/sistema/proyectos/escritorio/lib/barcode4j-2.1.jar
74626000-74627000 ---p 00000000 00:00 0 
74627000-746a7000 rw-p 00000000 00:00 0          [stack:2131]
746a7000-746a8000 ---p 00000000 00:00 0 
746a8000-7473b000 rw-p 00000000 00:00 0          [stack:2130]
7473b000-7484b000 rw-p 00000000 00:00 0 
7484b000-74853000 rw-p 00000000 00:00 0 
74853000-7488b000 rw-p 00000000 00:00 0 
7488b000-7489e000 rw-p 00000000 00:00 0 
7489e000-749ad000 rw-p 00000000 00:00 0 
749ad000-749f6000 rw-p 00000000 00:00 0 
749f6000-74a3f000 rw-p 00000000 00:00 0 
74a3f000-75a40000 rw-p 00000000 00:00 0 
75a40000-7ca40000 rw-p 00000000 00:00 0 
7ca40000-7ee80000 rw-p 00000000 00:00 0 
7ee80000-a0f80000 rw-p 00000000 00:00 0 
a0f80000-a9e80000 rw-p 00000000 00:00 0 
a9e80000-b3240000 rw-p 00000000 00:00 0 
b3240000-b3249000 rw-p 00000000 00:00 0 
b3249000-b3300000 rw-p 00000000 00:00 0 
b3300000-b3540000 rwxp 00000000 00:00 0 
b3540000-b63f9000 rw-p 00000000 00:00 0 
b63f9000-b6400000 ---p 00000000 00:00 0 
b6400000-b6401000 r--s 00002000 00:18 32507848   /home/sistema/proyectos/escritorio/lib/batik-ext.jar
b6401000-b6404000 r--s 00015000 00:18 32507826   /home/sistema/proyectos/escritorio/lib/batik-anim.jar
b6404000-b6407000 r--s 00014000 00:18 32507834   /home/sistema/proyectos/escritorio/lib/barbecue-1.5-beta1.jar
b6407000-b640b000 r--s 0003d000 00:18 32507832   /home/sistema/proyectos/escritorio/lib/appframework-1.0.3.jar
b640b000-b6410000 r--s 00066000 00:18 32506867   /home/sistema/proyectos/escritorio/lib/antlr-2.7.5.jar
b6410000-b6412000 r--s 00012000 08:01 51647956   /usr/lib/jvm/java-7-openjdk-i386/jre/lib/ext/zipfs.jar
b6412000-b6415000 r--s 00032000 08:01 51647957   /usr/lib/jvm/java-7-openjdk-i386/jre/lib/ext/sunjce_provider.jar
b6415000-b6418000 r--s 0003c000 08:01 51647959   /usr/lib/jvm/java-7-openjdk-i386/jre/lib/ext/sunpkcs11.jar
b6418000-b641a000 r--s 00006000 08:01 51647505   /usr/share/java/java-atk-wrapper.jar
b641a000-b641d000 r--s 0000f000 08:01 51647955   /usr/lib/jvm/java-7-openjdk-i386/jre/lib/ext/pulse-java.jar
b641d000-b6421000 r--s 00085000 08:01 51647958   /usr/lib/jvm/java-7-openjdk-i386/jre/lib/ext/localedata.jar
b6421000-b6441000 rw-p 00000000 00:00 0 
b6441000-b6479000 rw-p 00000000 00:00 0 
b6479000-b6484000 r-xp 00000000 08:01 38015062   /lib/i386-linux-gnu/libnss_files-2.19.so
b6484000-b6485000 r--p 0000a000 08:01 38015062   /lib/i386-linux-gnu/libnss_files-2.19.so
b6485000-b6486000 rw-p 0000b000 08:01 38015062   /lib/i386-linux-gnu/libnss_files-2.19.so
b6486000-b6490000 r-xp 00000000 08:01 38015185   /lib/i386-linux-gnu/libnss_nis-2.19.so
b6490000-b6491000 r--p 00009000 08:01 38015185   /lib/i386-linux-gnu/libnss_nis-2.19.so
b6491000-b6492000 rw-p 0000a000 08:01 38015185   /lib/i386-linux-gnu/libnss_nis-2.19.so
b6492000-b64a7000 r-xp 00000000 08:01 38015182   /lib/i386-linux-gnu/libnsl-2.19.so
b64a7000-b64a8000 r--p 00015000 08:01 38015182   /lib/i386-linux-gnu/libnsl-2.19.so
b64a8000-b64a9000 rw-p 00016000 08:01 38015182   /lib/i386-linux-gnu/libnsl-2.19.so
b64a9000-b64ab000 rw-p 00000000 00:00 0 
b64ab000-b64b2000 r-xp 00000000 08:01 38015177   /lib/i386-linux-gnu/libnss_compat-2.19.so
b64b2000-b64b3000 r--p 00006000 08:01 38015177   /lib/i386-linux-gnu/libnss_compat-2.19.so
b64b3000-b64b4000 rw-p 00007000 08:01 38015177   /lib/i386-linux-gnu/libnss_compat-2.19.so
b64b4000-b64b5000 r--s 00002000 08:01 51647960   /usr/lib/jvm/java-7-openjdk-i386/jre/lib/ext/dnsns.jar
b64b5000-b64bd000 r-xp 00000000 08:01 51647975   /usr/lib/jvm/java-7-openjdk-i386/jre/lib/i386/libzip.so
b64bd000-b64be000 r--p 00007000 08:01 51647975   /usr/lib/jvm/java-7-openjdk-i386/jre/lib/i386/libzip.so
b64be000-b64bf000 rw-p 00008000 08:01 51647975   /usr/lib/jvm/java-7-openjdk-i386/jre/lib/i386/libzip.so
b64bf000-b64c7000 rw-s 00000000 08:01 25165852   /tmp/hsperfdata_sistema/2125
b64c7000-b64ee000 r-xp 00000000 08:01 51647971   /usr/lib/jvm/java-7-openjdk-i386/jre/lib/i386/libjava.so
b64ee000-b64ef000 r--p 00026000 08:01 51647971   /usr/lib/jvm/java-7-openjdk-i386/jre/lib/i386/libjava.so
b64ef000-b64f0000 rw-p 00027000 08:01 51647971   /usr/lib/jvm/java-7-openjdk-i386/jre/lib/i386/libjava.so
b64f0000-b64f7000 r-xp 00000000 08:01 38015181   /lib/i386-linux-gnu/librt-2.19.so
b64f7000-b64f8000 r--p 00006000 08:01 38015181   /lib/i386-linux-gnu/librt-2.19.so
b64f8000-b64f9000 rw-p 00007000 08:01 38015181   /lib/i386-linux-gnu/librt-2.19.so
b64f9000-b64fc000 ---p 00000000 00:00 0 
b64fc000-b654a000 rw-p 00000000 00:00 0          [stack:2129]
b654a000-b6566000 r-xp 00000000 08:01 38011982   /lib/i386-linux-gnu/libgcc_s.so.1
b6566000-b6567000 rw-p 0001b000 08:01 38011982   /lib/i386-linux-gnu/libgcc_s.so.1
b6567000-b65ab000 r-xp 00000000 08:01 38015183   /lib/i386-linux-gnu/libm-2.19.so
b65ab000-b65ac000 r--p 00043000 08:01 38015183   /lib/i386-linux-gnu/libm-2.19.so
b65ac000-b65ad000 rw-p 00044000 08:01 38015183   /lib/i386-linux-gnu/libm-2.19.so
b65ad000-b6689000 r-xp 00000000 08:01 51514717   /usr/lib/i386-linux-gnu/libstdc++.so.6.0.19
b6689000-b668a000 ---p 000dc000 08:01 51514717   /usr/lib/i386-linux-gnu/libstdc++.so.6.0.19
b668a000-b668e000 r--p 000dc000 08:01 51514717   /usr/lib/i386-linux-gnu/libstdc++.so.6.0.19
b668e000-b668f000 rw-p 000e0000 08:01 51514717   /usr/lib/i386-linux-gnu/libstdc++.so.6.0.19
b668f000-b6696000 rw-p 00000000 00:00 0 
b6696000-b7081000 r-xp 00000000 08:01 51647985   /usr/lib/jvm/java-7-openjdk-i386/jre/lib/i386/server/libjvm.so
b7081000-b70d3000 r--p 009ea000 08:01 51647985   /usr/lib/jvm/java-7-openjdk-i386/jre/lib/i386/server/libjvm.so
b70d3000-b70e7000 rw-p 00a3c000 08:01 51647985   /usr/lib/jvm/java-7-openjdk-i386/jre/lib/i386/server/libjvm.so
b70e7000-b7505000 rw-p 00000000 00:00 0 
b7505000-b751d000 r-xp 00000000 08:01 38012002   /lib/i386-linux-gnu/libz.so.1.2.8
b751d000-b751e000 r--p 00017000 08:01 38012002   /lib/i386-linux-gnu/libz.so.1.2.8
b751e000-b751f000 rw-p 00018000 08:01 38012002   /lib/i386-linux-gnu/libz.so.1.2.8
b751f000-b7537000 r-xp 00000000 08:01 38015196   /lib/i386-linux-gnu/libpthread-2.19.so
b7537000-b7538000 r--p 00017000 08:01 38015196   /lib/i386-linux-gnu/libpthread-2.19.so
b7538000-b7539000 rw-p 00018000 08:01 38015196   /lib/i386-linux-gnu/libpthread-2.19.so
b7539000-b753b000 rw-p 00000000 00:00 0 
b753b000-b753e000 r-xp 00000000 08:01 38015198   /lib/i386-linux-gnu/libdl-2.19.so
b753e000-b753f000 r--p 00002000 08:01 38015198   /lib/i386-linux-gnu/libdl-2.19.so
b753f000-b7540000 rw-p 00003000 08:01 38015198   /lib/i386-linux-gnu/libdl-2.19.so
b7540000-b76e9000 r-xp 00000000 08:01 38015188   /lib/i386-linux-gnu/libc-2.19.so
b76e9000-b76ea000 ---p 001a9000 08:01 38015188   /lib/i386-linux-gnu/libc-2.19.so
b76ea000-b76ec000 r--p 001a9000 08:01 38015188   /lib/i386-linux-gnu/libc-2.19.so
b76ec000-b76ed000 rw-p 001ab000 08:01 38015188   /lib/i386-linux-gnu/libc-2.19.so
b76ed000-b76f0000 rw-p 00000000 00:00 0 
b76f0000-b76f1000 r--p 00525000 08:01 51516253   /usr/lib/locale/locale-archive
b76f1000-b76f2000 rw-p 00000000 00:00 0 
b76f2000-b76f3000 r--p 00000000 00:00 0 
b76f3000-b7701000 r-xp 00000000 08:01 51648001   /usr/lib/jvm/java-7-openjdk-i386/jre/lib/i386/libverify.so
b7701000-b7702000 r--p 0000d000 08:01 51648001   /usr/lib/jvm/java-7-openjdk-i386/jre/lib/i386/libverify.so
b7702000-b7703000 rw-p 0000e000 08:01 51648001   /usr/lib/jvm/java-7-openjdk-i386/jre/lib/i386/libverify.so
b7703000-b770f000 r-xp 00000000 08:01 51783939   /usr/lib/jvm/java-7-openjdk-i386/jre/lib/i386/jli/libjli.so
b770f000-b7710000 r--p 0000c000 08:01 51783939   /usr/lib/jvm/java-7-openjdk-i386/jre/lib/i386/jli/libjli.so
b7710000-b7711000 rw-p 0000d000 08:01 51783939   /usr/lib/jvm/java-7-openjdk-i386/jre/lib/i386/jli/libjli.so
b7711000-b7714000 rw-p 00000000 00:00 0 
b7714000-b7715000 r-xp 00000000 00:00 0          [vdso]
b7715000-b7735000 r-xp 00000000 08:01 38015197   /lib/i386-linux-gnu/ld-2.19.so
b7735000-b7736000 r--p 0001f000 08:01 38015197   /lib/i386-linux-gnu/ld-2.19.so
b7736000-b7737000 rw-p 00020000 08:01 38015197   /lib/i386-linux-gnu/ld-2.19.so
bfd43000-bfd44000 rwxp 00000000 00:00 0 
bfd75000-bfd97000 rw-p 00000000 00:00 0          [stack]

VM Arguments:
jvm_args: -Dfile.encoding=UTF-8 
java_command: vistas.FrmPrincipal
Launcher Type: SUN_STANDARD

Environment Variables:
PATH=/usr/local/sbin:/usr/local/bin:/usr/sbin:/usr/bin:/sbin:/bin:/usr/games:/usr/local/games
LD_LIBRARY_PATH=/usr/lib/jvm/java-7-openjdk-i386/jre/lib/amd64:/usr/lib/jvm/java-7-openjdk-i386/jre/lib/i386:
SHELL=/bin/bash
DISPLAY=:0.0

Signal Handlers:
SIGSEGV: [libjvm.so+0x80a0f0], sa_mask[0]=0x7ffbfeff, sa_flags=0x10000004
SIGBUS: [libjvm.so+0x80a0f0], sa_mask[0]=0x7ffbfeff, sa_flags=0x10000004
SIGFPE: [libjvm.so+0x683f80], sa_mask[0]=0x7ffbfeff, sa_flags=0x10000004
SIGPIPE: SIG_IGN, sa_mask[0]=0x00000000, sa_flags=0x00000000
SIGXFSZ: [libjvm.so+0x683f80], sa_mask[0]=0x7ffbfeff, sa_flags=0x10000004
SIGILL: [libjvm.so+0x683f80], sa_mask[0]=0x7ffbfeff, sa_flags=0x10000004
SIGUSR1: SIG_DFL, sa_mask[0]=0x00000000, sa_flags=0x00000000
SIGUSR2: [libjvm.so+0x683e10], sa_mask[0]=0x00000004, sa_flags=0x10000004
SIGHUP: [libjvm.so+0x684040], sa_mask[0]=0x7ffbfeff, sa_flags=0x10000004
SIGINT: SIG_IGN, sa_mask[0]=0x00000000, sa_flags=0x00000000
SIGTERM: [libjvm.so+0x684040], sa_mask[0]=0x7ffbfeff, sa_flags=0x10000004
SIGQUIT: [libjvm.so+0x684040], sa_mask[0]=0x7ffbfeff, sa_flags=0x10000004
SIGTRAP: SIG_DFL, sa_mask[0]=0x00000000, sa_flags=0x00000000


---------------  S Y S T E M  ---------------

OS:Ubuntu 14.04 (trusty)
uname:Linux 3.13.0-35-generic #62-Ubuntu SMP Fri Aug 15 01:58:01 UTC 2014 i686
libc:glibc 2.19 NPTL 2.19 
rlimit: STACK 8192k, CORE 0k, NPROC 27647, NOFILE 4096, AS infinity
load average:0.87 0.85 0.72

/proc/meminfo:
MemTotal:        3563568 kB
MemFree:          720024 kB
Buffers:          137556 kB
Cached:          1043512 kB
SwapCached:            0 kB
Active:          1875160 kB
Inactive:         560048 kB
Active(anon):    1254992 kB
Inactive(anon):    60768 kB
Active(file):     620168 kB
Inactive(file):   499280 kB
Unevictable:          64 kB
Mlocked:              64 kB
HighTotal:       2713892 kB
HighFree:         535044 kB
LowTotal:         849676 kB
LowFree:          184980 kB
SwapTotal:             0 kB
SwapFree:              0 kB
Dirty:               568 kB
Writeback:            72 kB
AnonPages:       1254104 kB
Mapped:           233864 kB
Shmem:             61540 kB
Slab:             214280 kB
SReclaimable:     129928 kB
SUnreclaim:        84352 kB
KernelStack:        3328 kB
PageTables:         6776 kB
NFS_Unstable:          0 kB
Bounce:                8 kB
WritebackTmp:          0 kB
CommitLimit:     1781784 kB
Committed_AS:    3199424 kB
VmallocTotal:     122880 kB
VmallocUsed:       50688 kB
VmallocChunk:      64468 kB
HardwareCorrupted:     0 kB
AnonHugePages:    905216 kB
HugePages_Total:       0
HugePages_Free:        0
HugePages_Rsvd:        0
HugePages_Surp:        0
Hugepagesize:       2048 kB
DirectMap4k:       40952 kB
DirectMap2M:      872448 kB


CPU:total 4 (4 cores per cpu, 1 threads per core) family 22 model 0 stepping 1, cmov, cx8, fxsr, mmx, sse, sse2, sse3, ssse3, sse4.1, sse4.2, popcnt, avx, aes, mmxext, 3dnowpref, lzcnt, sse4a, tsc, tscinvbit, tscinv

/proc/cpuinfo:
processor	: 0
vendor_id	: AuthenticAMD
cpu family	: 22
model		: 0
model name	: AMD E2-3800 APU with Radeon(TM) HD Graphics
stepping	: 1
microcode	: 0x700010b
cpu MHz		: 1300.000
cache size	: 2048 KB
physical id	: 0
siblings	: 4
core id		: 0
cpu cores	: 4
apicid		: 0
initial apicid	: 0
fdiv_bug	: no
f00f_bug	: no
coma_bug	: no
fpu		: yes
fpu_exception	: yes
cpuid level	: 13
wp		: yes
flags		: fpu vme de pse tsc msr pae mce cx8 apic sep mtrr pge mca cmov pat pse36 clflush mmx fxsr sse sse2 ht syscall nx mmxext fxsr_opt pdpe1gb rdtscp lm constant_tsc nonstop_tsc extd_apicid aperfmperf eagerfpu pni pclmulqdq monitor ssse3 cx16 sse4_1 sse4_2 movbe popcnt aes xsave avx f16c lahf_lm cmp_legacy svm extapic cr8_legacy abm sse4a misalignsse 3dnowprefetch osvw ibs skinit wdt topoext perfctr_nb perfctr_l2 arat xsaveopt hw_pstate proc_feedback npt lbrv svm_lock nrip_save tsc_scale flushbyasid decodeassists pausefilter pfthreshold bmi1
bogomips	: 2595.02
clflush size	: 64
cache_alignment	: 64
address sizes	: 40 bits physical, 48 bits virtual
power management: ts ttp tm 100mhzsteps hwpstate [11]

processor	: 1
vendor_id	: AuthenticAMD
cpu family	: 22
model		: 0
model name	: AMD E2-3800 APU with Radeon(TM) HD Graphics    
stepping	: 1
microcode	: 0x700010b
cpu MHz		: 1300.000
cache size	: 2048 KB
physical id	: 0
siblings	: 4
core id		: 1
cpu cores	: 4
apicid		: 1
initial apicid	: 1
fdiv_bug	: no
f00f_bug	: no
coma_bug	: no
fpu		: yes
fpu_exception	: yes
cpuid level	: 13
wp		: yes
flags		: fpu vme de pse tsc msr pae mce cx8 apic sep mtrr pge mca cmov pat pse36 clflush mmx fxsr sse sse2 ht syscall nx mmxext fxsr_opt pdpe1gb rdtscp lm constant_tsc nonstop_tsc extd_apicid aperfmperf eagerfpu pni pclmulqdq monitor ssse3 cx16 sse4_1 sse4_2 movbe popcnt aes xsave avx f16c lahf_lm cmp_legacy svm extapic cr8_legacy abm sse4a misalignsse 3dnowprefetch osvw ibs skinit wdt topoext perfctr_nb perfctr_l2 arat xsaveopt hw_pstate proc_feedback npt lbrv svm_lock nrip_save tsc_scale flushbyasid decodeassists pausefilter pfthreshold bmi1
bogomips	: 2595.02
clflush size	: 64
cache_alignment	: 64
address sizes	: 40 bits physical, 48 bits virtual
power management: ts ttp tm 100mhzsteps hwpstate [11]

processor	: 2
vendor_id	: AuthenticAMD
cpu family	: 22
model		: 0
model name	: AMD E2-3800 APU with Radeon(TM) HD Graphics    
stepping	: 1
microcode	: 0x700010b
cpu MHz		: 1300.000
cache size	: 2048 KB
physical id	: 0
siblings	: 4
core id		: 2
cpu cores	: 4
apicid		: 2
initial apicid	: 2
fdiv_bug	: no
f00f_bug	: no
coma_bug	: no
fpu		: yes
fpu_exception	: yes
cpuid level	: 13
wp		: yes
flags		: fpu vme de pse tsc msr pae mce cx8 apic sep mtrr pge mca cmov pat pse36 clflush mmx fxsr sse sse2 ht syscall nx mmxext fxsr_opt pdpe1gb rdtscp lm constant_tsc nonstop_tsc extd_apicid aperfmperf eagerfpu pni pclmulqdq monitor ssse3 cx16 sse4_1 sse4_2 movbe popcnt aes xsave avx f16c lahf_lm cmp_legacy svm extapic cr8_legacy abm sse4a misalignsse 3dnowprefetch osvw ibs skinit wdt topoext perfctr_nb perfctr_l2 arat xsaveopt hw_pstate proc_feedback npt lbrv svm_lock nrip_save tsc_scale flushbyasid decodeassists pausefilter pfthreshold bmi1
bogomips	: 2595.02
clflush size	: 64
cache_alignment	: 64
address sizes	: 40 bits physical, 48 bits virtual
power management: ts ttp tm 100mhzsteps hwpstate [11]

processor	: 3
vendor_id	: AuthenticAMD
cpu family	: 22
model		: 0
model name	: AMD E2-3800 APU with Radeon(TM) HD Graphics    
stepping	: 1
microcode	: 0x700010b
cpu MHz		: 1300.000
cache size	: 2048 KB
physical id	: 0
siblings	: 4
core id		: 3
cpu cores	: 4
apicid		: 3
initial apicid	: 3
fdiv_bug	: no
f00f_bug	: no
coma_bug	: no
fpu		: yes
fpu_exception	: yes
cpuid level	: 13
wp		: yes
flags		: fpu vme de pse tsc msr pae mce cx8 apic sep mtrr pge mca cmov pat pse36 clflush mmx fxsr sse sse2 ht syscall nx mmxext fxsr_opt pdpe1gb rdtscp lm constant_tsc nonstop_tsc extd_apicid aperfmperf eagerfpu pni pclmulqdq monitor ssse3 cx16 sse4_1 sse4_2 movbe popcnt aes xsave avx f16c lahf_lm cmp_legacy svm extapic cr8_legacy abm sse4a misalignsse 3dnowprefetch osvw ibs skinit wdt topoext perfctr_nb perfctr_l2 arat xsaveopt hw_pstate proc_feedback npt lbrv svm_lock nrip_save tsc_scale flushbyasid decodeassists pausefilter pfthreshold bmi1
bogomips	: 2595.02
clflush size	: 64
cache_alignment	: 64
address sizes	: 40 bits physical, 48 bits virtual
power management: ts ttp tm 100mhzsteps hwpstate [11]



Memory: 4k page, physical 3563568k(720124k free), swap 0k(0k free)

vm_info: OpenJDK Server VM (24.65-b04) for linux-x86 JRE (1.7.0_65-b32), built on Sep 10 2014 05:56:58 by "buildd" with gcc 4.8.2

time: Fri Oct  3 15:14:57 2014
elapsed time: 1561 seconds

