#
# A fatal error has been detected by the Java Runtime Environment:
#
#  SIGSEGV (0xb) at pc=0xb33e369d, pid=7195, tid=1876880192
#
# JRE version: OpenJDK Runtime Environment (7.0_65-b32) (build 1.7.0_65-b32)
# Java VM: OpenJDK Server VM (24.65-b04 mixed mode linux-x86 )
# Derivative: IcedTea 2.5.3
# Distribution: Ubuntu 14.04 LTS, package 7u71-2.5.3-0ubuntu0.14.04.1
# Problematic frame:
# v  ~BufferBlob::jni_fast_GetLongField
#
# Failed to write core dump. Core dumps have been disabled. To enable core dumping, try "ulimit -c unlimited" before starting Java again
#
# If you would like to submit a bug report, please include
# instructions on how to reproduce the bug and visit:
#   http://icedtea.classpath.org/bugzilla
# The crash happened outside the Java Virtual Machine in native code.
# See problematic frame for where to report the bug.
#

---------------  T H R E A D  ---------------

Current thread (0x70ad4c00):  JavaThread "AWT-XAWT" daemon [_thread_in_native, id=7213, stack(0x6fd9e000,0x6fdef000)]

siginfo:si_signo=SIGSEGV: si_errno=0, si_code=1 (SEGV_MAPERR), si_addr=0x00000000

Registers:
EAX=0x00000000, EBX=0x70b8a000, ECX=0x000006f4, EDX=0x00000000
ESP=0x6fdede08, EBP=0x6fdede58, ESI=0x00000042, EDI=0x70ad4d28
EIP=0xb33e369d, EFLAGS=0x00010246, CR2=0x00000000

Top of Stack: (sp=0x6fdede08)
0x6fdede08:   00000000 70b5c823 70ad4d28 00000000
0x6fdede18:   00000042 b7550030 b7714000 70a69d70
0x6fdede28:   00000000 70ad4d28 70a69d7c 6ea06758
0x6fdede38:   6fdede58 70b5c8f4 b7101120 00010002
0x6fdede48:   70b5c7ff 70942000 6faf4f38 00000000
0x6fdede58:   6faf4d98 7086ee18 6faf4d98 00000000
0x6fdede68:   00000000 7056ca73 70a69d7c 00000000
0x6fdede78:   7086edb9 70942000 6faf4eb0 00200003 

Instructions: (pc=0xb33e369d)
0xb33e367d:   00 00 00 56 8b 0d a4 c2 11 b7 f6 c1 01 0f 85 30
0xb33e368d:   00 00 00 8b c1 83 e0 01 8b 54 04 0c 8b 74 24 10
0xb33e369d:   8b 12 c1 ee 02 8b 04 32 8b 54 32 04 be a4 c2 11
0xb33e36ad:   b7 33 f2 33 f0 33 f2 33 f0 3b 0e 0f 85 02 00 00 

Register to memory mapping:

EAX=0x00000000 is an unknown value
EBX=0x70b8a000: <offset 0x49000> in /usr/lib/jvm/java-7-openjdk-i386/jre/lib/i386/xawt/libmawt.so at 0x70b41000
ECX=0x000006f4 is an unknown value
EDX=0x00000000 is an unknown value
ESP=0x6fdede08 is pointing into the stack for thread: 0x70ad4c00
EBP=0x6fdede58 is pointing into the stack for thread: 0x70ad4c00
ESI=0x00000042 is an unknown value
EDI=0x70ad4d28 is an unknown value


Stack: [0x6fd9e000,0x6fdef000],  sp=0x6fdede08,  free space=319k
Native frames: (J=compiled Java code, j=interpreted, Vv=VM code, C=native code)
v  ~BufferBlob::jni_fast_GetLongField

Java frames: (J=compiled Java code, j=interpreted, Vv=VM code)
j  sun.awt.X11.XlibWrapper.XFilterEvent(JJ)Z+0
J 573% C2 sun.awt.X11.XToolkit.run(Z)V (410 bytes) @ 0xb34e6880 [0xb34e6180+0x700]
j  sun.awt.X11.XToolkit.run()V+5
j  java.lang.Thread.run()V+11
v  ~StubRoutines::call_stub

---------------  P R O C E S S  ---------------

Java Threads: ( => current thread )
  0x7420d000 JavaThread "AWT-EventQueue-0" [_thread_blocked, id=8482, stack(0x6f902000,0x6f953000)]
  0x7420cc00 JavaThread "AWT-Shutdown" [_thread_blocked, id=8481, stack(0x6f6af000,0x6f700000)]
  0x7182a800 JavaThread "Thread-2" [_thread_blocked, id=7229, stack(0x6fd4d000,0x6fd9e000)]
  0x6fe16800 JavaThread "Thread-1" [_thread_blocked, id=7224, stack(0x6e9af000,0x6ea00000)]
  0xb6409800 JavaThread "DestroyJavaVM" [_thread_blocked, id=7199, stack(0xb6520000,0xb6571000)]
  0x6fa38000 JavaThread "TimerQueue" daemon [_thread_blocked, id=7218, stack(0x6eb29000,0x6eb7a000)]
=>0x70ad4c00 JavaThread "AWT-XAWT" daemon [_thread_in_native, id=7213, stack(0x6fd9e000,0x6fdef000)]
  0x70abc400 JavaThread "Java2D Disposer" daemon [_thread_blocked, id=7212, stack(0x6ff13000,0x6ff64000)]
  0x71aa5800 JavaThread "Service Thread" daemon [_thread_blocked, id=7210, stack(0x711fd000,0x7124e000)]
  0x71aa3c00 JavaThread "C2 CompilerThread1" daemon [_thread_blocked, id=7209, stack(0x7124e000,0x712cf000)]
  0x71aa1800 JavaThread "C2 CompilerThread0" daemon [_thread_blocked, id=7208, stack(0x7172e000,0x717af000)]
  0x71aa0000 JavaThread "Signal Dispatcher" daemon [_thread_blocked, id=7207, stack(0x717af000,0x71800000)]
  0x71a8d400 JavaThread "Finalizer" daemon [_thread_blocked, id=7206, stack(0x7192e000,0x7197f000)]
  0x71a8bc00 JavaThread "Reference Handler" daemon [_thread_blocked, id=7205, stack(0x7412e000,0x7417f000)]

Other Threads:
  0x71a89000 VMThread [stack: 0x7197f000,0x71a00000] [id=7204]
  0x71aa7800 WatcherThread [stack: 0x7117c000,0x711fd000] [id=7211]

VM state:not at safepoint (normal execution)

VM Mutex/Monitor currently owned by a thread: None

Heap
 PSYoungGen      total 13568K, used 10796K [0xa1000000, 0xa2080000, 0xb32c0000)
  eden space 10240K, 76% used [0xa1000000,0xa179aff0,0xa1a00000)
  from space 3328K, 90% used [0xa1d40000,0xa2030010,0xa2080000)
  to   space 3328K, 0% used [0xa1a00000,0xa1a00000,0xa1d40000)
 ParOldGen       total 33536K, used 28991K [0x7cac0000, 0x7eb80000, 0xa1000000)
  object space 33536K, 86% used [0x7cac0000,0x7e70fc38,0x7eb80000)
 PSPermGen       total 32512K, used 14877K [0x74ac0000, 0x76a80000, 0x7cac0000)
  object space 32512K, 45% used [0x74ac0000,0x75947478,0x76a80000)

Card table byte_map: [0x748cb000,0x74ac0000] byte_map_base: 0x74525a00

Polling page: 0xb771a000

Code Cache  [0xb339c000, 0xb35dc000, 0xb639c000)
 total_blobs=895 nmethods=626 adapters=223 free_code_cache=47519Kb largest_free_block=48604416

Compilation events (10 events):
Event: 5512.888 Thread 0x71aa3c00  647 % !         java.lang.ref.Reference$ReferenceHandler::run @ 0 (108 bytes)
Event: 5512.908 Thread 0x71aa3c00 nmethod 647% 0xb34f8648 code [0xb34f8800, 0xb34f9050]
Event: 5596.338 Thread 0x71aa1800  648 %           java.util.AbstractCollection::toArray @ 42 (147 bytes)
Event: 5596.366 Thread 0x71aa1800 nmethod 648% 0xb34f7888 code [0xb34f7a00, 0xb34f8024]
Event: 5596.433 Thread 0x71aa3c00  649             java.util.AbstractCollection::toArray (147 bytes)
Event: 5596.505 Thread 0x71aa3c00 nmethod 649 0xb351b648 code [0xb351b7e0, 0xb351c364]
Event: 5723.246 Thread 0x71aa1800  650 % !         vistas.FrmPrincipal::run @ 0 (432 bytes)
Event: 5724.956 Thread 0x71aa1800 nmethod 650% 0xb352a748 code [0xb352b800, 0xb3532b14]
Event: 6200.213 Thread 0x71aa3c00  651   !         java.lang.StringCoding::encode (120 bytes)
Event: 6200.229 Thread 0x71aa3c00 nmethod 651 0xb3527d88 code [0xb3527f20, 0xb3528438]

GC Heap History (10 events):
Event: 6415.597 GC heap before
{Heap before GC invocations=534 (full 2):
 PSYoungGen      total 13568K, used 13232K [0xa1000000, 0xa2080000, 0xb32c0000)
  eden space 10240K, 100% used [0xa1000000,0xa1a00000,0xa1a00000)
  from space 3328K, 89% used [0xa1a00000,0xa1cec020,0xa1d40000)
  to   space 3328K, 0% used [0xa1d40000,0xa1d40000,0xa2080000)
 ParOldGen       total 33536K, used 28661K [0x7cac0000, 0x7eb80000, 0xa1000000)
  object space 33536K, 85% used [0x7cac0000,0x7e6bd428,0x7eb80000)
 PSPermGen       total 32512K, used 14863K [0x74ac0000, 0x76a80000, 0x7cac0000)
  object space 32512K, 45% used [0x74ac0000,0x75943d10,0x76a80000)
Event: 6415.617 GC heap after
Heap after GC invocations=534 (full 2):
 PSYoungGen      total 13568K, used 3072K [0xa1000000, 0xa2080000, 0xb32c0000)
  eden space 10240K, 0% used [0xa1000000,0xa1000000,0xa1a00000)
  from space 3328K, 92% used [0xa1d40000,0xa2040030,0xa2080000)
  to   space 3328K, 0% used [0xa1a00000,0xa1a00000,0xa1d40000)
 ParOldGen       total 33536K, used 28681K [0x7cac0000, 0x7eb80000, 0xa1000000)
  object space 33536K, 85% used [0x7cac0000,0x7e6c2428,0x7eb80000)
 PSPermGen       total 32512K, used 14863K [0x74ac0000, 0x76a80000, 0x7cac0000)
  object space 32512K, 45% used [0x74ac0000,0x75943d10,0x76a80000)
}
Event: 6427.315 GC heap before
{Heap before GC invocations=535 (full 2):
 PSYoungGen      total 13568K, used 13312K [0xa1000000, 0xa2080000, 0xb32c0000)
  eden space 10240K, 100% used [0xa1000000,0xa1a00000,0xa1a00000)
  from space 3328K, 92% used [0xa1d40000,0xa2040030,0xa2080000)
  to   space 3328K, 0% used [0xa1a00000,0xa1a00000,0xa1d40000)
 ParOldGen       total 33536K, used 28681K [0x7cac0000, 0x7eb80000, 0xa1000000)
  object space 33536K, 85% used [0x7cac0000,0x7e6c2428,0x7eb80000)
 PSPermGen       total 32512K, used 14863K [0x74ac0000, 0x76a80000, 0x7cac0000)
  object space 32512K, 45% used [0x74ac0000,0x75943d10,0x76a80000)
Event: 6427.341 GC heap after
Heap after GC invocations=535 (full 2):
 PSYoungGen      total 13568K, used 3024K [0xa1000000, 0xa2080000, 0xb32c0000)
  eden space 10240K, 0% used [0xa1000000,0xa1000000,0xa1a00000)
  from space 3328K, 90% used [0xa1a00000,0xa1cf4030,0xa1d40000)
  to   space 3328K, 0% used [0xa1d40000,0xa1d40000,0xa2080000)
 ParOldGen       total 33536K, used 28809K [0x7cac0000, 0x7eb80000, 0xa1000000)
  object space 33536K, 85% used [0x7cac0000,0x7e6e2428,0x7eb80000)
 PSPermGen       total 32512K, used 14863K [0x74ac0000, 0x76a80000, 0x7cac0000)
  object space 32512K, 45% used [0x74ac0000,0x75943d10,0x76a80000)
}
Event: 6438.621 GC heap before
{Heap before GC invocations=536 (full 2):
 PSYoungGen      total 13568K, used 13262K [0xa1000000, 0xa2080000, 0xb32c0000)
  eden space 10240K, 99% used [0xa1000000,0xa19ffba0,0xa1a00000)
  from space 3328K, 90% used [0xa1a00000,0xa1cf4030,0xa1d40000)
  to   space 3328K, 0% used [0xa1d40000,0xa1d40000,0xa2080000)
 ParOldGen       total 33536K, used 28809K [0x7cac0000, 0x7eb80000, 0xa1000000)
  object space 33536K, 85% used [0x7cac0000,0x7e6e2428,0x7eb80000)
 PSPermGen       total 32512K, used 14863K [0x74ac0000, 0x76a80000, 0x7cac0000)
  object space 32512K, 45% used [0x74ac0000,0x75943d10,0x76a80000)
Event: 6438.638 GC heap after
Heap after GC invocations=536 (full 2):
 PSYoungGen      total 13568K, used 3040K [0xa1000000, 0xa2080000, 0xb32c0000)
  eden space 10240K, 0% used [0xa1000000,0xa1000000,0xa1a00000)
  from space 3328K, 91% used [0xa1d40000,0xa2038030,0xa2080000)
  to   space 3328K, 0% used [0xa1a00000,0xa1a00000,0xa1d40000)
 ParOldGen       total 33536K, used 28833K [0x7cac0000, 0x7eb80000, 0xa1000000)
  object space 33536K, 85% used [0x7cac0000,0x7e6e8428,0x7eb80000)
 PSPermGen       total 32512K, used 14863K [0x74ac0000, 0x76a80000, 0x7cac0000)
  object space 32512K, 45% used [0x74ac0000,0x75943d10,0x76a80000)
}
Event: 6449.981 GC heap before
{Heap before GC invocations=537 (full 2):
 PSYoungGen      total 13568K, used 13280K [0xa1000000, 0xa2080000, 0xb32c0000)
  eden space 10240K, 100% used [0xa1000000,0xa1a00000,0xa1a00000)
  from space 3328K, 91% used [0xa1d40000,0xa2038030,0xa2080000)
  to   space 3328K, 0% used [0xa1a00000,0xa1a00000,0xa1d40000)
 ParOldGen       total 33536K, used 28833K [0x7cac0000, 0x7eb80000, 0xa1000000)
  object space 33536K, 85% used [0x7cac0000,0x7e6e8428,0x7eb80000)
 PSPermGen       total 32512K, used 14863K [0x74ac0000, 0x76a80000, 0x7cac0000)
  object space 32512K, 45% used [0x74ac0000,0x75943d10,0x76a80000)
Event: 6449.999 GC heap after
Heap after GC invocations=537 (full 2):
 PSYoungGen      total 13568K, used 3056K [0xa1000000, 0xa2080000, 0xb32c0000)
  eden space 10240K, 0% used [0xa1000000,0xa1000000,0xa1a00000)
  from space 3328K, 91% used [0xa1a00000,0xa1cfc030,0xa1d40000)
  to   space 3328K, 0% used [0xa1d40000,0xa1d40000,0xa2080000)
 ParOldGen       total 33536K, used 28959K [0x7cac0000, 0x7eb80000, 0xa1000000)
  object space 33536K, 86% used [0x7cac0000,0x7e707c38,0x7eb80000)
 PSPermGen       total 32512K, used 14863K [0x74ac0000, 0x76a80000, 0x7cac0000)
  object space 32512K, 45% used [0x74ac0000,0x75943d10,0x76a80000)
}
Event: 6461.752 GC heap before
{Heap before GC invocations=538 (full 2):
 PSYoungGen      total 13568K, used 13296K [0xa1000000, 0xa2080000, 0xb32c0000)
  eden space 10240K, 100% used [0xa1000000,0xa1a00000,0xa1a00000)
  from space 3328K, 91% used [0xa1a00000,0xa1cfc030,0xa1d40000)
  to   space 3328K, 0% used [0xa1d40000,0xa1d40000,0xa2080000)
 ParOldGen       total 33536K, used 28959K [0x7cac0000, 0x7eb80000, 0xa1000000)
  object space 33536K, 86% used [0x7cac0000,0x7e707c38,0x7eb80000)
 PSPermGen       total 32512K, used 14863K [0x74ac0000, 0x76a80000, 0x7cac0000)
  object space 32512K, 45% used [0x74ac0000,0x75943d10,0x76a80000)
Event: 6461.776 GC heap after
Heap after GC invocations=538 (full 2):
 PSYoungGen      total 13568K, used 3008K [0xa1000000, 0xa2080000, 0xb32c0000)
  eden space 10240K, 0% used [0xa1000000,0xa1000000,0xa1a00000)
  from space 3328K, 90% used [0xa1d40000,0xa2030010,0xa2080000)
  to   space 3328K, 0% used [0xa1a00000,0xa1a00000,0xa1d40000)
 ParOldGen       total 33536K, used 28991K [0x7cac0000, 0x7eb80000, 0xa1000000)
  object space 33536K, 86% used [0x7cac0000,0x7e70fc38,0x7eb80000)
 PSPermGen       total 32512K, used 14863K [0x74ac0000, 0x76a80000, 0x7cac0000)
  object space 32512K, 45% used [0x74ac0000,0x75943d10,0x76a80000)
}

Deoptimization events (10 events):
Event: 5435.200 Thread 0x7182a800 Uncommon trap: reason=array_check action=maybe_recompile pc=0xb34facd0 method=java.util.Arrays.fill([Ljava/lang/Object;Ljava/lang/Object;)V @ 13
Event: 5435.200 Thread 0x7182a800 Uncommon trap: reason=array_check action=maybe_recompile pc=0xb34facd0 method=java.util.Arrays.fill([Ljava/lang/Object;Ljava/lang/Object;)V @ 13
Event: 5435.201 Thread 0x7182a800 Uncommon trap: reason=array_check action=maybe_recompile pc=0xb34e1ad0 method=java.util.Arrays.fill([Ljava/lang/Object;Ljava/lang/Object;)V @ 13
Event: 5435.599 Thread 0x7420d000 Uncommon trap: reason=class_check action=maybe_recompile pc=0xb348340c method=java.awt.Toolkit$SelectiveAWTEventListener.eventDispatched(Ljava/awt/AWTEvent;)V @ 733
Event: 5435.605 Thread 0x7420d000 Uncommon trap: reason=null_check action=make_not_entrant pc=0xb33fbf50 method=java.awt.datatransfer.MimeTypeParameterList.get(Ljava/lang/String;)Ljava/lang/String; @ 14
Event: 5435.605 Thread 0x7420d000 Uncommon trap: reason=null_check action=make_not_entrant pc=0xb3434f8c method=java.awt.datatransfer.MimeTypeParameterList.get(Ljava/lang/String;)Ljava/lang/String; @ 14
Event: 5435.817 Thread 0x7420d000 Uncommon trap: reason=class_check action=maybe_recompile pc=0xb348340c method=java.awt.Toolkit$SelectiveAWTEventListener.eventDispatched(Ljava/awt/AWTEvent;)V @ 733
Event: 5435.817 Thread 0x7420d000 Uncommon trap: reason=class_check action=maybe_recompile pc=0xb348340c method=java.awt.Toolkit$SelectiveAWTEventListener.eventDispatched(Ljava/awt/AWTEvent;)V @ 733
Event: 5435.839 Thread 0x7420d000 Uncommon trap: reason=class_check action=maybe_recompile pc=0xb348340c method=java.awt.Toolkit$SelectiveAWTEventListener.eventDispatched(Ljava/awt/AWTEvent;)V @ 733
Event: 5446.579 Thread 0x7420d000 Uncommon trap: reason=null_check action=make_not_entrant pc=0xb34ba638 method=java.lang.StringCoding.encode(Ljava/lang/String;[CII)[B @ 6

Internal exceptions (10 events):
Event: 5446.579 Thread 0x7420d000 Implicit null exception at 0xb34ba2cb to 0xb34ba629
Event: 5446.860 Thread 0x7420d000 Threw 0xa129bdd8 at /build/buildd/openjdk-7-7u71-2.5.3/build/openjdk/hotspot/src/share/vm/prims/jni.cpp:747
Event: 5451.161 Thread 0x7420d000 Threw 0xa1304888 at /build/buildd/openjdk-7-7u71-2.5.3/build/openjdk/hotspot/src/share/vm/prims/jvm.cpp:1284
Event: 5451.371 Thread 0x7420d000 Threw 0xa1556d68 at /build/buildd/openjdk-7-7u71-2.5.3/build/openjdk/hotspot/src/share/vm/prims/jvm.cpp:1284
Event: 5451.646 Thread 0x7420d000 Threw 0xa159cf48 at /build/buildd/openjdk-7-7u71-2.5.3/build/openjdk/hotspot/src/share/vm/prims/jni.cpp:747
Event: 5455.745 Thread 0x7420d000 Threw 0xa17ba498 at /build/buildd/openjdk-7-7u71-2.5.3/build/openjdk/hotspot/src/share/vm/prims/jni.cpp:747
Event: 5456.037 Thread 0x7420d000 Threw 0xa182d5f0 at /build/buildd/openjdk-7-7u71-2.5.3/build/openjdk/hotspot/src/share/vm/prims/jni.cpp:747
Event: 5460.809 Thread 0x7420d000 Threw 0xa10bebd0 at /build/buildd/openjdk-7-7u71-2.5.3/build/openjdk/hotspot/src/share/vm/prims/jni.cpp:747
Event: 5469.754 Thread 0x7420d000 Threw 0xa14d7790 at /build/buildd/openjdk-7-7u71-2.5.3/build/openjdk/hotspot/src/share/vm/prims/jni.cpp:747
Event: 5474.032 Thread 0x7420d000 Threw 0xa1353520 at /build/buildd/openjdk-7-7u71-2.5.3/build/openjdk/hotspot/src/share/vm/prims/jni.cpp:747

Events (10 events):
Event: 6438.621 Executing VM operation: ParallelGCFailedAllocation
Event: 6438.639 Executing VM operation: ParallelGCFailedAllocation done
Event: 6449.980 Executing VM operation: ParallelGCFailedAllocation
Event: 6449.999 Executing VM operation: ParallelGCFailedAllocation done
Event: 6461.752 Executing VM operation: ParallelGCFailedAllocation
Event: 6461.776 Executing VM operation: ParallelGCFailedAllocation done
Event: 6470.162 loading class 0x718ea988
Event: 6470.180 loading class 0x718ea988 done
Event: 6470.180 loading class 0x718eb9b8
Event: 6470.180 loading class 0x718eb9b8 done


Dynamic libraries:
08048000-08049000 r-xp 00000000 08:06 19401720   /usr/lib/jvm/java-7-openjdk-i386/jre/bin/java
08049000-0804a000 r--p 00000000 08:06 19401720   /usr/lib/jvm/java-7-openjdk-i386/jre/bin/java
0804a000-0804b000 rw-p 00001000 08:06 19401720   /usr/lib/jvm/java-7-openjdk-i386/jre/bin/java
08ffd000-09060000 rw-p 00000000 00:00 0          [heap]
6e400000-6e4ee000 rw-p 00000000 00:00 0 
6e4ee000-6e500000 ---p 00000000 00:00 0 
6e600000-6e6fa000 rw-p 00000000 00:00 0 
6e6fa000-6e700000 ---p 00000000 00:00 0 
6e800000-6e8fd000 rw-p 00000000 00:00 0 
6e8fd000-6e900000 ---p 00000000 00:00 0 
6e9af000-6e9b2000 ---p 00000000 00:00 0 
6e9b2000-6ea00000 rw-p 00000000 00:00 0          [stack:7224]
6ea00000-6ea29000 rw-p 00000000 00:00 0 
6ea29000-6eb00000 ---p 00000000 00:00 0 
6eb29000-6eb2c000 ---p 00000000 00:00 0 
6eb2c000-6eb7a000 rw-p 00000000 00:00 0          [stack:7218]
6ebb0000-6ebd3000 rw-s 00000000 00:04 17137677   /SYSV00000000 (deleted)
6ebd3000-6ec36000 r-xp 00000000 08:06 16256811   /usr/lib/i386-linux-gnu/nss/libfreebl3.so
6ec36000-6ec37000 r--p 00063000 08:06 16256811   /usr/lib/i386-linux-gnu/nss/libfreebl3.so
6ec37000-6ec38000 rw-p 00064000 08:06 16256811   /usr/lib/i386-linux-gnu/nss/libfreebl3.so
6ec38000-6ec3c000 rw-p 00000000 00:00 0 
6ec3c000-6ecf5000 r-xp 00000000 08:06 16256343   /usr/lib/i386-linux-gnu/libsqlite3.so.0.8.6
6ecf5000-6ecf7000 r--p 000b8000 08:06 16256343   /usr/lib/i386-linux-gnu/libsqlite3.so.0.8.6
6ecf7000-6ecf8000 rw-p 000ba000 08:06 16256343   /usr/lib/i386-linux-gnu/libsqlite3.so.0.8.6
6ecf8000-6ecf9000 rw-p 00000000 00:00 0 
6ecf9000-6ed38000 r-xp 00000000 08:06 16256819   /usr/lib/i386-linux-gnu/nss/libsoftokn3.so
6ed38000-6ed39000 r--p 0003f000 08:06 16256819   /usr/lib/i386-linux-gnu/nss/libsoftokn3.so
6ed39000-6ed3a000 rw-p 00040000 08:06 16256819   /usr/lib/i386-linux-gnu/nss/libsoftokn3.so
6ed3a000-6ed73000 r-xp 00000000 08:06 16253288   /usr/lib/i386-linux-gnu/libnspr4.so
6ed73000-6ed74000 r--p 00039000 08:06 16253288   /usr/lib/i386-linux-gnu/libnspr4.so
6ed74000-6ed75000 rw-p 0003a000 08:06 16253288   /usr/lib/i386-linux-gnu/libnspr4.so
6ed75000-6ed77000 rw-p 00000000 00:00 0 
6ed77000-6ed98000 r-xp 00000000 08:06 16256185   /usr/lib/i386-linux-gnu/libnssutil3.so
6ed98000-6ed9b000 r--p 00020000 08:06 16256185   /usr/lib/i386-linux-gnu/libnssutil3.so
6ed9b000-6ed9c000 rw-p 00023000 08:06 16256185   /usr/lib/i386-linux-gnu/libnssutil3.so
6ed9c000-6eedb000 r-xp 00000000 08:06 16256345   /usr/lib/i386-linux-gnu/libnss3.so
6eedb000-6eede000 r--p 0013e000 08:06 16256345   /usr/lib/i386-linux-gnu/libnss3.so
6eede000-6eedf000 rw-p 00141000 08:06 16256345   /usr/lib/i386-linux-gnu/libnss3.so
6eedf000-6eee0000 rw-p 00000000 00:00 0 
6ef00000-6effc000 rw-p 00000000 00:00 0 
6effc000-6f000000 ---p 00000000 00:00 0 
6f000000-6f0fa000 rw-p 00000000 00:00 0 
6f0fa000-6f100000 ---p 00000000 00:00 0 
6f100000-6f1fc000 rw-p 00000000 00:00 0 
6f1fc000-6f200000 ---p 00000000 00:00 0 
6f200000-6f2d3000 rw-p 00000000 00:00 0 
6f2d3000-6f300000 ---p 00000000 00:00 0 
6f300000-6f3fc000 rw-p 00000000 00:00 0 
6f3fc000-6f400000 ---p 00000000 00:00 0 
6f46f000-6f477000 r--s 00000000 08:06 24641595   /var/cache/fontconfig/945677eb7aeaf62f1d50efc3fb3ec7d8-le32d4.cache-4
6f477000-6f47b000 r--s 00000000 08:06 24641585   /var/cache/fontconfig/2cd17615ca594fa2959ae173292e504c-le32d4.cache-4
6f47b000-6f47f000 r--s 00000000 08:06 24641594   /var/cache/fontconfig/8801497958630a81b71ace7c5f9b32a8-le32d4.cache-4
6f47f000-6f48f000 r--s 00000000 08:06 24641601   /var/cache/fontconfig/d52a8644073d54c13679302ca1180695-le32d4.cache-4
6f48f000-6f496000 r--s 00000000 08:06 24642172   /var/cache/fontconfig/3f7329c5293ffd510edef78f73874cfd-le32d4.cache-4
6f4af000-6f4b2000 ---p 00000000 00:00 0 
6f4b2000-6f500000 rw-p 00000000 00:00 0 
6f500000-6f5ff000 rw-p 00000000 00:00 0 
6f5ff000-6f600000 ---p 00000000 00:00 0 
6f603000-6f60c000 r--s 00000000 08:06 24648201   /var/cache/fontconfig/d589a48862398ed80a3d6066f4f56f4c-le32d4.cache-4
6f6af000-6f6b2000 ---p 00000000 00:00 0 
6f6b2000-6f700000 rw-p 00000000 00:00 0          [stack:8481]
6f700000-6f7ff000 rw-p 00000000 00:00 0 
6f7ff000-6f800000 ---p 00000000 00:00 0 
6f800000-6f8fe000 rw-p 00000000 00:00 0 
6f8fe000-6f900000 ---p 00000000 00:00 0 
6f902000-6f905000 ---p 00000000 00:00 0 
6f905000-6f953000 rw-p 00000000 00:00 0          [stack:8482]
6f953000-6f99c000 r-xp 00000000 08:06 16256094   /usr/lib/i386-linux-gnu/libjpeg.so.8.0.2
6f99c000-6f99d000 r--p 00048000 08:06 16256094   /usr/lib/i386-linux-gnu/libjpeg.so.8.0.2
6f99d000-6f99e000 rw-p 00049000 08:06 16256094   /usr/lib/i386-linux-gnu/libjpeg.so.8.0.2
6f99e000-6f9ae000 rw-p 00000000 00:00 0 
6f9ae000-6f9fd000 r-xp 00000000 08:06 19401680   /usr/lib/jvm/java-7-openjdk-i386/jre/lib/i386/libfontmanager.so
6f9fd000-6f9ff000 r--p 0004e000 08:06 19401680   /usr/lib/jvm/java-7-openjdk-i386/jre/lib/i386/libfontmanager.so
6f9ff000-6fa00000 rw-p 00050000 08:06 19401680   /usr/lib/jvm/java-7-openjdk-i386/jre/lib/i386/libfontmanager.so
6fa00000-6faf5000 rw-p 00000000 00:00 0 
6faf5000-6fb00000 ---p 00000000 00:00 0 
6fb00000-6fbff000 rw-p 00000000 00:00 0 
6fbff000-6fc00000 ---p 00000000 00:00 0 
6fc00000-6fcff000 rw-p 00000000 00:00 0 
6fcff000-6fd00000 ---p 00000000 00:00 0 
6fd01000-6fd06000 r--s 00000000 08:06 24641586   /var/cache/fontconfig/3047814df9a2f067bd2d96a2b9c36e5a-le32d4.cache-4
6fd06000-6fd09000 r-xp 00000000 08:06 16253791   /usr/lib/i386-linux-gnu/libplds4.so
6fd09000-6fd0a000 r--p 00002000 08:06 16253791   /usr/lib/i386-linux-gnu/libplds4.so
6fd0a000-6fd0b000 rw-p 00003000 08:06 16253791   /usr/lib/i386-linux-gnu/libplds4.so
6fd0b000-6fd0f000 r-xp 00000000 08:06 16253363   /usr/lib/i386-linux-gnu/libplc4.so
6fd0f000-6fd10000 r--p 00003000 08:06 16253363   /usr/lib/i386-linux-gnu/libplc4.so
6fd10000-6fd11000 rw-p 00004000 08:06 16253363   /usr/lib/i386-linux-gnu/libplc4.so
6fd11000-6fd22000 r-xp 00000000 08:06 19401679   /usr/lib/jvm/java-7-openjdk-i386/jre/lib/i386/libj2pkcs11.so
6fd22000-6fd23000 r--p 00010000 08:06 19401679   /usr/lib/jvm/java-7-openjdk-i386/jre/lib/i386/libj2pkcs11.so
6fd23000-6fd24000 rw-p 00011000 08:06 19401679   /usr/lib/jvm/java-7-openjdk-i386/jre/lib/i386/libj2pkcs11.so
6fd24000-6fd29000 r--s 0004c000 08:06 19401698   /usr/lib/jvm/java-7-openjdk-i386/jre/lib/jsse.jar
6fd29000-6fd32000 r-xp 00000000 08:06 19401687   /usr/lib/jvm/java-7-openjdk-i386/jre/lib/i386/libjavajpeg.so
6fd32000-6fd33000 r--p 00008000 08:06 19401687   /usr/lib/jvm/java-7-openjdk-i386/jre/lib/i386/libjavajpeg.so
6fd33000-6fd34000 rw-p 00009000 08:06 19401687   /usr/lib/jvm/java-7-openjdk-i386/jre/lib/i386/libjavajpeg.so
6fd34000-6fd4b000 r-xp 00000000 08:06 19400723   /usr/lib/jvm/java-7-openjdk-i386/jre/lib/i386/libnet.so
6fd4b000-6fd4c000 r--p 00016000 08:06 19400723   /usr/lib/jvm/java-7-openjdk-i386/jre/lib/i386/libnet.so
6fd4c000-6fd4d000 rw-p 00017000 08:06 19400723   /usr/lib/jvm/java-7-openjdk-i386/jre/lib/i386/libnet.so
6fd4d000-6fd50000 ---p 00000000 00:00 0 
6fd50000-6fd9e000 rw-p 00000000 00:00 0          [stack:7229]
6fd9e000-6fda1000 ---p 00000000 00:00 0 
6fda1000-6fdef000 rw-p 00000000 00:00 0          [stack:7213]
6fdef000-6fdf3000 r-xp 00000000 08:06 16255571   /usr/lib/i386-linux-gnu/libXfixes.so.3.1.0
6fdf3000-6fdf4000 r--p 00003000 08:06 16255571   /usr/lib/i386-linux-gnu/libXfixes.so.3.1.0
6fdf4000-6fdf5000 rw-p 00004000 08:06 16255571   /usr/lib/i386-linux-gnu/libXfixes.so.3.1.0
6fdf5000-6fdfe000 r-xp 00000000 08:06 16255563   /usr/lib/i386-linux-gnu/libXcursor.so.1.0.2
6fdfe000-6fdff000 r--p 00008000 08:06 16255563   /usr/lib/i386-linux-gnu/libXcursor.so.1.0.2
6fdff000-6fe00000 rw-p 00009000 08:06 16255563   /usr/lib/i386-linux-gnu/libXcursor.so.1.0.2
6fe00000-6fefb000 rw-p 00000000 00:00 0 
6fefb000-6ff00000 ---p 00000000 00:00 0 
6ff00000-6ff11000 r-xp 00000000 08:06 19400713   /usr/lib/jvm/java-7-openjdk-i386/jre/lib/i386/libnio.so
6ff11000-6ff12000 r--p 00010000 08:06 19400713   /usr/lib/jvm/java-7-openjdk-i386/jre/lib/i386/libnio.so
6ff12000-6ff13000 rw-p 00011000 08:06 19400713   /usr/lib/jvm/java-7-openjdk-i386/jre/lib/i386/libnio.so
6ff13000-6ff16000 ---p 00000000 00:00 0 
6ff16000-6ff64000 rw-p 00000000 00:00 0          [stack:7212]
6ff64000-6ff8a000 r--p 00000000 08:06 17306426   /usr/share/locale-langpack/es/LC_MESSAGES/libc.mo
6ff8a000-6ff8d000 r-xp 00000000 08:06 19923945   /lib/i386-linux-gnu/libgpg-error.so.0.10.0
6ff8d000-6ff8e000 r--p 00002000 08:06 19923945   /lib/i386-linux-gnu/libgpg-error.so.0.10.0
6ff8e000-6ff8f000 rw-p 00003000 08:06 19923945   /lib/i386-linux-gnu/libgpg-error.so.0.10.0
6ff8f000-6ff91000 r-xp 00000000 08:06 19923955   /lib/i386-linux-gnu/libkeyutils.so.1.4
6ff91000-6ff92000 r--p 00002000 08:06 19923955   /lib/i386-linux-gnu/libkeyutils.so.1.4
6ff92000-6ff93000 rw-p 00003000 08:06 19923955   /lib/i386-linux-gnu/libkeyutils.so.1.4
6ff93000-6ffcf000 r-xp 00000000 08:06 19924009   /lib/i386-linux-gnu/libpcre.so.3.13.1
6ffcf000-6ffd0000 r--p 0003b000 08:06 19924009   /lib/i386-linux-gnu/libpcre.so.3.13.1
6ffd0000-6ffd1000 rw-p 0003c000 08:06 19924009   /lib/i386-linux-gnu/libpcre.so.3.13.1
6ffd1000-6fff7000 r-xp 00000000 08:06 19924021   /lib/i386-linux-gnu/libpng12.so.0.50.0
6fff7000-6fff8000 r--p 00025000 08:06 19924021   /lib/i386-linux-gnu/libpng12.so.0.50.0
6fff8000-6fff9000 rw-p 00026000 08:06 19924021   /lib/i386-linux-gnu/libpng12.so.0.50.0
6fff9000-70042000 r-xp 00000000 08:06 19923895   /lib/i386-linux-gnu/libdbus-1.so.3.7.6
70042000-70043000 r--p 00048000 08:06 19923895   /lib/i386-linux-gnu/libdbus-1.so.3.7.6
70043000-70044000 rw-p 00049000 08:06 19923895   /lib/i386-linux-gnu/libdbus-1.so.3.7.6
70044000-7007b000 r-xp 00000000 08:06 16256208   /usr/lib/i386-linux-gnu/libp11-kit.so.0.0.0
7007b000-7007c000 ---p 00037000 08:06 16256208   /usr/lib/i386-linux-gnu/libp11-kit.so.0.0.0
7007c000-7007f000 r--p 00037000 08:06 16256208   /usr/lib/i386-linux-gnu/libp11-kit.so.0.0.0
7007f000-70080000 rw-p 0003a000 08:06 16256208   /usr/lib/i386-linux-gnu/libp11-kit.so.0.0.0
70080000-70092000 r-xp 00000000 08:06 16256365   /usr/lib/i386-linux-gnu/libtasn1.so.6.2.0
70092000-70093000 r--p 00011000 08:06 16256365   /usr/lib/i386-linux-gnu/libtasn1.so.6.2.0
70093000-70094000 rw-p 00012000 08:06 16256365   /usr/lib/i386-linux-gnu/libtasn1.so.6.2.0
70094000-70116000 r-xp 00000000 08:06 19923889   /lib/i386-linux-gnu/libgcrypt.so.11.8.2
70116000-70117000 ---p 00082000 08:06 19923889   /lib/i386-linux-gnu/libgcrypt.so.11.8.2
70117000-70118000 r--p 00082000 08:06 19923889   /lib/i386-linux-gnu/libgcrypt.so.11.8.2
70118000-7011a000 rw-p 00083000 08:06 19923889   /lib/i386-linux-gnu/libgcrypt.so.11.8.2
7011a000-7011b000 rw-p 00000000 00:00 0 
7011b000-70125000 r-xp 00000000 08:06 16255942   /usr/lib/i386-linux-gnu/libkrb5support.so.0.1
70125000-70126000 r--p 00009000 08:06 16255942   /usr/lib/i386-linux-gnu/libkrb5support.so.0.1
70126000-70127000 rw-p 0000a000 08:06 16255942   /usr/lib/i386-linux-gnu/libkrb5support.so.0.1
70127000-7012a000 r-xp 00000000 08:06 19923921   /lib/i386-linux-gnu/libcom_err.so.2.1
7012a000-7012b000 r--p 00002000 08:06 19923921   /lib/i386-linux-gnu/libcom_err.so.2.1
7012b000-7012c000 rw-p 00003000 08:06 19923921   /lib/i386-linux-gnu/libcom_err.so.2.1
7012c000-7015a000 r-xp 00000000 08:06 16254956   /usr/lib/i386-linux-gnu/libk5crypto.so.3.1
7015a000-7015b000 r--p 0002d000 08:06 16254956   /usr/lib/i386-linux-gnu/libk5crypto.so.3.1
7015b000-7015c000 rw-p 0002e000 08:06 16254956   /usr/lib/i386-linux-gnu/libk5crypto.so.3.1
7015c000-70213000 r-xp 00000000 08:06 16255848   /usr/lib/i386-linux-gnu/libkrb5.so.3.3
70213000-70219000 r--p 000b7000 08:06 16255848   /usr/lib/i386-linux-gnu/libkrb5.so.3.3
70219000-7021a000 rw-p 000bd000 08:06 16255848   /usr/lib/i386-linux-gnu/libkrb5.so.3.3
7021a000-7021f000 r-xp 00000000 08:06 16255567   /usr/lib/i386-linux-gnu/libXdmcp.so.6.0.0
7021f000-70220000 r--p 00004000 08:06 16255567   /usr/lib/i386-linux-gnu/libXdmcp.so.6.0.0
70220000-70221000 rw-p 00005000 08:06 16255567   /usr/lib/i386-linux-gnu/libXdmcp.so.6.0.0
70221000-70226000 r-xp 00000000 08:06 16255819   /usr/lib/i386-linux-gnu/libffi.so.6.0.1
70226000-70227000 r--p 00005000 08:06 16255819   /usr/lib/i386-linux-gnu/libffi.so.6.0.1
70227000-70228000 rw-p 00006000 08:06 16255819   /usr/lib/i386-linux-gnu/libffi.so.6.0.1
70228000-7023b000 r-xp 00000000 08:06 19922973   /lib/i386-linux-gnu/libresolv-2.19.so
7023b000-7023c000 ---p 00013000 08:06 19922973   /lib/i386-linux-gnu/libresolv-2.19.so
7023c000-7023d000 r--p 00013000 08:06 19922973   /lib/i386-linux-gnu/libresolv-2.19.so
7023d000-7023e000 rw-p 00014000 08:06 19922973   /lib/i386-linux-gnu/libresolv-2.19.so
7023e000-70240000 rw-p 00000000 00:00 0 
70240000-70260000 r-xp 00000000 08:06 19924036   /lib/i386-linux-gnu/libselinux.so.1
70260000-70261000 r--p 0001f000 08:06 19924036   /lib/i386-linux-gnu/libselinux.so.1
70261000-70262000 rw-p 00020000 08:06 19924036   /lib/i386-linux-gnu/libselinux.so.1
70262000-70263000 rw-p 00000000 00:00 0 
70263000-7036d000 r-xp 00000000 08:06 19923891   /lib/i386-linux-gnu/libglib-2.0.so.0.4002.0
7036d000-7036e000 r--p 00109000 08:06 19923891   /lib/i386-linux-gnu/libglib-2.0.so.0.4002.0
7036e000-7036f000 rw-p 0010a000 08:06 19923891   /lib/i386-linux-gnu/libglib-2.0.so.0.4002.0
7036f000-70394000 r-xp 00000000 08:06 19923934   /lib/i386-linux-gnu/libexpat.so.1.6.0
70394000-70395000 ---p 00025000 08:06 19923934   /lib/i386-linux-gnu/libexpat.so.1.6.0
70395000-70397000 r--p 00025000 08:06 19923934   /lib/i386-linux-gnu/libexpat.so.1.6.0
70397000-70398000 rw-p 00027000 08:06 19923934   /lib/i386-linux-gnu/libexpat.so.1.6.0
70398000-70432000 r-xp 00000000 08:06 16255843   /usr/lib/i386-linux-gnu/libfreetype.so.6.11.1
70432000-70433000 ---p 0009a000 08:06 16255843   /usr/lib/i386-linux-gnu/libfreetype.so.6.11.1
70433000-70437000 r--p 0009a000 08:06 16255843   /usr/lib/i386-linux-gnu/libfreetype.so.6.11.1
70437000-70438000 rw-p 0009e000 08:06 16255843   /usr/lib/i386-linux-gnu/libfreetype.so.6.11.1
70438000-70448000 r-xp 00000000 08:06 16255655   /usr/lib/i386-linux-gnu/libavahi-client.so.3.2.9
70448000-70449000 r--p 0000f000 08:06 16255655   /usr/lib/i386-linux-gnu/libavahi-client.so.3.2.9
70449000-7044a000 rw-p 00010000 08:06 16255655   /usr/lib/i386-linux-gnu/libavahi-client.so.3.2.9
7044a000-70456000 r-xp 00000000 08:06 16255657   /usr/lib/i386-linux-gnu/libavahi-common.so.3.5.3
70456000-70457000 r--p 0000b000 08:06 16255657   /usr/lib/i386-linux-gnu/libavahi-common.so.3.5.3
70457000-70458000 rw-p 0000c000 08:06 16255657   /usr/lib/i386-linux-gnu/libavahi-common.so.3.5.3
70458000-70519000 r-xp 00000000 08:06 16255915   /usr/lib/i386-linux-gnu/libgnutls.so.26.22.6
70519000-7051d000 r--p 000c0000 08:06 16255915   /usr/lib/i386-linux-gnu/libgnutls.so.26.22.6
7051d000-7051e000 rw-p 000c4000 08:06 16255915   /usr/lib/i386-linux-gnu/libgnutls.so.26.22.6
7051e000-70561000 r-xp 00000000 08:06 16255622   /usr/lib/i386-linux-gnu/libgssapi_krb5.so.2.2
70561000-70562000 r--p 00042000 08:06 16255622   /usr/lib/i386-linux-gnu/libgssapi_krb5.so.2.2
70562000-70563000 rw-p 00043000 08:06 16255622   /usr/lib/i386-linux-gnu/libgssapi_krb5.so.2.2
70563000-70583000 r-xp 00000000 08:06 16256475   /usr/lib/i386-linux-gnu/libxcb.so.1.1.0
70583000-70584000 r--p 0001f000 08:06 16256475   /usr/lib/i386-linux-gnu/libxcb.so.1.1.0
70584000-70585000 rw-p 00020000 08:06 16256475   /usr/lib/i386-linux-gnu/libxcb.so.1.1.0
70585000-705d5000 r-xp 00000000 08:06 16253217   /usr/lib/i386-linux-gnu/libgobject-2.0.so.0.4002.0
705d5000-705d6000 r--p 0004f000 08:06 16253217   /usr/lib/i386-linux-gnu/libgobject-2.0.so.0.4002.0
705d6000-705d7000 rw-p 00050000 08:06 16253217   /usr/lib/i386-linux-gnu/libgobject-2.0.so.0.4002.0
705d7000-70754000 r-xp 00000000 08:06 16253266   /usr/lib/i386-linux-gnu/libgio-2.0.so.0.4002.0
70754000-70756000 r--p 0017d000 08:06 16253266   /usr/lib/i386-linux-gnu/libgio-2.0.so.0.4002.0
70756000-70757000 rw-p 0017f000 08:06 16253266   /usr/lib/i386-linux-gnu/libgio-2.0.so.0.4002.0
70757000-70758000 rw-p 00000000 00:00 0 
70758000-70791000 r-xp 00000000 08:06 16255831   /usr/lib/i386-linux-gnu/libfontconfig.so.1.8.0
70791000-70792000 r--p 00039000 08:06 16255831   /usr/lib/i386-linux-gnu/libfontconfig.so.1.8.0
70792000-70793000 rw-p 0003a000 08:06 16255831   /usr/lib/i386-linux-gnu/libfontconfig.so.1.8.0
70793000-707fa000 r-xp 00000000 08:06 16253374   /usr/lib/i386-linux-gnu/libcups.so.2
707fa000-707fb000 ---p 00067000 08:06 16253374   /usr/lib/i386-linux-gnu/libcups.so.2
707fb000-707ff000 r--p 00067000 08:06 16253374   /usr/lib/i386-linux-gnu/libcups.so.2
707ff000-70800000 rw-p 0006b000 08:06 16253374   /usr/lib/i386-linux-gnu/libcups.so.2
70800000-7080f000 r-xp 00000000 08:06 16255577   /usr/lib/i386-linux-gnu/libXi.so.6.1.0
7080f000-70810000 r--p 0000e000 08:06 16255577   /usr/lib/i386-linux-gnu/libXi.so.6.1.0
70810000-70811000 rw-p 0000f000 08:06 16255577   /usr/lib/i386-linux-gnu/libXi.so.6.1.0
70811000-70941000 r-xp 00000000 08:06 16255552   /usr/lib/i386-linux-gnu/libX11.so.6.3.0
70941000-70942000 r--p 00130000 08:06 16255552   /usr/lib/i386-linux-gnu/libX11.so.6.3.0
70942000-70944000 rw-p 00131000 08:06 16255552   /usr/lib/i386-linux-gnu/libX11.so.6.3.0
70944000-70945000 rw-p 00000000 00:00 0 
70945000-709d4000 r-xp 00000000 08:06 19400714   /usr/lib/jvm/java-7-openjdk-i386/jre/lib/i386/libawt.so
709d4000-709d5000 r--p 0008f000 08:06 19400714   /usr/lib/jvm/java-7-openjdk-i386/jre/lib/i386/libawt.so
709d5000-709dc000 rw-p 00090000 08:06 19400714   /usr/lib/jvm/java-7-openjdk-i386/jre/lib/i386/libawt.so
709dc000-70a00000 rw-p 00000000 00:00 0 
70a00000-70b00000 rw-p 00000000 00:00 0 
70b00000-70b02000 r-xp 00000000 08:06 16255556   /usr/lib/i386-linux-gnu/libXau.so.6.0.0
70b02000-70b03000 r--p 00001000 08:06 16255556   /usr/lib/i386-linux-gnu/libXau.so.6.0.0
70b03000-70b04000 rw-p 00002000 08:06 16255556   /usr/lib/i386-linux-gnu/libXau.so.6.0.0
70b04000-70b07000 r-xp 00000000 08:06 16258530   /usr/lib/i386-linux-gnu/libgmodule-2.0.so.0.4002.0
70b07000-70b08000 r--p 00002000 08:06 16258530   /usr/lib/i386-linux-gnu/libgmodule-2.0.so.0.4002.0
70b08000-70b09000 rw-p 00003000 08:06 16258530   /usr/lib/i386-linux-gnu/libgmodule-2.0.so.0.4002.0
70b09000-70b0e000 r-xp 00000000 08:06 16255597   /usr/lib/i386-linux-gnu/libXtst.so.6.1.0
70b0e000-70b0f000 r--p 00004000 08:06 16255597   /usr/lib/i386-linux-gnu/libXtst.so.6.1.0
70b0f000-70b10000 rw-p 00005000 08:06 16255597   /usr/lib/i386-linux-gnu/libXtst.so.6.1.0
70b10000-70b19000 r-xp 00000000 08:06 16255591   /usr/lib/i386-linux-gnu/libXrender.so.1.3.0
70b19000-70b1a000 r--p 00008000 08:06 16255591   /usr/lib/i386-linux-gnu/libXrender.so.1.3.0
70b1a000-70b1b000 rw-p 00009000 08:06 16255591   /usr/lib/i386-linux-gnu/libXrender.so.1.3.0
70b1b000-70b2c000 r-xp 00000000 08:06 16255569   /usr/lib/i386-linux-gnu/libXext.so.6.4.0
70b2c000-70b2d000 r--p 00010000 08:06 16255569   /usr/lib/i386-linux-gnu/libXext.so.6.4.0
70b2d000-70b2e000 rw-p 00011000 08:06 16255569   /usr/lib/i386-linux-gnu/libXext.so.6.4.0
70b2e000-70b31000 r--s 00017000 08:06 19401702   /usr/lib/jvm/java-7-openjdk-i386/jre/lib/jce.jar
70b31000-70b3a000 r--s 000b9000 08:06 19401717   /usr/lib/jvm/java-7-openjdk-i386/jre/lib/resources.jar
70b3a000-70b41000 r--s 00000000 08:06 16259781   /usr/lib/i386-linux-gnu/gconv/gconv-modules.cache
70b41000-70b89000 r-xp 00000000 08:06 19400697   /usr/lib/jvm/java-7-openjdk-i386/jre/lib/i386/xawt/libmawt.so
70b89000-70b8a000 r--p 00047000 08:06 19400697   /usr/lib/jvm/java-7-openjdk-i386/jre/lib/i386/xawt/libmawt.so
70b8a000-70b8c000 rw-p 00048000 08:06 19400697   /usr/lib/jvm/java-7-openjdk-i386/jre/lib/i386/xawt/libmawt.so
70b8c000-70b8d000 rw-p 00000000 00:00 0 
70b8d000-70b97000 r--s 00203000 08:06 19401710   /usr/lib/jvm/java-7-openjdk-i386/jre/lib/charsets.jar
70b97000-70b98000 r--s 00005000 08:06 22550069   /home/sistema/proyectos/escritorio/lib/json-simple-1.1.1.jar
70b98000-70bb3000 r--s 0012c000 08:06 22550068   /home/sistema/proyectos/escritorio/lib/org.apache.httpcomponents.httpclient_4.3.5.jar
70bb3000-70bb4000 r--s 00000000 08:06 24907301   /home/sistema/netbeans-8.0.1/java/modules/ext/AbsoluteLayout.jar
70bb4000-70bf2000 r--s 0025b000 08:06 22550058   /home/sistema/proyectos/escritorio/lib/xmlbeans-2.5.0.jar
70bf2000-70bf7000 r--s 00010000 08:06 22550001   /home/sistema/proyectos/escritorio/lib/xml-apis-ext.jar
70bf7000-70c10000 r--s 00134000 08:06 22550062   /home/sistema/proyectos/escritorio/lib/xercesImpl-2.10.0.jar
70c10000-70c35000 r--s 002e3000 08:06 22550048   /home/sistema/proyectos/escritorio/lib/xalan-2.7.1.jar
70c35000-70c43000 r--s 000b7000 08:06 22550015   /home/sistema/proyectos/escritorio/lib/velocity-1.7-dep.jar
70c43000-70c44000 r--s 00002000 08:06 22550052   /home/sistema/proyectos/escritorio/lib/swing-worker-1.1.jar
70c44000-70c45000 r--s 0001c000 08:06 22550043   /home/sistema/proyectos/escritorio/lib/swing-layout-1.0.4.jar
70c45000-70c4a000 r--s 0006d000 08:06 22550012   /home/sistema/proyectos/escritorio/lib/sqljdbc4.jar
70c4a000-70c4e000 r--s 0028c000 08:06 22550037   /home/sistema/proyectos/escritorio/lib/sqlitejdbc-v056.jar
70c4e000-70c55000 r--s 00040000 08:06 22550032   /home/sistema/proyectos/escritorio/lib/spring-core-2.5.5.jar
70c55000-70c5f000 r--s 0006d000 08:06 22550053   /home/sistema/proyectos/escritorio/lib/spring-beans-2.5.5.jar
70c5f000-70c61000 r--s 00016000 08:06 22550042   /home/sistema/proyectos/escritorio/lib/servlet-api-2.4.jar
70c61000-70c6a000 r--s 0002d000 08:06 22550049   /home/sistema/proyectos/escritorio/lib/xml-apis.jar
70c6a000-70c6d000 r--s 00041000 08:06 22550014   /home/sistema/proyectos/escritorio/lib/serializer.jar
70c6d000-70c7a000 r--s 00106000 08:06 22550007   /home/sistema/proyectos/escritorio/lib/rhino-1.7R3.jar
70c7a000-70cf9000 r--s 0034a000 08:06 22549999   /home/sistema/proyectos/escritorio/lib/poi-ooxml-schemas-3.7-20101029.jar
70cf9000-70d00000 r--s 00073000 08:06 22550066   /home/sistema/proyectos/escritorio/lib/poi-ooxml-3.7-20101029.jar
70d00000-70e00000 rw-p 00000000 00:00 0 
70e00000-70eff000 rw-p 00000000 00:00 0 
70eff000-70f00000 ---p 00000000 00:00 0 
70f00000-70f02000 r--s 00003000 08:06 22550031   /home/sistema/proyectos/escritorio/lib/saaj-api-1.3.jar
70f02000-70f1f000 r--s 0017c000 08:06 22550034   /home/sistema/proyectos/escritorio/lib/poi-3.7-20101029.jar
70f1f000-70f27000 r--s 00065000 08:06 22550035   /home/sistema/proyectos/escritorio/lib/olap4j-0.9.7.309-JS-3.jar
70f27000-70f2b000 r--s 00068000 08:06 22550054   /home/sistema/proyectos/escritorio/lib/mysql-connector-java-3.1.11-bin.jar
70f2b000-70f53000 r--s 0025e000 08:06 22550038   /home/sistema/proyectos/escritorio/lib/mondrian-3.1.1.12687.jar
70f53000-70f5c000 r--s 00055000 08:06 22550016   /home/sistema/proyectos/escritorio/lib/lucene-queryparser-4.5.1.jar
70f5c000-70f82000 r--s 0020b000 08:06 22550006   /home/sistema/proyectos/escritorio/lib/lucene-core-4.5.1.jar
70f82000-70f92000 r--s 00174000 08:06 22550063   /home/sistema/proyectos/escritorio/lib/lucene-analyzers-common-4.5.1.jar
70f92000-70f99000 r--s 00059000 08:06 22550050   /home/sistema/proyectos/escritorio/lib/log4j-1.2.15.jar
70f99000-70fa5000 r--s 000aa000 08:06 22550059   /home/sistema/proyectos/escritorio/lib/jxl-2.6.10.jar
70fa5000-71000000 r--s 00463000 08:06 22550026   /home/sistema/proyectos/escritorio/lib/jasperreports-5.6.0.jar
71000000-71100000 rw-p 00000000 00:00 0 
71100000-71103000 r--s 00009000 08:06 22550005   /home/sistema/proyectos/escritorio/lib/jpa.jar
71103000-71113000 r--s 0013f000 08:06 22550036   /home/sistema/proyectos/escritorio/lib/jfreechart-1.0.12.jar
71113000-7111d000 r--s 0011e000 08:06 22550020   /home/sistema/proyectos/escritorio/lib/jdt-compiler-3.1.1.jar
7111d000-7117c000 r--s 00589000 08:06 22550004   /home/sistema/proyectos/escritorio/lib/groovy-all-2.0.1.jar
7117c000-7117d000 ---p 00000000 00:00 0 
7117d000-711fd000 rw-p 00000000 00:00 0          [stack:7211]
711fd000-71200000 ---p 00000000 00:00 0 
71200000-7124e000 rw-p 00000000 00:00 0          [stack:7210]
7124e000-71251000 ---p 00000000 00:00 0 
71251000-712cf000 rw-p 00000000 00:00 0          [stack:7209]
712cf000-71400000 r--p 00189000 08:06 16257885   /usr/lib/locale/locale-archive
71400000-71600000 r--p 00000000 08:06 16257885   /usr/lib/locale/locale-archive
71600000-71631000 rw-p 00000000 00:00 0 
71631000-71700000 ---p 00000000 00:00 0 
71700000-71706000 r--s 00046000 08:06 22550017   /home/sistema/proyectos/escritorio/lib/jcommon-1.0.15.jar
71706000-7170c000 r--s 00032000 08:06 22550033   /home/sistema/proyectos/escritorio/lib/jaxen-1.1.1.jar
7170c000-7171d000 r--s 000d2000 08:06 22550047   /home/sistema/proyectos/escritorio/lib/jackson-databind-2.1.4.jar
7171d000-71721000 r--s 0002f000 08:06 22550067   /home/sistema/proyectos/escritorio/lib/jackson-core-2.1.4.jar
71721000-7172e000 r--s 00108000 08:06 22550041   /home/sistema/proyectos/escritorio/lib/iText-2.1.7.js2.jar
7172e000-71731000 ---p 00000000 00:00 0 
71731000-717af000 rw-p 00000000 00:00 0          [stack:7208]
717af000-717b2000 ---p 00000000 00:00 0 
717b2000-71800000 rw-p 00000000 00:00 0          [stack:7207]
71800000-718f9000 rw-p 00000000 00:00 0 
718f9000-71900000 ---p 00000000 00:00 0 
71900000-71902000 r--s 0001e000 08:06 22550039   /home/sistema/proyectos/escritorio/lib/jcalendar.jar
71902000-7190b000 r--s 000a4000 08:06 22550060   /home/sistema/proyectos/escritorio/lib/hsqldb-1.8.0-10.jar
7190b000-71923000 r--s 00181000 08:06 22550011   /home/sistema/proyectos/escritorio/lib/hibernate3.jar
71923000-71928000 r--s 00048000 08:06 22550023   /home/sistema/proyectos/escritorio/lib/dom4j-1.6.1.jar
71928000-7192e000 r--s 0002b000 08:06 22550061   /home/sistema/proyectos/escritorio/lib/commons-digester-2.1.jar
7192e000-71931000 ---p 00000000 00:00 0 
71931000-7197f000 rw-p 00000000 00:00 0          [stack:7206]
7197f000-71980000 ---p 00000000 00:00 0 
71980000-71a00000 rw-p 00000000 00:00 0          [stack:7204]
71a00000-71afe000 rw-p 00000000 00:00 0 
71afe000-71b00000 ---p 00000000 00:00 0 
71b00000-71b01000 r--s 0001c000 08:06 22550025   /home/sistema/proyectos/escritorio/lib/swing-layout-1.0.3.jar
71b01000-71b03000 r--s 00007000 08:06 22550040   /home/sistema/proyectos/escritorio/lib/jackson-annotations-2.1.4.jar
71b03000-71b05000 r--s 0000d000 08:06 22550046   /home/sistema/proyectos/escritorio/lib/commons-logging-1.1.1.jar
71b05000-71b13000 r--s 0007f000 08:06 22550009   /home/sistema/proyectos/escritorio/lib/commons-collections-3.2.1.jar
71b13000-71b18000 r--s 00034000 08:06 22550000   /home/sistema/proyectos/escritorio/lib/commons-beanutils-1.8.0.jar
71b18000-71b27000 r--s 000c3000 08:06 22550029   /home/sistema/proyectos/escritorio/lib/castor-1.2.jar
71b27000-71cd8000 r--s 01d25000 08:06 19400622   /usr/lib/jvm/java-7-openjdk-i386/jre/lib/rt.jar
71cd8000-74000000 rw-p 00000000 00:00 0 
74000000-740ff000 rw-p 00000000 00:00 0 
740ff000-74100000 ---p 00000000 00:00 0 
74100000-74101000 r--s 00002000 08:06 22550055   /home/sistema/proyectos/escritorio/lib/png-encoder-1.5.jar
74101000-74104000 r--s 00015000 08:06 22550051   /home/sistema/proyectos/escritorio/lib/commons-javaflow-20060411.jar
74104000-74109000 r--s 00040000 08:06 22550057   /home/sistema/proyectos/escritorio/lib/bsh-2.0b4.jar
74109000-74113000 r--s 00079000 08:06 22550064   /home/sistema/proyectos/escritorio/lib/bcel-5.2.jar
74113000-74114000 r--s 00007000 08:06 22550018   /home/sistema/proyectos/escritorio/lib/batik-xml.jar
74114000-74117000 r--s 0001d000 08:06 22549998   /home/sistema/proyectos/escritorio/lib/batik-util.jar
74117000-7411c000 r--s 00030000 08:06 22550056   /home/sistema/proyectos/escritorio/lib/batik-svggen.jar
7411c000-74129000 r--s 00087000 08:06 22550024   /home/sistema/proyectos/escritorio/lib/batik-svg-dom.jar
74129000-7412c000 r--s 0000d000 08:06 22550045   /home/sistema/proyectos/escritorio/lib/batik-script.jar
7412c000-7412e000 r--s 00010000 08:06 22550021   /home/sistema/proyectos/escritorio/lib/batik-parser.jar
7412e000-74131000 ---p 00000000 00:00 0 
74131000-7417f000 rw-p 00000000 00:00 0          [stack:7205]
7417f000-74180000 ---p 00000000 00:00 0 
74180000-74200000 rw-p 00000000 00:00 0          [stack:7203]
74200000-74221000 rw-p 00000000 00:00 0 
74221000-74300000 ---p 00000000 00:00 0 
74300000-74321000 rw-p 00000000 00:00 0 
74321000-74400000 ---p 00000000 00:00 0 
74400000-74404000 r--s 00038000 08:06 22550019   /home/sistema/proyectos/escritorio/lib/batik-gvt.jar
74404000-74405000 r--s 00002000 08:06 22550044   /home/sistema/proyectos/escritorio/lib/batik-ext.jar
74405000-74409000 r--s 00027000 08:06 22550010   /home/sistema/proyectos/escritorio/lib/batik-dom.jar
74409000-74411000 r--s 00045000 08:06 22550008   /home/sistema/proyectos/escritorio/lib/batik-css.jar
74411000-7441b000 r--s 00080000 08:06 22550013   /home/sistema/proyectos/escritorio/lib/batik-bridge.jar
7441b000-74422000 r--s 0005c000 08:06 22550027   /home/sistema/proyectos/escritorio/lib/batik-awt-util.jar
74422000-74425000 r--s 00015000 08:06 22550022   /home/sistema/proyectos/escritorio/lib/batik-anim.jar
74425000-7442a000 r--s 0003e000 08:06 22550065   /home/sistema/proyectos/escritorio/lib/barcode4j-2.1.jar
7442a000-7442d000 r--s 00014000 08:06 22550030   /home/sistema/proyectos/escritorio/lib/barbecue-1.5-beta1.jar
7442d000-74431000 r--s 0003d000 08:06 22550028   /home/sistema/proyectos/escritorio/lib/appframework-1.0.3.jar
74431000-74436000 r--s 00066000 08:06 22550003   /home/sistema/proyectos/escritorio/lib/antlr-2.7.5.jar
74436000-7447f000 rw-p 00000000 00:00 0 
7447f000-74480000 ---p 00000000 00:00 0 
74480000-74500000 rw-p 00000000 00:00 0          [stack:7202]
74500000-74521000 rw-p 00000000 00:00 0 
74521000-74600000 ---p 00000000 00:00 0 
74600000-74604000 r--s 0003c000 08:06 19401713   /usr/lib/jvm/java-7-openjdk-i386/jre/lib/ext/sunpkcs11.jar
74604000-74607000 r--s 0000f000 08:06 19401712   /usr/lib/jvm/java-7-openjdk-i386/jre/lib/ext/icedtea-sound.jar
74607000-7460b000 r--s 00085000 08:06 19401716   /usr/lib/jvm/java-7-openjdk-i386/jre/lib/ext/localedata.jar
7460b000-74666000 rw-p 00000000 00:00 0 
74666000-74667000 ---p 00000000 00:00 0 
74667000-746e7000 rw-p 00000000 00:00 0          [stack:7201]
746e7000-746e8000 ---p 00000000 00:00 0 
746e8000-74778000 rw-p 00000000 00:00 0          [stack:7200]
74778000-747a8000 rw-p 00000000 00:00 0 
747a8000-747b9000 rw-p 00000000 00:00 0 
747b9000-747bb000 ---p 00000000 00:00 0 
747bb000-748cb000 rw-p 00000000 00:00 0 
748cb000-748db000 rw-p 00000000 00:00 0 
748db000-7490b000 rw-p 00000000 00:00 0 
7490b000-7491c000 rw-p 00000000 00:00 0 
7491c000-7491e000 ---p 00000000 00:00 0 
7491e000-74a2d000 rw-p 00000000 00:00 0 
74a2d000-74a36000 rw-p 00000000 00:00 0 
74a36000-74a3e000 ---p 00000000 00:00 0 
74a3e000-74abf000 rw-p 00000000 00:00 0 
74abf000-76a80000 rw-p 00000000 00:00 0 
76a80000-7cac0000 rw-p 00000000 00:00 0 
7cac0000-7eb80000 rw-p 00000000 00:00 0 
7eb80000-7f040000 ---p 00000000 00:00 0 
7f040000-a1000000 rw-p 00000000 00:00 0 
a1000000-a2080000 rw-p 00000000 00:00 0 
a2080000-a3000000 ---p 00000000 00:00 0 
a3000000-b32c0000 rw-p 00000000 00:00 0 
b32c0000-b32c2000 r--s 00012000 08:06 19401714   /usr/lib/jvm/java-7-openjdk-i386/jre/lib/ext/zipfs.jar
b32c2000-b32c4000 r--s 00006000 08:06 16389249   /usr/share/java/java-atk-wrapper.jar
b32c4000-b32e5000 rw-p 00000000 00:00 0 
b32e5000-b339c000 rw-p 00000000 00:00 0 
b339c000-b35dc000 rwxp 00000000 00:00 0 
b35dc000-b639c000 rw-p 00000000 00:00 0 
b639c000-b63a7000 r-xp 00000000 08:06 19922948   /lib/i386-linux-gnu/libnss_files-2.19.so
b63a7000-b63a8000 r--p 0000a000 08:06 19922948   /lib/i386-linux-gnu/libnss_files-2.19.so
b63a8000-b63a9000 rw-p 0000b000 08:06 19922948   /lib/i386-linux-gnu/libnss_files-2.19.so
b63a9000-b63b3000 r-xp 00000000 08:06 19922993   /lib/i386-linux-gnu/libnss_nis-2.19.so
b63b3000-b63b4000 r--p 00009000 08:06 19922993   /lib/i386-linux-gnu/libnss_nis-2.19.so
b63b4000-b63b5000 rw-p 0000a000 08:06 19922993   /lib/i386-linux-gnu/libnss_nis-2.19.so
b63b5000-b63ca000 r-xp 00000000 08:06 19922990   /lib/i386-linux-gnu/libnsl-2.19.so
b63ca000-b63cb000 r--p 00015000 08:06 19922990   /lib/i386-linux-gnu/libnsl-2.19.so
b63cb000-b63cc000 rw-p 00016000 08:06 19922990   /lib/i386-linux-gnu/libnsl-2.19.so
b63cc000-b63ce000 rw-p 00000000 00:00 0 
b63ce000-b63d5000 r-xp 00000000 08:06 19922959   /lib/i386-linux-gnu/libnss_compat-2.19.so
b63d5000-b63d6000 r--p 00006000 08:06 19922959   /lib/i386-linux-gnu/libnss_compat-2.19.so
b63d6000-b63d7000 rw-p 00007000 08:06 19922959   /lib/i386-linux-gnu/libnss_compat-2.19.so
b63d7000-b63fe000 r-xp 00000000 08:06 19400707   /usr/lib/jvm/java-7-openjdk-i386/jre/lib/i386/libjava.so
b63fe000-b63ff000 r--p 00026000 08:06 19400707   /usr/lib/jvm/java-7-openjdk-i386/jre/lib/i386/libjava.so
b63ff000-b6400000 rw-p 00027000 08:06 19400707   /usr/lib/jvm/java-7-openjdk-i386/jre/lib/i386/libjava.so
b6400000-b64f9000 rw-p 00000000 00:00 0 
b64f9000-b6500000 ---p 00000000 00:00 0 
b6500000-b6501000 r--s 00002000 08:06 19401715   /usr/lib/jvm/java-7-openjdk-i386/jre/lib/ext/dnsns.jar
b6501000-b6505000 r--s 00034000 08:06 19401711   /usr/lib/jvm/java-7-openjdk-i386/jre/lib/ext/sunjce_provider.jar
b6505000-b650d000 r-xp 00000000 08:06 19400709   /usr/lib/jvm/java-7-openjdk-i386/jre/lib/i386/libzip.so
b650d000-b650e000 r--p 00007000 08:06 19400709   /usr/lib/jvm/java-7-openjdk-i386/jre/lib/i386/libzip.so
b650e000-b650f000 rw-p 00008000 08:06 19400709   /usr/lib/jvm/java-7-openjdk-i386/jre/lib/i386/libzip.so
b650f000-b6517000 rw-s 00000000 08:06 27787290   /tmp/hsperfdata_sistema/7195
b6517000-b651e000 r-xp 00000000 08:06 19922974   /lib/i386-linux-gnu/librt-2.19.so
b651e000-b651f000 r--p 00006000 08:06 19922974   /lib/i386-linux-gnu/librt-2.19.so
b651f000-b6520000 rw-p 00007000 08:06 19922974   /lib/i386-linux-gnu/librt-2.19.so
b6520000-b6523000 ---p 00000000 00:00 0 
b6523000-b6571000 rw-p 00000000 00:00 0          [stack:7199]
b6571000-b658d000 r-xp 00000000 08:06 19922972   /lib/i386-linux-gnu/libgcc_s.so.1
b658d000-b658e000 rw-p 0001b000 08:06 19922972   /lib/i386-linux-gnu/libgcc_s.so.1
b658e000-b65d2000 r-xp 00000000 08:06 19922991   /lib/i386-linux-gnu/libm-2.19.so
b65d2000-b65d3000 r--p 00043000 08:06 19922991   /lib/i386-linux-gnu/libm-2.19.so
b65d3000-b65d4000 rw-p 00044000 08:06 19922991   /lib/i386-linux-gnu/libm-2.19.so
b65d4000-b66b0000 r-xp 00000000 08:06 16256349   /usr/lib/i386-linux-gnu/libstdc++.so.6.0.19
b66b0000-b66b1000 ---p 000dc000 08:06 16256349   /usr/lib/i386-linux-gnu/libstdc++.so.6.0.19
b66b1000-b66b5000 r--p 000dc000 08:06 16256349   /usr/lib/i386-linux-gnu/libstdc++.so.6.0.19
b66b5000-b66b6000 rw-p 000e0000 08:06 16256349   /usr/lib/i386-linux-gnu/libstdc++.so.6.0.19
b66b6000-b66bd000 rw-p 00000000 00:00 0 
b66bd000-b70a8000 r-xp 00000000 08:06 19400726   /usr/lib/jvm/java-7-openjdk-i386/jre/lib/i386/server/libjvm.so
b70a8000-b70a9000 ---p 009eb000 08:06 19400726   /usr/lib/jvm/java-7-openjdk-i386/jre/lib/i386/server/libjvm.so
b70a9000-b70fb000 r--p 009eb000 08:06 19400726   /usr/lib/jvm/java-7-openjdk-i386/jre/lib/i386/server/libjvm.so
b70fb000-b710f000 rw-p 00a3d000 08:06 19400726   /usr/lib/jvm/java-7-openjdk-i386/jre/lib/i386/server/libjvm.so
b710f000-b752d000 rw-p 00000000 00:00 0 
b752d000-b7545000 r-xp 00000000 08:06 19924066   /lib/i386-linux-gnu/libz.so.1.2.8
b7545000-b7546000 r--p 00017000 08:06 19924066   /lib/i386-linux-gnu/libz.so.1.2.8
b7546000-b7547000 rw-p 00018000 08:06 19924066   /lib/i386-linux-gnu/libz.so.1.2.8
b7547000-b755f000 r-xp 00000000 08:06 19923004   /lib/i386-linux-gnu/libpthread-2.19.so
b755f000-b7560000 r--p 00017000 08:06 19923004   /lib/i386-linux-gnu/libpthread-2.19.so
b7560000-b7561000 rw-p 00018000 08:06 19923004   /lib/i386-linux-gnu/libpthread-2.19.so
b7561000-b7563000 rw-p 00000000 00:00 0 
b7563000-b7566000 r-xp 00000000 08:06 19927108   /lib/i386-linux-gnu/libdl-2.19.so
b7566000-b7567000 r--p 00002000 08:06 19927108   /lib/i386-linux-gnu/libdl-2.19.so
b7567000-b7568000 rw-p 00003000 08:06 19927108   /lib/i386-linux-gnu/libdl-2.19.so
b7568000-b7711000 r-xp 00000000 08:06 19922996   /lib/i386-linux-gnu/libc-2.19.so
b7711000-b7712000 ---p 001a9000 08:06 19922996   /lib/i386-linux-gnu/libc-2.19.so
b7712000-b7714000 r--p 001a9000 08:06 19922996   /lib/i386-linux-gnu/libc-2.19.so
b7714000-b7715000 rw-p 001ab000 08:06 19922996   /lib/i386-linux-gnu/libc-2.19.so
b7715000-b7718000 rw-p 00000000 00:00 0 
b7718000-b7719000 r--p 00525000 08:06 16257885   /usr/lib/locale/locale-archive
b7719000-b771a000 rw-p 00000000 00:00 0 
b771a000-b771b000 r--p 00000000 00:00 0 
b771b000-b7729000 r-xp 00000000 08:06 19401686   /usr/lib/jvm/java-7-openjdk-i386/jre/lib/i386/libverify.so
b7729000-b772a000 r--p 0000d000 08:06 19401686   /usr/lib/jvm/java-7-openjdk-i386/jre/lib/i386/libverify.so
b772a000-b772b000 rw-p 0000e000 08:06 19401686   /usr/lib/jvm/java-7-openjdk-i386/jre/lib/i386/libverify.so
b772b000-b7737000 r-xp 00000000 08:06 19401690   /usr/lib/jvm/java-7-openjdk-i386/jre/lib/i386/jli/libjli.so
b7737000-b7738000 r--p 0000c000 08:06 19401690   /usr/lib/jvm/java-7-openjdk-i386/jre/lib/i386/jli/libjli.so
b7738000-b7739000 rw-p 0000d000 08:06 19401690   /usr/lib/jvm/java-7-openjdk-i386/jre/lib/i386/jli/libjli.so
b7739000-b773c000 rw-p 00000000 00:00 0 
b773c000-b773d000 r-xp 00000000 00:00 0          [vdso]
b773d000-b775d000 r-xp 00000000 08:06 19923005   /lib/i386-linux-gnu/ld-2.19.so
b775d000-b775e000 r--p 0001f000 08:06 19923005   /lib/i386-linux-gnu/ld-2.19.so
b775e000-b775f000 rw-p 00020000 08:06 19923005   /lib/i386-linux-gnu/ld-2.19.so
bf924000-bf925000 rwxp 00000000 00:00 0 
bf956000-bf978000 rw-p 00000000 00:00 0          [stack]

VM Arguments:
jvm_args: -Dfile.encoding=UTF-8 
java_command: vistas.FrmPrincipal
Launcher Type: SUN_STANDARD

Environment Variables:
PATH=/usr/local/sbin:/usr/local/bin:/usr/sbin:/usr/bin:/sbin:/bin:/usr/games:/usr/local/games
LD_LIBRARY_PATH=/usr/lib/jvm/java-7-openjdk-i386/jre/lib/amd64:/usr/lib/jvm/java-7-openjdk-i386/jre/lib/i386:
SHELL=/bin/bash
DISPLAY=:0.0

Signal Handlers:
SIGSEGV: [libjvm.so+0x80a5e0], sa_mask[0]=0x7ffbfeff, sa_flags=0x10000004
SIGBUS: [libjvm.so+0x80a5e0], sa_mask[0]=0x7ffbfeff, sa_flags=0x10000004
SIGFPE: [libjvm.so+0x6844f0], sa_mask[0]=0x7ffbfeff, sa_flags=0x10000004
SIGPIPE: SIG_IGN, sa_mask[0]=0x00000000, sa_flags=0x00000000
SIGXFSZ: [libjvm.so+0x6844f0], sa_mask[0]=0x7ffbfeff, sa_flags=0x10000004
SIGILL: [libjvm.so+0x6844f0], sa_mask[0]=0x7ffbfeff, sa_flags=0x10000004
SIGUSR1: SIG_DFL, sa_mask[0]=0x00000000, sa_flags=0x00000000
SIGUSR2: [libjvm.so+0x684380], sa_mask[0]=0x00000004, sa_flags=0x10000004
SIGHUP: [libjvm.so+0x6845b0], sa_mask[0]=0x7ffbfeff, sa_flags=0x10000004
SIGINT: SIG_IGN, sa_mask[0]=0x00000000, sa_flags=0x00000000
SIGTERM: [libjvm.so+0x6845b0], sa_mask[0]=0x7ffbfeff, sa_flags=0x10000004
SIGQUIT: [libjvm.so+0x6845b0], sa_mask[0]=0x7ffbfeff, sa_flags=0x10000004
SIGTRAP: SIG_DFL, sa_mask[0]=0x00000000, sa_flags=0x00000000


---------------  S Y S T E M  ---------------

OS:Ubuntu 14.04 (trusty)
uname:Linux 3.13.0-39-generic #66-Ubuntu SMP Tue Oct 28 13:31:23 UTC 2014 i686
libc:glibc 2.19 NPTL 2.19 
rlimit: STACK 8192k, CORE 0k, NPROC 27631, NOFILE 4096, AS infinity
load average:1.17 1.21 1.17

/proc/meminfo:
MemTotal:        3563568 kB
MemFree:          599380 kB
Buffers:          284108 kB
Cached:          1270828 kB
SwapCached:            0 kB
Active:          1972832 kB
Inactive:         807328 kB
Active(anon):    1229716 kB
Inactive(anon):    25432 kB
Active(file):     743116 kB
Inactive(file):   781896 kB
Unevictable:           8 kB
Mlocked:               8 kB
HighTotal:       2713892 kB
HighFree:         509640 kB
LowTotal:         849676 kB
LowFree:           89740 kB
SwapTotal:       3618812 kB
SwapFree:        3618812 kB
Dirty:               160 kB
Writeback:             0 kB
AnonPages:       1139220 kB
Mapped:           113788 kB
Shmem:             30444 kB
Slab:             132832 kB
SReclaimable:     108988 kB
SUnreclaim:        23844 kB
KernelStack:        2960 kB
PageTables:         5528 kB
NFS_Unstable:          0 kB
Bounce:                0 kB
WritebackTmp:          0 kB
CommitLimit:     5400596 kB
Committed_AS:    2558228 kB
VmallocTotal:     122880 kB
VmallocUsed:       46468 kB
VmallocChunk:      39584 kB
HardwareCorrupted:     0 kB
AnonHugePages:   1093632 kB
HugePages_Total:       0
HugePages_Free:        0
HugePages_Rsvd:        0
HugePages_Surp:        0
Hugepagesize:       2048 kB
DirectMap4k:       47096 kB
DirectMap2M:      866304 kB


CPU:total 4 (4 cores per cpu, 1 threads per core) family 22 model 0 stepping 1, cmov, cx8, fxsr, mmx, sse, sse2, sse3, ssse3, sse4.1, sse4.2, popcnt, avx, aes, mmxext, 3dnowpref, lzcnt, sse4a, tsc, tscinvbit, tscinv

/proc/cpuinfo:
processor	: 0
vendor_id	: AuthenticAMD
cpu family	: 22
model		: 0
model name	: AMD E2-3800 APU with Radeon(TM) HD Graphics
stepping	: 1
microcode	: 0x700010b
cpu MHz		: 1300.000
cache size	: 2048 KB
physical id	: 0
siblings	: 4
core id		: 0
cpu cores	: 4
apicid		: 0
initial apicid	: 0
fdiv_bug	: no
f00f_bug	: no
coma_bug	: no
fpu		: yes
fpu_exception	: yes
cpuid level	: 13
wp		: yes
flags		: fpu vme de pse tsc msr pae mce cx8 apic sep mtrr pge mca cmov pat pse36 clflush mmx fxsr sse sse2 ht syscall nx mmxext fxsr_opt pdpe1gb rdtscp lm constant_tsc nonstop_tsc extd_apicid aperfmperf eagerfpu pni pclmulqdq monitor ssse3 cx16 sse4_1 sse4_2 movbe popcnt aes xsave avx f16c lahf_lm cmp_legacy svm extapic cr8_legacy abm sse4a misalignsse 3dnowprefetch osvw ibs skinit wdt topoext perfctr_nb perfctr_l2 arat xsaveopt hw_pstate proc_feedback npt lbrv svm_lock nrip_save tsc_scale flushbyasid decodeassists pausefilter pfthreshold bmi1
bogomips	: 2595.22
clflush size	: 64
cache_alignment	: 64
address sizes	: 40 bits physical, 48 bits virtual
power management: ts ttp tm 100mhzsteps hwpstate [11]

processor	: 1
vendor_id	: AuthenticAMD
cpu family	: 22
model		: 0
model name	: AMD E2-3800 APU with Radeon(TM) HD Graphics    
stepping	: 1
microcode	: 0x700010b
cpu MHz		: 1300.000
cache size	: 2048 KB
physical id	: 0
siblings	: 4
core id		: 1
cpu cores	: 4
apicid		: 1
initial apicid	: 1
fdiv_bug	: no
f00f_bug	: no
coma_bug	: no
fpu		: yes
fpu_exception	: yes
cpuid level	: 13
wp		: yes
flags		: fpu vme de pse tsc msr pae mce cx8 apic sep mtrr pge mca cmov pat pse36 clflush mmx fxsr sse sse2 ht syscall nx mmxext fxsr_opt pdpe1gb rdtscp lm constant_tsc nonstop_tsc extd_apicid aperfmperf eagerfpu pni pclmulqdq monitor ssse3 cx16 sse4_1 sse4_2 movbe popcnt aes xsave avx f16c lahf_lm cmp_legacy svm extapic cr8_legacy abm sse4a misalignsse 3dnowprefetch osvw ibs skinit wdt topoext perfctr_nb perfctr_l2 arat xsaveopt hw_pstate proc_feedback npt lbrv svm_lock nrip_save tsc_scale flushbyasid decodeassists pausefilter pfthreshold bmi1
bogomips	: 2595.22
clflush size	: 64
cache_alignment	: 64
address sizes	: 40 bits physical, 48 bits virtual
power management: ts ttp tm 100mhzsteps hwpstate [11]

processor	: 2
vendor_id	: AuthenticAMD
cpu family	: 22
model		: 0
model name	: AMD E2-3800 APU with Radeon(TM) HD Graphics    
stepping	: 1
microcode	: 0x700010b
cpu MHz		: 1300.000
cache size	: 2048 KB
physical id	: 0
siblings	: 4
core id		: 2
cpu cores	: 4
apicid		: 2
initial apicid	: 2
fdiv_bug	: no
f00f_bug	: no
coma_bug	: no
fpu		: yes
fpu_exception	: yes
cpuid level	: 13
wp		: yes
flags		: fpu vme de pse tsc msr pae mce cx8 apic sep mtrr pge mca cmov pat pse36 clflush mmx fxsr sse sse2 ht syscall nx mmxext fxsr_opt pdpe1gb rdtscp lm constant_tsc nonstop_tsc extd_apicid aperfmperf eagerfpu pni pclmulqdq monitor ssse3 cx16 sse4_1 sse4_2 movbe popcnt aes xsave avx f16c lahf_lm cmp_legacy svm extapic cr8_legacy abm sse4a misalignsse 3dnowprefetch osvw ibs skinit wdt topoext perfctr_nb perfctr_l2 arat xsaveopt hw_pstate proc_feedback npt lbrv svm_lock nrip_save tsc_scale flushbyasid decodeassists pausefilter pfthreshold bmi1
bogomips	: 2595.22
clflush size	: 64
cache_alignment	: 64
address sizes	: 40 bits physical, 48 bits virtual
power management: ts ttp tm 100mhzsteps hwpstate [11]

processor	: 3
vendor_id	: AuthenticAMD
cpu family	: 22
model		: 0
model name	: AMD E2-3800 APU with Radeon(TM) HD Graphics    
stepping	: 1
microcode	: 0x700010b
cpu MHz		: 1300.000
cache size	: 2048 KB
physical id	: 0
siblings	: 4
core id		: 3
cpu cores	: 4
apicid		: 3
initial apicid	: 3
fdiv_bug	: no
f00f_bug	: no
coma_bug	: no
fpu		: yes
fpu_exception	: yes
cpuid level	: 13
wp		: yes
flags		: fpu vme de pse tsc msr pae mce cx8 apic sep mtrr pge mca cmov pat pse36 clflush mmx fxsr sse sse2 ht syscall nx mmxext fxsr_opt pdpe1gb rdtscp lm constant_tsc nonstop_tsc extd_apicid aperfmperf eagerfpu pni pclmulqdq monitor ssse3 cx16 sse4_1 sse4_2 movbe popcnt aes xsave avx f16c lahf_lm cmp_legacy svm extapic cr8_legacy abm sse4a misalignsse 3dnowprefetch osvw ibs skinit wdt topoext perfctr_nb perfctr_l2 arat xsaveopt hw_pstate proc_feedback npt lbrv svm_lock nrip_save tsc_scale flushbyasid decodeassists pausefilter pfthreshold bmi1
bogomips	: 2595.22
clflush size	: 64
cache_alignment	: 64
address sizes	: 40 bits physical, 48 bits virtual
power management: ts ttp tm 100mhzsteps hwpstate [11]



Memory: 4k page, physical 3563568k(668868k free), swap 3618812k(3618812k free)

vm_info: OpenJDK Server VM (24.65-b04) for linux-x86 JRE (1.7.0_65-b32), built on Oct 22 2014 04:44:59 by "buildd" with gcc 4.8.2

time: Tue Nov  4 12:44:15 2014
elapsed time: 6470 seconds

