#
# A fatal error has been detected by the Java Runtime Environment:
#
#  SIGSEGV (0xb) at pc=0xb334769d, pid=5168, tid=1765165888
#
# JRE version: OpenJDK Runtime Environment (7.0_65-b32) (build 1.7.0_65-b32)
# Java VM: OpenJDK Server VM (24.65-b04 mixed mode linux-x86 )
# Derivative: IcedTea 2.5.3
# Distribution: Ubuntu 14.04 LTS, package 7u71-2.5.3-0ubuntu0.14.04.1
# Problematic frame:
# v  ~BufferBlob::jni_fast_GetLongField
#
# Failed to write core dump. Core dumps have been disabled. To enable core dumping, try "ulimit -c unlimited" before starting Java again
#
# If you would like to submit a bug report, please include
# instructions on how to reproduce the bug and visit:
#   http://icedtea.classpath.org/bugzilla
# The crash happened outside the Java Virtual Machine in native code.
# See problematic frame for where to report the bug.
#

---------------  T H R E A D  ---------------

Current thread (0x69e7d000):  JavaThread "AWT-XAWT" daemon [_thread_in_native, id=5184, stack(0x69314000,0x69365000)]

siginfo:si_signo=SIGSEGV: si_errno=0, si_code=1 (SEGV_MAPERR), si_addr=0x00000000

Registers:
EAX=0x00000000, EBX=0x69dfd000, ECX=0x00000262, EDX=0x00000000
ESP=0x69363e18, EBP=0x69363e68, ESI=0x00000042, EDI=0x69e7d128
EIP=0xb334769d, EFLAGS=0x00010246, CR2=0x00000000

Top of Stack: (sp=0x69363e18)
0x69363e18:   00000000 69dcf823 69e7d128 00000000
0x69363e28:   00000042 69a04000 6a0dd288 b76038c8
0x69363e38:   69a04000 69e7d128 6a0dd294 6d7c25d8
0x69363e48:   69363e68 69dcf8f4 b70a3120 00010002
0x69363e58:   69dcf7ff 69db1000 090d2110 00000000
0x69363e68:   08f6a090 69cdde18 08f6a090 00000000
0x69363e78:   00000000 69db1000 69db1000 6a0dc940
0x69363e88:   69cdddb9 69db1000 08f6a470 00800003 

Instructions: (pc=0xb334769d)
0xb334767d:   00 00 00 56 8b 0d a4 e2 0b b7 f6 c1 01 0f 85 30
0xb334768d:   00 00 00 8b c1 83 e0 01 8b 54 04 0c 8b 74 24 10
0xb334769d:   8b 12 c1 ee 02 8b 04 32 8b 54 32 04 be a4 e2 0b
0xb33476ad:   b7 33 f2 33 f0 33 f2 33 f0 3b 0e 0f 85 02 00 00 

Register to memory mapping:

EAX=0x00000000 is an unknown value
EBX=0x69dfd000: <offset 0x49000> in /usr/lib/jvm/java-7-openjdk-i386/jre/lib/i386/xawt/libmawt.so at 0x69db4000
ECX=0x00000262 is an unknown value
EDX=0x00000000 is an unknown value
ESP=0x69363e18 is pointing into the stack for thread: 0x69e7d000
EBP=0x69363e68 is pointing into the stack for thread: 0x69e7d000
ESI=0x00000042 is an unknown value
EDI=0x69e7d128 is an unknown value


Stack: [0x69314000,0x69365000],  sp=0x69363e18,  free space=319k
Native frames: (J=compiled Java code, j=interpreted, Vv=VM code, C=native code)
v  ~BufferBlob::jni_fast_GetLongField

Java frames: (J=compiled Java code, j=interpreted, Vv=VM code)
j  sun.awt.X11.XlibWrapper.XFilterEvent(JJ)Z+0
j  sun.awt.X11.XToolkit.run(Z)V+300
j  sun.awt.X11.XToolkit.run()V+5
j  java.lang.Thread.run()V+11
v  ~StubRoutines::call_stub

---------------  P R O C E S S  ---------------

Java Threads: ( => current thread )
  0x090ca800 JavaThread "Thread-1" [_thread_blocked, id=5189, stack(0x692c3000,0x69314000)]
  0x69eb7400 JavaThread "DestroyJavaVM" [_thread_blocked, id=5172, stack(0xb64c2000,0xb6513000)]
  0x090d0400 JavaThread "TimerQueue" daemon [_thread_blocked, id=5188, stack(0x68677000,0x686c8000)]
=>0x69e7d000 JavaThread "AWT-XAWT" daemon [_thread_in_native, id=5184, stack(0x69314000,0x69365000)]
  0x69e68c00 JavaThread "Java2D Disposer" daemon [_thread_blocked, id=5183, stack(0x6938a000,0x693db000)]
  0x6ad2d400 JavaThread "Service Thread" daemon [_thread_blocked, id=5181, stack(0x6a708000,0x6a759000)]
  0x6ad2b400 JavaThread "C2 CompilerThread1" daemon [_thread_blocked, id=5180, stack(0x6a759000,0x6a7da000)]
  0x6ad29400 JavaThread "C2 CompilerThread0" daemon [_thread_blocked, id=5179, stack(0x6a7da000,0x6a85b000)]
  0x6ad27c00 JavaThread "Signal Dispatcher" daemon [_thread_blocked, id=5178, stack(0x6a85b000,0x6a8ac000)]
  0x6ad15000 JavaThread "Finalizer" daemon [_thread_blocked, id=5177, stack(0x6abdd000,0x6ac2e000)]
  0x6ad13400 JavaThread "Reference Handler" daemon [_thread_blocked, id=5176, stack(0x6ac2e000,0x6ac7f000)]

Other Threads:
  0x6ad10c00 VMThread [stack: 0x6ac7f000,0x6ad00000] [id=5175]
  0x6ad2f400 WatcherThread [stack: 0x6a687000,0x6a708000] [id=5182]

VM state:not at safepoint (normal execution)

VM Mutex/Monitor currently owned by a thread: None

Heap
 PSYoungGen      total 35584K, used 10927K [0x9eb80000, 0xa2080000, 0xb3240000)
  eden space 27648K, 11% used [0x9eb80000,0x9ee9fc18,0xa0680000)
  from space 7936K, 97% used [0xa0740000,0xa0ecc080,0xa0f00000)
  to   space 13312K, 0% used [0xa1380000,0xa1380000,0xa2080000)
 ParOldGen       total 41728K, used 30081K [0x75e40000, 0x78700000, 0x9eb80000)
  object space 41728K, 72% used [0x75e40000,0x77ba0478,0x78700000)
 PSPermGen       total 16384K, used 13888K [0x6de40000, 0x6ee40000, 0x75e40000)
  object space 16384K, 84% used [0x6de40000,0x6ebd0008,0x6ee40000)

Card table byte_map: [0x6dc15000,0x6de40000] byte_map_base: 0x6d8a5e00

Polling page: 0xb76bd000

Code Cache  [0xb3300000, 0xb3540000, 0xb6300000)
 total_blobs=698 nmethods=433 adapters=219 free_code_cache=48124Kb largest_free_block=49253376

Compilation events (10 events):
Event: 523.400 Thread 0x6ad29400  452  s          com.mysql.jdbc.ResultSet::findColumn (151 bytes)
Event: 523.415 Thread 0x6ad29400 nmethod 452 0xb33fb9c8 code [0xb33fbb20, 0xb33fc150]
Event: 533.593 Thread 0x6ad2b400  453   !         com.mysql.jdbc.MysqlIO::clearInputStream (173 bytes)
Event: 533.601 Thread 0x6ad29400  454             com.mysql.jdbc.util.ReadAheadInputStream::available (22 bytes)
Event: 533.603 Thread 0x6ad29400 nmethod 454 0xb3400288 code [0xb3400380, 0xb340043c]
Event: 533.603 Thread 0x6ad2b400 nmethod 453 0xb33ffbc8 code [0xb33ffd00, 0xb33ffedc]
Event: 543.719 Thread 0x6ad29400  455  s!         java.util.Hashtable::clone (98 bytes)
Event: 543.735 Thread 0x6ad29400 nmethod 455 0xb3400cc8 code [0xb3400e40, 0xb34014a4]
Event: 558.992 Thread 0x6ad2b400  456             java.lang.Integer::toString (48 bytes)
Event: 559.014 Thread 0x6ad2b400 nmethod 456 0xb3406988 code [0xb3406ac0, 0xb3407070]

GC Heap History (10 events):
Event: 243.417 GC heap before
{Heap before GC invocations=5 (full 0):
 PSYoungGen      total 34304K, used 34295K [0x9eb80000, 0xa2e80000, 0xb3240000)
  eden space 31744K, 100% used [0x9eb80000,0xa0a80000,0xa0a80000)
  from space 2560K, 99% used [0xa2c00000,0xa2e7dc40,0xa2e80000)
  to   space 2560K, 0% used [0xa0a80000,0xa0a80000,0xa0d00000)
 ParOldGen       total 41728K, used 18840K [0x75e40000, 0x78700000, 0x9eb80000)
  object space 41728K, 45% used [0x75e40000,0x770a6230,0x78700000)
 PSPermGen       total 16384K, used 13837K [0x6de40000, 0x6ee40000, 0x75e40000)
  object space 16384K, 84% used [0x6de40000,0x6ebc3530,0x6ee40000)
Event: 243.463 GC heap after
Heap after GC invocations=5 (full 0):
 PSYoungGen      total 33280K, used 2550K [0x9eb80000, 0xa2c40000, 0xb3240000)
  eden space 30720K, 0% used [0x9eb80000,0x9eb80000,0xa0980000)
  from space 2560K, 99% used [0xa0a80000,0xa0cfd818,0xa0d00000)
  to   space 14336K, 0% used [0xa1e40000,0xa1e40000,0xa2c40000)
 ParOldGen       total 41728K, used 27450K [0x75e40000, 0x78700000, 0x9eb80000)
  object space 41728K, 65% used [0x75e40000,0x7790e870,0x78700000)
 PSPermGen       total 16384K, used 13837K [0x6de40000, 0x6ee40000, 0x75e40000)
  object space 16384K, 84% used [0x6de40000,0x6ebc3530,0x6ee40000)
}
Event: 335.011 GC heap before
{Heap before GC invocations=6 (full 0):
 PSYoungGen      total 33280K, used 33270K [0x9eb80000, 0xa2c40000, 0xb3240000)
  eden space 30720K, 100% used [0x9eb80000,0xa0980000,0xa0980000)
  from space 2560K, 99% used [0xa0a80000,0xa0cfd818,0xa0d00000)
  to   space 14336K, 0% used [0xa1e40000,0xa1e40000,0xa2c40000)
 ParOldGen       total 41728K, used 27450K [0x75e40000, 0x78700000, 0x9eb80000)
  object space 41728K, 65% used [0x75e40000,0x7790e870,0x78700000)
 PSPermGen       total 16384K, used 13843K [0x6de40000, 0x6ee40000, 0x75e40000)
  object space 16384K, 84% used [0x6de40000,0x6ebc4cf0,0x6ee40000)
Event: 335.064 GC heap after
Heap after GC invocations=6 (full 0):
 PSYoungGen      total 40960K, used 10759K [0x9eb80000, 0xa2900000, 0xb3240000)
  eden space 29952K, 0% used [0x9eb80000,0x9eb80000,0xa08c0000)
  from space 11008K, 97% used [0xa1e40000,0xa28c1d48,0xa2900000)
  to   space 14848K, 0% used [0xa0c00000,0xa0c00000,0xa1a80000)
 ParOldGen       total 41728K, used 27450K [0x75e40000, 0x78700000, 0x9eb80000)
  object space 41728K, 65% used [0x75e40000,0x7790e870,0x78700000)
 PSPermGen       total 16384K, used 13843K [0x6de40000, 0x6ee40000, 0x75e40000)
  object space 16384K, 84% used [0x6de40000,0x6ebc4cf0,0x6ee40000)
}
Event: 421.555 GC heap before
{Heap before GC invocations=7 (full 0):
 PSYoungGen      total 40960K, used 40711K [0x9eb80000, 0xa2900000, 0xb3240000)
  eden space 29952K, 100% used [0x9eb80000,0xa08c0000,0xa08c0000)
  from space 11008K, 97% used [0xa1e40000,0xa28c1d48,0xa2900000)
  to   space 14848K, 0% used [0xa0c00000,0xa0c00000,0xa1a80000)
 ParOldGen       total 41728K, used 27450K [0x75e40000, 0x78700000, 0x9eb80000)
  object space 41728K, 65% used [0x75e40000,0x7790e870,0x78700000)
 PSPermGen       total 16384K, used 13870K [0x6de40000, 0x6ee40000, 0x75e40000)
  object space 16384K, 84% used [0x6de40000,0x6ebcbb58,0x6ee40000)
Event: 421.606 GC heap after
Heap after GC invocations=7 (full 0):
 PSYoungGen      total 38144K, used 8912K [0x9eb80000, 0xa2400000, 0xb3240000)
  eden space 29184K, 0% used [0x9eb80000,0x9eb80000,0xa0800000)
  from space 8960K, 99% used [0xa0c00000,0xa14b4120,0xa14c0000)
  to   space 14336K, 0% used [0xa1600000,0xa1600000,0xa2400000)
 ParOldGen       total 41728K, used 29344K [0x75e40000, 0x78700000, 0x9eb80000)
  object space 41728K, 70% used [0x75e40000,0x77ae83c8,0x78700000)
 PSPermGen       total 16384K, used 13870K [0x6de40000, 0x6ee40000, 0x75e40000)
  object space 16384K, 84% used [0x6de40000,0x6ebcbb58,0x6ee40000)
}
Event: 504.283 GC heap before
{Heap before GC invocations=8 (full 0):
 PSYoungGen      total 38144K, used 38096K [0x9eb80000, 0xa2400000, 0xb3240000)
  eden space 29184K, 100% used [0x9eb80000,0xa0800000,0xa0800000)
  from space 8960K, 99% used [0xa0c00000,0xa14b4120,0xa14c0000)
  to   space 14336K, 0% used [0xa1600000,0xa1600000,0xa2400000)
 ParOldGen       total 41728K, used 29344K [0x75e40000, 0x78700000, 0x9eb80000)
  object space 41728K, 70% used [0x75e40000,0x77ae83c8,0x78700000)
 PSPermGen       total 16384K, used 13882K [0x6de40000, 0x6ee40000, 0x75e40000)
  object space 16384K, 84% used [0x6de40000,0x6ebce8b8,0x6ee40000)
Event: 504.327 GC heap after
Heap after GC invocations=8 (full 0):
 PSYoungGen      total 40448K, used 7952K [0x9eb80000, 0xa21c0000, 0xb3240000)
  eden space 28416K, 0% used [0x9eb80000,0x9eb80000,0xa0740000)
  from space 12032K, 66% used [0xa1600000,0xa1dc4000,0xa21c0000)
  to   space 13568K, 0% used [0xa0740000,0xa0740000,0xa1480000)
 ParOldGen       total 41728K, used 30019K [0x75e40000, 0x78700000, 0x9eb80000)
  object space 41728K, 71% used [0x75e40000,0x77b90c68,0x78700000)
 PSPermGen       total 16384K, used 13882K [0x6de40000, 0x6ee40000, 0x75e40000)
  object space 16384K, 84% used [0x6de40000,0x6ebce8b8,0x6ee40000)
}
Event: 589.506 GC heap before
{Heap before GC invocations=9 (full 0):
 PSYoungGen      total 40448K, used 36368K [0x9eb80000, 0xa21c0000, 0xb3240000)
  eden space 28416K, 100% used [0x9eb80000,0xa0740000,0xa0740000)
  from space 12032K, 66% used [0xa1600000,0xa1dc4000,0xa21c0000)
  to   space 13568K, 0% used [0xa0740000,0xa0740000,0xa1480000)
 ParOldGen       total 41728K, used 30019K [0x75e40000, 0x78700000, 0x9eb80000)
  object space 41728K, 71% used [0x75e40000,0x77b90c68,0x78700000)
 PSPermGen       total 16384K, used 13887K [0x6de40000, 0x6ee40000, 0x75e40000)
  object space 16384K, 84% used [0x6de40000,0x6ebcfd10,0x6ee40000)
Event: 589.540 GC heap after
Heap after GC invocations=9 (full 0):
 PSYoungGen      total 35584K, used 7728K [0x9eb80000, 0xa2080000, 0xb3240000)
  eden space 27648K, 0% used [0x9eb80000,0x9eb80000,0xa0680000)
  from space 7936K, 97% used [0xa0740000,0xa0ecc080,0xa0f00000)
  to   space 13312K, 0% used [0xa1380000,0xa1380000,0xa2080000)
 ParOldGen       total 41728K, used 30081K [0x75e40000, 0x78700000, 0x9eb80000)
  object space 41728K, 72% used [0x75e40000,0x77ba0478,0x78700000)
 PSPermGen       total 16384K, used 13887K [0x6de40000, 0x6ee40000, 0x75e40000)
  object space 16384K, 84% used [0x6de40000,0x6ebcfd10,0x6ee40000)
}

Deoptimization events (10 events):
Event: 2.328 Thread 0xb6309800 Uncommon trap: reason=class_check action=maybe_recompile pc=0xb3375aec method=java.util.HashMap.put(Ljava/lang/Object;Ljava/lang/Object;)Ljava/lang/Object; @ 105
Event: 2.328 Thread 0xb6309800 Uncommon trap: reason=class_check action=maybe_recompile pc=0xb3375aec method=java.util.HashMap.put(Ljava/lang/Object;Ljava/lang/Object;)Ljava/lang/Object; @ 105
Event: 2.610 Thread 0xb6309800 Uncommon trap: reason=unloaded action=reinterpret pc=0xb3366a0c method=java.lang.CharacterData.of(I)Ljava/lang/CharacterData; @ 96
Event: 11.515 Thread 0x68e14c00 Uncommon trap: reason=null_check action=make_not_entrant pc=0xb33a36bc method=sun.nio.cs.FastCharsetProvider.canonicalize(Ljava/lang/String;)Ljava/lang/String; @ 10
Event: 12.671 Thread 0x68e14c00 Uncommon trap: reason=class_check action=maybe_recompile pc=0xb3399a2c method=java.util.Collections$SynchronizedMap.get(Ljava/lang/Object;)Ljava/lang/Object; @ 12
Event: 12.671 Thread 0x68e14c00 Uncommon trap: reason=class_check action=maybe_recompile pc=0xb3399a2c method=java.util.Collections$SynchronizedMap.get(Ljava/lang/Object;)Ljava/lang/Object; @ 12
Event: 12.671 Thread 0x68e14c00 Uncommon trap: reason=class_check action=maybe_recompile pc=0xb3399a2c method=java.util.Collections$SynchronizedMap.get(Ljava/lang/Object;)Ljava/lang/Object; @ 12
Event: 12.671 Thread 0x68e14c00 Uncommon trap: reason=class_check action=maybe_recompile pc=0xb3399a2c method=java.util.Collections$SynchronizedMap.get(Ljava/lang/Object;)Ljava/lang/Object; @ 12
Event: 13.797 Thread 0x68e14c00 Uncommon trap: reason=class_check action=maybe_recompile pc=0xb3363e00 method=java.util.Properties$LineReader.readLine()I @ 402
Event: 14.769 Thread 0x68e14c00 Uncommon trap: reason=class_check action=maybe_recompile pc=0xb3363e00 method=java.util.Properties$LineReader.readLine()I @ 402

Internal exceptions (10 events):
Event: 16.165 Thread 0x68e14c00 Threw 0x9f805ec8 at /build/buildd/openjdk-7-7u71-2.5.3/build/openjdk/hotspot/src/share/vm/prims/jni.cpp:747
Event: 17.946 Thread 0x68e14c00 Threw 0x9f8ab770 at /build/buildd/openjdk-7-7u71-2.5.3/build/openjdk/hotspot/src/share/vm/prims/jni.cpp:747
Event: 20.801 Thread 0x68e14c00 Threw 0x9f8b65a0 at /build/buildd/openjdk-7-7u71-2.5.3/build/openjdk/hotspot/src/share/vm/prims/jvm.cpp:1284
Event: 20.801 Thread 0x68e14c00 Threw 0x9f8bb8b0 at /build/buildd/openjdk-7-7u71-2.5.3/build/openjdk/hotspot/src/share/vm/interpreter/linkResolver.cpp:895
Event: 20.802 Thread 0x68e14c00 Threw 0x9f8bbbb8 at /build/buildd/openjdk-7-7u71-2.5.3/build/openjdk/hotspot/src/share/vm/runtime/reflection.cpp:1030
Event: 20.802 Thread 0x68e14c00 Threw 0x9f8bbec0 at /build/buildd/openjdk-7-7u71-2.5.3/build/openjdk/hotspot/src/share/vm/prims/jvm.cpp:1288
Event: 20.802 Thread 0x68e14c00 Threw 0x9f8bbec0 at /build/buildd/openjdk-7-7u71-2.5.3/build/openjdk/hotspot/src/share/vm/prims/jvm.cpp:1288
Event: 49.899 Thread 0x68e14c00 Threw 0xa03e5fb8 at /build/buildd/openjdk-7-7u71-2.5.3/build/openjdk/hotspot/src/share/vm/prims/jni.cpp:747
Event: 51.284 Thread 0x68e14c00 Threw 0xa05d7370 at /build/buildd/openjdk-7-7u71-2.5.3/build/openjdk/hotspot/src/share/vm/prims/jni.cpp:747
Event: 53.045 Thread 0x68e14c00 Threw 0xa063a688 at /build/buildd/openjdk-7-7u71-2.5.3/build/openjdk/hotspot/src/share/vm/prims/jni.cpp:747

Events (10 events):
Event: 589.546 Executing VM operation: RevokeBias
Event: 589.546 Executing VM operation: RevokeBias done
Event: 589.546 Executing VM operation: RevokeBias
Event: 589.546 Executing VM operation: RevokeBias done
Event: 589.546 Executing VM operation: RevokeBias
Event: 589.546 Executing VM operation: RevokeBias done
Event: 589.546 Executing VM operation: RevokeBias
Event: 589.547 Executing VM operation: RevokeBias done
Event: 589.547 Executing VM operation: BulkRevokeBias
Event: 589.547 Executing VM operation: BulkRevokeBias done


Dynamic libraries:
08048000-08049000 r-xp 00000000 08:01 8789941    /usr/lib/jvm/java-7-openjdk-i386/jre/bin/java
08049000-0804a000 r--p 00000000 08:01 8789941    /usr/lib/jvm/java-7-openjdk-i386/jre/bin/java
0804a000-0804b000 rw-p 00001000 08:01 8789941    /usr/lib/jvm/java-7-openjdk-i386/jre/bin/java
08e50000-091b0000 rw-p 00000000 00:00 0          [heap]
68100000-681fa000 rw-p 00000000 00:00 0 
681fa000-68200000 ---p 00000000 00:00 0 
6822c000-6822f000 ---p 00000000 00:00 0 
6822f000-6827d000 rw-p 00000000 00:00 0 
6857d000-68585000 r--s 00000000 08:01 2097211    /var/cache/fontconfig/945677eb7aeaf62f1d50efc3fb3ec7d8-le32d4.cache-4
68585000-68589000 r--s 00000000 08:01 2097201    /var/cache/fontconfig/2cd17615ca594fa2959ae173292e504c-le32d4.cache-4
68589000-68591000 r--s 00000000 08:01 2104749    /var/cache/fontconfig/a6354e3ac43af67bd8d7b8e43c34e49f-le32d4.cache-4
68591000-68596000 r--s 00000000 08:01 2097202    /var/cache/fontconfig/3047814df9a2f067bd2d96a2b9c36e5a-le32d4.cache-4
68596000-685a6000 r--s 00000000 08:01 2097217    /var/cache/fontconfig/d52a8644073d54c13679302ca1180695-le32d4.cache-4
685a6000-685af000 r--s 00000000 08:01 2103777    /var/cache/fontconfig/d589a48862398ed80a3d6066f4f56f4c-le32d4.cache-4
68677000-6867a000 ---p 00000000 00:00 0 
6867a000-686c8000 rw-p 00000000 00:00 0          [stack:5188]
686c8000-686cc000 r--s 00000000 08:01 2097210    /var/cache/fontconfig/8801497958630a81b71ace7c5f9b32a8-le32d4.cache-4
686fe000-68761000 r-xp 00000000 08:01 8662368    /usr/lib/i386-linux-gnu/nss/libfreebl3.so
68761000-68762000 r--p 00063000 08:01 8662368    /usr/lib/i386-linux-gnu/nss/libfreebl3.so
68762000-68763000 rw-p 00064000 08:01 8662368    /usr/lib/i386-linux-gnu/nss/libfreebl3.so
68763000-68767000 rw-p 00000000 00:00 0 
68767000-68820000 r-xp 00000000 08:01 8654167    /usr/lib/i386-linux-gnu/libsqlite3.so.0.8.6
68820000-68822000 r--p 000b8000 08:01 8654167    /usr/lib/i386-linux-gnu/libsqlite3.so.0.8.6
68822000-68823000 rw-p 000ba000 08:01 8654167    /usr/lib/i386-linux-gnu/libsqlite3.so.0.8.6
68823000-68824000 rw-p 00000000 00:00 0 
68824000-68863000 r-xp 00000000 08:01 8662376    /usr/lib/i386-linux-gnu/nss/libsoftokn3.so
68863000-68864000 r--p 0003f000 08:01 8662376    /usr/lib/i386-linux-gnu/nss/libsoftokn3.so
68864000-68865000 rw-p 00040000 08:01 8662376    /usr/lib/i386-linux-gnu/nss/libsoftokn3.so
68865000-6889e000 r-xp 00000000 08:01 8655692    /usr/lib/i386-linux-gnu/libnspr4.so
6889e000-6889f000 r--p 00039000 08:01 8655692    /usr/lib/i386-linux-gnu/libnspr4.so
6889f000-688a0000 rw-p 0003a000 08:01 8655692    /usr/lib/i386-linux-gnu/libnspr4.so
688a0000-688a2000 rw-p 00000000 00:00 0 
688a2000-688c3000 r-xp 00000000 08:01 8652476    /usr/lib/i386-linux-gnu/libnssutil3.so
688c3000-688c6000 r--p 00020000 08:01 8652476    /usr/lib/i386-linux-gnu/libnssutil3.so
688c6000-688c7000 rw-p 00023000 08:01 8652476    /usr/lib/i386-linux-gnu/libnssutil3.so
688c7000-68a06000 r-xp 00000000 08:01 8652482    /usr/lib/i386-linux-gnu/libnss3.so
68a06000-68a09000 r--p 0013e000 08:01 8652482    /usr/lib/i386-linux-gnu/libnss3.so
68a09000-68a0a000 rw-p 00141000 08:01 8652482    /usr/lib/i386-linux-gnu/libnss3.so
68a0a000-68a0b000 rw-p 00000000 00:00 0 
68c00000-68c8c000 rw-p 00000000 00:00 0 
68c8c000-68d00000 ---p 00000000 00:00 0 
68e00000-68ecc000 rw-p 00000000 00:00 0 
68ecc000-68f00000 ---p 00000000 00:00 0 
68f00000-68ffe000 rw-p 00000000 00:00 0 
68ffe000-69000000 ---p 00000000 00:00 0 
69003000-69006000 ---p 00000000 00:00 0 
69006000-69054000 rw-p 00000000 00:00 0 
69054000-69057000 ---p 00000000 00:00 0 
69057000-690a5000 rw-p 00000000 00:00 0 
690a5000-690ee000 r-xp 00000000 08:01 8653918    /usr/lib/i386-linux-gnu/libjpeg.so.8.0.2
690ee000-690ef000 r--p 00048000 08:01 8653918    /usr/lib/i386-linux-gnu/libjpeg.so.8.0.2
690ef000-690f0000 rw-p 00049000 08:01 8653918    /usr/lib/i386-linux-gnu/libjpeg.so.8.0.2
690f0000-69100000 rw-p 00000000 00:00 0 
69100000-691ff000 rw-p 00000000 00:00 0 
691ff000-69200000 ---p 00000000 00:00 0 
69200000-69207000 r--s 00000000 08:01 2099819    /var/cache/fontconfig/3f7329c5293ffd510edef78f73874cfd-le32d4.cache-4
69207000-69256000 r-xp 00000000 08:01 8789021    /usr/lib/jvm/java-7-openjdk-i386/jre/lib/i386/libfontmanager.so
69256000-69258000 r--p 0004e000 08:01 8789021    /usr/lib/jvm/java-7-openjdk-i386/jre/lib/i386/libfontmanager.so
69258000-69259000 rw-p 00050000 08:01 8789021    /usr/lib/jvm/java-7-openjdk-i386/jre/lib/i386/libfontmanager.so
69259000-6925c000 r-xp 00000000 08:01 8656914    /usr/lib/i386-linux-gnu/libplds4.so
6925c000-6925d000 r--p 00002000 08:01 8656914    /usr/lib/i386-linux-gnu/libplds4.so
6925d000-6925e000 rw-p 00003000 08:01 8656914    /usr/lib/i386-linux-gnu/libplds4.so
6925e000-69262000 r-xp 00000000 08:01 8656384    /usr/lib/i386-linux-gnu/libplc4.so
69262000-69263000 r--p 00003000 08:01 8656384    /usr/lib/i386-linux-gnu/libplc4.so
69263000-69264000 rw-p 00004000 08:01 8656384    /usr/lib/i386-linux-gnu/libplc4.so
69264000-69275000 r-xp 00000000 08:01 8789020    /usr/lib/jvm/java-7-openjdk-i386/jre/lib/i386/libj2pkcs11.so
69275000-69276000 r--p 00010000 08:01 8789020    /usr/lib/jvm/java-7-openjdk-i386/jre/lib/i386/libj2pkcs11.so
69276000-69277000 rw-p 00011000 08:01 8789020    /usr/lib/jvm/java-7-openjdk-i386/jre/lib/i386/libj2pkcs11.so
69277000-6929a000 rw-s 00000000 00:04 30113816   /SYSV00000000 (deleted)
6929a000-6929f000 r--s 0004c000 08:01 8789039    /usr/lib/jvm/java-7-openjdk-i386/jre/lib/jsse.jar
6929f000-692a8000 r-xp 00000000 08:01 8789028    /usr/lib/jvm/java-7-openjdk-i386/jre/lib/i386/libjavajpeg.so
692a8000-692a9000 r--p 00008000 08:01 8789028    /usr/lib/jvm/java-7-openjdk-i386/jre/lib/i386/libjavajpeg.so
692a9000-692aa000 rw-p 00009000 08:01 8789028    /usr/lib/jvm/java-7-openjdk-i386/jre/lib/i386/libjavajpeg.so
692aa000-692c1000 r-xp 00000000 08:01 8789014    /usr/lib/jvm/java-7-openjdk-i386/jre/lib/i386/libnet.so
692c1000-692c2000 r--p 00016000 08:01 8789014    /usr/lib/jvm/java-7-openjdk-i386/jre/lib/i386/libnet.so
692c2000-692c3000 rw-p 00017000 08:01 8789014    /usr/lib/jvm/java-7-openjdk-i386/jre/lib/i386/libnet.so
692c3000-692c6000 ---p 00000000 00:00 0 
692c6000-69314000 rw-p 00000000 00:00 0          [stack:5189]
69314000-69317000 ---p 00000000 00:00 0 
69317000-69365000 rw-p 00000000 00:00 0          [stack:5184]
69365000-69369000 r-xp 00000000 08:01 8653395    /usr/lib/i386-linux-gnu/libXfixes.so.3.1.0
69369000-6936a000 r--p 00003000 08:01 8653395    /usr/lib/i386-linux-gnu/libXfixes.so.3.1.0
6936a000-6936b000 rw-p 00004000 08:01 8653395    /usr/lib/i386-linux-gnu/libXfixes.so.3.1.0
6936b000-69374000 r-xp 00000000 08:01 8653387    /usr/lib/i386-linux-gnu/libXcursor.so.1.0.2
69374000-69375000 r--p 00008000 08:01 8653387    /usr/lib/i386-linux-gnu/libXcursor.so.1.0.2
69375000-69376000 rw-p 00009000 08:01 8653387    /usr/lib/i386-linux-gnu/libXcursor.so.1.0.2
69377000-69388000 r-xp 00000000 08:01 8788683    /usr/lib/jvm/java-7-openjdk-i386/jre/lib/i386/libnio.so
69388000-69389000 r--p 00010000 08:01 8788683    /usr/lib/jvm/java-7-openjdk-i386/jre/lib/i386/libnio.so
69389000-6938a000 rw-p 00011000 08:01 8788683    /usr/lib/jvm/java-7-openjdk-i386/jre/lib/i386/libnio.so
6938a000-6938d000 ---p 00000000 00:00 0 
6938d000-693db000 rw-p 00000000 00:00 0          [stack:5183]
693db000-69401000 r--p 00000000 08:01 9704229    /usr/share/locale-langpack/es/LC_MESSAGES/libc.mo
69401000-69404000 r-xp 00000000 08:01 24904681   /lib/i386-linux-gnu/libgpg-error.so.0.10.0
69404000-69405000 r--p 00002000 08:01 24904681   /lib/i386-linux-gnu/libgpg-error.so.0.10.0
69405000-69406000 rw-p 00003000 08:01 24904681   /lib/i386-linux-gnu/libgpg-error.so.0.10.0
69406000-69408000 r-xp 00000000 08:01 24904691   /lib/i386-linux-gnu/libkeyutils.so.1.4
69408000-69409000 r--p 00002000 08:01 24904691   /lib/i386-linux-gnu/libkeyutils.so.1.4
69409000-6940a000 rw-p 00003000 08:01 24904691   /lib/i386-linux-gnu/libkeyutils.so.1.4
6940a000-69446000 r-xp 00000000 08:01 24904745   /lib/i386-linux-gnu/libpcre.so.3.13.1
69446000-69447000 r--p 0003b000 08:01 24904745   /lib/i386-linux-gnu/libpcre.so.3.13.1
69447000-69448000 rw-p 0003c000 08:01 24904745   /lib/i386-linux-gnu/libpcre.so.3.13.1
69448000-6946e000 r-xp 00000000 08:01 24904757   /lib/i386-linux-gnu/libpng12.so.0.50.0
6946e000-6946f000 r--p 00025000 08:01 24904757   /lib/i386-linux-gnu/libpng12.so.0.50.0
6946f000-69470000 rw-p 00026000 08:01 24904757   /lib/i386-linux-gnu/libpng12.so.0.50.0
69470000-694b9000 r-xp 00000000 08:01 24903800   /lib/i386-linux-gnu/libdbus-1.so.3.7.6
694b9000-694ba000 r--p 00048000 08:01 24903800   /lib/i386-linux-gnu/libdbus-1.so.3.7.6
694ba000-694bb000 rw-p 00049000 08:01 24903800   /lib/i386-linux-gnu/libdbus-1.so.3.7.6
694bb000-694f2000 r-xp 00000000 08:01 8654032    /usr/lib/i386-linux-gnu/libp11-kit.so.0.0.0
694f2000-694f3000 ---p 00037000 08:01 8654032    /usr/lib/i386-linux-gnu/libp11-kit.so.0.0.0
694f3000-694f6000 r--p 00037000 08:01 8654032    /usr/lib/i386-linux-gnu/libp11-kit.so.0.0.0
694f6000-694f7000 rw-p 0003a000 08:01 8654032    /usr/lib/i386-linux-gnu/libp11-kit.so.0.0.0
694f7000-69509000 r-xp 00000000 08:01 8654189    /usr/lib/i386-linux-gnu/libtasn1.so.6.2.0
69509000-6950a000 r--p 00011000 08:01 8654189    /usr/lib/i386-linux-gnu/libtasn1.so.6.2.0
6950a000-6950b000 rw-p 00012000 08:01 8654189    /usr/lib/i386-linux-gnu/libtasn1.so.6.2.0
6950b000-6958d000 r-xp 00000000 08:01 24903684   /lib/i386-linux-gnu/libgcrypt.so.11.8.2
6958d000-6958e000 ---p 00082000 08:01 24903684   /lib/i386-linux-gnu/libgcrypt.so.11.8.2
6958e000-6958f000 r--p 00082000 08:01 24903684   /lib/i386-linux-gnu/libgcrypt.so.11.8.2
6958f000-69591000 rw-p 00083000 08:01 24903684   /lib/i386-linux-gnu/libgcrypt.so.11.8.2
69591000-69592000 rw-p 00000000 00:00 0 
69592000-6959c000 r-xp 00000000 08:01 8653925    /usr/lib/i386-linux-gnu/libkrb5support.so.0.1
6959c000-6959d000 r--p 00009000 08:01 8653925    /usr/lib/i386-linux-gnu/libkrb5support.so.0.1
6959d000-6959e000 rw-p 0000a000 08:01 8653925    /usr/lib/i386-linux-gnu/libkrb5support.so.0.1
6959e000-695a1000 r-xp 00000000 08:01 24904657   /lib/i386-linux-gnu/libcom_err.so.2.1
695a1000-695a2000 r--p 00002000 08:01 24904657   /lib/i386-linux-gnu/libcom_err.so.2.1
695a2000-695a3000 rw-p 00003000 08:01 24904657   /lib/i386-linux-gnu/libcom_err.so.2.1
695a3000-695d1000 r-xp 00000000 08:01 8654577    /usr/lib/i386-linux-gnu/libk5crypto.so.3.1
695d1000-695d2000 r--p 0002d000 08:01 8654577    /usr/lib/i386-linux-gnu/libk5crypto.so.3.1
695d2000-695d3000 rw-p 0002e000 08:01 8654577    /usr/lib/i386-linux-gnu/libk5crypto.so.3.1
695d3000-6968a000 r-xp 00000000 08:01 8653766    /usr/lib/i386-linux-gnu/libkrb5.so.3.3
6968a000-69690000 r--p 000b7000 08:01 8653766    /usr/lib/i386-linux-gnu/libkrb5.so.3.3
69690000-69691000 rw-p 000bd000 08:01 8653766    /usr/lib/i386-linux-gnu/libkrb5.so.3.3
69691000-69696000 r-xp 00000000 08:01 8653391    /usr/lib/i386-linux-gnu/libXdmcp.so.6.0.0
69696000-69697000 r--p 00004000 08:01 8653391    /usr/lib/i386-linux-gnu/libXdmcp.so.6.0.0
69697000-69698000 rw-p 00005000 08:01 8653391    /usr/lib/i386-linux-gnu/libXdmcp.so.6.0.0
69698000-6969a000 r-xp 00000000 08:01 8653380    /usr/lib/i386-linux-gnu/libXau.so.6.0.0
6969a000-6969b000 r--p 00001000 08:01 8653380    /usr/lib/i386-linux-gnu/libXau.so.6.0.0
6969b000-6969c000 rw-p 00002000 08:01 8653380    /usr/lib/i386-linux-gnu/libXau.so.6.0.0
6969c000-696a1000 r-xp 00000000 08:01 8653643    /usr/lib/i386-linux-gnu/libffi.so.6.0.1
696a1000-696a2000 r--p 00005000 08:01 8653643    /usr/lib/i386-linux-gnu/libffi.so.6.0.1
696a2000-696a3000 rw-p 00006000 08:01 8653643    /usr/lib/i386-linux-gnu/libffi.so.6.0.1
696a3000-696b6000 r-xp 00000000 08:01 24904665   /lib/i386-linux-gnu/libresolv-2.19.so
696b6000-696b7000 ---p 00013000 08:01 24904665   /lib/i386-linux-gnu/libresolv-2.19.so
696b7000-696b8000 r--p 00013000 08:01 24904665   /lib/i386-linux-gnu/libresolv-2.19.so
696b8000-696b9000 rw-p 00014000 08:01 24904665   /lib/i386-linux-gnu/libresolv-2.19.so
696b9000-696bb000 rw-p 00000000 00:00 0 
696bb000-696db000 r-xp 00000000 08:01 24904772   /lib/i386-linux-gnu/libselinux.so.1
696db000-696dc000 r--p 0001f000 08:01 24904772   /lib/i386-linux-gnu/libselinux.so.1
696dc000-696dd000 rw-p 00020000 08:01 24904772   /lib/i386-linux-gnu/libselinux.so.1
696dd000-696de000 rw-p 00000000 00:00 0 
696de000-697e8000 r-xp 00000000 08:01 24904679   /lib/i386-linux-gnu/libglib-2.0.so.0.4000.0
697e8000-697e9000 r--p 00109000 08:01 24904679   /lib/i386-linux-gnu/libglib-2.0.so.0.4000.0
697e9000-697ea000 rw-p 0010a000 08:01 24904679   /lib/i386-linux-gnu/libglib-2.0.so.0.4000.0
697ea000-697ed000 r-xp 00000000 08:01 8653727    /usr/lib/i386-linux-gnu/libgmodule-2.0.so.0.4000.0
697ed000-697ee000 r--p 00002000 08:01 8653727    /usr/lib/i386-linux-gnu/libgmodule-2.0.so.0.4000.0
697ee000-697ef000 rw-p 00003000 08:01 8653727    /usr/lib/i386-linux-gnu/libgmodule-2.0.so.0.4000.0
697ef000-69814000 r-xp 00000000 08:01 24904670   /lib/i386-linux-gnu/libexpat.so.1.6.0
69814000-69815000 ---p 00025000 08:01 24904670   /lib/i386-linux-gnu/libexpat.so.1.6.0
69815000-69817000 r--p 00025000 08:01 24904670   /lib/i386-linux-gnu/libexpat.so.1.6.0
69817000-69818000 rw-p 00027000 08:01 24904670   /lib/i386-linux-gnu/libexpat.so.1.6.0
69818000-698b2000 r-xp 00000000 08:01 8653667    /usr/lib/i386-linux-gnu/libfreetype.so.6.11.1
698b2000-698b3000 ---p 0009a000 08:01 8653667    /usr/lib/i386-linux-gnu/libfreetype.so.6.11.1
698b3000-698b7000 r--p 0009a000 08:01 8653667    /usr/lib/i386-linux-gnu/libfreetype.so.6.11.1
698b7000-698b8000 rw-p 0009e000 08:01 8653667    /usr/lib/i386-linux-gnu/libfreetype.so.6.11.1
698b8000-698c8000 r-xp 00000000 08:01 8653479    /usr/lib/i386-linux-gnu/libavahi-client.so.3.2.9
698c8000-698c9000 r--p 0000f000 08:01 8653479    /usr/lib/i386-linux-gnu/libavahi-client.so.3.2.9
698c9000-698ca000 rw-p 00010000 08:01 8653479    /usr/lib/i386-linux-gnu/libavahi-client.so.3.2.9
698ca000-698d6000 r-xp 00000000 08:01 8653481    /usr/lib/i386-linux-gnu/libavahi-common.so.3.5.3
698d6000-698d7000 r--p 0000b000 08:01 8653481    /usr/lib/i386-linux-gnu/libavahi-common.so.3.5.3
698d7000-698d8000 rw-p 0000c000 08:01 8653481    /usr/lib/i386-linux-gnu/libavahi-common.so.3.5.3
698d8000-69999000 r-xp 00000000 08:01 8653739    /usr/lib/i386-linux-gnu/libgnutls.so.26.22.6
69999000-6999d000 r--p 000c0000 08:01 8653739    /usr/lib/i386-linux-gnu/libgnutls.so.26.22.6
6999d000-6999e000 rw-p 000c4000 08:01 8653739    /usr/lib/i386-linux-gnu/libgnutls.so.26.22.6
6999e000-699e1000 r-xp 00000000 08:01 8653921    /usr/lib/i386-linux-gnu/libgssapi_krb5.so.2.2
699e1000-699e2000 r--p 00042000 08:01 8653921    /usr/lib/i386-linux-gnu/libgssapi_krb5.so.2.2
699e2000-699e3000 rw-p 00043000 08:01 8653921    /usr/lib/i386-linux-gnu/libgssapi_krb5.so.2.2
699e3000-69a03000 r-xp 00000000 08:01 8654299    /usr/lib/i386-linux-gnu/libxcb.so.1.1.0
69a03000-69a04000 r--p 0001f000 08:01 8654299    /usr/lib/i386-linux-gnu/libxcb.so.1.1.0
69a04000-69a05000 rw-p 00020000 08:01 8654299    /usr/lib/i386-linux-gnu/libxcb.so.1.1.0
69a05000-69a55000 r-xp 00000000 08:01 8653741    /usr/lib/i386-linux-gnu/libgobject-2.0.so.0.4000.0
69a55000-69a56000 r--p 0004f000 08:01 8653741    /usr/lib/i386-linux-gnu/libgobject-2.0.so.0.4000.0
69a56000-69a57000 rw-p 00050000 08:01 8653741    /usr/lib/i386-linux-gnu/libgobject-2.0.so.0.4000.0
69a57000-69bd4000 r-xp 00000000 08:01 8653713    /usr/lib/i386-linux-gnu/libgio-2.0.so.0.4000.0
69bd4000-69bd6000 r--p 0017c000 08:01 8653713    /usr/lib/i386-linux-gnu/libgio-2.0.so.0.4000.0
69bd6000-69bd7000 rw-p 0017e000 08:01 8653713    /usr/lib/i386-linux-gnu/libgio-2.0.so.0.4000.0
69bd7000-69bd8000 rw-p 00000000 00:00 0 
69bd8000-69c11000 r-xp 00000000 08:01 8653655    /usr/lib/i386-linux-gnu/libfontconfig.so.1.8.0
69c11000-69c12000 r--p 00039000 08:01 8653655    /usr/lib/i386-linux-gnu/libfontconfig.so.1.8.0
69c12000-69c13000 rw-p 0003a000 08:01 8653655    /usr/lib/i386-linux-gnu/libfontconfig.so.1.8.0
69c13000-69c7a000 r-xp 00000000 08:01 8651423    /usr/lib/i386-linux-gnu/libcups.so.2
69c7a000-69c7b000 ---p 00067000 08:01 8651423    /usr/lib/i386-linux-gnu/libcups.so.2
69c7b000-69c7f000 r--p 00067000 08:01 8651423    /usr/lib/i386-linux-gnu/libcups.so.2
69c7f000-69c80000 rw-p 0006b000 08:01 8651423    /usr/lib/i386-linux-gnu/libcups.so.2
69c80000-69db0000 r-xp 00000000 08:01 8653376    /usr/lib/i386-linux-gnu/libX11.so.6.3.0
69db0000-69db1000 r--p 00130000 08:01 8653376    /usr/lib/i386-linux-gnu/libX11.so.6.3.0
69db1000-69db3000 rw-p 00131000 08:01 8653376    /usr/lib/i386-linux-gnu/libX11.so.6.3.0
69db3000-69db4000 rw-p 00000000 00:00 0 
69db4000-69dfc000 r-xp 00000000 08:01 8783306    /usr/lib/jvm/java-7-openjdk-i386/jre/lib/i386/xawt/libmawt.so
69dfc000-69dfd000 r--p 00047000 08:01 8783306    /usr/lib/jvm/java-7-openjdk-i386/jre/lib/i386/xawt/libmawt.so
69dfd000-69dff000 rw-p 00048000 08:01 8783306    /usr/lib/jvm/java-7-openjdk-i386/jre/lib/i386/xawt/libmawt.so
69dff000-69e00000 rw-p 00000000 00:00 0 
69e00000-69eff000 rw-p 00000000 00:00 0 
69eff000-69f00000 ---p 00000000 00:00 0 
69f02000-69f11000 r-xp 00000000 08:01 8653401    /usr/lib/i386-linux-gnu/libXi.so.6.1.0
69f11000-69f12000 r--p 0000e000 08:01 8653401    /usr/lib/i386-linux-gnu/libXi.so.6.1.0
69f12000-69f13000 rw-p 0000f000 08:01 8653401    /usr/lib/i386-linux-gnu/libXi.so.6.1.0
69f13000-69f1c000 r-xp 00000000 08:01 8653415    /usr/lib/i386-linux-gnu/libXrender.so.1.3.0
69f1c000-69f1d000 r--p 00008000 08:01 8653415    /usr/lib/i386-linux-gnu/libXrender.so.1.3.0
69f1d000-69f1e000 rw-p 00009000 08:01 8653415    /usr/lib/i386-linux-gnu/libXrender.so.1.3.0
69f1e000-69f2f000 r-xp 00000000 08:01 8653393    /usr/lib/i386-linux-gnu/libXext.so.6.4.0
69f2f000-69f30000 r--p 00010000 08:01 8653393    /usr/lib/i386-linux-gnu/libXext.so.6.4.0
69f30000-69f31000 rw-p 00011000 08:01 8653393    /usr/lib/i386-linux-gnu/libXext.so.6.4.0
69f32000-69f33000 r--s 00000000 08:01 2105006    /var/cache/fontconfig/c05880de57d1f5e948fdfacc138775d9-le32d4.cache-4
69f33000-69f34000 r--s 00000000 08:01 2105191    /var/cache/fontconfig/4794a0821666d79190d59a36cb4f44b5-le32d4.cache-4
69f34000-69f35000 r--s 00000000 08:01 2104411    /var/cache/fontconfig/e13b20fdb08344e0e664864cc2ede53d-le32d4.cache-4
69f35000-69f3e000 r--s 000b9000 08:01 8789058    /usr/lib/jvm/java-7-openjdk-i386/jre/lib/resources.jar
69f3e000-69f45000 r--s 00000000 08:01 8659824    /usr/lib/i386-linux-gnu/gconv/gconv-modules.cache
69f45000-69fd4000 r-xp 00000000 08:01 8789001    /usr/lib/jvm/java-7-openjdk-i386/jre/lib/i386/libawt.so
69fd4000-69fd5000 r--p 0008f000 08:01 8789001    /usr/lib/jvm/java-7-openjdk-i386/jre/lib/i386/libawt.so
69fd5000-69fdc000 rw-p 00090000 08:01 8789001    /usr/lib/jvm/java-7-openjdk-i386/jre/lib/i386/libawt.so
69fdc000-6a000000 rw-p 00000000 00:00 0 
6a000000-6a0ff000 rw-p 00000000 00:00 0 
6a0ff000-6a100000 ---p 00000000 00:00 0 
6a100000-6a103000 r--s 00017000 08:01 8789043    /usr/lib/jvm/java-7-openjdk-i386/jre/lib/jce.jar
6a103000-6a108000 r-xp 00000000 08:01 8653421    /usr/lib/i386-linux-gnu/libXtst.so.6.1.0
6a108000-6a109000 r--p 00004000 08:01 8653421    /usr/lib/i386-linux-gnu/libXtst.so.6.1.0
6a109000-6a10a000 rw-p 00005000 08:01 8653421    /usr/lib/i386-linux-gnu/libXtst.so.6.1.0
6a10a000-6a114000 r--s 00203000 08:01 8789051    /usr/lib/jvm/java-7-openjdk-i386/jre/lib/charsets.jar
6a114000-6a115000 r--s 00005000 08:01 12456513   /home/oscar/proyectos/escritorio/lib/json-simple-1.1.1.jar
6a115000-6a130000 r--s 0012c000 08:01 12456526   /home/oscar/proyectos/escritorio/lib/org.apache.httpcomponents.httpclient_4.3.5.jar
6a130000-6a131000 r--s 00000000 08:01 10360238   /usr/local/netbeans-8.0.1/java/modules/ext/AbsoluteLayout.jar
6a131000-6a16f000 r--s 0025b000 08:01 12456547   /home/oscar/proyectos/escritorio/lib/xmlbeans-2.5.0.jar
6a16f000-6a174000 r--s 00010000 08:01 12456545   /home/oscar/proyectos/escritorio/lib/xml-apis-ext.jar
6a174000-6a18d000 r--s 00134000 08:01 12456544   /home/oscar/proyectos/escritorio/lib/xercesImpl-2.10.0.jar
6a18d000-6a1b2000 r--s 002e3000 08:01 12456543   /home/oscar/proyectos/escritorio/lib/xalan-2.7.1.jar
6a1b2000-6a1c0000 r--s 000b7000 08:01 12456542   /home/oscar/proyectos/escritorio/lib/velocity-1.7-dep.jar
6a1c0000-6a1c1000 r--s 00002000 08:01 12456541   /home/oscar/proyectos/escritorio/lib/swing-worker-1.1.jar
6a1c1000-6a1c2000 r--s 0001c000 08:01 12456540   /home/oscar/proyectos/escritorio/lib/swing-layout-1.0.4.jar
6a1c2000-6a1c3000 r--s 0001c000 08:01 12456539   /home/oscar/proyectos/escritorio/lib/swing-layout-1.0.3.jar
6a1c3000-6a1c8000 r--s 0006d000 08:01 12456538   /home/oscar/proyectos/escritorio/lib/sqljdbc4.jar
6a1c8000-6a1cc000 r--s 0028c000 08:01 12456537   /home/oscar/proyectos/escritorio/lib/sqlitejdbc-v056.jar
6a1cc000-6a1d3000 r--s 00040000 08:01 12456536   /home/oscar/proyectos/escritorio/lib/spring-core-2.5.5.jar
6a1d3000-6a1dd000 r--s 0006d000 08:01 12456535   /home/oscar/proyectos/escritorio/lib/spring-beans-2.5.5.jar
6a1dd000-6a1df000 r--s 00016000 08:01 12456534   /home/oscar/proyectos/escritorio/lib/servlet-api-2.4.jar
6a1df000-6a1e8000 r--s 0002d000 08:01 12456546   /home/oscar/proyectos/escritorio/lib/xml-apis.jar
6a1e8000-6a1eb000 r--s 00041000 08:01 12456533   /home/oscar/proyectos/escritorio/lib/serializer.jar
6a1eb000-6a1ed000 r--s 00003000 08:01 12456532   /home/oscar/proyectos/escritorio/lib/saaj-api-1.3.jar
6a1ed000-6a1fa000 r--s 00106000 08:01 12456531   /home/oscar/proyectos/escritorio/lib/rhino-1.7R3.jar
6a1fa000-6a279000 r--s 0034a000 08:01 12456530   /home/oscar/proyectos/escritorio/lib/poi-ooxml-schemas-3.7-20101029.jar
6a279000-6a280000 r--s 00073000 08:01 12456529   /home/oscar/proyectos/escritorio/lib/poi-ooxml-3.7-20101029.jar
6a280000-6a29d000 r--s 0017c000 08:01 12456528   /home/oscar/proyectos/escritorio/lib/poi-3.7-20101029.jar
6a29d000-6a2a5000 r--s 00065000 08:01 12456525   /home/oscar/proyectos/escritorio/lib/olap4j-0.9.7.309-JS-3.jar
6a2a5000-6a2a9000 r--s 00068000 08:01 12456523   /home/oscar/proyectos/escritorio/lib/mysql-connector-java-3.1.11-bin.jar
6a2a9000-6a2d1000 r--s 0025e000 08:01 12456522   /home/oscar/proyectos/escritorio/lib/mondrian-3.1.1.12687.jar
6a2d1000-6a2da000 r--s 00055000 08:01 12456521   /home/oscar/proyectos/escritorio/lib/lucene-queryparser-4.5.1.jar
6a2da000-6a300000 r--s 0020b000 08:01 12456520   /home/oscar/proyectos/escritorio/lib/lucene-core-4.5.1.jar
6a300000-6a3f9000 rw-p 00000000 00:00 0 
6a3f9000-6a400000 ---p 00000000 00:00 0 
6a400000-6a410000 r--s 00174000 08:01 12456519   /home/oscar/proyectos/escritorio/lib/lucene-analyzers-common-4.5.1.jar
6a410000-6a417000 r--s 00059000 08:01 12456518   /home/oscar/proyectos/escritorio/lib/log4j-1.2.15.jar
6a417000-6a423000 r--s 000aa000 08:01 12456514   /home/oscar/proyectos/escritorio/lib/jxl-2.6.10.jar
6a423000-6a426000 r--s 00009000 08:01 12456512   /home/oscar/proyectos/escritorio/lib/jpa.jar
6a426000-6a436000 r--s 0013f000 08:01 12456511   /home/oscar/proyectos/escritorio/lib/jfreechart-1.0.12.jar
6a436000-6a440000 r--s 0011e000 08:01 12456510   /home/oscar/proyectos/escritorio/lib/jdt-compiler-3.1.1.jar
6a440000-6a446000 r--s 00046000 08:01 12456509   /home/oscar/proyectos/escritorio/lib/jcommon-1.0.15.jar
6a446000-6a4a1000 r--s 00463000 08:01 12456506   /home/oscar/proyectos/escritorio/lib/jasperreports-5.6.0.jar
6a4a1000-6a500000 r--s 00589000 08:01 12456499   /home/oscar/proyectos/escritorio/lib/groovy-all-2.0.1.jar
6a500000-6a5ff000 rw-p 00000000 00:00 0 
6a5ff000-6a600000 ---p 00000000 00:00 0 
6a600000-6a601000 r--s 00002000 08:01 12456527   /home/oscar/proyectos/escritorio/lib/png-encoder-1.5.jar
6a601000-6a603000 r--s 0001e000 08:01 12456508   /home/oscar/proyectos/escritorio/lib/jcalendar.jar
6a603000-6a609000 r--s 00032000 08:01 12456507   /home/oscar/proyectos/escritorio/lib/jaxen-1.1.1.jar
6a609000-6a61a000 r--s 000d2000 08:01 12456505   /home/oscar/proyectos/escritorio/lib/jackson-databind-2.1.4.jar
6a61a000-6a61e000 r--s 0002f000 08:01 12456504   /home/oscar/proyectos/escritorio/lib/jackson-core-2.1.4.jar
6a61e000-6a620000 r--s 00007000 08:01 12456503   /home/oscar/proyectos/escritorio/lib/jackson-annotations-2.1.4.jar
6a620000-6a62d000 r--s 00108000 08:01 12456502   /home/oscar/proyectos/escritorio/lib/iText-2.1.7.js2.jar
6a62d000-6a636000 r--s 000a4000 08:01 12456501   /home/oscar/proyectos/escritorio/lib/hsqldb-1.8.0-10.jar
6a636000-6a64e000 r--s 00181000 08:01 12456500   /home/oscar/proyectos/escritorio/lib/hibernate3.jar
6a64e000-6a653000 r--s 00048000 08:01 12456498   /home/oscar/proyectos/escritorio/lib/dom4j-1.6.1.jar
6a653000-6a655000 r--s 0000d000 08:01 12456497   /home/oscar/proyectos/escritorio/lib/commons-logging-1.1.1.jar
6a655000-6a65b000 r--s 0002b000 08:01 12456495   /home/oscar/proyectos/escritorio/lib/commons-digester-2.1.jar
6a65b000-6a669000 r--s 0007f000 08:01 12456494   /home/oscar/proyectos/escritorio/lib/commons-collections-3.2.1.jar
6a669000-6a66e000 r--s 00034000 08:01 12456493   /home/oscar/proyectos/escritorio/lib/commons-beanutils-1.8.0.jar
6a66e000-6a67d000 r--s 000c3000 08:01 12456492   /home/oscar/proyectos/escritorio/lib/castor-1.2.jar
6a67d000-6a687000 r--s 00079000 08:01 12456490   /home/oscar/proyectos/escritorio/lib/bcel-5.2.jar
6a687000-6a688000 ---p 00000000 00:00 0 
6a688000-6a708000 rw-p 00000000 00:00 0          [stack:5182]
6a708000-6a70b000 ---p 00000000 00:00 0 
6a70b000-6a759000 rw-p 00000000 00:00 0          [stack:5181]
6a759000-6a75c000 ---p 00000000 00:00 0 
6a75c000-6a7da000 rw-p 00000000 00:00 0          [stack:5180]
6a7da000-6a7dd000 ---p 00000000 00:00 0 
6a7dd000-6a85b000 rw-p 00000000 00:00 0          [stack:5179]
6a85b000-6a85e000 ---p 00000000 00:00 0 
6a85e000-6a8ac000 rw-p 00000000 00:00 0          [stack:5178]
6a8ac000-6a9dd000 r--p 00189000 08:01 8655709    /usr/lib/locale/locale-archive
6a9dd000-6abdd000 r--p 00000000 08:01 8655709    /usr/lib/locale/locale-archive
6abdd000-6abe0000 ---p 00000000 00:00 0 
6abe0000-6ac2e000 rw-p 00000000 00:00 0          [stack:5177]
6ac2e000-6ac31000 ---p 00000000 00:00 0 
6ac31000-6ac7f000 rw-p 00000000 00:00 0          [stack:5176]
6ac7f000-6ac80000 ---p 00000000 00:00 0 
6ac80000-6ad00000 rw-p 00000000 00:00 0          [stack:5175]
6ad00000-6ae00000 rw-p 00000000 00:00 0 
6ae00000-6ae05000 r--s 00040000 08:01 12456491   /home/oscar/proyectos/escritorio/lib/bsh-2.0b4.jar
6ae05000-6ae12000 r--s 00087000 08:01 12456486   /home/oscar/proyectos/escritorio/lib/batik-svg-dom.jar
6ae12000-6ae5b000 rw-p 00000000 00:00 0 
6ae5b000-6b00c000 r--s 01d25000 08:01 8784452    /usr/lib/jvm/java-7-openjdk-i386/jre/lib/rt.jar
6b00c000-6d700000 rw-p 00000000 00:00 0 
6d700000-6d7f9000 rw-p 00000000 00:00 0 
6d7f9000-6d800000 ---p 00000000 00:00 0 
6d800000-6d803000 r--s 00015000 08:01 12456496   /home/oscar/proyectos/escritorio/lib/commons-javaflow-20060411.jar
6d803000-6d806000 r--s 0001d000 08:01 12456488   /home/oscar/proyectos/escritorio/lib/batik-util.jar
6d806000-6d80b000 r--s 00030000 08:01 12456487   /home/oscar/proyectos/escritorio/lib/batik-svggen.jar
6d80b000-6d80e000 r--s 0000d000 08:01 12456485   /home/oscar/proyectos/escritorio/lib/batik-script.jar
6d80e000-6d812000 r--s 00038000 08:01 12456483   /home/oscar/proyectos/escritorio/lib/batik-gvt.jar
6d812000-6d81a000 r--s 00045000 08:01 12456480   /home/oscar/proyectos/escritorio/lib/batik-css.jar
6d81a000-6d824000 r--s 00080000 08:01 12456479   /home/oscar/proyectos/escritorio/lib/batik-bridge.jar
6d824000-6d87f000 rw-p 00000000 00:00 0 
6d87f000-6d880000 ---p 00000000 00:00 0 
6d880000-6d900000 rw-p 00000000 00:00 0          [stack:5174]
6d900000-6d99a000 rw-p 00000000 00:00 0 
6d99a000-6da00000 ---p 00000000 00:00 0 
6da00000-6da01000 r--s 00007000 08:01 12456489   /home/oscar/proyectos/escritorio/lib/batik-xml.jar
6da01000-6da03000 r--s 00010000 08:01 12456484   /home/oscar/proyectos/escritorio/lib/batik-parser.jar
6da03000-6da07000 r--s 00027000 08:01 12456481   /home/oscar/proyectos/escritorio/lib/batik-dom.jar
6da07000-6da0e000 r--s 0005c000 08:01 12456478   /home/oscar/proyectos/escritorio/lib/batik-awt-util.jar
6da0e000-6da11000 r--s 00015000 08:01 12456477   /home/oscar/proyectos/escritorio/lib/batik-anim.jar
6da11000-6da16000 r--s 0003e000 08:01 12456476   /home/oscar/proyectos/escritorio/lib/barcode4j-2.1.jar
6da16000-6da19000 r--s 00014000 08:01 12456475   /home/oscar/proyectos/escritorio/lib/barbecue-1.5-beta1.jar
6da19000-6da1d000 r--s 0003d000 08:01 12456474   /home/oscar/proyectos/escritorio/lib/appframework-1.0.3.jar
6da1d000-6da22000 r--s 00066000 08:01 12456473   /home/oscar/proyectos/escritorio/lib/antlr-2.7.5.jar
6da22000-6da24000 r--s 00012000 08:01 8789055    /usr/lib/jvm/java-7-openjdk-i386/jre/lib/ext/zipfs.jar
6da24000-6da27000 r--s 0000f000 08:01 8789053    /usr/lib/jvm/java-7-openjdk-i386/jre/lib/ext/icedtea-sound.jar
6da27000-6da2b000 r--s 00085000 08:01 8789057    /usr/lib/jvm/java-7-openjdk-i386/jre/lib/ext/localedata.jar
6da2b000-6da2f000 r--s 00034000 08:01 8789052    /usr/lib/jvm/java-7-openjdk-i386/jre/lib/ext/sunjce_provider.jar
6da2f000-6da33000 r--s 0003c000 08:01 8789054    /usr/lib/jvm/java-7-openjdk-i386/jre/lib/ext/sunpkcs11.jar
6da33000-6da4d000 rw-p 00000000 00:00 0 
6da4d000-6da4e000 ---p 00000000 00:00 0 
6da4e000-6dae3000 rw-p 00000000 00:00 0          [stack:5173]
6dae3000-6dc15000 rw-p 00000000 00:00 0 
6dc15000-6dc1d000 rw-p 00000000 00:00 0 
6dc1d000-6dc55000 rw-p 00000000 00:00 0 
6dc55000-6dc6a000 rw-p 00000000 00:00 0 
6dc6a000-6dd9b000 rw-p 00000000 00:00 0 
6dd9b000-6ddb7000 rw-p 00000000 00:00 0 
6ddb7000-6ddbe000 ---p 00000000 00:00 0 
6ddbe000-6de3f000 rw-p 00000000 00:00 0 
6de3f000-6ee40000 rw-p 00000000 00:00 0 
6ee40000-75e40000 rw-p 00000000 00:00 0 
75e40000-78700000 rw-p 00000000 00:00 0 
78700000-9eb80000 rw-p 00000000 00:00 0 
9eb80000-a2080000 rw-p 00000000 00:00 0 
a2080000-a2e80000 ---p 00000000 00:00 0 
a2e80000-b3240000 rw-p 00000000 00:00 0 
b3240000-b3249000 rw-p 00000000 00:00 0 
b3249000-b3300000 rw-p 00000000 00:00 0 
b3300000-b3540000 rwxp 00000000 00:00 0 
b3540000-b63fe000 rw-p 00000000 00:00 0 
b63fe000-b6400000 ---p 00000000 00:00 0 
b6400000-b6401000 r--s 00002000 08:01 12456482   /home/oscar/proyectos/escritorio/lib/batik-ext.jar
b6401000-b6409000 rw-p 00000000 00:00 0 
b6409000-b6441000 rw-p 00000000 00:00 0 
b6441000-b644c000 r-xp 00000000 08:01 24904624   /lib/i386-linux-gnu/libnss_files-2.19.so
b644c000-b644d000 r--p 0000a000 08:01 24904624   /lib/i386-linux-gnu/libnss_files-2.19.so
b644d000-b644e000 rw-p 0000b000 08:01 24904624   /lib/i386-linux-gnu/libnss_files-2.19.so
b644e000-b6458000 r-xp 00000000 08:01 24904723   /lib/i386-linux-gnu/libnss_nis-2.19.so
b6458000-b6459000 r--p 00009000 08:01 24904723   /lib/i386-linux-gnu/libnss_nis-2.19.so
b6459000-b645a000 rw-p 0000a000 08:01 24904723   /lib/i386-linux-gnu/libnss_nis-2.19.so
b645a000-b646f000 r-xp 00000000 08:01 24904717   /lib/i386-linux-gnu/libnsl-2.19.so
b646f000-b6470000 r--p 00015000 08:01 24904717   /lib/i386-linux-gnu/libnsl-2.19.so
b6470000-b6471000 rw-p 00016000 08:01 24904717   /lib/i386-linux-gnu/libnsl-2.19.so
b6471000-b6473000 rw-p 00000000 00:00 0 
b6473000-b647a000 r-xp 00000000 08:01 24904648   /lib/i386-linux-gnu/libnss_compat-2.19.so
b647a000-b647b000 r--p 00006000 08:01 24904648   /lib/i386-linux-gnu/libnss_compat-2.19.so
b647b000-b647c000 rw-p 00007000 08:01 24904648   /lib/i386-linux-gnu/libnss_compat-2.19.so
b647c000-b647e000 r--s 00006000 08:01 8786895    /usr/share/java/java-atk-wrapper.jar
b647e000-b6486000 r-xp 00000000 08:01 8784464    /usr/lib/jvm/java-7-openjdk-i386/jre/lib/i386/libzip.so
b6486000-b6487000 r--p 00007000 08:01 8784464    /usr/lib/jvm/java-7-openjdk-i386/jre/lib/i386/libzip.so
b6487000-b6488000 rw-p 00008000 08:01 8784464    /usr/lib/jvm/java-7-openjdk-i386/jre/lib/i386/libzip.so
b6488000-b6490000 rw-s 00000000 08:01 5245666    /tmp/hsperfdata_oscar/5168
b6490000-b64b7000 r-xp 00000000 08:01 8784463    /usr/lib/jvm/java-7-openjdk-i386/jre/lib/i386/libjava.so
b64b7000-b64b8000 r--p 00026000 08:01 8784463    /usr/lib/jvm/java-7-openjdk-i386/jre/lib/i386/libjava.so
b64b8000-b64b9000 rw-p 00027000 08:01 8784463    /usr/lib/jvm/java-7-openjdk-i386/jre/lib/i386/libjava.so
b64b9000-b64c0000 r-xp 00000000 08:01 24904698   /lib/i386-linux-gnu/librt-2.19.so
b64c0000-b64c1000 r--p 00006000 08:01 24904698   /lib/i386-linux-gnu/librt-2.19.so
b64c1000-b64c2000 rw-p 00007000 08:01 24904698   /lib/i386-linux-gnu/librt-2.19.so
b64c2000-b64c5000 ---p 00000000 00:00 0 
b64c5000-b6513000 rw-p 00000000 00:00 0          [stack:5172]
b6513000-b652f000 r-xp 00000000 08:01 24910080   /lib/i386-linux-gnu/libgcc_s.so.1
b652f000-b6530000 rw-p 0001b000 08:01 24910080   /lib/i386-linux-gnu/libgcc_s.so.1
b6530000-b6574000 r-xp 00000000 08:01 24904719   /lib/i386-linux-gnu/libm-2.19.so
b6574000-b6575000 r--p 00043000 08:01 24904719   /lib/i386-linux-gnu/libm-2.19.so
b6575000-b6576000 rw-p 00044000 08:01 24904719   /lib/i386-linux-gnu/libm-2.19.so
b6576000-b6652000 r-xp 00000000 08:01 8654173    /usr/lib/i386-linux-gnu/libstdc++.so.6.0.19
b6652000-b6653000 ---p 000dc000 08:01 8654173    /usr/lib/i386-linux-gnu/libstdc++.so.6.0.19
b6653000-b6657000 r--p 000dc000 08:01 8654173    /usr/lib/i386-linux-gnu/libstdc++.so.6.0.19
b6657000-b6658000 rw-p 000e0000 08:01 8654173    /usr/lib/i386-linux-gnu/libstdc++.so.6.0.19
b6658000-b665f000 rw-p 00000000 00:00 0 
b665f000-b704a000 r-xp 00000000 08:01 8789017    /usr/lib/jvm/java-7-openjdk-i386/jre/lib/i386/server/libjvm.so
b704a000-b704b000 ---p 009eb000 08:01 8789017    /usr/lib/jvm/java-7-openjdk-i386/jre/lib/i386/server/libjvm.so
b704b000-b709d000 r--p 009eb000 08:01 8789017    /usr/lib/jvm/java-7-openjdk-i386/jre/lib/i386/server/libjvm.so
b709d000-b70b1000 rw-p 00a3d000 08:01 8789017    /usr/lib/jvm/java-7-openjdk-i386/jre/lib/i386/server/libjvm.so
b70b1000-b74cf000 rw-p 00000000 00:00 0 
b74cf000-b74e7000 r-xp 00000000 08:01 24904802   /lib/i386-linux-gnu/libz.so.1.2.8
b74e7000-b74e8000 r--p 00017000 08:01 24904802   /lib/i386-linux-gnu/libz.so.1.2.8
b74e8000-b74e9000 rw-p 00018000 08:01 24904802   /lib/i386-linux-gnu/libz.so.1.2.8
b74e9000-b7501000 r-xp 00000000 08:01 24908462   /lib/i386-linux-gnu/libpthread-2.19.so
b7501000-b7502000 r--p 00017000 08:01 24908462   /lib/i386-linux-gnu/libpthread-2.19.so
b7502000-b7503000 rw-p 00018000 08:01 24908462   /lib/i386-linux-gnu/libpthread-2.19.so
b7503000-b7505000 rw-p 00000000 00:00 0 
b7505000-b7508000 r-xp 00000000 08:01 24908464   /lib/i386-linux-gnu/libdl-2.19.so
b7508000-b7509000 r--p 00002000 08:01 24908464   /lib/i386-linux-gnu/libdl-2.19.so
b7509000-b750a000 rw-p 00003000 08:01 24908464   /lib/i386-linux-gnu/libdl-2.19.so
b750a000-b76b3000 r-xp 00000000 08:01 24904768   /lib/i386-linux-gnu/libc-2.19.so
b76b3000-b76b4000 ---p 001a9000 08:01 24904768   /lib/i386-linux-gnu/libc-2.19.so
b76b4000-b76b6000 r--p 001a9000 08:01 24904768   /lib/i386-linux-gnu/libc-2.19.so
b76b6000-b76b7000 rw-p 001ab000 08:01 24904768   /lib/i386-linux-gnu/libc-2.19.so
b76b7000-b76ba000 rw-p 00000000 00:00 0 
b76ba000-b76bb000 r--s 00002000 08:01 8789056    /usr/lib/jvm/java-7-openjdk-i386/jre/lib/ext/dnsns.jar
b76bb000-b76bc000 r--p 00525000 08:01 8655709    /usr/lib/locale/locale-archive
b76bc000-b76bd000 rw-p 00000000 00:00 0 
b76bd000-b76be000 r--p 00000000 00:00 0 
b76be000-b76cc000 r-xp 00000000 08:01 8789027    /usr/lib/jvm/java-7-openjdk-i386/jre/lib/i386/libverify.so
b76cc000-b76cd000 r--p 0000d000 08:01 8789027    /usr/lib/jvm/java-7-openjdk-i386/jre/lib/i386/libverify.so
b76cd000-b76ce000 rw-p 0000e000 08:01 8789027    /usr/lib/jvm/java-7-openjdk-i386/jre/lib/i386/libverify.so
b76ce000-b76da000 r-xp 00000000 08:01 8789031    /usr/lib/jvm/java-7-openjdk-i386/jre/lib/i386/jli/libjli.so
b76da000-b76db000 r--p 0000c000 08:01 8789031    /usr/lib/jvm/java-7-openjdk-i386/jre/lib/i386/jli/libjli.so
b76db000-b76dc000 rw-p 0000d000 08:01 8789031    /usr/lib/jvm/java-7-openjdk-i386/jre/lib/i386/jli/libjli.so
b76dc000-b76df000 rw-p 00000000 00:00 0 
b76df000-b76e0000 r-xp 00000000 00:00 0          [vdso]
b76e0000-b7700000 r-xp 00000000 08:01 24908463   /lib/i386-linux-gnu/ld-2.19.so
b7700000-b7701000 r--p 0001f000 08:01 24908463   /lib/i386-linux-gnu/ld-2.19.so
b7701000-b7702000 rw-p 00020000 08:01 24908463   /lib/i386-linux-gnu/ld-2.19.so
bf90b000-bf90c000 rwxp 00000000 00:00 0 
bf93d000-bf95f000 rw-p 00000000 00:00 0          [stack]

VM Arguments:
jvm_args: -Dfile.encoding=UTF-8 
java_command: vistas.FrmPrincipal
Launcher Type: SUN_STANDARD

Environment Variables:
PATH=/usr/local/sbin:/usr/local/bin:/usr/sbin:/usr/bin:/sbin:/bin:/usr/games:/usr/local/games:/home/oscar/.rvm/bin
LD_LIBRARY_PATH=/usr/lib/jvm/java-7-openjdk-i386/jre/lib/amd64:/usr/lib/jvm/java-7-openjdk-i386/jre/lib/i386:
SHELL=/bin/bash
DISPLAY=:0

Signal Handlers:
SIGSEGV: [libjvm.so+0x80a5e0], sa_mask[0]=0x7ffbfeff, sa_flags=0x10000004
SIGBUS: [libjvm.so+0x80a5e0], sa_mask[0]=0x7ffbfeff, sa_flags=0x10000004
SIGFPE: [libjvm.so+0x6844f0], sa_mask[0]=0x7ffbfeff, sa_flags=0x10000004
SIGPIPE: SIG_IGN, sa_mask[0]=0x00000000, sa_flags=0x00000000
SIGXFSZ: [libjvm.so+0x6844f0], sa_mask[0]=0x7ffbfeff, sa_flags=0x10000004
SIGILL: [libjvm.so+0x6844f0], sa_mask[0]=0x7ffbfeff, sa_flags=0x10000004
SIGUSR1: SIG_DFL, sa_mask[0]=0x00000000, sa_flags=0x00000000
SIGUSR2: [libjvm.so+0x684380], sa_mask[0]=0x00000004, sa_flags=0x10000004
SIGHUP: [libjvm.so+0x6845b0], sa_mask[0]=0x7ffbfeff, sa_flags=0x10000004
SIGINT: SIG_IGN, sa_mask[0]=0x00000000, sa_flags=0x00000000
SIGTERM: [libjvm.so+0x6845b0], sa_mask[0]=0x7ffbfeff, sa_flags=0x10000004
SIGQUIT: [libjvm.so+0x6845b0], sa_mask[0]=0x7ffbfeff, sa_flags=0x10000004
SIGTRAP: SIG_DFL, sa_mask[0]=0x00000000, sa_flags=0x00000000


---------------  S Y S T E M  ---------------

OS:Ubuntu 14.04 (trusty)
uname:Linux 3.13.0-37-generic #64-Ubuntu SMP Mon Sep 22 21:30:01 UTC 2014 i686
libc:glibc 2.19 NPTL 2.19 
rlimit: STACK 8192k, CORE 0k, NPROC 31186, NOFILE 4096, AS infinity
load average:0.12 0.22 0.37

/proc/meminfo:
MemTotal:        4011064 kB
MemFree:         2587392 kB
Buffers:          182848 kB
Cached:           825008 kB
SwapCached:            0 kB
Active:           692364 kB
Inactive:         657928 kB
Active(anon):     343236 kB
Inactive(anon):    39812 kB
Active(file):     349128 kB
Inactive(file):   618116 kB
Unevictable:          40 kB
Mlocked:              40 kB
HighTotal:       3162368 kB
HighFree:        2127144 kB
LowTotal:         848696 kB
LowFree:          460248 kB
SwapTotal:       4072444 kB
SwapFree:        4072444 kB
Dirty:               460 kB
Writeback:             0 kB
AnonPages:        342612 kB
Mapped:           115928 kB
Shmem:             40536 kB
Slab:              47028 kB
SReclaimable:      33536 kB
SUnreclaim:        13492 kB
KernelStack:        2360 kB
PageTables:         3148 kB
NFS_Unstable:          0 kB
Bounce:               48 kB
WritebackTmp:          0 kB
CommitLimit:     6077976 kB
Committed_AS:    2466688 kB
VmallocTotal:     122880 kB
VmallocUsed:       16968 kB
VmallocChunk:      98944 kB
HardwareCorrupted:     0 kB
AnonHugePages:    260096 kB
HugePages_Total:       0
HugePages_Free:        0
HugePages_Rsvd:        0
HugePages_Surp:        0
Hugepagesize:       2048 kB
DirectMap4k:       35832 kB
DirectMap2M:      876544 kB


CPU:total 2 (2 cores per cpu, 1 threads per core) family 6 model 55 stepping 8, cmov, cx8, fxsr, mmx, sse, sse2, sse3, ssse3, sse4.1, sse4.2, popcnt, erms, tsc, tscinvbit

/proc/cpuinfo:
processor	: 0
vendor_id	: GenuineIntel
cpu family	: 6
model		: 55
model name	: Intel(R) Celeron(R) CPU  N2830  @ 2.16GHz
stepping	: 8
microcode	: 0x809
cpu MHz		: 2159.000
cache size	: 1024 KB
physical id	: 0
siblings	: 2
core id		: 0
cpu cores	: 2
apicid		: 0
initial apicid	: 0
fdiv_bug	: no
f00f_bug	: no
coma_bug	: no
fpu		: yes
fpu_exception	: yes
cpuid level	: 11
wp		: yes
flags		: fpu vme de pse tsc msr pae mce cx8 apic sep mtrr pge mca cmov pat pse36 clflush dts acpi mmx fxsr sse sse2 ss ht tm pbe nx rdtscp lm constant_tsc arch_perfmon pebs bts xtopology nonstop_tsc aperfmperf pni pclmulqdq dtes64 monitor ds_cpl vmx est tm2 ssse3 cx16 xtpr pdcm sse4_1 sse4_2 movbe popcnt tsc_deadline_timer rdrand lahf_lm 3dnowprefetch ida arat epb dtherm tpr_shadow vnmi flexpriority ept vpid tsc_adjust smep erms
bogomips	: 4332.92
clflush size	: 64
cache_alignment	: 64
address sizes	: 36 bits physical, 48 bits virtual
power management:

processor	: 1
vendor_id	: GenuineIntel
cpu family	: 6
model		: 55
model name	: Intel(R) Celeron(R) CPU  N2830  @ 2.16GHz
stepping	: 8
microcode	: 0x809
cpu MHz		: 2159.000
cache size	: 1024 KB
physical id	: 0
siblings	: 2
core id		: 1
cpu cores	: 2
apicid		: 2
initial apicid	: 2
fdiv_bug	: no
f00f_bug	: no
coma_bug	: no
fpu		: yes
fpu_exception	: yes
cpuid level	: 11
wp		: yes
flags		: fpu vme de pse tsc msr pae mce cx8 apic sep mtrr pge mca cmov pat pse36 clflush dts acpi mmx fxsr sse sse2 ss ht tm pbe nx rdtscp lm constant_tsc arch_perfmon pebs bts xtopology nonstop_tsc aperfmperf pni pclmulqdq dtes64 monitor ds_cpl vmx est tm2 ssse3 cx16 xtpr pdcm sse4_1 sse4_2 movbe popcnt tsc_deadline_timer rdrand lahf_lm 3dnowprefetch ida arat epb dtherm tpr_shadow vnmi flexpriority ept vpid tsc_adjust smep erms
bogomips	: 4332.92
clflush size	: 64
cache_alignment	: 64
address sizes	: 36 bits physical, 48 bits virtual
power management:



Memory: 4k page, physical 4011064k(2635688k free), swap 4072444k(4072444k free)

vm_info: OpenJDK Server VM (24.65-b04) for linux-x86 JRE (1.7.0_65-b32), built on Oct 22 2014 04:44:59 by "buildd" with gcc 4.8.2

time: Fri Oct 24 18:19:48 2014
elapsed time: 595 seconds

